2015-03-19 20:45:57,125 manager INFO 1.1.0
2015-03-19 20:45:57,125 manager INFO Copyright (C) 2003-2010
2015-03-19 20:45:57,125 manager INFO   Noriaki Ando
2015-03-19 20:45:57,125 manager INFO   Intelligent Systems Research Institute, AIST
2015-03-19 20:45:57,125 manager INFO Manager starting.
2015-03-19 20:45:57,125 manager INFO Starting local logging.
2015-03-19 20:45:57,128 manager.namingmanager INFO NameServer connection succeeded: corba/localhost
2015-03-19 20:45:57,136 ManagerServant INFO Master manager not found
2015-03-19 20:45:57,136 LocalServiceAdmin INFO All the local services are enabled.
2015-03-19 20:45:57,144 ec_base INFO setRate(1000000.000000) done
2015-03-19 20:45:57,144 ec_base INFO setRate(1000.000000) done
2015-03-19 20:45:57,145 rtobject INFO 1 execution context was created.
2015-03-19 20:45:57,145 OpenJTalkRTC0 INFO OpenJTalkRTC version 2.00
2015-03-19 20:45:57,145 OpenJTalkRTC0 INFO Copyright (C) 2010-2011 Yosuke Matsusaka
2015-03-19 20:45:57,185 OpenJTalkRTC0 INFO This component depends on following softwares and datas:
2015-03-19 20:45:57,185 OpenJTalkRTC0 INFO 
2015-03-19 20:45:57,185 OpenJTalkRTC0 INFO   The Japanese TTS System "Open JTalk"
2015-03-19 20:45:57,185 OpenJTalkRTC0 INFO   Version 1.08 (http://open-jtalk.sourceforge.net/)
2015-03-19 20:45:57,185 OpenJTalkRTC0 INFO   Copyright (C) 2008-2014 Nagoya Institute of Technology
2015-03-19 20:45:57,186 OpenJTalkRTC0 INFO   All rights reserved.
2015-03-19 20:45:57,186 OpenJTalkRTC0 INFO 
2015-03-19 20:45:57,186 OpenJTalkRTC0 INFO   The HMM-Based Speech Synthesis Engine "hts_engine API"
2015-03-19 20:45:57,186 OpenJTalkRTC0 INFO   Version 1.09 (http://hts-engine.sourceforge.net/)
2015-03-19 20:45:57,186 OpenJTalkRTC0 INFO   Copyright (C) 2001-2014 Nagoya Institute of Technology
2015-03-19 20:45:57,186 OpenJTalkRTC0 INFO                 2001-2008 Tokyo Institute of Technology
2015-03-19 20:45:57,186 OpenJTalkRTC0 INFO   All rights reserved.
2015-03-19 20:45:57,186 OpenJTalkRTC0 INFO 
2015-03-19 20:45:57,186 OpenJTalkRTC0 INFO   Yet Another Part-of-Speech and Morphological Analyzer "Mecab"
2015-03-19 20:45:57,186 OpenJTalkRTC0 INFO   Version 0.996 (http://mecab.sourceforge.net/)
2015-03-19 20:45:57,186 OpenJTalkRTC0 INFO   Copyright (C) 2001-2008 Taku Kudo
2015-03-19 20:45:57,186 OpenJTalkRTC0 INFO                 2004-2008 Nippon Telegraph and Telephone Corporation
2015-03-19 20:45:57,186 OpenJTalkRTC0 INFO   All rights reserved.
2015-03-19 20:45:57,187 OpenJTalkRTC0 INFO 
2015-03-19 20:45:57,187 OpenJTalkRTC0 INFO   NAIST Japanese Dictionary
2015-03-19 20:45:57,187 OpenJTalkRTC0 INFO   Version 0.6.1-20090630 (http://naist-jdic.sourceforge.jp/)
2015-03-19 20:45:57,187 OpenJTalkRTC0 INFO   Copyright (C) 2009 Nara Institute of Science and Technology
2015-03-19 20:45:57,187 OpenJTalkRTC0 INFO   All rights reserved.
2015-03-19 20:45:57,187 OpenJTalkRTC0 INFO 
2015-03-19 20:45:57,187 OpenJTalkRTC0 INFO   The Nitech Japanese Speech Database "NIT ATR503 M001"
2015-03-19 20:45:57,187 OpenJTalkRTC0 INFO   released by HTS Working Group (http://hts.sp.nitech.ac.jp/)
2015-03-19 20:45:57,187 OpenJTalkRTC0 INFO   Copyright (C) 2003-2011  Nagoya Institute of Technology
2015-03-19 20:45:57,187 OpenJTalkRTC0 INFO   Some rights reserved.
2015-03-19 20:45:57,187 OpenJTalkRTC0 INFO 
2015-03-19 20:45:57,187 OpenJTalkRTC0 INFO   HTS Voice "Mei (Normal)"
2015-03-19 20:45:57,187 OpenJTalkRTC0 INFO   released by MMDAgent Project Team (http://www.mmdagent.jp/)
2015-03-19 20:45:57,187 OpenJTalkRTC0 INFO   Copyright (C) 2009-2011  Nagoya Institute of Technology
2015-03-19 20:45:57,187 OpenJTalkRTC0 INFO   Some rights reserved.
2015-03-19 20:45:57,187 OpenJTalkRTC0 INFO 
2015-03-19 20:45:57,188 rtobject INFO Initial active configuration set is default.
2015-03-19 20:46:03,012 OpenJTalkRTC0 INFO stream finished
2015-03-19 20:46:42,372 OpenJTalkRTC0 INFO 追跡を中止します 16000 male
2015-03-19 20:46:42,673 OpenJTalkRTC0 INFO stream started
2015-03-19 20:46:44,029 OpenJTalkRTC0 INFO stream finished
2015-03-19 20:46:55,663 OpenJTalkRTC0 INFO 追跡を開始します 16000 male
2015-03-19 20:46:55,862 OpenJTalkRTC0 INFO stream started
2015-03-19 20:46:57,221 OpenJTalkRTC0 INFO stream finished
2015-03-19 20:47:10,915 OpenJTalkRTC0 INFO 追跡を開始します 16000 male
2015-03-19 20:47:10,916 OpenJTalkRTC0 INFO stream started
2015-03-19 20:47:12,275 OpenJTalkRTC0 INFO stream finished
2015-03-19 20:47:21,623 OpenJTalkRTC0 INFO 追跡を中止します 16000 male
2015-03-19 20:47:21,624 OpenJTalkRTC0 INFO stream started
2015-03-19 20:47:22,978 OpenJTalkRTC0 INFO stream finished
2015-03-19 20:47:26,343 OpenJTalkRTC0 INFO 追跡を中止します 16000 male
2015-03-19 20:47:26,344 OpenJTalkRTC0 INFO stream started
2015-03-19 20:47:27,697 OpenJTalkRTC0 INFO stream finished
2015-03-19 20:47:30,624 OpenJTalkRTC0 INFO 追跡を開始します 16000 male
2015-03-19 20:47:30,627 OpenJTalkRTC0 INFO stream started
2015-03-19 20:47:31,985 OpenJTalkRTC0 INFO stream finished
2015-03-19 20:49:33,096 OpenJTalkRTC0 INFO 追跡を中止します 16000 male
2015-03-19 20:49:33,097 OpenJTalkRTC0 INFO stream started
2015-03-19 20:49:34,450 OpenJTalkRTC0 INFO stream finished
2015-03-19 20:50:50,290 OpenJTalkRTC0 INFO 追跡を中止します 16000 male
2015-03-19 20:50:50,291 OpenJTalkRTC0 INFO stream started
2015-03-19 20:50:51,644 OpenJTalkRTC0 INFO stream finished
2015-03-19 20:50:52,619 OpenJTalkRTC0 INFO 追跡を中止します 16000 male
2015-03-19 20:50:52,621 OpenJTalkRTC0 INFO stream started
2015-03-19 20:50:53,976 OpenJTalkRTC0 INFO stream finished
2015-03-19 20:51:22,040 OpenJTalkRTC0 INFO 追跡を中止します 16000 male
2015-03-19 20:51:22,041 OpenJTalkRTC0 INFO stream started
2015-03-19 20:51:23,395 OpenJTalkRTC0 INFO stream finished
2015-03-19 20:51:26,773 OpenJTalkRTC0 INFO 追跡を開始します 16000 male
2015-03-19 20:51:26,776 OpenJTalkRTC0 INFO stream started
2015-03-19 20:51:28,133 OpenJTalkRTC0 INFO stream finished
2015-03-19 20:53:49,620 OpenJTalkRTC0 INFO 追跡を開始します 16000 male
2015-03-19 20:53:49,622 OpenJTalkRTC0 INFO stream started
2015-03-19 20:53:50,980 OpenJTalkRTC0 INFO stream finished
2015-03-19 20:53:51,992 OpenJTalkRTC0 INFO 追跡を中止します 16000 male
2015-03-19 20:53:51,993 OpenJTalkRTC0 INFO stream started
2015-03-19 20:53:53,343 OpenJTalkRTC0 INFO stream finished
2015-03-19 20:55:32,522 OpenJTalkRTC0 INFO 追跡を中止します 16000 male
2015-03-19 20:55:32,524 OpenJTalkRTC0 INFO stream started
2015-03-19 20:55:33,877 OpenJTalkRTC0 INFO stream finished
2015-03-19 20:55:40,626 OpenJTalkRTC0 INFO 追跡を中止します 16000 male
2015-03-19 20:55:40,627 OpenJTalkRTC0 INFO stream started
2015-03-19 20:55:41,979 OpenJTalkRTC0 INFO stream finished
2015-03-19 20:55:45,038 OpenJTalkRTC0 INFO 追跡を中止します 16000 male
2015-03-19 20:55:45,041 OpenJTalkRTC0 INFO stream started
2015-03-19 20:55:46,394 OpenJTalkRTC0 INFO stream finished
2015-03-19 20:55:51,256 OpenJTalkRTC0 INFO 追跡を中止します 16000 male
2015-03-19 20:55:51,257 OpenJTalkRTC0 INFO stream started
2015-03-19 20:55:52,606 OpenJTalkRTC0 INFO stream finished
2015-03-19 20:55:55,324 OpenJTalkRTC0 INFO 追跡を中止します 16000 male
2015-03-19 20:55:55,325 OpenJTalkRTC0 INFO stream started
2015-03-19 20:55:56,678 OpenJTalkRTC0 INFO stream finished
2015-03-19 20:56:00,313 OpenJTalkRTC0 INFO 追跡を中止します 16000 male
2015-03-19 20:56:00,315 OpenJTalkRTC0 INFO stream started
2015-03-19 20:56:01,667 OpenJTalkRTC0 INFO stream finished
2015-03-19 20:56:04,701 OpenJTalkRTC0 INFO 追跡を中止します 16000 male
2015-03-19 20:56:04,701 OpenJTalkRTC0 INFO stream started
2015-03-19 20:56:06,054 OpenJTalkRTC0 INFO stream finished
2015-03-19 20:56:15,594 OpenJTalkRTC0 INFO 追跡を中止します 16000 male
2015-03-19 20:56:15,595 OpenJTalkRTC0 INFO stream started
2015-03-19 20:56:16,947 OpenJTalkRTC0 INFO stream finished
2015-03-19 20:56:18,294 OpenJTalkRTC0 INFO 追跡を開始します 16000 male
2015-03-19 20:56:18,294 OpenJTalkRTC0 INFO stream started
2015-03-19 20:56:19,653 OpenJTalkRTC0 INFO stream finished
2015-03-19 20:56:21,486 OpenJTalkRTC0 INFO 追跡を中止します 16000 male
2015-03-19 20:56:21,488 OpenJTalkRTC0 INFO stream started
2015-03-19 20:56:22,842 OpenJTalkRTC0 INFO stream finished
2015-03-19 20:56:26,678 OpenJTalkRTC0 INFO 追跡を開始します 16000 male
2015-03-19 20:56:26,680 OpenJTalkRTC0 INFO stream started
2015-03-19 20:56:28,037 OpenJTalkRTC0 INFO stream finished
2015-03-19 21:12:48,199 OpenJTalkRTC0 INFO 追跡を中止します 16000 male
2015-03-19 21:12:48,204 OpenJTalkRTC0 INFO stream started
2015-03-19 21:12:49,554 OpenJTalkRTC0 INFO stream finished
2015-03-19 21:19:09,973 OpenJTalkRTC0 INFO 追跡を中止します 16000 male
2015-03-19 21:19:09,974 OpenJTalkRTC0 INFO stream started
2015-03-19 21:19:11,327 OpenJTalkRTC0 INFO stream finished
2015-03-19 21:19:12,330 OpenJTalkRTC0 INFO 追跡を中止します 16000 male
2015-03-19 21:19:12,331 OpenJTalkRTC0 INFO stream started
2015-03-19 21:19:13,685 OpenJTalkRTC0 INFO stream finished
2015-03-19 21:20:40,831 OpenJTalkRTC0 INFO 追跡を中止します 16000 male
2015-03-19 21:20:40,831 OpenJTalkRTC0 INFO stream started
2015-03-19 21:20:42,186 OpenJTalkRTC0 INFO stream finished
2015-03-19 21:21:16,793 OpenJTalkRTC0 INFO 追跡を中止します 16000 male
2015-03-19 21:21:16,797 OpenJTalkRTC0 INFO stream started
2015-03-19 21:21:18,149 OpenJTalkRTC0 INFO stream finished
2015-03-19 21:21:19,146 OpenJTalkRTC0 INFO 追跡を中止します 16000 male
2015-03-19 21:21:19,147 OpenJTalkRTC0 INFO stream started
2015-03-19 21:21:20,501 OpenJTalkRTC0 INFO stream finished
2015-03-19 21:21:35,447 OpenJTalkRTC0 INFO 追跡を中止します 16000 male
2015-03-19 21:21:35,448 OpenJTalkRTC0 INFO stream started
2015-03-19 21:21:36,802 OpenJTalkRTC0 INFO stream finished
2015-03-19 21:21:40,167 OpenJTalkRTC0 INFO 追跡を開始します 16000 male
2015-03-19 21:21:40,167 OpenJTalkRTC0 INFO stream started
2015-03-19 21:21:41,527 OpenJTalkRTC0 INFO stream finished
2015-03-19 21:21:44,803 OpenJTalkRTC0 INFO 追跡を中止します 16000 male
2015-03-19 21:21:44,804 OpenJTalkRTC0 INFO stream started
2015-03-19 21:21:46,157 OpenJTalkRTC0 INFO stream finished
2015-03-19 21:23:37,704 OpenJTalkRTC0 INFO 追跡を開始します 16000 male
2015-03-19 21:23:37,704 OpenJTalkRTC0 INFO stream started
2015-03-19 21:23:39,064 OpenJTalkRTC0 INFO stream finished
2015-03-19 21:23:40,023 OpenJTalkRTC0 INFO 追跡を中止します 16000 male
2015-03-19 21:23:40,024 OpenJTalkRTC0 INFO stream started
2015-03-19 21:23:41,377 OpenJTalkRTC0 INFO stream finished
2015-03-19 21:23:44,423 OpenJTalkRTC0 INFO 追跡を開始します 16000 male
2015-03-19 21:23:44,425 OpenJTalkRTC0 INFO stream started
2015-03-19 21:23:45,785 OpenJTalkRTC0 INFO stream finished
2015-03-19 21:23:49,414 OpenJTalkRTC0 INFO 追跡を中止します 16000 male
2015-03-19 21:23:49,414 OpenJTalkRTC0 INFO stream started
2015-03-19 21:23:50,769 OpenJTalkRTC0 INFO stream finished
2015-03-19 21:23:53,255 OpenJTalkRTC0 INFO 追跡を開始します 16000 male
2015-03-19 21:23:53,259 OpenJTalkRTC0 INFO stream started
2015-03-19 21:23:54,617 OpenJTalkRTC0 INFO stream finished
2015-03-19 21:30:09,824 OpenJTalkRTC0 INFO 追跡を中止します 16000 male
2015-03-19 21:30:09,825 OpenJTalkRTC0 INFO stream started
2015-03-19 21:30:11,179 OpenJTalkRTC0 INFO stream finished
2015-03-19 21:30:39,708 OpenJTalkRTC0 INFO 追跡を中止します 16000 male
2015-03-19 21:30:39,710 OpenJTalkRTC0 INFO stream started
2015-03-19 21:30:41,063 OpenJTalkRTC0 INFO stream finished
2015-03-19 21:31:03,737 OpenJTalkRTC0 INFO 追跡を中止します 16000 male
2015-03-19 21:31:03,739 OpenJTalkRTC0 INFO stream started
2015-03-19 21:31:05,092 OpenJTalkRTC0 INFO stream finished
2015-03-19 21:31:06,073 OpenJTalkRTC0 INFO 追跡を中止します 16000 male
2015-03-19 21:31:06,074 OpenJTalkRTC0 INFO stream started
2015-03-19 21:31:07,427 OpenJTalkRTC0 INFO stream finished
2015-03-19 21:31:20,676 OpenJTalkRTC0 INFO 追跡を中止します 16000 male
2015-03-19 21:31:20,679 OpenJTalkRTC0 INFO stream started
2015-03-19 21:31:22,030 OpenJTalkRTC0 INFO stream finished
2015-03-19 21:31:22,995 OpenJTalkRTC0 INFO 追跡を中止します 16000 male
2015-03-19 21:31:22,997 OpenJTalkRTC0 INFO stream started
2015-03-19 21:31:24,351 OpenJTalkRTC0 INFO stream finished
2015-03-19 21:31:37,073 OpenJTalkRTC0 INFO 追跡を中止します 16000 male
2015-03-19 21:31:37,074 OpenJTalkRTC0 INFO stream started
2015-03-19 21:31:38,428 OpenJTalkRTC0 INFO stream finished
2015-03-19 21:31:39,396 OpenJTalkRTC0 INFO 追跡を中止します 16000 male
2015-03-19 21:31:39,398 OpenJTalkRTC0 INFO stream started
2015-03-19 21:31:40,751 OpenJTalkRTC0 INFO stream finished
2015-03-19 21:31:41,725 OpenJTalkRTC0 INFO 追跡を中止します 16000 male
2015-03-19 21:31:41,726 OpenJTalkRTC0 INFO stream started
2015-03-19 21:31:43,078 OpenJTalkRTC0 INFO stream finished
2015-03-19 21:31:44,038 OpenJTalkRTC0 INFO 追跡を開始します 16000 male
2015-03-19 21:31:44,039 OpenJTalkRTC0 INFO stream started
2015-03-19 21:31:45,398 OpenJTalkRTC0 INFO stream finished
2015-03-19 21:31:48,323 OpenJTalkRTC0 INFO 追跡を開始します 16000 male
2015-03-19 21:31:48,324 OpenJTalkRTC0 INFO stream started
2015-03-19 21:31:49,682 OpenJTalkRTC0 INFO stream finished
2015-03-19 21:31:52,207 OpenJTalkRTC0 INFO 追跡を開始します 16000 male
2015-03-19 21:31:52,208 OpenJTalkRTC0 INFO stream started
2015-03-19 21:31:53,566 OpenJTalkRTC0 INFO stream finished
2015-03-19 21:48:49,867 OpenJTalkRTC0 INFO 追跡を中止します 16000 male
2015-03-19 21:48:49,870 OpenJTalkRTC0 INFO stream started
2015-03-19 21:48:51,224 OpenJTalkRTC0 INFO stream finished
2015-03-19 21:53:13,612 OpenJTalkRTC0 INFO 追跡を中止します 16000 male
2015-03-19 21:53:13,613 OpenJTalkRTC0 INFO stream started
2015-03-19 21:53:14,966 OpenJTalkRTC0 INFO stream finished
