2015-03-18 20:49:20,884 manager INFO 1.1.0
2015-03-18 20:49:20,885 manager INFO Copyright (C) 2003-2010
2015-03-18 20:49:20,885 manager INFO   Noriaki Ando
2015-03-18 20:49:20,885 manager INFO   Intelligent Systems Research Institute, AIST
2015-03-18 20:49:20,885 manager INFO Manager starting.
2015-03-18 20:49:20,885 manager INFO Starting local logging.
2015-03-18 20:49:20,888 manager.namingmanager INFO NameServer connection succeeded: corba/localhost
2015-03-18 20:49:20,894 ManagerServant INFO Master manager not found
2015-03-18 20:49:20,895 manager WARNING Traceback (most recent call last):
  File "/usr/lib/python2.7/dist-packages/OpenRTM_aist/Manager.py", line 1900, in initManagerServant
    reffile = file(self._config.getProperty("manager.refstring_path"),'w')
IOError: [Errno 13] Permission denied: '/var/log/rtcmanager.ref'

2015-03-18 20:49:20,895 LocalServiceAdmin INFO All the local services are enabled.
2015-03-18 20:49:20,904 ec_base INFO setRate(1000000.000000) done
2015-03-18 20:49:20,904 ec_base INFO setRate(1000.000000) done
2015-03-18 20:49:20,905 rtobject INFO 1 execution context was created.
2015-03-18 20:49:20,905 FestivalRTC0 INFO FestivalRTC version 2.00
2015-03-18 20:49:20,905 FestivalRTC0 INFO Copyright (C) 2010-2011 Yosuke Matsusaka
2015-03-18 20:49:20,920 FestivalRTC0 INFO This component depends on following softwares and datas:
2015-03-18 20:49:20,920 FestivalRTC0 INFO 
2015-03-18 20:49:20,920 FestivalRTC0 INFO   The Festival Speech Synthesis System
2015-03-18 20:49:20,921 FestivalRTC0 INFO   (http://www.cstr.ed.ac.uk/projects/festival/)
2015-03-18 20:49:20,921 FestivalRTC0 INFO   Copyright (C) 1996-2006 Centre for Speech Technology Research, University of Edinburgh, UK
2015-03-18 20:49:20,921 FestivalRTC0 INFO   All rights reserved.
2015-03-18 20:49:20,921 FestivalRTC0 INFO 
2015-03-18 20:49:20,921 FestivalRTC0 INFO   Diphone Synthesizer Voice for American English
2015-03-18 20:49:20,921 FestivalRTC0 INFO   released by Alan W Black and Kevin Lenzo (http://www.cstr.ed.ac.uk/projects/festival/)
2015-03-18 20:49:20,921 FestivalRTC0 INFO   Copyright (C) 1998 Centre for Speech Technology Research, University of Edinburgh, UK
2015-03-18 20:49:20,921 FestivalRTC0 INFO   All rights reserved.
2015-03-18 20:49:20,921 FestivalRTC0 INFO 
2015-03-18 20:49:20,922 rtobject INFO Initial active configuration set is default.
2015-03-18 20:49:32,025 FestivalRTC0 INFO stream finished
2015-03-18 20:49:55,460 SdoServiceAdmin WARNING No available SDO service in the factory: 
2015-03-18 20:49:55,461 SdoServiceAdmin ERROR type  already exists.
2015-03-18 20:49:55,463 SdoServiceAdmin WARNING No available SDO service in the factory: IDL:OpenRTM/ComponentObserver:1.0
2015-03-18 20:49:55,463 SdoServiceAdmin ERROR type 4c73fc8f-3eea-423b-9ac3-84f8080fd3c9 already exists.
