2015-03-19 20:45:57,068 manager INFO 1.1.0
2015-03-19 20:45:57,068 manager INFO Copyright (C) 2003-2010
2015-03-19 20:45:57,068 manager INFO   Noriaki Ando
2015-03-19 20:45:57,068 manager INFO   Intelligent Systems Research Institute, AIST
2015-03-19 20:45:57,068 manager INFO Manager starting.
2015-03-19 20:45:57,068 manager INFO Starting local logging.
2015-03-19 20:45:57,070 manager.namingmanager INFO NameServer connection succeeded: corba/localhost
2015-03-19 20:45:57,078 ManagerServant INFO Master manager not found
2015-03-19 20:45:57,079 LocalServiceAdmin INFO All the local services are enabled.
2015-03-19 20:45:57,095 ec_base INFO setRate(1000000.000000) done
2015-03-19 20:45:57,095 ec_base INFO setRate(1000.000000) done
2015-03-19 20:45:57,096 rtobject INFO 1 execution context was created.
2015-03-19 20:45:57,096 FestivalRTC0 INFO FestivalRTC version 2.00
2015-03-19 20:45:57,096 FestivalRTC0 INFO Copyright (C) 2010-2011 Yosuke Matsusaka
2015-03-19 20:45:57,111 FestivalRTC0 INFO This component depends on following softwares and datas:
2015-03-19 20:45:57,111 FestivalRTC0 INFO 
2015-03-19 20:45:57,112 FestivalRTC0 INFO   The Festival Speech Synthesis System
2015-03-19 20:45:57,112 FestivalRTC0 INFO   (http://www.cstr.ed.ac.uk/projects/festival/)
2015-03-19 20:45:57,112 FestivalRTC0 INFO   Copyright (C) 1996-2006 Centre for Speech Technology Research, University of Edinburgh, UK
2015-03-19 20:45:57,112 FestivalRTC0 INFO   All rights reserved.
2015-03-19 20:45:57,112 FestivalRTC0 INFO 
2015-03-19 20:45:57,112 FestivalRTC0 INFO   Diphone Synthesizer Voice for American English
2015-03-19 20:45:57,112 FestivalRTC0 INFO   released by Alan W Black and Kevin Lenzo (http://www.cstr.ed.ac.uk/projects/festival/)
2015-03-19 20:45:57,112 FestivalRTC0 INFO   Copyright (C) 1998 Centre for Speech Technology Research, University of Edinburgh, UK
2015-03-19 20:45:57,112 FestivalRTC0 INFO   All rights reserved.
2015-03-19 20:45:57,112 FestivalRTC0 INFO 
2015-03-19 20:45:57,113 rtobject INFO Initial active configuration set is default.
2015-03-19 20:46:03,120 FestivalRTC0 INFO stream finished
