2015-03-01 14:48:34,984 manager INFO 1.1.0
2015-03-01 14:48:34,984 manager INFO Copyright (C) 2003-2010
2015-03-01 14:48:34,984 manager INFO   Noriaki Ando
2015-03-01 14:48:34,984 manager INFO   Intelligent Systems Research Institute, AIST
2015-03-01 14:48:34,984 manager INFO Manager starting.
2015-03-01 14:48:34,984 manager INFO Starting local logging.
2015-03-01 14:48:34,987 manager.namingmanager INFO NameServer connection succeeded: corba/localhost
2015-03-01 14:48:34,994 ManagerServant INFO Master manager not found
2015-03-01 14:48:34,995 manager WARNING Traceback (most recent call last):
  File "/usr/lib/python2.7/dist-packages/OpenRTM_aist/Manager.py", line 1900, in initManagerServant
    reffile = file(self._config.getProperty("manager.refstring_path"),'w')
IOError: [Errno 13] Permission denied: '/var/log/rtcmanager.ref'

2015-03-01 14:48:34,995 LocalServiceAdmin INFO All the local services are enabled.
2015-03-01 14:48:35,023 ec_base INFO setRate(1000000.000000) done
2015-03-01 14:48:35,024 ec_base INFO setRate(1.000000) done
2015-03-01 14:48:35,024 rtobject INFO 1 execution context was created.
2015-03-01 14:48:35,024 JuliusRTC0 INFO JuliusRTC version 2.00
2015-03-01 14:48:35,024 JuliusRTC0 INFO Copyright (C) 2010-2011 Yosuke Matsusaka
2015-03-01 14:48:35,038 JuliusRTC0 INFO This component depends on following softwares and datas:
2015-03-01 14:48:35,039 JuliusRTC0 INFO 
2015-03-01 14:48:35,039 JuliusRTC0 INFO   Large Vocabulary Continuous Speech Recognition Engine Julius
2015-03-01 14:48:35,039 JuliusRTC0 INFO   (http://julius.sourceforge.jp/)
2015-03-01 14:48:35,039 JuliusRTC0 INFO   Copyright (c) 1997-2000 Information-technology Promotion Agency, Japan
2015-03-01 14:48:35,039 JuliusRTC0 INFO   Copyright (c) 1991-2008 Kawahara Lab., Kyoto University
2015-03-01 14:48:35,039 JuliusRTC0 INFO   Copyright (c) 2000-2005 Shikano Lab., Nara Institute of Science and Technology
2015-03-01 14:48:35,039 JuliusRTC0 INFO   Copyright (c) 2005-2008 Julius project team, Nagoya Institute of Technology
2015-03-01 14:48:35,039 JuliusRTC0 INFO 
2015-03-01 14:48:35,039 JuliusRTC0 INFO   VoxForge English Acoustic Model for HTK/Juilus
2015-03-01 14:48:35,039 JuliusRTC0 INFO   (http://www.voxforge.org/)
2015-03-01 14:48:35,039 JuliusRTC0 INFO   Copyright (c) 2005-2009 Ken MacLean <contact@voxforge.org>
2015-03-01 14:48:35,039 JuliusRTC0 INFO   Copyright (c) 2005-2009 Free Software Foundation
2015-03-01 14:48:35,039 JuliusRTC0 INFO 
2015-03-01 14:48:35,040 rtobject INFO Initial active configuration set is default.
2015-03-01 14:48:45,895 ec_base WARNING The component is not responding.
2015-03-01 14:48:45,896 ec_base ERROR Unknown error: Invalid state transition.
2015-03-01 14:48:46,911 JuliusRTC0 INFO LISTEN
2015-03-01 14:48:47,059 JuliusRTC0 INFO register grammar: command2
2015-03-01 14:48:47,103 JuliusRTC0 INFO LISTEN
2015-03-01 14:48:47,169 JuliusRTC0 INFO register grammar: command
2015-03-01 14:48:47,209 JuliusRTC0 INFO LISTEN
2015-03-01 14:48:47,271 JuliusRTC0 INFO LISTEN
2015-03-01 14:48:47,375 JuliusRTC0 INFO LISTEN
2015-03-01 14:51:49,753 SdoServiceAdmin WARNING No available SDO service in the factory: 
2015-03-01 14:51:49,755 SdoServiceAdmin ERROR type  already exists.
2015-03-01 14:51:49,757 SdoServiceAdmin WARNING No available SDO service in the factory: IDL:OpenRTM/ComponentObserver:1.0
2015-03-01 14:51:49,757 SdoServiceAdmin ERROR type 3e7a34ae-cf77-46ae-9903-6a6ae395daf2 already exists.
2015-03-01 21:09:47,295 JuliusRTC0 INFO STARTREC
2015-03-01 21:09:48,833 JuliusRTC0 INFO ENDREC
2015-03-01 21:09:49,150 JuliusRTC0 INFO #1: いれいさー つ (0.9865)
2015-03-01 21:09:49,150 JuliusRTC0 INFO #2: いれいさー た (0.5065)
2015-03-01 21:09:49,151 JuliusRTC0 INFO #3: いれいさー もどるよ (0.504)
2015-03-01 21:09:49,152 JuliusRTC0 INFO #4: いれいさー いまなんじ (0.501)
2015-03-01 21:09:50,512 JuliusRTC0 INFO LISTEN
2015-03-01 21:09:53,599 JuliusRTC0 INFO STARTREC
2015-03-01 21:09:53,959 JuliusRTC0 INFO ENDREC
2015-03-01 21:09:53,990 JuliusRTC0 INFO #1: いれいさー つ (1.0)
2015-03-01 21:09:54,012 JuliusRTC0 INFO LISTEN
2015-03-01 21:10:20,452 JuliusRTC0 INFO STARTREC
2015-03-01 21:10:20,776 JuliusRTC0 INFO ENDREC
2015-03-01 21:10:20,786 JuliusRTC0 INFO #1: いれいさー つ (0.7765)
2015-03-01 21:10:20,787 JuliusRTC0 INFO #2: いれいさー た (0.7235)
2015-03-01 21:10:20,794 JuliusRTC0 INFO LISTEN
2015-03-01 21:10:27,947 JuliusRTC0 INFO STARTREC
2015-03-01 21:10:28,328 JuliusRTC0 INFO ENDREC
2015-03-01 21:10:28,350 JuliusRTC0 INFO #1: いれいさー た (0.9315)
2015-03-01 21:10:28,351 JuliusRTC0 INFO #2: いれいさー つ (0.5165)
2015-03-01 21:10:28,352 JuliusRTC0 INFO #3: いれいさー さようなら (0.5455)
2015-03-01 21:10:28,353 JuliusRTC0 INFO #4: いれいさー おはよう (0.5055)
2015-03-01 21:10:28,374 JuliusRTC0 INFO LISTEN
2015-03-01 21:11:14,830 JuliusRTC0 INFO STARTREC
2015-03-01 21:11:15,383 JuliusRTC0 INFO ENDREC
2015-03-01 21:11:15,398 JuliusRTC0 INFO #1: いれいさー いまなんじ (0.674)
2015-03-01 21:11:15,400 JuliusRTC0 INFO #2: いれいさー もどるよ (0.633)
2015-03-01 21:11:15,401 JuliusRTC0 INFO #3: いれいさー おはよう (0.519)
2015-03-01 21:11:15,410 JuliusRTC0 INFO LISTEN
2015-03-01 21:12:10,490 JuliusRTC0 INFO STARTREC
2015-03-01 21:12:10,852 JuliusRTC0 INFO ENDREC
2015-03-01 21:12:10,874 JuliusRTC0 INFO #1: いれいさー つ (0.959)
2015-03-01 21:12:10,874 JuliusRTC0 INFO #2: いれいさー おはよう (0.5155)
2015-03-01 21:12:10,875 JuliusRTC0 INFO #3: いれいさー もどるよ (0.524)
2015-03-01 21:12:10,876 JuliusRTC0 INFO #4: いれいさー た (0.501)
2015-03-01 21:12:10,905 JuliusRTC0 INFO LISTEN
2015-03-01 21:13:57,027 JuliusRTC0 INFO STARTREC
2015-03-01 21:13:57,281 JuliusRTC0 INFO ENDREC
2015-03-01 21:13:57,312 JuliusRTC0 INFO #1: いれいさー た (0.8375)
2015-03-01 21:13:57,312 JuliusRTC0 INFO #2: いれいさー つ (0.6625)
2015-03-01 21:13:57,328 JuliusRTC0 INFO LISTEN
2015-03-01 21:13:57,900 JuliusRTC0 INFO STARTREC
2015-03-01 21:13:58,267 JuliusRTC0 INFO ENDREC
2015-03-01 21:13:58,285 JuliusRTC0 INFO #1: いれいさー つ (0.72)
2015-03-01 21:13:58,286 JuliusRTC0 INFO #2: いれいさー もどるよ (0.595)
2015-03-01 21:13:58,287 JuliusRTC0 INFO #3: いれいさー おはよう (0.6425)
2015-03-01 21:13:58,288 JuliusRTC0 INFO #4: いれいさー た (0.538)
2015-03-01 21:13:58,965 JuliusRTC0 INFO LISTEN
2015-03-01 21:14:27,943 JuliusRTC0 INFO STARTREC
2015-03-01 21:14:28,387 JuliusRTC0 INFO ENDREC
2015-03-01 21:14:28,411 JuliusRTC0 INFO #1: いれいさー つ (0.9345)
2015-03-01 21:14:28,411 JuliusRTC0 INFO #2: いれいさー もどるよ (0.5155)
2015-03-01 21:14:28,412 JuliusRTC0 INFO #3: いれいさー た (0.523)
2015-03-01 21:14:28,412 JuliusRTC0 INFO #4: いれいさー おはよう (0.5115)
2015-03-01 21:14:28,413 JuliusRTC0 INFO #5: いれいさー こんにちは (0.505)
2015-03-01 21:14:28,421 JuliusRTC0 INFO LISTEN
2015-03-01 21:16:04,201 JuliusRTC0 INFO STARTREC
2015-03-01 21:16:04,609 JuliusRTC0 INFO ENDREC
2015-03-01 21:16:04,623 JuliusRTC0 INFO #1: いれいさー た (0.98)
2015-03-01 21:16:04,623 JuliusRTC0 INFO #2: いれいさー つ (0.519)
2015-03-01 21:16:04,624 JuliusRTC0 INFO #3: いれいさー おはよう (0.5005)
2015-03-01 21:16:04,633 JuliusRTC0 INFO LISTEN
2015-03-01 21:16:06,664 JuliusRTC0 INFO STARTREC
2015-03-01 21:16:07,040 JuliusRTC0 INFO ENDREC
2015-03-01 21:16:07,050 JuliusRTC0 INFO #1: いれいさー つ (0.918)
2015-03-01 21:16:07,051 JuliusRTC0 INFO #2: いれいさー いまなんじ (0.5255)
2015-03-01 21:16:07,051 JuliusRTC0 INFO #3: いれいさー た (0.531)
2015-03-01 21:16:07,056 JuliusRTC0 INFO LISTEN
2015-03-01 21:16:08,703 JuliusRTC0 INFO STARTREC
2015-03-01 21:16:09,066 JuliusRTC0 INFO ENDREC
2015-03-01 21:16:09,081 JuliusRTC0 INFO #1: いれいさー つ (0.989)
2015-03-01 21:16:09,082 JuliusRTC0 INFO #2: いれいさー た (0.5105)
2015-03-01 21:16:09,082 JuliusRTC0 INFO #3: いれいさー もどるよ (0.5)
2015-03-01 21:16:09,082 JuliusRTC0 INFO #4: いれいさー こんにちは (0.5)
2015-03-01 21:16:09,088 JuliusRTC0 INFO LISTEN
2015-03-01 21:16:09,677 JuliusRTC0 INFO STARTREC
2015-03-01 21:16:10,047 JuliusRTC0 INFO ENDREC
2015-03-01 21:16:10,071 JuliusRTC0 INFO #1: いれいさー つ (0.8895)
2015-03-01 21:16:10,072 JuliusRTC0 INFO #2: いれいさー た (0.5605)
2015-03-01 21:16:10,073 JuliusRTC0 INFO #3: いれいさー いまなんじ (0.5165)
2015-03-01 21:16:10,075 JuliusRTC0 INFO #4: いれいさー もどるよ (0.507)
2015-03-01 21:16:10,075 JuliusRTC0 INFO #5: いれいさー おはよう (0.5085)
2015-03-01 21:16:10,097 JuliusRTC0 INFO LISTEN
2015-03-01 21:16:33,198 JuliusRTC0 INFO STARTREC
2015-03-01 21:16:33,582 JuliusRTC0 INFO ENDREC
2015-03-01 21:16:33,601 JuliusRTC0 INFO #1: いれいさー た (0.9035)
2015-03-01 21:16:33,602 JuliusRTC0 INFO #2: いれいさー つ (0.5965)
2015-03-01 21:16:33,617 JuliusRTC0 INFO LISTEN
2015-03-01 21:16:38,898 JuliusRTC0 INFO STARTREC
2015-03-01 21:16:39,218 JuliusRTC0 INFO ENDREC
2015-03-01 21:16:39,235 JuliusRTC0 INFO #1: いれいさー つ (0.968)
2015-03-01 21:16:39,235 JuliusRTC0 INFO #2: いれいさー た (0.532)
2015-03-01 21:16:39,241 JuliusRTC0 INFO LISTEN
2015-03-01 21:17:29,800 JuliusRTC0 INFO STARTREC
2015-03-01 21:17:30,162 JuliusRTC0 INFO ENDREC
2015-03-01 21:17:30,176 JuliusRTC0 INFO #1: いれいさー つ (0.838)
2015-03-01 21:17:30,176 JuliusRTC0 INFO #2: いれいさー た (0.661)
2015-03-01 21:17:30,181 JuliusRTC0 INFO LISTEN
2015-03-01 21:17:54,507 JuliusRTC0 INFO STARTREC
2015-03-01 21:17:54,892 JuliusRTC0 INFO ENDREC
2015-03-01 21:17:54,916 JuliusRTC0 INFO #1: いれいさー た (0.7505)
2015-03-01 21:17:54,916 JuliusRTC0 INFO #2: いれいさー つ (0.7485)
2015-03-01 21:17:54,917 JuliusRTC0 INFO #3: いれいさー おはよう (0.5)
2015-03-01 21:17:54,917 JuliusRTC0 INFO #4: いれいさー さようなら (0.5)
2015-03-01 21:17:54,921 JuliusRTC0 INFO LISTEN
2015-03-01 21:18:28,335 JuliusRTC0 INFO STARTREC
2015-03-01 21:18:28,758 JuliusRTC0 INFO ENDREC
2015-03-01 21:18:28,777 JuliusRTC0 INFO #1: いれいさー た (0.9655)
2015-03-01 21:18:28,778 JuliusRTC0 INFO #2: いれいさー つ (0.5335)
2015-03-01 21:18:28,778 JuliusRTC0 INFO #3: いれいさー さようなら (0.5005)
2015-03-01 21:18:28,779 JuliusRTC0 INFO #4: いれいさー おはよう (0.5005)
2015-03-01 21:18:28,788 JuliusRTC0 INFO LISTEN
2015-03-01 21:18:29,612 JuliusRTC0 INFO STARTREC
2015-03-01 21:18:30,056 JuliusRTC0 INFO ENDREC
2015-03-01 21:18:30,171 JuliusRTC0 INFO #1: いれいさー つ (0.803)
2015-03-01 21:18:30,172 JuliusRTC0 INFO #2: いれいさー た (0.608)
2015-03-01 21:18:30,173 JuliusRTC0 INFO #3: いれいさー いまなんじ (0.5415)
2015-03-01 21:18:30,174 JuliusRTC0 INFO #4: いれいさー さようなら (0.5045)
2015-03-01 21:18:30,181 JuliusRTC0 INFO LISTEN
2015-03-01 21:19:56,576 JuliusRTC0 INFO STARTREC
2015-03-01 21:19:56,921 JuliusRTC0 INFO ENDREC
2015-03-01 21:19:56,942 JuliusRTC0 INFO #1: いれいさー た (0.8165)
2015-03-01 21:19:56,942 JuliusRTC0 INFO #2: いれいさー つ (0.6665)
2015-03-01 21:19:56,942 JuliusRTC0 INFO #3: いれいさー おはよう (0.514)
2015-03-01 21:19:56,943 JuliusRTC0 INFO #4: いれいさー さようなら (0.5015)
2015-03-01 21:19:56,943 JuliusRTC0 INFO #5: いれいさー こんにちは (0.501)
2015-03-01 21:19:56,953 JuliusRTC0 INFO LISTEN
2015-03-01 21:20:46,679 JuliusRTC0 INFO STARTREC
2015-03-01 21:20:47,058 JuliusRTC0 INFO ENDREC
2015-03-01 21:20:47,068 JuliusRTC0 INFO #1: いれいさー つ (0.998)
2015-03-01 21:20:47,068 JuliusRTC0 INFO #2: いれいさー もどるよ (0.5005)
2015-03-01 21:20:47,074 JuliusRTC0 INFO LISTEN
2015-03-01 21:21:00,391 JuliusRTC0 INFO STARTREC
2015-03-01 21:21:00,761 JuliusRTC0 INFO ENDREC
2015-03-01 21:21:00,775 JuliusRTC0 INFO #1: いれいさー つ (0.795)
2015-03-01 21:21:00,776 JuliusRTC0 INFO #2: いれいさー た (0.7035)
2015-03-01 21:21:00,781 JuliusRTC0 INFO LISTEN
2015-03-01 21:21:01,288 JuliusRTC0 INFO STARTREC
2015-03-01 21:21:01,721 JuliusRTC0 INFO ENDREC
2015-03-01 21:21:01,743 JuliusRTC0 INFO #1: いれいさー おはよう (0.951)
2015-03-01 21:21:01,744 JuliusRTC0 INFO #2: いれいさー もどるよ (0.5365)
2015-03-01 21:21:01,745 JuliusRTC0 INFO #3: いれいさー つ (0.509)
2015-03-01 21:21:01,746 JuliusRTC0 INFO #4: いれいさー た (0.503)
2015-03-01 21:21:01,757 JuliusRTC0 INFO LISTEN
2015-03-01 21:22:17,449 JuliusRTC0 INFO STARTREC
2015-03-01 21:22:17,844 JuliusRTC0 INFO ENDREC
2015-03-01 21:22:17,869 JuliusRTC0 INFO #1: いれいさー つ (0.781)
2015-03-01 21:22:17,871 JuliusRTC0 INFO #2: いれいさー た (0.5615)
2015-03-01 21:22:17,872 JuliusRTC0 INFO #3: いれいさー おはよう (0.6535)
2015-03-01 21:22:17,873 JuliusRTC0 INFO #4: いれいさー もどるよ (0.5035)
2015-03-01 21:22:17,879 JuliusRTC0 INFO LISTEN
2015-03-01 21:22:35,880 JuliusRTC0 INFO STARTREC
2015-03-01 21:22:36,245 JuliusRTC0 INFO ENDREC
2015-03-01 21:22:36,262 JuliusRTC0 INFO #1: いれいさー つ (0.92)
2015-03-01 21:22:36,262 JuliusRTC0 INFO #2: いれいさー た (0.5795)
2015-03-01 21:22:36,268 JuliusRTC0 INFO LISTEN
2015-03-01 21:23:46,366 JuliusRTC0 INFO STARTREC
2015-03-01 21:23:46,630 JuliusRTC0 INFO ENDREC
2015-03-01 21:23:46,650 JuliusRTC0 INFO #1: いれいさー た (0.724)
2015-03-01 21:23:46,651 JuliusRTC0 INFO #2: いれいさー つ (0.7555)
2015-03-01 21:23:46,655 JuliusRTC0 INFO LISTEN
2015-03-01 21:24:43,849 JuliusRTC0 INFO STARTREC
2015-03-01 21:24:44,117 JuliusRTC0 INFO ENDREC
2015-03-01 21:24:44,129 JuliusRTC0 INFO #1: いれいさー つ (0.8835)
2015-03-01 21:24:44,129 JuliusRTC0 INFO #2: いれいさー た (0.6085)
2015-03-01 21:24:44,130 JuliusRTC0 INFO #3: いれいさー おはよう (0.508)
2015-03-01 21:24:44,139 JuliusRTC0 INFO LISTEN
2015-03-01 21:25:06,661 JuliusRTC0 INFO STARTREC
2015-03-01 21:25:06,985 JuliusRTC0 INFO ENDREC
2015-03-01 21:25:07,002 JuliusRTC0 INFO #1: いれいさー つ (0.818)
2015-03-01 21:25:07,002 JuliusRTC0 INFO #2: いれいさー た (0.6635)
2015-03-01 21:25:07,004 JuliusRTC0 INFO #3: いれいさー おはよう (0.517)
2015-03-01 21:25:07,009 JuliusRTC0 INFO LISTEN
2015-03-01 21:27:28,689 JuliusRTC0 INFO STARTREC
2015-03-01 21:27:29,085 JuliusRTC0 INFO ENDREC
2015-03-01 21:27:29,111 JuliusRTC0 INFO #1: いれいさー つ (0.834)
2015-03-01 21:27:29,113 JuliusRTC0 INFO #2: いれいさー もどるよ (0.611)
2015-03-01 21:27:29,115 JuliusRTC0 INFO #3: いれいさー おはよう (0.53)
2015-03-01 21:27:29,116 JuliusRTC0 INFO #4: いれいさー た (0.513)
2015-03-01 21:27:29,117 JuliusRTC0 INFO #5: いれいさー さようなら (0.5035)
2015-03-01 21:27:29,148 JuliusRTC0 INFO LISTEN
2015-03-01 21:27:30,953 JuliusRTC0 INFO STARTREC
2015-03-01 21:27:31,255 JuliusRTC0 INFO ENDREC
2015-03-01 21:27:31,271 JuliusRTC0 INFO #1: いれいさー つ (0.876)
2015-03-01 21:27:31,272 JuliusRTC0 INFO #2: いれいさー た (0.624)
2015-03-01 21:27:31,278 JuliusRTC0 INFO LISTEN
2015-03-01 21:27:54,394 JuliusRTC0 INFO STARTREC
2015-03-01 21:27:54,764 JuliusRTC0 INFO ENDREC
2015-03-01 21:27:54,781 JuliusRTC0 INFO #1: いれいさー つ (0.9775)
2015-03-01 21:27:54,782 JuliusRTC0 INFO #2: いれいさー た (0.5185)
2015-03-01 21:27:54,782 JuliusRTC0 INFO #3: いれいさー こんにちは (0.504)
2015-03-01 21:27:54,787 JuliusRTC0 INFO LISTEN
2015-03-01 21:27:56,861 JuliusRTC0 INFO STARTREC
2015-03-01 21:27:57,272 JuliusRTC0 INFO ENDREC
2015-03-01 21:27:57,289 JuliusRTC0 INFO #1: いれいさー た (0.885)
2015-03-01 21:27:57,290 JuliusRTC0 INFO #2: いれいさー つ (0.613)
2015-03-01 21:27:57,294 JuliusRTC0 INFO LISTEN
2015-03-01 21:28:35,439 JuliusRTC0 INFO STARTREC
2015-03-01 21:28:35,769 JuliusRTC0 INFO ENDREC
2015-03-01 21:28:35,785 JuliusRTC0 INFO #1: いれいさー つ (0.9685)
2015-03-01 21:28:35,786 JuliusRTC0 INFO #2: いれいさー た (0.529)
2015-03-01 21:28:35,796 JuliusRTC0 INFO LISTEN
2015-03-01 21:29:08,750 JuliusRTC0 INFO STARTREC
2015-03-01 21:29:09,065 JuliusRTC0 INFO ENDREC
2015-03-01 21:29:09,074 JuliusRTC0 INFO LISTEN
2015-03-01 21:29:27,632 JuliusRTC0 INFO STARTREC
2015-03-01 21:29:27,759 JuliusRTC0 INFO ENDREC
2015-03-01 21:29:27,765 JuliusRTC0 INFO #1: いれいさー た (0.749)
2015-03-01 21:29:27,766 JuliusRTC0 INFO #2: いれいさー つ (0.751)
2015-03-01 21:29:27,771 JuliusRTC0 INFO LISTEN
2015-03-01 21:29:28,194 JuliusRTC0 INFO STARTREC
2015-03-01 21:29:28,704 JuliusRTC0 INFO ENDREC
2015-03-01 21:29:28,723 JuliusRTC0 INFO #1: いれいさー もどるよ (1.0)
2015-03-01 21:29:28,730 JuliusRTC0 INFO LISTEN
2015-03-01 21:29:28,731 JuliusRTC0 INFO STARTREC
2015-03-01 21:29:29,059 JuliusRTC0 INFO ENDREC
2015-03-01 21:29:29,108 JuliusRTC0 INFO #1: いれいさー つ (0.8725)
2015-03-01 21:29:29,108 JuliusRTC0 INFO #2: いれいさー た (0.625)
2015-03-01 21:29:29,109 JuliusRTC0 INFO #3: いれいさー さようなら (0.5015)
2015-03-01 21:29:29,109 JuliusRTC0 INFO #4: いれいさー もどるよ (0.5005)
2015-03-01 21:29:29,109 JuliusRTC0 INFO #5: いれいさー おはよう (0.5005)
2015-03-01 21:29:29,118 JuliusRTC0 INFO LISTEN
2015-03-01 21:31:14,995 JuliusRTC0 INFO STARTREC
2015-03-01 21:31:15,359 JuliusRTC0 INFO ENDREC
2015-03-01 21:31:15,409 JuliusRTC0 INFO #1: いれいさー つ (0.8765)
2015-03-01 21:31:15,410 JuliusRTC0 INFO #2: いれいさー おはよう (0.612)
2015-03-01 21:31:15,411 JuliusRTC0 INFO #3: いれいさー た (0.5055)
2015-03-01 21:31:15,411 JuliusRTC0 INFO #4: いれいさー もどるよ (0.502)
2015-03-01 21:31:15,412 JuliusRTC0 INFO #5: いれいさー いまなんじ (0.5015)
2015-03-01 21:31:15,416 JuliusRTC0 INFO LISTEN
2015-03-01 21:31:24,644 JuliusRTC0 INFO STARTREC
2015-03-01 21:31:25,159 JuliusRTC0 INFO ENDREC
2015-03-01 21:31:25,179 JuliusRTC0 INFO #1: いれいさー つ (0.944)
2015-03-01 21:31:25,181 JuliusRTC0 INFO #2: いれいさー もどるよ (0.5155)
2015-03-01 21:31:25,182 JuliusRTC0 INFO #3: いれいさー さようなら (0.517)
2015-03-01 21:31:25,184 JuliusRTC0 INFO #4: いれいさー た (0.505)
2015-03-01 21:31:25,190 JuliusRTC0 INFO #5: いれいさー おはよう (0.5095)
2015-03-01 21:31:25,208 JuliusRTC0 INFO LISTEN
2015-03-01 21:31:26,360 JuliusRTC0 INFO STARTREC
2015-03-01 21:31:26,520 JuliusRTC0 INFO ENDREC
2015-03-01 21:31:26,528 JuliusRTC0 INFO #1: いれいさー つ (0.8915)
2015-03-01 21:31:26,529 JuliusRTC0 INFO #2: いれいさー た (0.6065)
2015-03-01 21:31:26,529 JuliusRTC0 INFO #3: いれいさー おはよう (0.502)
2015-03-01 21:31:26,534 JuliusRTC0 INFO LISTEN
2015-03-01 21:31:31,351 JuliusRTC0 INFO STARTREC
2015-03-01 21:31:31,918 JuliusRTC0 INFO ENDREC
2015-03-01 21:31:31,940 JuliusRTC0 INFO #1: いれいさー つ (0.613)
2015-03-01 21:31:31,941 JuliusRTC0 INFO #2: いれいさー さようなら (0.597)
2015-03-01 21:31:31,942 JuliusRTC0 INFO #3: いれいさー た (0.5815)
2015-03-01 21:31:31,942 JuliusRTC0 INFO #4: いれいさー いまなんじ (0.581)
2015-03-01 21:31:31,942 JuliusRTC0 INFO #5: いれいさー もどるよ (0.538)
2015-03-01 21:31:31,948 JuliusRTC0 INFO LISTEN
2015-03-01 21:33:08,328 JuliusRTC0 INFO STARTREC
2015-03-01 21:33:08,690 JuliusRTC0 INFO ENDREC
2015-03-01 21:33:08,714 JuliusRTC0 INFO #1: いれいさー つ (0.9855)
2015-03-01 21:33:08,714 JuliusRTC0 INFO #2: いれいさー おはよう (0.51)
2015-03-01 21:33:08,716 JuliusRTC0 INFO #3: いれいさー た (0.5045)
2015-03-01 21:33:08,722 JuliusRTC0 INFO LISTEN
2015-03-01 21:33:18,105 JuliusRTC0 INFO STARTREC
2015-03-01 21:33:18,451 JuliusRTC0 INFO ENDREC
2015-03-01 21:33:18,460 JuliusRTC0 INFO #1: いれいさー つ (0.9985)
2015-03-01 21:33:18,460 JuliusRTC0 INFO #2: いれいさー た (0.501)
2015-03-01 21:33:18,461 JuliusRTC0 INFO #3: いれいさー おはよう (0.5)
2015-03-01 21:33:18,464 JuliusRTC0 INFO LISTEN
2015-03-01 21:33:35,815 JuliusRTC0 INFO STARTREC
2015-03-01 21:33:36,171 JuliusRTC0 INFO ENDREC
2015-03-01 21:33:36,188 JuliusRTC0 INFO #1: いれいさー つ (0.9595)
2015-03-01 21:33:36,189 JuliusRTC0 INFO #2: いれいさー た (0.5405)
2015-03-01 21:33:36,203 JuliusRTC0 INFO LISTEN
2015-03-01 21:33:38,223 JuliusRTC0 INFO STARTREC
2015-03-01 21:33:38,624 JuliusRTC0 INFO ENDREC
2015-03-01 21:33:38,647 JuliusRTC0 INFO #1: いれいさー た (0.8765)
2015-03-01 21:33:38,648 JuliusRTC0 INFO #2: いれいさー つ (0.619)
2015-03-01 21:33:38,649 JuliusRTC0 INFO #3: いれいさー おはよう (0.502)
2015-03-01 21:33:38,649 JuliusRTC0 INFO #4: いれいさー いまなんじ (0.501)
2015-03-01 21:33:38,649 JuliusRTC0 INFO #5: いれいさー もどるよ (0.5)
2015-03-01 21:33:38,655 JuliusRTC0 INFO LISTEN
2015-03-01 21:33:38,984 JuliusRTC0 INFO STARTREC
2015-03-01 21:33:39,333 JuliusRTC0 INFO ENDREC
2015-03-01 21:33:39,352 JuliusRTC0 INFO #1: いれいさー おはよう (0.911)
2015-03-01 21:33:39,353 JuliusRTC0 INFO #2: いれいさー つ (0.5495)
2015-03-01 21:33:39,353 JuliusRTC0 INFO #3: いれいさー もどるよ (0.507)
2015-03-01 21:33:39,354 JuliusRTC0 INFO #4: いれいさー いまなんじ (0.5055)
2015-03-01 21:33:39,354 JuliusRTC0 INFO #5: いれいさー た (0.522)
2015-03-01 21:33:39,368 JuliusRTC0 INFO LISTEN
2015-03-01 21:33:52,669 JuliusRTC0 INFO STARTREC
2015-03-01 21:33:53,285 JuliusRTC0 INFO ENDREC
2015-03-01 21:33:53,297 JuliusRTC0 INFO #1: いれいさー た (0.7085)
2015-03-01 21:33:53,303 JuliusRTC0 INFO LISTEN
2015-03-01 21:33:56,996 JuliusRTC0 INFO STARTREC
2015-03-01 21:33:57,129 JuliusRTC0 INFO ENDREC
2015-03-01 21:33:57,135 JuliusRTC0 INFO #1: いれいさー つ (0.798)
2015-03-01 21:33:57,136 JuliusRTC0 INFO #2: いれいさー た (0.6995)
2015-03-01 21:33:57,137 JuliusRTC0 INFO #3: いれいさー おはよう (0.5025)
2015-03-01 21:33:57,144 JuliusRTC0 INFO LISTEN
2015-03-01 21:34:06,525 JuliusRTC0 INFO STARTREC
2015-03-01 21:34:06,953 JuliusRTC0 INFO ENDREC
2015-03-01 21:34:06,974 JuliusRTC0 INFO #1: いれいさー つ (0.9975)
2015-03-01 21:34:06,975 JuliusRTC0 INFO #2: いれいさー た (0.5015)
2015-03-01 21:34:06,982 JuliusRTC0 INFO LISTEN
2015-03-01 21:35:34,471 JuliusRTC0 INFO STARTREC
2015-03-01 21:35:34,866 JuliusRTC0 INFO ENDREC
2015-03-01 21:35:34,882 JuliusRTC0 INFO #1: いれいさー た (0.934)
2015-03-01 21:35:34,883 JuliusRTC0 INFO #2: いれいさー つ (0.562)
2015-03-01 21:35:34,883 JuliusRTC0 INFO #3: いれいさー おはよう (0.5025)
2015-03-01 21:35:34,884 JuliusRTC0 INFO #4: いれいさー もどるよ (0.5015)
2015-03-01 21:35:34,884 JuliusRTC0 INFO #5: いれいさー さようなら (0.5005)
2015-03-01 21:35:34,902 JuliusRTC0 INFO LISTEN
2015-03-01 21:36:18,034 JuliusRTC0 INFO STARTREC
2015-03-01 21:36:18,582 JuliusRTC0 INFO ENDREC
2015-03-01 21:36:18,588 JuliusRTC0 INFO #1: いれいさー もどるよ (0.8995)
2015-03-01 21:36:18,589 JuliusRTC0 INFO #2: いれいさー つ (0.588)
2015-03-01 21:36:18,593 JuliusRTC0 INFO LISTEN
2015-03-01 21:37:31,659 JuliusRTC0 INFO STARTREC
2015-03-01 21:37:31,976 JuliusRTC0 INFO ENDREC
2015-03-01 21:37:31,982 JuliusRTC0 INFO #1: いれいさー つ (1.0)
2015-03-01 21:37:31,991 JuliusRTC0 INFO LISTEN
2015-03-01 21:37:38,923 JuliusRTC0 INFO STARTREC
2015-03-01 21:37:39,331 JuliusRTC0 INFO ENDREC
2015-03-01 21:37:39,353 JuliusRTC0 INFO #1: いれいさー た (0.9965)
2015-03-01 21:37:39,353 JuliusRTC0 INFO #2: いれいさー つ (0.503)
2015-03-01 21:37:39,359 JuliusRTC0 INFO LISTEN
2015-03-01 21:37:59,780 JuliusRTC0 INFO STARTREC
2015-03-01 21:38:00,166 JuliusRTC0 INFO ENDREC
2015-03-01 21:38:00,178 JuliusRTC0 INFO #1: いれいさー つ (0.9895)
2015-03-01 21:38:00,179 JuliusRTC0 INFO #2: いれいさー た (0.507)
2015-03-01 21:38:00,182 JuliusRTC0 INFO LISTEN
2015-03-01 21:38:24,319 JuliusRTC0 INFO STARTREC
2015-03-01 21:38:24,645 JuliusRTC0 INFO ENDREC
2015-03-01 21:38:24,659 JuliusRTC0 INFO #1: いれいさー つ (0.984)
2015-03-01 21:38:24,659 JuliusRTC0 INFO #2: いれいさー た (0.5115)
2015-03-01 21:38:24,660 JuliusRTC0 INFO #3: いれいさー さようなら (0.5015)
2015-03-01 21:38:24,660 JuliusRTC0 INFO #4: いれいさー もどるよ (0.501)
2015-03-01 21:38:24,669 JuliusRTC0 INFO LISTEN
2015-03-01 21:38:29,784 JuliusRTC0 INFO STARTREC
2015-03-01 21:38:30,094 JuliusRTC0 INFO ENDREC
2015-03-01 21:38:30,106 JuliusRTC0 INFO #1: いれいさー つ (0.9965)
2015-03-01 21:38:30,107 JuliusRTC0 INFO #2: いれいさー た (0.503)
2015-03-01 21:38:30,111 JuliusRTC0 INFO LISTEN
2015-03-01 21:39:18,230 JuliusRTC0 INFO STARTREC
2015-03-01 21:39:18,569 JuliusRTC0 INFO ENDREC
2015-03-01 21:39:18,587 JuliusRTC0 INFO #1: いれいさー つ (0.909)
2015-03-01 21:39:18,588 JuliusRTC0 INFO #2: いれいさー た (0.5905)
2015-03-01 21:39:18,596 JuliusRTC0 INFO LISTEN
2015-03-01 21:39:23,938 JuliusRTC0 INFO STARTREC
2015-03-01 21:39:24,265 JuliusRTC0 INFO ENDREC
2015-03-01 21:39:24,290 JuliusRTC0 INFO #1: いれいさー た (0.9085)
2015-03-01 21:39:24,291 JuliusRTC0 INFO #2: いれいさー つ (0.5365)
2015-03-01 21:39:24,291 JuliusRTC0 INFO #3: いれいさー いまなんじ (0.516)
2015-03-01 21:39:24,292 JuliusRTC0 INFO #4: いれいさー もどるよ (0.502)
2015-03-01 21:39:24,293 JuliusRTC0 INFO #5: いれいさー おはよう (0.52)
2015-03-01 21:39:24,306 JuliusRTC0 INFO LISTEN
2015-03-01 21:41:11,015 JuliusRTC0 INFO STARTREC
2015-03-01 21:41:11,364 JuliusRTC0 INFO ENDREC
2015-03-01 21:41:11,376 JuliusRTC0 INFO #1: いれいさー つ (0.879)
2015-03-01 21:41:11,377 JuliusRTC0 INFO #2: いれいさー た (0.5995)
2015-03-01 21:41:11,383 JuliusRTC0 INFO LISTEN
2015-03-01 21:41:46,275 JuliusRTC0 INFO STARTREC
2015-03-01 21:41:46,658 JuliusRTC0 INFO ENDREC
2015-03-01 21:41:46,672 JuliusRTC0 INFO #1: いれいさー つ (0.98)
2015-03-01 21:41:46,672 JuliusRTC0 INFO #2: いれいさー た (0.52)
2015-03-01 21:41:46,677 JuliusRTC0 INFO LISTEN
2015-03-01 21:42:18,026 JuliusRTC0 INFO STARTREC
2015-03-01 21:42:18,381 JuliusRTC0 INFO ENDREC
2015-03-01 21:42:18,393 JuliusRTC0 INFO #1: いれいさー た (0.8545)
2015-03-01 21:42:18,394 JuliusRTC0 INFO #2: いれいさー つ (0.6455)
2015-03-01 21:42:18,398 JuliusRTC0 INFO LISTEN
2015-03-01 21:43:01,766 JuliusRTC0 INFO STARTREC
2015-03-01 21:43:02,054 JuliusRTC0 INFO ENDREC
2015-03-01 21:43:02,074 JuliusRTC0 INFO #1: いれいさー た (0.943)
2015-03-01 21:43:02,075 JuliusRTC0 INFO #2: いれいさー つ (0.554)
2015-03-01 21:43:02,076 JuliusRTC0 INFO #3: いれいさー おはよう (0.503)
2015-03-01 21:43:02,083 JuliusRTC0 INFO LISTEN
2015-03-01 21:43:04,186 JuliusRTC0 INFO STARTREC
2015-03-01 21:43:04,784 JuliusRTC0 INFO ENDREC
2015-03-01 21:43:04,803 JuliusRTC0 INFO #1: いれいさー いまなんじ (0.6005)
2015-03-01 21:43:04,803 JuliusRTC0 INFO #2: いれいさー つ (0.7485)
2015-03-01 21:43:04,804 JuliusRTC0 INFO #3: いれいさー おはよう (0.5325)
2015-03-01 21:43:04,804 JuliusRTC0 INFO #4: いれいさー た (0.5145)
2015-03-01 21:43:04,804 JuliusRTC0 INFO #5: いれいさー もどるよ (0.5025)
2015-03-01 21:43:04,814 JuliusRTC0 INFO LISTEN
2015-03-01 21:43:07,069 JuliusRTC0 INFO STARTREC
2015-03-01 21:43:07,302 JuliusRTC0 INFO ENDREC
2015-03-01 21:43:07,316 JuliusRTC0 INFO #1: いれいさー た (0.778)
2015-03-01 21:43:07,316 JuliusRTC0 INFO #2: いれいさー つ (0.72)
2015-03-01 21:43:07,317 JuliusRTC0 INFO #3: いれいさー おはよう (0.502)
2015-03-01 21:43:07,325 JuliusRTC0 INFO LISTEN
2015-03-01 21:43:55,717 JuliusRTC0 INFO STARTREC
2015-03-01 21:43:56,123 JuliusRTC0 INFO ENDREC
2015-03-01 21:43:56,138 JuliusRTC0 INFO #1: いれいさー つ (0.8765)
2015-03-01 21:43:56,138 JuliusRTC0 INFO #2: いれいさー おはよう (0.571)
2015-03-01 21:43:56,139 JuliusRTC0 INFO #3: いれいさー た (0.529)
2015-03-01 21:43:56,140 JuliusRTC0 INFO #4: いれいさー いまなんじ (0.5115)
2015-03-01 21:43:56,141 JuliusRTC0 INFO #5: いれいさー こんにちは (0.5005)
2015-03-01 21:43:56,150 JuliusRTC0 INFO LISTEN
2015-03-01 21:44:35,587 JuliusRTC0 INFO STARTREC
2015-03-01 21:44:35,979 JuliusRTC0 INFO ENDREC
2015-03-01 21:44:35,999 JuliusRTC0 INFO #1: いれいさー た (0.8415)
2015-03-01 21:44:36,000 JuliusRTC0 INFO #2: いれいさー おはよう (0.5865)
2015-03-01 21:44:36,007 JuliusRTC0 INFO LISTEN
2015-03-01 21:46:07,055 JuliusRTC0 INFO STARTREC
2015-03-01 21:46:07,440 JuliusRTC0 INFO ENDREC
2015-03-01 21:46:07,462 JuliusRTC0 INFO #1: いれいさー つ (0.9255)
2015-03-01 21:46:07,462 JuliusRTC0 INFO #2: いれいさー た (0.574)
2015-03-01 21:46:07,466 JuliusRTC0 INFO #3: いれいさー いまなんじ (0.5005)
2015-03-01 21:46:07,476 JuliusRTC0 INFO LISTEN
2015-03-01 21:46:07,883 JuliusRTC0 INFO STARTREC
2015-03-01 21:46:08,234 JuliusRTC0 INFO ENDREC
2015-03-01 21:46:08,254 JuliusRTC0 INFO #1: いれいさー つ (0.9955)
2015-03-01 21:46:08,257 JuliusRTC0 INFO #2: いれいさー もどるよ (0.502)
2015-03-01 21:46:08,258 JuliusRTC0 INFO #3: いれいさー た (0.502)
2015-03-01 21:46:08,259 JuliusRTC0 INFO #4: いれいさー おはよう (0.501)
2015-03-01 21:46:08,277 JuliusRTC0 INFO LISTEN
2015-03-01 21:46:24,324 JuliusRTC0 INFO STARTREC
2015-03-01 21:46:24,619 JuliusRTC0 INFO ENDREC
2015-03-01 21:46:24,639 JuliusRTC0 INFO #1: いれいさー つ (0.9985)
2015-03-01 21:46:24,640 JuliusRTC0 INFO #2: いれいさー た (0.5015)
2015-03-01 21:46:24,641 JuliusRTC0 INFO #3: いれいさー おはよう (0.5005)
2015-03-01 21:46:24,651 JuliusRTC0 INFO LISTEN
2015-03-01 21:47:21,072 JuliusRTC0 INFO STARTREC
2015-03-01 21:47:21,458 JuliusRTC0 INFO ENDREC
2015-03-01 21:47:21,480 JuliusRTC0 INFO #1: いれいさー た (0.9375)
2015-03-01 21:47:21,480 JuliusRTC0 INFO #2: いれいさー つ (0.562)
2015-03-01 21:47:21,481 JuliusRTC0 INFO #3: いれいさー おはよう (0.5)
2015-03-01 21:47:21,487 JuliusRTC0 INFO LISTEN
2015-03-01 21:47:50,364 JuliusRTC0 INFO STARTREC
2015-03-01 21:47:50,770 JuliusRTC0 INFO ENDREC
2015-03-01 21:47:50,789 JuliusRTC0 INFO #1: いれいさー つ (0.9855)
2015-03-01 21:47:50,789 JuliusRTC0 INFO #2: いれいさー た (0.5055)
2015-03-01 21:47:50,790 JuliusRTC0 INFO #3: いれいさー いまなんじ (0.5035)
2015-03-01 21:47:50,790 JuliusRTC0 INFO #4: いれいさー おはよう (0.5015)
2015-03-01 21:47:50,790 JuliusRTC0 INFO #5: いれいさー もどるよ (0.5005)
2015-03-01 21:47:50,803 JuliusRTC0 INFO LISTEN
2015-03-01 21:48:03,986 JuliusRTC0 INFO STARTREC
2015-03-01 21:48:04,723 JuliusRTC0 INFO ENDREC
2015-03-01 21:48:04,745 JuliusRTC0 INFO #1: いれいさー つ (0.833)
2015-03-01 21:48:04,745 JuliusRTC0 INFO #2: いれいさー た (0.551)
2015-03-01 21:48:04,746 JuliusRTC0 INFO #3: いれいさー いまなんじ (0.5465)
2015-03-01 21:48:04,746 JuliusRTC0 INFO #4: いれいさー もどるよ (0.5125)
2015-03-01 21:48:04,747 JuliusRTC0 INFO #5: いれいさー さようなら (0.5095)
2015-03-01 21:48:04,757 JuliusRTC0 INFO LISTEN
2015-03-01 21:50:11,614 JuliusRTC0 INFO STARTREC
2015-03-01 21:50:11,762 JuliusRTC0 INFO ENDREC
2015-03-01 21:50:11,777 JuliusRTC0 INFO #1: いれいさー た (0.7265)
2015-03-01 21:50:11,777 JuliusRTC0 INFO #2: いれいさー つ (0.7715)
2015-03-01 21:50:11,786 JuliusRTC0 INFO LISTEN
2015-03-01 21:51:06,623 JuliusRTC0 INFO STARTREC
2015-03-01 21:51:06,998 JuliusRTC0 INFO ENDREC
2015-03-01 21:51:07,008 JuliusRTC0 INFO #1: いれいさー おはよう (0.8335)
2015-03-01 21:51:07,008 JuliusRTC0 INFO #2: いれいさー つ (0.566)
2015-03-01 21:51:07,009 JuliusRTC0 INFO #3: いれいさー た (0.595)
2015-03-01 21:51:07,009 JuliusRTC0 INFO #4: いれいさー さようなら (0.504)
2015-03-01 21:51:07,010 JuliusRTC0 INFO #5: いれいさー こんにちは (0.501)
2015-03-01 21:51:07,017 JuliusRTC0 INFO LISTEN
2015-03-01 21:52:25,406 JuliusRTC0 INFO STARTREC
2015-03-01 21:52:25,651 JuliusRTC0 INFO ENDREC
2015-03-01 21:52:25,674 JuliusRTC0 INFO #1: いれいさー つ (0.921)
2015-03-01 21:52:25,675 JuliusRTC0 INFO #2: いれいさー た (0.579)
2015-03-01 21:52:25,691 JuliusRTC0 INFO LISTEN
2015-03-01 21:53:00,907 JuliusRTC0 INFO STARTREC
2015-03-01 21:53:01,440 JuliusRTC0 INFO ENDREC
2015-03-01 21:53:01,450 JuliusRTC0 INFO #1: いれいさー つ (0.9935)
2015-03-01 21:53:01,450 JuliusRTC0 INFO #2: いれいさー た (0.504)
2015-03-01 21:53:01,451 JuliusRTC0 INFO #3: いれいさー いまなんじ (0.5005)
2015-03-01 21:53:01,453 JuliusRTC0 INFO #4: いれいさー おはよう (0.5005)
2015-03-01 21:53:01,455 JuliusRTC0 INFO #5: いれいさー もどるよ (0.5)
2015-03-01 21:53:01,466 JuliusRTC0 INFO LISTEN
2015-03-01 21:54:11,880 JuliusRTC0 INFO STARTREC
2015-03-01 21:54:12,235 JuliusRTC0 INFO ENDREC
2015-03-01 21:54:12,253 JuliusRTC0 INFO #1: いれいさー た (0.853)
2015-03-01 21:54:12,254 JuliusRTC0 INFO #2: いれいさー つ (0.646)
2015-03-01 21:54:12,260 JuliusRTC0 INFO LISTEN
2015-03-01 21:54:12,760 JuliusRTC0 INFO STARTREC
2015-03-01 21:54:12,874 JuliusRTC0 INFO ENDREC
2015-03-01 21:54:12,882 JuliusRTC0 INFO #1: いれいさー た (0.852)
2015-03-01 21:54:12,883 JuliusRTC0 INFO #2: いれいさー つ (0.648)
2015-03-01 21:54:12,888 JuliusRTC0 INFO LISTEN
2015-03-01 21:54:13,037 JuliusRTC0 INFO STARTREC
2015-03-01 21:54:13,141 JuliusRTC0 INFO ENDREC
2015-03-01 21:54:13,151 JuliusRTC0 INFO #1: いれいさー た (0.9755)
2015-03-01 21:54:13,154 JuliusRTC0 INFO LISTEN
2015-03-01 21:54:36,678 JuliusRTC0 INFO STARTREC
2015-03-01 21:54:37,049 JuliusRTC0 INFO ENDREC
2015-03-01 21:54:37,058 JuliusRTC0 INFO #1: いれいさー つ (0.763)
2015-03-01 21:54:37,058 JuliusRTC0 INFO #2: いれいさー た (0.737)
2015-03-01 21:54:37,062 JuliusRTC0 INFO LISTEN
2015-03-01 21:54:38,783 JuliusRTC0 INFO STARTREC
2015-03-01 21:54:39,265 JuliusRTC0 INFO ENDREC
2015-03-01 21:54:39,279 JuliusRTC0 INFO #1: いれいさー つ (0.987)
2015-03-01 21:54:39,280 JuliusRTC0 INFO #2: いれいさー た (0.513)
2015-03-01 21:54:39,296 JuliusRTC0 INFO LISTEN
2015-03-01 21:54:56,969 JuliusRTC0 INFO STARTREC
2015-03-01 21:54:57,755 JuliusRTC0 INFO ENDREC
2015-03-01 21:54:57,773 JuliusRTC0 INFO #1: いれいさー さようなら (0.914)
2015-03-01 21:54:57,774 JuliusRTC0 INFO #2: いれいさー もどるよ (0.5445)
2015-03-01 21:54:57,775 JuliusRTC0 INFO #3: いれいさー こんにちは (0.533)
2015-03-01 21:54:57,775 JuliusRTC0 INFO #4: いれいさー た (0.5035)
2015-03-01 21:54:57,776 JuliusRTC0 INFO #5: いれいさー つ (0.503)
2015-03-01 21:55:01,313 JuliusRTC0 INFO LISTEN
2015-03-01 21:55:08,863 JuliusRTC0 INFO STARTREC
2015-03-01 21:55:09,476 JuliusRTC0 INFO ENDREC
2015-03-01 21:55:09,484 JuliusRTC0 INFO #1: いれいさー おはよう (0.6675)
2015-03-01 21:55:09,485 JuliusRTC0 INFO #2: いれいさー いまなんじ (0.664)
2015-03-01 21:55:09,490 JuliusRTC0 INFO LISTEN
2015-03-01 21:55:09,808 JuliusRTC0 INFO STARTREC
2015-03-01 21:55:09,986 JuliusRTC0 INFO ENDREC
2015-03-01 21:55:10,001 JuliusRTC0 INFO #1: いれいさー つ (0.9105)
2015-03-01 21:55:10,001 JuliusRTC0 INFO #2: いれいさー た (0.576)
2015-03-01 21:55:10,007 JuliusRTC0 INFO LISTEN
2015-03-01 21:55:26,237 JuliusRTC0 INFO STARTREC
2015-03-01 21:55:26,625 JuliusRTC0 INFO ENDREC
2015-03-01 21:55:26,633 JuliusRTC0 INFO #1: いれいさー た (0.805)
2015-03-01 21:55:26,633 JuliusRTC0 INFO #2: いれいさー つ (0.6945)
2015-03-01 21:55:26,640 JuliusRTC0 INFO LISTEN
2015-03-01 21:57:26,008 JuliusRTC0 INFO STARTREC
2015-03-01 21:57:26,501 JuliusRTC0 INFO ENDREC
2015-03-01 21:57:26,509 JuliusRTC0 INFO #1: いれいさー つ (0.905)
2015-03-01 21:57:26,510 JuliusRTC0 INFO #2: いれいさー た (0.5945)
2015-03-01 21:57:26,524 JuliusRTC0 INFO LISTEN
2015-03-01 21:57:37,118 JuliusRTC0 INFO STARTREC
2015-03-01 21:57:37,493 JuliusRTC0 INFO ENDREC
2015-03-01 21:57:37,517 JuliusRTC0 INFO #1: いれいさー た (0.766)
2015-03-01 21:57:37,518 JuliusRTC0 INFO #2: いれいさー つ (0.6305)
2015-03-01 21:57:37,519 JuliusRTC0 INFO #3: いれいさー おはよう (0.598)
2015-03-01 21:57:37,524 JuliusRTC0 INFO LISTEN
2015-03-01 21:58:53,594 JuliusRTC0 INFO STARTREC
2015-03-01 21:58:53,974 JuliusRTC0 INFO ENDREC
2015-03-01 21:58:53,991 JuliusRTC0 INFO #1: いれいさー つ (0.896)
2015-03-01 21:58:53,992 JuliusRTC0 INFO #2: いれいさー た (0.601)
2015-03-01 21:58:54,004 JuliusRTC0 INFO LISTEN
2015-03-01 21:58:54,073 JuliusRTC0 INFO STARTREC
2015-03-01 21:58:54,681 JuliusRTC0 INFO ENDREC
2015-03-01 21:58:54,694 JuliusRTC0 INFO #1: いれいさー つ (0.7095)
2015-03-01 21:58:54,694 JuliusRTC0 INFO #2: いれいさー いまなんじ (0.567)
2015-03-01 21:58:54,695 JuliusRTC0 INFO #3: いれいさー さようなら (0.523)
2015-03-01 21:58:54,696 JuliusRTC0 INFO #4: いれいさー た (0.6315)
2015-03-01 21:58:54,697 JuliusRTC0 INFO #5: いれいさー こんにちは (0.5015)
2015-03-01 21:58:54,707 JuliusRTC0 INFO LISTEN
2015-03-01 21:58:57,397 JuliusRTC0 INFO STARTREC
2015-03-01 21:58:57,785 JuliusRTC0 INFO ENDREC
2015-03-01 21:58:57,791 JuliusRTC0 INFO #1: いれいさー つ (1.0)
2015-03-01 21:58:57,796 JuliusRTC0 INFO LISTEN
2015-03-01 21:58:58,625 JuliusRTC0 INFO STARTREC
2015-03-01 21:58:58,979 JuliusRTC0 INFO ENDREC
2015-03-01 21:58:58,992 JuliusRTC0 INFO #1: いれいさー つ (0.9975)
2015-03-01 21:58:58,993 JuliusRTC0 INFO #2: いれいさー いまなんじ (0.501)
2015-03-01 21:58:58,999 JuliusRTC0 INFO LISTEN
2015-03-01 21:59:20,608 JuliusRTC0 INFO STARTREC
2015-03-01 21:59:20,938 JuliusRTC0 INFO ENDREC
2015-03-01 21:59:20,960 JuliusRTC0 INFO #1: いれいさー た (0.8125)
2015-03-01 21:59:20,962 JuliusRTC0 INFO #2: いれいさー おはよう (0.6415)
2015-03-01 21:59:20,963 JuliusRTC0 INFO #3: いれいさー つ (0.546)
2015-03-01 21:59:20,969 JuliusRTC0 INFO LISTEN
2015-03-01 21:59:59,420 JuliusRTC0 INFO STARTREC
2015-03-01 21:59:59,753 JuliusRTC0 INFO ENDREC
2015-03-01 21:59:59,784 JuliusRTC0 INFO #1: いれいさー た (0.889)
2015-03-01 21:59:59,784 JuliusRTC0 INFO #2: いれいさー つ (0.5825)
2015-03-01 21:59:59,785 JuliusRTC0 INFO #3: いれいさー おはよう (0.5285)
2015-03-01 21:59:59,785 JuliusRTC0 INFO #4: いれいさー いまなんじ (0.5)
2015-03-01 21:59:59,790 JuliusRTC0 INFO LISTEN
2015-03-01 22:00:02,438 JuliusRTC0 INFO STARTREC
2015-03-01 22:00:02,802 JuliusRTC0 INFO ENDREC
2015-03-01 22:00:02,819 JuliusRTC0 INFO #1: いれいさー つ (0.9265)
2015-03-01 22:00:02,819 JuliusRTC0 INFO #2: いれいさー た (0.5725)
2015-03-01 22:00:02,820 JuliusRTC0 INFO #3: いれいさー おはよう (0.5005)
2015-03-01 22:00:02,829 JuliusRTC0 INFO LISTEN
2015-03-01 22:00:03,355 JuliusRTC0 INFO STARTREC
2015-03-01 22:00:03,773 JuliusRTC0 INFO ENDREC
2015-03-01 22:00:03,787 JuliusRTC0 INFO #1: いれいさー おはよう (0.7985)
2015-03-01 22:00:03,789 JuliusRTC0 INFO LISTEN
2015-03-01 22:01:18,587 JuliusRTC0 INFO STARTREC
2015-03-01 22:01:18,965 JuliusRTC0 INFO ENDREC
2015-03-01 22:01:18,978 JuliusRTC0 INFO #1: いれいさー つ (0.849)
2015-03-01 22:01:18,979 JuliusRTC0 INFO #2: いれいさー た (0.585)
2015-03-01 22:01:18,980 JuliusRTC0 INFO #3: いれいさー いまなんじ (0.529)
2015-03-01 22:01:18,980 JuliusRTC0 INFO #4: いれいさー おはよう (0.508)
2015-03-01 22:01:18,992 JuliusRTC0 INFO LISTEN
2015-03-01 22:02:08,098 JuliusRTC0 INFO STARTREC
2015-03-01 22:02:08,470 JuliusRTC0 INFO ENDREC
2015-03-01 22:02:08,498 JuliusRTC0 INFO #1: いれいさー もどるよ (0.766)
2015-03-01 22:02:08,499 JuliusRTC0 INFO #2: いれいさー いまなんじ (0.567)
2015-03-01 22:02:08,500 JuliusRTC0 INFO #3: いれいさー おはよう (0.5535)
2015-03-01 22:02:08,500 JuliusRTC0 INFO #4: いれいさー た (0.531)
2015-03-01 22:02:08,500 JuliusRTC0 INFO #5: いれいさー つ (0.515)
2015-03-01 22:02:08,508 JuliusRTC0 INFO LISTEN
2015-03-01 22:02:10,134 JuliusRTC0 INFO STARTREC
2015-03-01 22:02:10,502 JuliusRTC0 INFO ENDREC
2015-03-01 22:02:10,518 JuliusRTC0 INFO #1: いれいさー おはよう (0.705)
2015-03-01 22:02:10,519 JuliusRTC0 INFO #2: いれいさー た (0.656)
2015-03-01 22:02:10,523 JuliusRTC0 INFO LISTEN
2015-03-01 22:02:25,520 JuliusRTC0 INFO STARTREC
2015-03-01 22:02:25,723 JuliusRTC0 INFO ENDREC
2015-03-01 22:02:25,748 JuliusRTC0 INFO #1: いれいさー つ (0.81)
2015-03-01 22:02:25,752 JuliusRTC0 INFO #2: いれいさー た (0.687)
2015-03-01 22:02:25,766 JuliusRTC0 INFO LISTEN
2015-03-01 22:03:10,427 JuliusRTC0 INFO STARTREC
2015-03-01 22:03:10,716 JuliusRTC0 INFO ENDREC
2015-03-01 22:03:10,730 JuliusRTC0 INFO #1: いれいさー つ (0.9655)
2015-03-01 22:03:10,730 JuliusRTC0 INFO #2: いれいさー た (0.5335)
2015-03-01 22:03:10,745 JuliusRTC0 INFO LISTEN
2015-03-01 22:03:19,682 JuliusRTC0 INFO STARTREC
2015-03-01 22:03:19,992 JuliusRTC0 INFO ENDREC
2015-03-01 22:03:20,002 JuliusRTC0 INFO #1: いれいさー つ (0.9795)
2015-03-01 22:03:20,002 JuliusRTC0 INFO #2: いれいさー こんにちは (0.5075)
2015-03-01 22:03:20,007 JuliusRTC0 INFO LISTEN
2015-03-01 22:04:07,872 JuliusRTC0 INFO STARTREC
2015-03-01 22:04:08,227 JuliusRTC0 INFO ENDREC
2015-03-01 22:04:08,248 JuliusRTC0 INFO #1: いれいさー つ (0.8775)
2015-03-01 22:04:08,249 JuliusRTC0 INFO #2: いれいさー た (0.6055)
2015-03-01 22:04:08,250 JuliusRTC0 INFO #3: いれいさー いまなんじ (0.506)
2015-03-01 22:04:08,258 JuliusRTC0 INFO LISTEN
2015-03-01 22:05:56,854 JuliusRTC0 INFO STARTREC
2015-03-01 22:05:57,529 JuliusRTC0 INFO ENDREC
2015-03-01 22:05:57,537 JuliusRTC0 INFO #1: いれいさー おはよう (0.6585)
2015-03-01 22:05:57,539 JuliusRTC0 INFO #2: いれいさー つ (0.7635)
2015-03-01 22:05:57,541 JuliusRTC0 INFO #3: いれいさー いまなんじ (0.5335)
2015-03-01 22:05:57,548 JuliusRTC0 INFO LISTEN
2015-03-01 22:07:03,743 JuliusRTC0 INFO STARTREC
2015-03-01 22:07:04,134 JuliusRTC0 INFO ENDREC
2015-03-01 22:07:04,149 JuliusRTC0 INFO #1: いれいさー た (0.8915)
2015-03-01 22:07:04,150 JuliusRTC0 INFO #2: いれいさー つ (0.6025)
2015-03-01 22:07:04,150 JuliusRTC0 INFO #3: いれいさー こんにちは (0.505)
2015-03-01 22:07:04,155 JuliusRTC0 INFO LISTEN
2015-03-01 22:07:24,379 JuliusRTC0 INFO STARTREC
2015-03-01 22:07:24,666 JuliusRTC0 INFO ENDREC
2015-03-01 22:07:24,686 JuliusRTC0 INFO #1: いれいさー た (0.8235)
2015-03-01 22:07:24,687 JuliusRTC0 INFO #2: いれいさー つ (0.676)
2015-03-01 22:07:24,692 JuliusRTC0 INFO LISTEN
2015-03-01 22:08:23,257 JuliusRTC0 INFO STARTREC
2015-03-01 22:08:23,612 JuliusRTC0 INFO ENDREC
2015-03-01 22:08:23,626 JuliusRTC0 INFO #1: いれいさー いまなんじ (0.615)
2015-03-01 22:08:23,626 JuliusRTC0 INFO #2: いれいさー つ (0.5955)
2015-03-01 22:08:23,626 JuliusRTC0 INFO #3: いれいさー た (0.668)
2015-03-01 22:08:23,627 JuliusRTC0 INFO #4: いれいさー もどるよ (0.5055)
2015-03-01 22:08:23,632 JuliusRTC0 INFO LISTEN
2015-03-01 22:08:33,159 JuliusRTC0 INFO STARTREC
2015-03-01 22:08:33,737 JuliusRTC0 INFO ENDREC
2015-03-01 22:08:33,759 JuliusRTC0 INFO #1: いれいさー おはよう (0.885)
2015-03-01 22:08:33,760 JuliusRTC0 INFO #2: いれいさー た (0.601)
2015-03-01 22:08:33,761 JuliusRTC0 INFO #3: いれいさー つ (0.511)
2015-03-01 22:08:33,763 JuliusRTC0 INFO #4: いれいさー いまなんじ (0.501)
2015-03-01 22:08:33,763 JuliusRTC0 INFO #5: いれいさー もどるよ (0.5005)
2015-03-01 22:08:33,769 JuliusRTC0 INFO LISTEN
2015-03-01 22:09:07,616 JuliusRTC0 INFO STARTREC
2015-03-01 22:09:07,999 JuliusRTC0 INFO ENDREC
2015-03-01 22:09:08,014 JuliusRTC0 INFO #1: いれいさー つ (0.771)
2015-03-01 22:09:08,015 JuliusRTC0 INFO #2: いれいさー た (0.7285)
2015-03-01 22:09:08,019 JuliusRTC0 INFO LISTEN
2015-03-01 22:09:17,377 JuliusRTC0 INFO STARTREC
2015-03-01 22:09:17,988 JuliusRTC0 INFO ENDREC
2015-03-01 22:09:18,011 JuliusRTC0 INFO #1: いれいさー た (0.9135)
2015-03-01 22:09:18,013 JuliusRTC0 INFO #2: いれいさー おはよう (0.557)
2015-03-01 22:09:18,014 JuliusRTC0 INFO #3: いれいさー いまなんじ (0.509)
2015-03-01 22:09:18,014 JuliusRTC0 INFO #4: いれいさー つ (0.507)
2015-03-01 22:09:18,014 JuliusRTC0 INFO #5: いれいさー さようなら (0.504)
2015-03-01 22:09:18,021 JuliusRTC0 INFO LISTEN
2015-03-01 22:10:39,065 JuliusRTC0 INFO STARTREC
2015-03-01 22:10:39,419 JuliusRTC0 INFO ENDREC
2015-03-01 22:10:39,433 JuliusRTC0 INFO #1: いれいさー た (0.877)
2015-03-01 22:10:39,434 JuliusRTC0 INFO #2: いれいさー つ (0.5575)
2015-03-01 22:10:39,435 JuliusRTC0 INFO #3: いれいさー いまなんじ (0.53)
2015-03-01 22:10:39,435 JuliusRTC0 INFO #4: いれいさー おはよう (0.505)
2015-03-01 22:10:39,436 JuliusRTC0 INFO #5: いれいさー もどるよ (0.5005)
2015-03-01 22:10:39,445 JuliusRTC0 INFO LISTEN
2015-03-01 22:12:08,411 JuliusRTC0 INFO STARTREC
2015-03-01 22:12:08,760 JuliusRTC0 INFO ENDREC
2015-03-01 22:12:08,779 JuliusRTC0 INFO #1: いれいさー た (0.921)
2015-03-01 22:12:08,790 JuliusRTC0 INFO LISTEN
2015-03-01 22:14:47,661 JuliusRTC0 INFO STARTREC
2015-03-01 22:14:48,074 JuliusRTC0 INFO ENDREC
2015-03-01 22:14:48,091 JuliusRTC0 INFO #1: いれいさー つ (0.999)
2015-03-01 22:14:48,091 JuliusRTC0 INFO #2: いれいさー た (0.5005)
2015-03-01 22:14:48,107 JuliusRTC0 INFO LISTEN
2015-03-01 22:15:57,161 JuliusRTC0 INFO STARTREC
2015-03-01 22:15:57,512 JuliusRTC0 INFO ENDREC
2015-03-01 22:15:57,528 JuliusRTC0 INFO #1: いれいさー た (0.8355)
2015-03-01 22:15:57,529 JuliusRTC0 INFO #2: いれいさー おはよう (0.509)
2015-03-01 22:15:57,529 JuliusRTC0 INFO #3: いれいさー つ (0.655)
2015-03-01 22:15:57,533 JuliusRTC0 INFO LISTEN
2015-03-01 22:28:43,623 manager.namingmanager INFO Name server: localhost (corba) disappeared.
