2015-02-11 13:56:47,667 manager INFO 1.1.0
2015-02-11 13:56:47,667 manager INFO Copyright (C) 2003-2010
2015-02-11 13:56:47,667 manager INFO   Noriaki Ando
2015-02-11 13:56:47,667 manager INFO   Intelligent Systems Research Institute, AIST
2015-02-11 13:56:47,667 manager INFO Manager starting.
2015-02-11 13:56:47,667 manager INFO Starting local logging.
2015-02-11 13:56:47,670 manager.namingmanager INFO NameServer connection succeeded: corba/localhost
2015-02-11 13:56:47,675 ManagerServant INFO Master manager not found
2015-02-11 13:56:47,676 manager WARNING Traceback (most recent call last):
  File "/usr/lib/python2.7/dist-packages/OpenRTM_aist/Manager.py", line 1900, in initManagerServant
    reffile = file(self._config.getProperty("manager.refstring_path"),'w')
IOError: [Errno 13] Permission denied: '/var/log/rtcmanager.ref'

2015-02-11 13:56:47,676 LocalServiceAdmin INFO All the local services are enabled.
2015-02-11 13:56:47,690 ec_base INFO setRate(1000000.000000) done
2015-02-11 13:56:47,690 ec_base INFO setRate(1.000000) done
2015-02-11 13:56:47,690 rtobject INFO 1 execution context was created.
2015-02-11 13:56:47,691 SEAT0 INFO SEAT (Speech Event Action Transfer) version 2.00
2015-02-11 13:56:47,691 SEAT0 INFO Copyright (C) 2009-2010 Yosuke Matsusaka and Isao Hara
2015-02-11 13:56:47,691 rtobject INFO Initial active configuration set is default.
2015-02-11 13:56:47,692 SEAT0 INFO load script file: sample.seatml
2015-02-11 13:56:47,693 SEAT0 INFO create inport: speechin
2015-02-11 13:56:47,695 SEAT0 INFO create outport: speechout
2015-02-11 13:56:47,697 SEAT0 INFO register OPEN:default:こんにちは
2015-02-11 13:56:47,697 SEAT0 INFO register OPEN:default:さようなら
2015-02-11 13:56:47,697 SEAT0 INFO register OPEN:default:つ
2015-02-11 13:56:47,698 SEAT0 INFO register OPEN:default:た
2015-02-11 13:56:47,698 SEAT0 INFO register END:default:おはよう
2015-02-11 13:56:47,698 SEAT0 INFO current state OPEN
2015-02-11 13:56:47,698 SEAT0 INFO loaded successfully
2015-02-11 13:56:50,144 ec_worker ERROR State of the RTC is not ACTIVE_STATE.
2015-02-11 13:56:51,147 ec_worker WARNING ExecutionContext is already stopped.
2015-02-11 13:56:51,147 ec_base ERROR Invoking on_shutdown() for each RTC failed.
