2015-02-13 20:54:48,275 manager INFO 1.1.0
2015-02-13 20:54:48,276 manager INFO Copyright (C) 2003-2010
2015-02-13 20:54:48,276 manager INFO   Noriaki Ando
2015-02-13 20:54:48,276 manager INFO   Intelligent Systems Research Institute, AIST
2015-02-13 20:54:48,276 manager INFO Manager starting.
2015-02-13 20:54:48,276 manager INFO Starting local logging.
2015-02-13 20:54:48,279 manager.namingmanager INFO NameServer connection succeeded: corba/localhost
2015-02-13 20:54:48,283 ManagerServant INFO Master manager not found
2015-02-13 20:54:48,284 manager WARNING Traceback (most recent call last):
  File "/usr/lib/python2.7/dist-packages/OpenRTM_aist/Manager.py", line 1900, in initManagerServant
    reffile = file(self._config.getProperty("manager.refstring_path"),'w')
IOError: [Errno 13] Permission denied: '/var/log/rtcmanager.ref'

2015-02-13 20:54:48,284 LocalServiceAdmin INFO All the local services are enabled.
2015-02-13 20:54:48,313 ec_base INFO setRate(1000000.000000) done
2015-02-13 20:54:48,313 ec_base INFO setRate(1.000000) done
2015-02-13 20:54:48,313 rtobject INFO 1 execution context was created.
2015-02-13 20:54:48,314 JuliusRTC0 INFO JuliusRTC version 2.00
2015-02-13 20:54:48,314 JuliusRTC0 INFO Copyright (C) 2010-2011 Yosuke Matsusaka
2015-02-13 20:54:48,334 JuliusRTC0 INFO This component depends on following softwares and datas:
2015-02-13 20:54:48,334 JuliusRTC0 INFO 
2015-02-13 20:54:48,334 JuliusRTC0 INFO   Large Vocabulary Continuous Speech Recognition Engine Julius
2015-02-13 20:54:48,334 JuliusRTC0 INFO   (http://julius.sourceforge.jp/)
2015-02-13 20:54:48,334 JuliusRTC0 INFO   Copyright (c) 1997-2000 Information-technology Promotion Agency, Japan
2015-02-13 20:54:48,334 JuliusRTC0 INFO   Copyright (c) 1991-2008 Kawahara Lab., Kyoto University
2015-02-13 20:54:48,334 JuliusRTC0 INFO   Copyright (c) 2000-2005 Shikano Lab., Nara Institute of Science and Technology
2015-02-13 20:54:48,335 JuliusRTC0 INFO   Copyright (c) 2005-2008 Julius project team, Nagoya Institute of Technology
2015-02-13 20:54:48,337 JuliusRTC0 INFO 
2015-02-13 20:54:48,337 JuliusRTC0 INFO   VoxForge English Acoustic Model for HTK/Juilus
2015-02-13 20:54:48,337 JuliusRTC0 INFO   (http://www.voxforge.org/)
2015-02-13 20:54:48,338 JuliusRTC0 INFO   Copyright (c) 2005-2009 Ken MacLean <contact@voxforge.org>
2015-02-13 20:54:48,338 JuliusRTC0 INFO   Copyright (c) 2005-2009 Free Software Foundation
2015-02-13 20:54:48,338 JuliusRTC0 INFO 
2015-02-13 20:54:48,338 rtobject INFO Initial active configuration set is default.
2015-02-13 20:54:58,573 SdoServiceAdmin WARNING No available SDO service in the factory: 
2015-02-13 20:54:58,573 SdoServiceAdmin ERROR type  already exists.
2015-02-13 20:54:58,656 SdoServiceAdmin WARNING No available SDO service in the factory: IDL:OpenRTM/ComponentObserver:1.0
2015-02-13 20:54:58,656 SdoServiceAdmin ERROR type a62755b6-56a0-4b37-a8f6-cf4983bfd7da already exists.
2015-02-13 20:55:19,165 ec_base WARNING The component is not responding.
2015-02-13 20:55:19,165 ec_base ERROR Unknown error: Invalid state transition.
2015-02-13 20:55:20,179 JuliusRTC0 INFO LISTEN
2015-02-13 20:55:20,293 JuliusRTC0 INFO register grammar: command2
2015-02-13 20:55:20,333 JuliusRTC0 INFO LISTEN
2015-02-13 20:55:20,408 JuliusRTC0 INFO register grammar: command
2015-02-13 20:55:20,449 JuliusRTC0 INFO LISTEN
2015-02-13 20:55:20,511 JuliusRTC0 INFO LISTEN
2015-02-13 20:55:20,613 JuliusRTC0 INFO LISTEN
2015-02-13 20:55:40,750 ec_base ERROR The component is not responding.
2015-02-13 20:55:41,755 ec_worker WARNING ExecutionContext is already stopped.
2015-02-13 20:55:41,755 ec_base ERROR Invoking on_shutdown() for each RTC failed.
