2015-02-09 21:57:30,702 manager INFO 1.1.0
2015-02-09 21:57:30,702 manager INFO Copyright (C) 2003-2010
2015-02-09 21:57:30,702 manager INFO   Noriaki Ando
2015-02-09 21:57:30,702 manager INFO   Intelligent Systems Research Institute, AIST
2015-02-09 21:57:30,702 manager INFO Manager starting.
2015-02-09 21:57:30,702 manager INFO Starting local logging.
2015-02-09 21:57:30,706 manager.namingmanager INFO NameServer connection succeeded: corba/localhost
2015-02-09 21:57:30,709 ManagerServant INFO Master manager not found
2015-02-09 21:57:30,709 manager WARNING Traceback (most recent call last):
  File "/usr/lib/python2.7/dist-packages/OpenRTM_aist/Manager.py", line 1900, in initManagerServant
    reffile = file(self._config.getProperty("manager.refstring_path"),'w')
IOError: [Errno 13] Permission denied: '/var/log/rtcmanager.ref'

2015-02-09 21:57:30,710 LocalServiceAdmin INFO All the local services are enabled.
2015-02-09 21:57:30,718 ec_base INFO setRate(1000000.000000) done
2015-02-09 21:57:30,718 ec_base INFO setRate(1.000000) done
2015-02-09 21:57:30,719 rtobject INFO 1 execution context was created.
2015-02-09 21:57:30,719 JuliusRTC0 INFO JuliusRTC version 2.00
2015-02-09 21:57:30,719 JuliusRTC0 INFO Copyright (C) 2010-2011 Yosuke Matsusaka
2015-02-09 21:57:30,730 JuliusRTC0 INFO This component depends on following softwares and datas:
2015-02-09 21:57:30,730 JuliusRTC0 INFO 
2015-02-09 21:57:30,730 JuliusRTC0 INFO   Large Vocabulary Continuous Speech Recognition Engine Julius
2015-02-09 21:57:30,730 JuliusRTC0 INFO   (http://julius.sourceforge.jp/)
2015-02-09 21:57:30,730 JuliusRTC0 INFO   Copyright (c) 1997-2000 Information-technology Promotion Agency, Japan
2015-02-09 21:57:30,730 JuliusRTC0 INFO   Copyright (c) 1991-2008 Kawahara Lab., Kyoto University
2015-02-09 21:57:30,730 JuliusRTC0 INFO   Copyright (c) 2000-2005 Shikano Lab., Nara Institute of Science and Technology
2015-02-09 21:57:30,730 JuliusRTC0 INFO   Copyright (c) 2005-2008 Julius project team, Nagoya Institute of Technology
2015-02-09 21:57:30,730 JuliusRTC0 INFO 
2015-02-09 21:57:30,730 JuliusRTC0 INFO   VoxForge English Acoustic Model for HTK/Juilus
2015-02-09 21:57:30,730 JuliusRTC0 INFO   (http://www.voxforge.org/)
2015-02-09 21:57:30,730 JuliusRTC0 INFO   Copyright (c) 2005-2009 Ken MacLean <contact@voxforge.org>
2015-02-09 21:57:30,730 JuliusRTC0 INFO   Copyright (c) 2005-2009 Free Software Foundation
2015-02-09 21:57:30,730 JuliusRTC0 INFO 
2015-02-09 21:57:30,730 rtobject INFO Initial active configuration set is default.
2015-02-09 21:57:41,311 ec_base WARNING The component is not responding.
2015-02-09 21:57:41,311 ec_base ERROR Unknown error: Invalid state transition.
2015-02-09 21:57:43,325 JuliusRTC0 INFO LISTEN
2015-02-09 21:57:43,443 JuliusRTC0 INFO register grammar: command
2015-02-09 21:57:43,487 JuliusRTC0 INFO LISTEN
2015-02-09 21:57:43,548 JuliusRTC0 INFO ENDREC
2015-02-09 21:57:43,548 JuliusRTC0 INFO LISTEN
2015-02-09 21:57:59,883 JuliusRTC0 INFO STARTREC
2015-02-09 21:58:00,690 JuliusRTC0 INFO ENDREC
2015-02-09 21:58:00,698 JuliusRTC0 INFO #1: こんにちは (1.0)
2015-02-09 21:58:00,895 JuliusRTC0 INFO LISTEN
2015-02-09 21:58:03,967 JuliusRTC0 INFO STARTREC
2015-02-09 21:58:04,830 JuliusRTC0 INFO ENDREC
2015-02-09 21:58:04,838 JuliusRTC0 INFO #1: さようなら (1.0)
2015-02-09 21:58:04,980 JuliusRTC0 INFO LISTEN
2015-02-09 21:58:09,071 JuliusRTC0 INFO STARTREC
2015-02-09 21:58:09,636 JuliusRTC0 INFO ENDREC
2015-02-09 21:58:09,645 JuliusRTC0 INFO #1: こんにちは (0.992)
2015-02-09 21:58:09,645 JuliusRTC0 INFO #2: さようなら (0.008)
2015-02-09 21:58:09,648 JuliusRTC0 INFO LISTEN
2015-02-09 21:58:17,200 SdoServiceAdmin WARNING No available SDO service in the factory: 
2015-02-09 21:58:17,200 SdoServiceAdmin ERROR type  already exists.
2015-02-09 21:58:17,201 SdoServiceAdmin WARNING No available SDO service in the factory: IDL:OpenRTM/ComponentObserver:1.0
2015-02-09 21:58:17,201 SdoServiceAdmin ERROR type 17f9741f-3fb5-4eb6-9fa5-ade3454f3d3a already exists.
2015-02-09 21:58:30,865 ec_base ERROR The component is not responding.
2015-02-09 21:58:44,160 ec_worker ERROR State of the RTC is not ACTIVE_STATE.
2015-02-09 21:58:44,161 ec_worker WARNING ExecutionContext is already stopped.
2015-02-09 21:58:44,161 ec_base ERROR Invoking on_shutdown() for each RTC failed.
2015-02-09 21:58:44,169 ec_worker WARNING ExecutionContext is already stopped.
2015-02-09 21:58:44,169 ec_base ERROR Invoking on_shutdown() for each RTC failed.
