2015-02-09 21:59:23,777 manager INFO 1.1.0
2015-02-09 21:59:23,777 manager INFO Copyright (C) 2003-2010
2015-02-09 21:59:23,777 manager INFO   Noriaki Ando
2015-02-09 21:59:23,777 manager INFO   Intelligent Systems Research Institute, AIST
2015-02-09 21:59:23,777 manager INFO Manager starting.
2015-02-09 21:59:23,778 manager INFO Starting local logging.
2015-02-09 21:59:23,780 manager.namingmanager INFO NameServer connection succeeded: corba/localhost
2015-02-09 21:59:23,784 ManagerServant INFO Master manager not found
2015-02-09 21:59:23,784 manager WARNING Traceback (most recent call last):
  File "/usr/lib/python2.7/dist-packages/OpenRTM_aist/Manager.py", line 1900, in initManagerServant
    reffile = file(self._config.getProperty("manager.refstring_path"),'w')
IOError: [Errno 13] Permission denied: '/var/log/rtcmanager.ref'

2015-02-09 21:59:23,784 LocalServiceAdmin INFO All the local services are enabled.
2015-02-09 21:59:23,795 ec_base INFO setRate(1000000.000000) done
2015-02-09 21:59:23,795 ec_base INFO setRate(1.000000) done
2015-02-09 21:59:23,796 rtobject INFO 1 execution context was created.
2015-02-09 21:59:23,796 JuliusRTC0 INFO JuliusRTC version 2.00
2015-02-09 21:59:23,796 JuliusRTC0 INFO Copyright (C) 2010-2011 Yosuke Matsusaka
2015-02-09 21:59:23,806 JuliusRTC0 INFO This component depends on following softwares and datas:
2015-02-09 21:59:23,806 JuliusRTC0 INFO 
2015-02-09 21:59:23,807 JuliusRTC0 INFO   Large Vocabulary Continuous Speech Recognition Engine Julius
2015-02-09 21:59:23,807 JuliusRTC0 INFO   (http://julius.sourceforge.jp/)
2015-02-09 21:59:23,807 JuliusRTC0 INFO   Copyright (c) 1997-2000 Information-technology Promotion Agency, Japan
2015-02-09 21:59:23,807 JuliusRTC0 INFO   Copyright (c) 1991-2008 Kawahara Lab., Kyoto University
2015-02-09 21:59:23,807 JuliusRTC0 INFO   Copyright (c) 2000-2005 Shikano Lab., Nara Institute of Science and Technology
2015-02-09 21:59:23,807 JuliusRTC0 INFO   Copyright (c) 2005-2008 Julius project team, Nagoya Institute of Technology
2015-02-09 21:59:23,807 JuliusRTC0 INFO 
2015-02-09 21:59:23,807 JuliusRTC0 INFO   VoxForge English Acoustic Model for HTK/Juilus
2015-02-09 21:59:23,807 JuliusRTC0 INFO   (http://www.voxforge.org/)
2015-02-09 21:59:23,807 JuliusRTC0 INFO   Copyright (c) 2005-2009 Ken MacLean <contact@voxforge.org>
2015-02-09 21:59:23,807 JuliusRTC0 INFO   Copyright (c) 2005-2009 Free Software Foundation
2015-02-09 21:59:23,807 JuliusRTC0 INFO 
2015-02-09 21:59:23,807 rtobject INFO Initial active configuration set is default.
2015-02-09 21:59:34,320 ec_base WARNING The component is not responding.
2015-02-09 21:59:34,320 ec_base ERROR Unknown error: Invalid state transition.
2015-02-09 21:59:35,333 JuliusRTC0 INFO LISTEN
2015-02-09 21:59:35,438 JuliusRTC0 INFO register grammar: command
2015-02-09 21:59:35,478 JuliusRTC0 INFO LISTEN
2015-02-09 21:59:35,539 JuliusRTC0 INFO LISTEN
2015-02-09 21:59:43,345 SdoServiceAdmin WARNING No available SDO service in the factory: 
2015-02-09 21:59:43,345 SdoServiceAdmin ERROR type  already exists.
2015-02-09 21:59:43,347 SdoServiceAdmin WARNING No available SDO service in the factory: IDL:OpenRTM/ComponentObserver:1.0
2015-02-09 21:59:43,348 SdoServiceAdmin ERROR type ce3215c4-a2e1-4ea3-9638-5784cabc15d5 already exists.
2015-02-09 22:00:04,652 JuliusRTC0 INFO STARTREC
2015-02-09 22:00:05,445 JuliusRTC0 INFO ENDREC
2015-02-09 22:00:05,454 JuliusRTC0 INFO #1: こんにちは (1.0)
2015-02-09 22:00:05,614 JuliusRTC0 INFO LISTEN
2015-02-09 22:00:07,564 JuliusRTC0 INFO STARTREC
2015-02-09 22:00:08,416 JuliusRTC0 INFO ENDREC
2015-02-09 22:00:08,424 JuliusRTC0 INFO #1: こんにちは (1.0)
2015-02-09 22:00:08,429 JuliusRTC0 INFO LISTEN
2015-02-09 22:00:10,403 JuliusRTC0 INFO STARTREC
2015-02-09 22:00:11,240 JuliusRTC0 INFO ENDREC
2015-02-09 22:00:11,244 JuliusRTC0 INFO #1: こんにちは (1.0)
2015-02-09 22:00:11,247 JuliusRTC0 INFO LISTEN
2015-02-09 22:00:13,213 JuliusRTC0 INFO STARTREC
2015-02-09 22:00:14,049 JuliusRTC0 INFO ENDREC
2015-02-09 22:00:14,061 JuliusRTC0 INFO #1: こんにちは (1.0)
2015-02-09 22:00:14,064 JuliusRTC0 INFO LISTEN
2015-02-09 22:00:14,539 JuliusRTC0 INFO STARTREC
2015-02-09 22:00:15,297 JuliusRTC0 INFO ENDREC
2015-02-09 22:00:15,303 JuliusRTC0 INFO #1: さようなら (1.0)
2015-02-09 22:00:15,456 JuliusRTC0 INFO LISTEN
2015-02-09 22:00:16,013 JuliusRTC0 INFO STARTREC
2015-02-09 22:00:16,843 JuliusRTC0 INFO ENDREC
2015-02-09 22:00:16,850 JuliusRTC0 INFO #1: こんにちは (1.0)
2015-02-09 22:00:16,853 JuliusRTC0 INFO LISTEN
2015-02-09 22:00:17,624 JuliusRTC0 INFO STARTREC
2015-02-09 22:00:18,284 JuliusRTC0 INFO ENDREC
2015-02-09 22:00:18,290 JuliusRTC0 INFO #1: こんにちは (0.742)
2015-02-09 22:00:18,290 JuliusRTC0 INFO #2: さようなら (0.258)
2015-02-09 22:00:18,295 JuliusRTC0 INFO LISTEN
2015-02-09 22:00:19,064 JuliusRTC0 INFO STARTREC
2015-02-09 22:00:19,904 JuliusRTC0 INFO ENDREC
2015-02-09 22:00:19,911 JuliusRTC0 INFO #1: こんにちは (1.0)
2015-02-09 22:00:19,916 JuliusRTC0 INFO LISTEN
2015-02-09 22:00:20,662 JuliusRTC0 INFO STARTREC
2015-02-09 22:00:22,127 JuliusRTC0 INFO ENDREC
2015-02-09 22:00:22,137 JuliusRTC0 INFO #1: さようなら (0.994)
2015-02-09 22:00:22,137 JuliusRTC0 INFO #2: こんにちは (0.006)
2015-02-09 22:00:22,144 JuliusRTC0 INFO LISTEN
2015-02-09 22:00:22,272 JuliusRTC0 INFO STARTREC
2015-02-09 22:00:24,041 JuliusRTC0 INFO ENDREC
2015-02-09 22:00:24,056 JuliusRTC0 INFO #1: こんにちは (1.0)
2015-02-09 22:00:24,060 JuliusRTC0 INFO LISTEN
2015-02-09 22:00:24,107 JuliusRTC0 INFO STARTREC
2015-02-09 22:00:24,766 JuliusRTC0 INFO ENDREC
2015-02-09 22:00:24,777 JuliusRTC0 INFO #1: こんにちは (0.9)
2015-02-09 22:00:24,777 JuliusRTC0 INFO #2: さようなら (0.1)
2015-02-09 22:00:24,784 JuliusRTC0 INFO LISTEN
2015-02-09 22:00:26,010 JuliusRTC0 INFO STARTREC
2015-02-09 22:00:26,851 JuliusRTC0 INFO ENDREC
2015-02-09 22:00:26,856 JuliusRTC0 INFO #1: こんにちは (1.0)
2015-02-09 22:00:26,859 JuliusRTC0 INFO LISTEN
2015-02-09 22:00:27,627 JuliusRTC0 INFO STARTREC
2015-02-09 22:00:28,824 JuliusRTC0 INFO ENDREC
2015-02-09 22:00:28,828 JuliusRTC0 INFO #1: こんにちは (1.0)
2015-02-09 22:00:28,831 JuliusRTC0 INFO LISTEN
2015-02-09 22:00:28,934 JuliusRTC0 INFO STARTREC
2015-02-09 22:00:30,074 JuliusRTC0 INFO ENDREC
2015-02-09 22:00:30,084 JuliusRTC0 INFO #1: こんにちは (0.976)
2015-02-09 22:00:30,085 JuliusRTC0 INFO #2: さようなら (0.024)
2015-02-09 22:00:30,088 JuliusRTC0 INFO LISTEN
2015-02-09 22:00:30,822 JuliusRTC0 INFO STARTREC
2015-02-09 22:00:31,676 JuliusRTC0 INFO ENDREC
2015-02-09 22:00:31,682 JuliusRTC0 INFO #1: こんにちは (1.0)
2015-02-09 22:00:31,685 JuliusRTC0 INFO LISTEN
2015-02-09 22:00:32,434 JuliusRTC0 INFO STARTREC
2015-02-09 22:00:33,283 JuliusRTC0 INFO ENDREC
2015-02-09 22:00:33,291 JuliusRTC0 INFO #1: こんにちは (1.0)
2015-02-09 22:00:33,294 JuliusRTC0 INFO LISTEN
2015-02-09 22:00:34,036 JuliusRTC0 INFO STARTREC
2015-02-09 22:00:34,892 JuliusRTC0 INFO ENDREC
2015-02-09 22:00:34,901 JuliusRTC0 INFO #1: こんにちは (1.0)
2015-02-09 22:00:34,906 JuliusRTC0 INFO LISTEN
2015-02-09 22:00:34,982 JuliusRTC0 INFO STARTREC
2015-02-09 22:00:36,490 JuliusRTC0 INFO ENDREC
2015-02-09 22:00:36,498 JuliusRTC0 INFO #1: こんにちは (1.0)
2015-02-09 22:00:36,504 JuliusRTC0 INFO LISTEN
2015-02-09 22:00:37,243 JuliusRTC0 INFO STARTREC
2015-02-09 22:00:38,092 JuliusRTC0 INFO ENDREC
2015-02-09 22:00:38,097 JuliusRTC0 INFO #1: こんにちは (1.0)
2015-02-09 22:00:38,101 JuliusRTC0 INFO LISTEN
2015-02-09 22:00:38,861 JuliusRTC0 INFO STARTREC
2015-02-09 22:00:39,691 JuliusRTC0 INFO ENDREC
2015-02-09 22:00:39,698 JuliusRTC0 INFO #1: こんにちは (1.0)
2015-02-09 22:00:39,701 JuliusRTC0 INFO LISTEN
2015-02-09 22:00:40,463 JuliusRTC0 INFO STARTREC
2015-02-09 22:00:41,304 JuliusRTC0 INFO ENDREC
2015-02-09 22:00:41,308 JuliusRTC0 INFO #1: こんにちは (1.0)
2015-02-09 22:00:41,311 JuliusRTC0 INFO LISTEN
2015-02-09 22:00:42,062 JuliusRTC0 INFO STARTREC
2015-02-09 22:00:43,276 ec_base ERROR The component is not responding.
2015-02-09 22:02:45,609 ec_worker ERROR State of the RTC is not ACTIVE_STATE.
2015-02-09 22:02:46,621 ec_worker WARNING ExecutionContext is already stopped.
2015-02-09 22:02:46,621 ec_base ERROR Invoking on_shutdown() for each RTC failed.
