2015-02-09 22:03:00,041 manager INFO 1.1.0
2015-02-09 22:03:00,041 manager INFO Copyright (C) 2003-2010
2015-02-09 22:03:00,041 manager INFO   Noriaki Ando
2015-02-09 22:03:00,041 manager INFO   Intelligent Systems Research Institute, AIST
2015-02-09 22:03:00,041 manager INFO Manager starting.
2015-02-09 22:03:00,041 manager INFO Starting local logging.
2015-02-09 22:03:00,043 manager.namingmanager INFO NameServer connection succeeded: corba/localhost
2015-02-09 22:03:00,048 ManagerServant INFO Master manager not found
2015-02-09 22:03:00,048 manager WARNING Traceback (most recent call last):
  File "/usr/lib/python2.7/dist-packages/OpenRTM_aist/Manager.py", line 1900, in initManagerServant
    reffile = file(self._config.getProperty("manager.refstring_path"),'w')
IOError: [Errno 13] Permission denied: '/var/log/rtcmanager.ref'

2015-02-09 22:03:00,048 LocalServiceAdmin INFO All the local services are enabled.
2015-02-09 22:03:00,055 ec_base INFO setRate(1000000.000000) done
2015-02-09 22:03:00,055 ec_base INFO setRate(1000.000000) done
2015-02-09 22:03:00,056 rtobject INFO 1 execution context was created.
2015-02-09 22:03:00,056 OpenJTalkRTC0 INFO OpenJTalkRTC version 2.00
2015-02-09 22:03:00,056 OpenJTalkRTC0 INFO Copyright (C) 2010-2011 Yosuke Matsusaka
2015-02-09 22:03:00,070 OpenJTalkRTC0 INFO This component depends on following softwares and datas:
2015-02-09 22:03:00,070 OpenJTalkRTC0 INFO 
2015-02-09 22:03:00,070 OpenJTalkRTC0 INFO   The Japanese TTS System "Open JTalk"
2015-02-09 22:03:00,071 OpenJTalkRTC0 INFO   Version 1.08 (http://open-jtalk.sourceforge.net/)
2015-02-09 22:03:00,071 OpenJTalkRTC0 INFO   Copyright (C) 2008-2014 Nagoya Institute of Technology
2015-02-09 22:03:00,071 OpenJTalkRTC0 INFO   All rights reserved.
2015-02-09 22:03:00,071 OpenJTalkRTC0 INFO 
2015-02-09 22:03:00,071 OpenJTalkRTC0 INFO   The HMM-Based Speech Synthesis Engine "hts_engine API"
2015-02-09 22:03:00,071 OpenJTalkRTC0 INFO   Version 1.09 (http://hts-engine.sourceforge.net/)
2015-02-09 22:03:00,071 OpenJTalkRTC0 INFO   Copyright (C) 2001-2014 Nagoya Institute of Technology
2015-02-09 22:03:00,071 OpenJTalkRTC0 INFO                 2001-2008 Tokyo Institute of Technology
2015-02-09 22:03:00,071 OpenJTalkRTC0 INFO   All rights reserved.
2015-02-09 22:03:00,071 OpenJTalkRTC0 INFO 
2015-02-09 22:03:00,071 OpenJTalkRTC0 INFO   Yet Another Part-of-Speech and Morphological Analyzer "Mecab"
2015-02-09 22:03:00,071 OpenJTalkRTC0 INFO   Version 0.996 (http://mecab.sourceforge.net/)
2015-02-09 22:03:00,071 OpenJTalkRTC0 INFO   Copyright (C) 2001-2008 Taku Kudo
2015-02-09 22:03:00,071 OpenJTalkRTC0 INFO                 2004-2008 Nippon Telegraph and Telephone Corporation
2015-02-09 22:03:00,071 OpenJTalkRTC0 INFO   All rights reserved.
2015-02-09 22:03:00,071 OpenJTalkRTC0 INFO 
2015-02-09 22:03:00,071 OpenJTalkRTC0 INFO   NAIST Japanese Dictionary
2015-02-09 22:03:00,071 OpenJTalkRTC0 INFO   Version 0.6.1-20090630 (http://naist-jdic.sourceforge.jp/)
2015-02-09 22:03:00,071 OpenJTalkRTC0 INFO   Copyright (C) 2009 Nara Institute of Science and Technology
2015-02-09 22:03:00,071 OpenJTalkRTC0 INFO   All rights reserved.
2015-02-09 22:03:00,072 OpenJTalkRTC0 INFO 
2015-02-09 22:03:00,072 OpenJTalkRTC0 INFO   The Nitech Japanese Speech Database "NIT ATR503 M001"
2015-02-09 22:03:00,072 OpenJTalkRTC0 INFO   released by HTS Working Group (http://hts.sp.nitech.ac.jp/)
2015-02-09 22:03:00,072 OpenJTalkRTC0 INFO   Copyright (C) 2003-2011  Nagoya Institute of Technology
2015-02-09 22:03:00,072 OpenJTalkRTC0 INFO   Some rights reserved.
2015-02-09 22:03:00,072 OpenJTalkRTC0 INFO 
2015-02-09 22:03:00,072 OpenJTalkRTC0 INFO   HTS Voice "Mei (Normal)"
2015-02-09 22:03:00,072 OpenJTalkRTC0 INFO   released by MMDAgent Project Team (http://www.mmdagent.jp/)
2015-02-09 22:03:00,072 OpenJTalkRTC0 INFO   Copyright (C) 2009-2011  Nagoya Institute of Technology
2015-02-09 22:03:00,072 OpenJTalkRTC0 INFO   Some rights reserved.
2015-02-09 22:03:00,072 OpenJTalkRTC0 INFO 
2015-02-09 22:03:00,072 rtobject INFO Initial active configuration set is default.
2015-02-09 22:03:11,864 OpenJTalkRTC0 INFO stream finished
2015-02-09 22:03:26,933 SdoServiceAdmin WARNING No available SDO service in the factory: 
2015-02-09 22:03:26,933 SdoServiceAdmin ERROR type  already exists.
2015-02-09 22:03:26,935 SdoServiceAdmin WARNING No available SDO service in the factory: IDL:OpenRTM/ComponentObserver:1.0
2015-02-09 22:03:26,935 SdoServiceAdmin ERROR type 6b6e9207-6fc5-443c-8275-febbe8d9a285 already exists.
2015-02-09 22:03:32,788 OpenJTalkRTC0 INFO こんにちは 16000 male
2015-02-09 22:03:32,939 OpenJTalkRTC0 INFO stream started
2015-02-09 22:03:33,557 OpenJTalkRTC0 INFO stream finished
2015-02-09 22:03:34,478 OpenJTalkRTC0 INFO バイバイ 16000 male
2015-02-09 22:03:34,626 OpenJTalkRTC0 INFO stream started
2015-02-09 22:03:35,083 OpenJTalkRTC0 INFO stream finished
2015-02-09 22:03:36,045 OpenJTalkRTC0 INFO こんにちは 16000 male
2015-02-09 22:03:36,046 OpenJTalkRTC0 INFO stream started
2015-02-09 22:03:36,667 OpenJTalkRTC0 INFO stream finished
2015-02-09 22:03:37,260 OpenJTalkRTC0 INFO こんにちは 16000 male
2015-02-09 22:03:37,260 OpenJTalkRTC0 INFO stream started
2015-02-09 22:03:37,880 OpenJTalkRTC0 INFO stream finished
2015-02-09 22:03:39,319 OpenJTalkRTC0 INFO こんにちは 16000 male
2015-02-09 22:03:39,320 OpenJTalkRTC0 INFO stream started
2015-02-09 22:03:39,939 OpenJTalkRTC0 INFO stream finished
2015-02-09 22:03:40,763 OpenJTalkRTC0 INFO こんにちは 16000 male
2015-02-09 22:03:40,765 OpenJTalkRTC0 INFO stream started
2015-02-09 22:03:41,386 OpenJTalkRTC0 INFO stream finished
2015-02-09 22:03:42,696 OpenJTalkRTC0 INFO こんにちは 16000 male
2015-02-09 22:03:42,698 OpenJTalkRTC0 INFO stream started
2015-02-09 22:03:43,317 OpenJTalkRTC0 INFO stream finished
2015-02-09 22:03:43,721 OpenJTalkRTC0 INFO こんにちは 16000 male
2015-02-09 22:03:43,721 OpenJTalkRTC0 INFO stream started
2015-02-09 22:03:44,335 OpenJTalkRTC0 INFO stream finished
2015-02-09 22:03:45,494 OpenJTalkRTC0 INFO バイバイ 16000 male
2015-02-09 22:03:45,496 OpenJTalkRTC0 INFO stream started
2015-02-09 22:03:45,949 OpenJTalkRTC0 INFO stream finished
2015-02-09 22:03:47,065 OpenJTalkRTC0 INFO こんにちは 16000 male
2015-02-09 22:03:47,066 OpenJTalkRTC0 INFO stream started
2015-02-09 22:03:47,686 OpenJTalkRTC0 INFO stream finished
2015-02-09 22:03:48,531 OpenJTalkRTC0 INFO バイバイ 16000 male
2015-02-09 22:03:48,532 OpenJTalkRTC0 INFO stream started
2015-02-09 22:03:48,988 OpenJTalkRTC0 INFO stream finished
2015-02-09 22:03:50,350 OpenJTalkRTC0 INFO こんにちは 16000 male
2015-02-09 22:03:50,351 OpenJTalkRTC0 INFO stream started
2015-02-09 22:03:50,971 OpenJTalkRTC0 INFO stream finished
2015-02-09 22:03:51,952 OpenJTalkRTC0 INFO こんにちは 16000 male
2015-02-09 22:03:51,952 OpenJTalkRTC0 INFO stream started
2015-02-09 22:03:52,571 OpenJTalkRTC0 INFO stream finished
2015-02-09 22:03:53,204 OpenJTalkRTC0 INFO こんにちは 16000 male
2015-02-09 22:03:53,205 OpenJTalkRTC0 INFO stream started
2015-02-09 22:03:53,825 OpenJTalkRTC0 INFO stream finished
2015-02-09 22:03:54,826 OpenJTalkRTC0 INFO こんにちは 16000 male
2015-02-09 22:03:54,826 OpenJTalkRTC0 INFO stream started
2015-02-09 22:03:55,447 OpenJTalkRTC0 INFO stream finished
2015-02-09 22:03:56,429 OpenJTalkRTC0 INFO こんにちは 16000 male
2015-02-09 22:03:56,430 OpenJTalkRTC0 INFO stream started
2015-02-09 22:03:57,048 OpenJTalkRTC0 INFO stream finished
2015-02-09 22:03:58,028 OpenJTalkRTC0 INFO こんにちは 16000 male
2015-02-09 22:03:58,028 OpenJTalkRTC0 INFO stream started
2015-02-09 22:03:58,648 OpenJTalkRTC0 INFO stream finished
2015-02-09 22:03:59,636 OpenJTalkRTC0 INFO こんにちは 16000 male
2015-02-09 22:03:59,637 OpenJTalkRTC0 INFO stream started
2015-02-09 22:04:00,257 OpenJTalkRTC0 INFO stream finished
2015-02-09 22:04:01,235 OpenJTalkRTC0 INFO こんにちは 16000 male
2015-02-09 22:04:01,237 OpenJTalkRTC0 INFO stream started
2015-02-09 22:04:01,857 OpenJTalkRTC0 INFO stream finished
2015-02-09 22:04:02,839 OpenJTalkRTC0 INFO こんにちは 16000 male
2015-02-09 22:04:02,841 OpenJTalkRTC0 INFO stream started
2015-02-09 22:04:03,461 OpenJTalkRTC0 INFO stream finished
2015-02-09 22:04:04,443 OpenJTalkRTC0 INFO こんにちは 16000 male
2015-02-09 22:04:04,449 OpenJTalkRTC0 INFO stream started
2015-02-09 22:04:05,063 OpenJTalkRTC0 INFO stream finished
2015-02-09 22:04:06,066 OpenJTalkRTC0 INFO こんにちは 16000 male
2015-02-09 22:04:06,067 OpenJTalkRTC0 INFO stream started
2015-02-09 22:04:06,687 OpenJTalkRTC0 INFO stream finished
2015-02-09 22:04:07,654 OpenJTalkRTC0 INFO こんにちは 16000 male
2015-02-09 22:04:07,655 OpenJTalkRTC0 INFO stream started
2015-02-09 22:04:08,275 OpenJTalkRTC0 INFO stream finished
2015-02-09 22:04:09,264 OpenJTalkRTC0 INFO こんにちは 16000 male
2015-02-09 22:04:09,266 OpenJTalkRTC0 INFO stream started
2015-02-09 22:04:09,886 OpenJTalkRTC0 INFO stream finished
2015-02-09 22:04:10,868 OpenJTalkRTC0 INFO こんにちは 16000 male
2015-02-09 22:04:10,869 OpenJTalkRTC0 INFO stream started
2015-02-09 22:04:11,489 OpenJTalkRTC0 INFO stream finished
2015-02-09 22:04:12,468 OpenJTalkRTC0 INFO こんにちは 16000 male
2015-02-09 22:04:12,469 OpenJTalkRTC0 INFO stream started
2015-02-09 22:04:13,090 OpenJTalkRTC0 INFO stream finished
2015-02-09 22:04:14,071 OpenJTalkRTC0 INFO こんにちは 16000 male
2015-02-09 22:04:14,072 OpenJTalkRTC0 INFO stream started
2015-02-09 22:04:14,693 OpenJTalkRTC0 INFO stream finished
2015-02-09 22:04:15,678 OpenJTalkRTC0 INFO こんにちは 16000 male
2015-02-09 22:04:15,679 OpenJTalkRTC0 INFO stream started
2015-02-09 22:04:16,301 OpenJTalkRTC0 INFO stream finished
2015-02-09 22:04:17,282 OpenJTalkRTC0 INFO こんにちは 16000 male
2015-02-09 22:04:17,284 OpenJTalkRTC0 INFO stream started
2015-02-09 22:04:17,904 OpenJTalkRTC0 INFO stream finished
2015-02-09 22:04:18,899 OpenJTalkRTC0 INFO こんにちは 16000 male
2015-02-09 22:04:18,903 OpenJTalkRTC0 INFO stream started
2015-02-09 22:04:19,520 OpenJTalkRTC0 INFO stream finished
