2015-02-09 22:03:00,026 manager INFO 1.1.0
2015-02-09 22:03:00,026 manager INFO Copyright (C) 2003-2010
2015-02-09 22:03:00,026 manager INFO   Noriaki Ando
2015-02-09 22:03:00,026 manager INFO   Intelligent Systems Research Institute, AIST
2015-02-09 22:03:00,026 manager INFO Manager starting.
2015-02-09 22:03:00,027 manager INFO Starting local logging.
2015-02-09 22:03:00,029 manager.namingmanager INFO NameServer connection succeeded: corba/localhost
2015-02-09 22:03:00,033 ManagerServant INFO Master manager not found
2015-02-09 22:03:00,033 manager WARNING Traceback (most recent call last):
  File "/usr/lib/python2.7/dist-packages/OpenRTM_aist/Manager.py", line 1900, in initManagerServant
    reffile = file(self._config.getProperty("manager.refstring_path"),'w')
IOError: [Errno 13] Permission denied: '/var/log/rtcmanager.ref'

2015-02-09 22:03:00,033 LocalServiceAdmin INFO All the local services are enabled.
2015-02-09 22:03:00,046 ec_base INFO setRate(1000000.000000) done
2015-02-09 22:03:00,047 ec_base INFO setRate(1.000000) done
2015-02-09 22:03:00,047 rtobject INFO 1 execution context was created.
2015-02-09 22:03:00,048 JuliusRTC0 INFO JuliusRTC version 2.00
2015-02-09 22:03:00,048 JuliusRTC0 INFO Copyright (C) 2010-2011 Yosuke Matsusaka
2015-02-09 22:03:00,057 JuliusRTC0 INFO This component depends on following softwares and datas:
2015-02-09 22:03:00,057 JuliusRTC0 INFO 
2015-02-09 22:03:00,057 JuliusRTC0 INFO   Large Vocabulary Continuous Speech Recognition Engine Julius
2015-02-09 22:03:00,057 JuliusRTC0 INFO   (http://julius.sourceforge.jp/)
2015-02-09 22:03:00,057 JuliusRTC0 INFO   Copyright (c) 1997-2000 Information-technology Promotion Agency, Japan
2015-02-09 22:03:00,057 JuliusRTC0 INFO   Copyright (c) 1991-2008 Kawahara Lab., Kyoto University
2015-02-09 22:03:00,057 JuliusRTC0 INFO   Copyright (c) 2000-2005 Shikano Lab., Nara Institute of Science and Technology
2015-02-09 22:03:00,057 JuliusRTC0 INFO   Copyright (c) 2005-2008 Julius project team, Nagoya Institute of Technology
2015-02-09 22:03:00,057 JuliusRTC0 INFO 
2015-02-09 22:03:00,057 JuliusRTC0 INFO   VoxForge English Acoustic Model for HTK/Juilus
2015-02-09 22:03:00,057 JuliusRTC0 INFO   (http://www.voxforge.org/)
2015-02-09 22:03:00,058 JuliusRTC0 INFO   Copyright (c) 2005-2009 Ken MacLean <contact@voxforge.org>
2015-02-09 22:03:00,058 JuliusRTC0 INFO   Copyright (c) 2005-2009 Free Software Foundation
2015-02-09 22:03:00,058 JuliusRTC0 INFO 
2015-02-09 22:03:00,058 rtobject INFO Initial active configuration set is default.
2015-02-09 22:03:10,660 ec_base WARNING The component is not responding.
2015-02-09 22:03:10,661 ec_base ERROR Unknown error: Invalid state transition.
2015-02-09 22:03:11,668 JuliusRTC0 INFO LISTEN
2015-02-09 22:03:11,781 JuliusRTC0 INFO register grammar: command
2015-02-09 22:03:11,821 JuliusRTC0 INFO LISTEN
2015-02-09 22:03:11,893 JuliusRTC0 INFO LISTEN
2015-02-09 22:03:21,757 SdoServiceAdmin WARNING No available SDO service in the factory: 
2015-02-09 22:03:21,757 SdoServiceAdmin ERROR type  already exists.
2015-02-09 22:03:21,759 SdoServiceAdmin WARNING No available SDO service in the factory: IDL:OpenRTM/ComponentObserver:1.0
2015-02-09 22:03:21,759 SdoServiceAdmin ERROR type 1a84efea-ecfd-4e29-9659-d223c8d2c5fd already exists.
2015-02-09 22:03:32,368 JuliusRTC0 INFO STARTREC
2015-02-09 22:03:32,778 JuliusRTC0 INFO ENDREC
2015-02-09 22:03:32,784 JuliusRTC0 INFO #1: こんにちは (0.779)
2015-02-09 22:03:32,785 JuliusRTC0 INFO #2: さようなら (0.221)
2015-02-09 22:03:32,940 JuliusRTC0 INFO LISTEN
2015-02-09 22:03:33,032 JuliusRTC0 INFO STARTREC
2015-02-09 22:03:34,464 JuliusRTC0 INFO ENDREC
2015-02-09 22:03:34,475 JuliusRTC0 INFO #1: さようなら (1.0)
2015-02-09 22:03:34,628 JuliusRTC0 INFO LISTEN
2015-02-09 22:03:34,657 JuliusRTC0 INFO STARTREC
2015-02-09 22:03:36,028 JuliusRTC0 INFO ENDREC
2015-02-09 22:03:36,043 JuliusRTC0 INFO #1: こんにちは (0.652)
2015-02-09 22:03:36,043 JuliusRTC0 INFO #2: さようなら (0.348)
2015-02-09 22:03:36,047 JuliusRTC0 INFO LISTEN
2015-02-09 22:03:36,580 JuliusRTC0 INFO STARTREC
2015-02-09 22:03:37,245 JuliusRTC0 INFO ENDREC
2015-02-09 22:03:37,256 JuliusRTC0 INFO #1: こんにちは (0.992)
2015-02-09 22:03:37,257 JuliusRTC0 INFO #2: さようなら (0.008)
2015-02-09 22:03:37,260 JuliusRTC0 INFO LISTEN
2015-02-09 22:03:38,020 JuliusRTC0 INFO STARTREC
2015-02-09 22:03:39,309 JuliusRTC0 INFO ENDREC
2015-02-09 22:03:39,317 JuliusRTC0 INFO #1: こんにちは (1.0)
2015-02-09 22:03:39,320 JuliusRTC0 INFO LISTEN
2015-02-09 22:03:39,628 JuliusRTC0 INFO STARTREC
2015-02-09 22:03:40,755 JuliusRTC0 INFO ENDREC
2015-02-09 22:03:40,761 JuliusRTC0 INFO #1: こんにちは (1.0)
2015-02-09 22:03:40,764 JuliusRTC0 INFO LISTEN
2015-02-09 22:03:41,269 JuliusRTC0 INFO STARTREC
2015-02-09 22:03:42,687 JuliusRTC0 INFO ENDREC
2015-02-09 22:03:42,695 JuliusRTC0 INFO #1: こんにちは (1.0)
2015-02-09 22:03:42,697 JuliusRTC0 INFO LISTEN
2015-02-09 22:03:42,885 JuliusRTC0 INFO STARTREC
2015-02-09 22:03:43,711 JuliusRTC0 INFO ENDREC
2015-02-09 22:03:43,719 JuliusRTC0 INFO #1: こんにちは (1.0)
2015-02-09 22:03:43,725 JuliusRTC0 INFO LISTEN
2015-02-09 22:03:43,747 JuliusRTC0 INFO STARTREC
2015-02-09 22:03:45,477 JuliusRTC0 INFO ENDREC
2015-02-09 22:03:45,490 JuliusRTC0 INFO #1: さようなら (0.98)
2015-02-09 22:03:45,490 JuliusRTC0 INFO #2: こんにちは (0.02)
2015-02-09 22:03:45,496 JuliusRTC0 INFO LISTEN
2015-02-09 22:03:46,258 JuliusRTC0 INFO STARTREC
2015-02-09 22:03:47,055 JuliusRTC0 INFO ENDREC
2015-02-09 22:03:47,063 JuliusRTC0 INFO #1: こんにちは (1.0)
2015-02-09 22:03:47,066 JuliusRTC0 INFO LISTEN
2015-02-09 22:03:47,867 JuliusRTC0 INFO STARTREC
2015-02-09 22:03:48,519 JuliusRTC0 INFO ENDREC
2015-02-09 22:03:48,529 JuliusRTC0 INFO #1: さようなら (0.607)
2015-02-09 22:03:48,529 JuliusRTC0 INFO #2: こんにちは (0.393)
2015-02-09 22:03:48,532 JuliusRTC0 INFO LISTEN
2015-02-09 22:03:49,296 JuliusRTC0 INFO STARTREC
2015-02-09 22:03:50,339 JuliusRTC0 INFO ENDREC
2015-02-09 22:03:50,346 JuliusRTC0 INFO #1: こんにちは (1.0)
2015-02-09 22:03:50,352 JuliusRTC0 INFO LISTEN
2015-02-09 22:03:50,787 JuliusRTC0 INFO STARTREC
2015-02-09 22:03:51,944 JuliusRTC0 INFO ENDREC
2015-02-09 22:03:51,949 JuliusRTC0 INFO #1: こんにちは (0.955)
2015-02-09 22:03:51,950 JuliusRTC0 INFO #2: さようなら (0.045)
2015-02-09 22:03:51,953 JuliusRTC0 INFO LISTEN
2015-02-09 22:03:52,346 JuliusRTC0 INFO STARTREC
2015-02-09 22:03:53,199 JuliusRTC0 INFO ENDREC
2015-02-09 22:03:53,202 JuliusRTC0 INFO #1: こんにちは (1.0)
2015-02-09 22:03:53,206 JuliusRTC0 INFO LISTEN
2015-02-09 22:03:53,961 JuliusRTC0 INFO STARTREC
2015-02-09 22:03:54,815 JuliusRTC0 INFO ENDREC
2015-02-09 22:03:54,823 JuliusRTC0 INFO #1: こんにちは (1.0)
2015-02-09 22:03:54,827 JuliusRTC0 INFO LISTEN
2015-02-09 22:03:55,435 JuliusRTC0 INFO STARTREC
2015-02-09 22:03:56,419 JuliusRTC0 INFO ENDREC
2015-02-09 22:03:56,427 JuliusRTC0 INFO #1: こんにちは (1.0)
2015-02-09 22:03:56,436 JuliusRTC0 INFO LISTEN
2015-02-09 22:03:57,171 JuliusRTC0 INFO STARTREC
2015-02-09 22:03:58,019 JuliusRTC0 INFO ENDREC
2015-02-09 22:03:58,026 JuliusRTC0 INFO #1: こんにちは (1.0)
2015-02-09 22:03:58,030 JuliusRTC0 INFO LISTEN
2015-02-09 22:03:58,764 JuliusRTC0 INFO STARTREC
2015-02-09 22:03:59,629 JuliusRTC0 INFO ENDREC
2015-02-09 22:03:59,635 JuliusRTC0 INFO #1: こんにちは (1.0)
2015-02-09 22:03:59,637 JuliusRTC0 INFO LISTEN
2015-02-09 22:04:00,384 JuliusRTC0 INFO STARTREC
2015-02-09 22:04:01,224 JuliusRTC0 INFO ENDREC
2015-02-09 22:04:01,233 JuliusRTC0 INFO #1: こんにちは (1.0)
2015-02-09 22:04:01,238 JuliusRTC0 INFO LISTEN
2015-02-09 22:04:01,977 JuliusRTC0 INFO STARTREC
2015-02-09 22:04:02,832 JuliusRTC0 INFO ENDREC
2015-02-09 22:04:02,837 JuliusRTC0 INFO #1: こんにちは (1.0)
2015-02-09 22:04:02,840 JuliusRTC0 INFO LISTEN
2015-02-09 22:04:03,593 JuliusRTC0 INFO STARTREC
2015-02-09 22:04:04,431 JuliusRTC0 INFO ENDREC
2015-02-09 22:04:04,440 JuliusRTC0 INFO #1: こんにちは (1.0)
2015-02-09 22:04:04,453 JuliusRTC0 INFO LISTEN
2015-02-09 22:04:05,193 JuliusRTC0 INFO STARTREC
2015-02-09 22:04:06,052 JuliusRTC0 INFO ENDREC
2015-02-09 22:04:06,063 JuliusRTC0 INFO #1: こんにちは (1.0)
2015-02-09 22:04:06,070 JuliusRTC0 INFO LISTEN
2015-02-09 22:04:06,798 JuliusRTC0 INFO STARTREC
2015-02-09 22:04:07,645 JuliusRTC0 INFO ENDREC
2015-02-09 22:04:07,652 JuliusRTC0 INFO #1: こんにちは (1.0)
2015-02-09 22:04:07,655 JuliusRTC0 INFO LISTEN
2015-02-09 22:04:08,400 JuliusRTC0 INFO STARTREC
2015-02-09 22:04:09,254 JuliusRTC0 INFO ENDREC
2015-02-09 22:04:09,262 JuliusRTC0 INFO #1: こんにちは (1.0)
2015-02-09 22:04:09,266 JuliusRTC0 INFO LISTEN
2015-02-09 22:04:10,017 JuliusRTC0 INFO STARTREC
2015-02-09 22:04:10,858 JuliusRTC0 INFO ENDREC
2015-02-09 22:04:10,866 JuliusRTC0 INFO #1: こんにちは (1.0)
2015-02-09 22:04:10,871 JuliusRTC0 INFO LISTEN
2015-02-09 22:04:11,611 JuliusRTC0 INFO STARTREC
2015-02-09 22:04:12,459 JuliusRTC0 INFO ENDREC
2015-02-09 22:04:12,466 JuliusRTC0 INFO #1: こんにちは (1.0)
2015-02-09 22:04:12,469 JuliusRTC0 INFO LISTEN
2015-02-09 22:04:13,229 JuliusRTC0 INFO STARTREC
2015-02-09 22:04:14,061 JuliusRTC0 INFO ENDREC
2015-02-09 22:04:14,070 JuliusRTC0 INFO #1: こんにちは (1.0)
2015-02-09 22:04:14,072 JuliusRTC0 INFO LISTEN
2015-02-09 22:04:14,827 JuliusRTC0 INFO STARTREC
2015-02-09 22:04:15,669 JuliusRTC0 INFO ENDREC
2015-02-09 22:04:15,676 JuliusRTC0 INFO #1: こんにちは (1.0)
2015-02-09 22:04:15,679 JuliusRTC0 INFO LISTEN
2015-02-09 22:04:16,435 JuliusRTC0 INFO STARTREC
2015-02-09 22:04:17,271 JuliusRTC0 INFO ENDREC
2015-02-09 22:04:17,280 JuliusRTC0 INFO #1: こんにちは (1.0)
2015-02-09 22:04:17,284 JuliusRTC0 INFO LISTEN
2015-02-09 22:04:18,031 JuliusRTC0 INFO STARTREC
2015-02-09 22:04:18,888 JuliusRTC0 INFO ENDREC
2015-02-09 22:04:18,896 JuliusRTC0 INFO #1: こんにちは (1.0)
2015-02-09 22:04:18,905 JuliusRTC0 INFO LISTEN
2015-02-09 22:04:19,651 JuliusRTC0 INFO STARTREC
2015-02-09 22:04:20,978 ec_base ERROR The component is not responding.
