2015-02-09 21:59:23,744 manager INFO 1.1.0
2015-02-09 21:59:23,744 manager INFO Copyright (C) 2003-2010
2015-02-09 21:59:23,744 manager INFO   Noriaki Ando
2015-02-09 21:59:23,744 manager INFO   Intelligent Systems Research Institute, AIST
2015-02-09 21:59:23,744 manager INFO Manager starting.
2015-02-09 21:59:23,744 manager INFO Starting local logging.
2015-02-09 21:59:23,747 manager.namingmanager INFO NameServer connection succeeded: corba/localhost
2015-02-09 21:59:23,754 ManagerServant INFO Master manager not found
2015-02-09 21:59:23,754 manager WARNING Traceback (most recent call last):
  File "/usr/lib/python2.7/dist-packages/OpenRTM_aist/Manager.py", line 1900, in initManagerServant
    reffile = file(self._config.getProperty("manager.refstring_path"),'w')
IOError: [Errno 13] Permission denied: '/var/log/rtcmanager.ref'

2015-02-09 21:59:23,754 LocalServiceAdmin INFO All the local services are enabled.
2015-02-09 21:59:23,760 ec_base INFO setRate(1000000.000000) done
2015-02-09 21:59:23,760 ec_base INFO setRate(1000.000000) done
2015-02-09 21:59:23,761 rtobject INFO 1 execution context was created.
2015-02-09 21:59:23,761 OpenJTalkRTC0 INFO OpenJTalkRTC version 2.00
2015-02-09 21:59:23,761 OpenJTalkRTC0 INFO Copyright (C) 2010-2011 Yosuke Matsusaka
2015-02-09 21:59:23,774 OpenJTalkRTC0 INFO This component depends on following softwares and datas:
2015-02-09 21:59:23,774 OpenJTalkRTC0 INFO 
2015-02-09 21:59:23,775 OpenJTalkRTC0 INFO   The Japanese TTS System "Open JTalk"
2015-02-09 21:59:23,775 OpenJTalkRTC0 INFO   Version 1.08 (http://open-jtalk.sourceforge.net/)
2015-02-09 21:59:23,775 OpenJTalkRTC0 INFO   Copyright (C) 2008-2014 Nagoya Institute of Technology
2015-02-09 21:59:23,775 OpenJTalkRTC0 INFO   All rights reserved.
2015-02-09 21:59:23,775 OpenJTalkRTC0 INFO 
2015-02-09 21:59:23,775 OpenJTalkRTC0 INFO   The HMM-Based Speech Synthesis Engine "hts_engine API"
2015-02-09 21:59:23,775 OpenJTalkRTC0 INFO   Version 1.09 (http://hts-engine.sourceforge.net/)
2015-02-09 21:59:23,775 OpenJTalkRTC0 INFO   Copyright (C) 2001-2014 Nagoya Institute of Technology
2015-02-09 21:59:23,775 OpenJTalkRTC0 INFO                 2001-2008 Tokyo Institute of Technology
2015-02-09 21:59:23,775 OpenJTalkRTC0 INFO   All rights reserved.
2015-02-09 21:59:23,775 OpenJTalkRTC0 INFO 
2015-02-09 21:59:23,775 OpenJTalkRTC0 INFO   Yet Another Part-of-Speech and Morphological Analyzer "Mecab"
2015-02-09 21:59:23,775 OpenJTalkRTC0 INFO   Version 0.996 (http://mecab.sourceforge.net/)
2015-02-09 21:59:23,775 OpenJTalkRTC0 INFO   Copyright (C) 2001-2008 Taku Kudo
2015-02-09 21:59:23,775 OpenJTalkRTC0 INFO                 2004-2008 Nippon Telegraph and Telephone Corporation
2015-02-09 21:59:23,775 OpenJTalkRTC0 INFO   All rights reserved.
2015-02-09 21:59:23,775 OpenJTalkRTC0 INFO 
2015-02-09 21:59:23,775 OpenJTalkRTC0 INFO   NAIST Japanese Dictionary
2015-02-09 21:59:23,775 OpenJTalkRTC0 INFO   Version 0.6.1-20090630 (http://naist-jdic.sourceforge.jp/)
2015-02-09 21:59:23,776 OpenJTalkRTC0 INFO   Copyright (C) 2009 Nara Institute of Science and Technology
2015-02-09 21:59:23,776 OpenJTalkRTC0 INFO   All rights reserved.
2015-02-09 21:59:23,776 OpenJTalkRTC0 INFO 
2015-02-09 21:59:23,776 OpenJTalkRTC0 INFO   The Nitech Japanese Speech Database "NIT ATR503 M001"
2015-02-09 21:59:23,776 OpenJTalkRTC0 INFO   released by HTS Working Group (http://hts.sp.nitech.ac.jp/)
2015-02-09 21:59:23,776 OpenJTalkRTC0 INFO   Copyright (C) 2003-2011  Nagoya Institute of Technology
2015-02-09 21:59:23,776 OpenJTalkRTC0 INFO   Some rights reserved.
2015-02-09 21:59:23,776 OpenJTalkRTC0 INFO 
2015-02-09 21:59:23,776 OpenJTalkRTC0 INFO   HTS Voice "Mei (Normal)"
2015-02-09 21:59:23,776 OpenJTalkRTC0 INFO   released by MMDAgent Project Team (http://www.mmdagent.jp/)
2015-02-09 21:59:23,776 OpenJTalkRTC0 INFO   Copyright (C) 2009-2011  Nagoya Institute of Technology
2015-02-09 21:59:23,776 OpenJTalkRTC0 INFO   Some rights reserved.
2015-02-09 21:59:23,776 OpenJTalkRTC0 INFO 
2015-02-09 21:59:23,776 rtobject INFO Initial active configuration set is default.
2015-02-09 21:59:35,514 OpenJTalkRTC0 INFO stream finished
2015-02-09 21:59:47,394 SdoServiceAdmin WARNING No available SDO service in the factory: 
2015-02-09 21:59:47,395 SdoServiceAdmin ERROR type  already exists.
2015-02-09 21:59:47,397 SdoServiceAdmin WARNING No available SDO service in the factory: IDL:OpenRTM/ComponentObserver:1.0
2015-02-09 21:59:47,397 SdoServiceAdmin ERROR type ded5b760-370f-4246-b5a9-1168f25877c6 already exists.
2015-02-09 22:00:05,459 OpenJTalkRTC0 INFO こんにちは 16000 male
2015-02-09 22:00:05,613 OpenJTalkRTC0 INFO stream started
2015-02-09 22:00:06,235 OpenJTalkRTC0 INFO stream finished
2015-02-09 22:00:08,427 OpenJTalkRTC0 INFO こんにちは 16000 male
2015-02-09 22:00:08,428 OpenJTalkRTC0 INFO stream started
2015-02-09 22:00:09,049 OpenJTalkRTC0 INFO stream finished
2015-02-09 22:00:11,247 OpenJTalkRTC0 INFO こんにちは 16000 male
2015-02-09 22:00:11,247 OpenJTalkRTC0 INFO stream started
2015-02-09 22:00:11,868 OpenJTalkRTC0 INFO stream finished
2015-02-09 22:00:14,063 OpenJTalkRTC0 INFO こんにちは 16000 male
2015-02-09 22:00:14,064 OpenJTalkRTC0 INFO stream started
2015-02-09 22:00:14,682 OpenJTalkRTC0 INFO stream finished
2015-02-09 22:00:15,305 OpenJTalkRTC0 INFO バイバイ 16000 male
2015-02-09 22:00:15,456 OpenJTalkRTC0 INFO stream started
2015-02-09 22:00:15,912 OpenJTalkRTC0 INFO stream finished
2015-02-09 22:00:16,852 OpenJTalkRTC0 INFO こんにちは 16000 male
2015-02-09 22:00:16,854 OpenJTalkRTC0 INFO stream started
2015-02-09 22:00:17,474 OpenJTalkRTC0 INFO stream finished
2015-02-09 22:00:18,293 OpenJTalkRTC0 INFO こんにちは 16000 male
2015-02-09 22:00:18,293 OpenJTalkRTC0 INFO stream started
2015-02-09 22:00:18,913 OpenJTalkRTC0 INFO stream finished
2015-02-09 22:00:19,913 OpenJTalkRTC0 INFO こんにちは 16000 male
2015-02-09 22:00:19,914 OpenJTalkRTC0 INFO stream started
2015-02-09 22:00:20,535 OpenJTalkRTC0 INFO stream finished
2015-02-09 22:00:22,141 OpenJTalkRTC0 INFO バイバイ 16000 male
2015-02-09 22:00:22,142 OpenJTalkRTC0 INFO stream started
2015-02-09 22:00:22,598 OpenJTalkRTC0 INFO stream finished
2015-02-09 22:00:24,059 OpenJTalkRTC0 INFO こんにちは 16000 male
2015-02-09 22:00:24,060 OpenJTalkRTC0 INFO stream started
2015-02-09 22:00:24,680 OpenJTalkRTC0 INFO stream finished
2015-02-09 22:00:24,782 OpenJTalkRTC0 INFO こんにちは 16000 male
2015-02-09 22:00:24,783 OpenJTalkRTC0 INFO stream started
2015-02-09 22:00:25,403 OpenJTalkRTC0 INFO stream finished
2015-02-09 22:00:26,858 OpenJTalkRTC0 INFO こんにちは 16000 male
2015-02-09 22:00:26,858 OpenJTalkRTC0 INFO stream started
2015-02-09 22:00:27,478 OpenJTalkRTC0 INFO stream finished
2015-02-09 22:00:28,830 OpenJTalkRTC0 INFO こんにちは 16000 male
2015-02-09 22:00:28,830 OpenJTalkRTC0 INFO stream started
2015-02-09 22:00:29,450 OpenJTalkRTC0 INFO stream finished
2015-02-09 22:00:30,087 OpenJTalkRTC0 INFO こんにちは 16000 male
2015-02-09 22:00:30,087 OpenJTalkRTC0 INFO stream started
2015-02-09 22:00:30,707 OpenJTalkRTC0 INFO stream finished
2015-02-09 22:00:31,683 OpenJTalkRTC0 INFO こんにちは 16000 male
2015-02-09 22:00:31,684 OpenJTalkRTC0 INFO stream started
2015-02-09 22:00:32,304 OpenJTalkRTC0 INFO stream finished
2015-02-09 22:00:33,294 OpenJTalkRTC0 INFO こんにちは 16000 male
2015-02-09 22:00:33,297 OpenJTalkRTC0 INFO stream started
2015-02-09 22:00:33,915 OpenJTalkRTC0 INFO stream finished
2015-02-09 22:00:34,905 OpenJTalkRTC0 INFO こんにちは 16000 male
2015-02-09 22:00:34,906 OpenJTalkRTC0 INFO stream started
2015-02-09 22:00:35,525 OpenJTalkRTC0 INFO stream finished
2015-02-09 22:00:36,501 OpenJTalkRTC0 INFO こんにちは 16000 male
2015-02-09 22:00:36,501 OpenJTalkRTC0 INFO stream started
2015-02-09 22:00:37,121 OpenJTalkRTC0 INFO stream finished
2015-02-09 22:00:38,099 OpenJTalkRTC0 INFO こんにちは 16000 male
2015-02-09 22:00:38,100 OpenJTalkRTC0 INFO stream started
2015-02-09 22:00:38,720 OpenJTalkRTC0 INFO stream finished
2015-02-09 22:00:39,700 OpenJTalkRTC0 INFO こんにちは 16000 male
2015-02-09 22:00:39,701 OpenJTalkRTC0 INFO stream started
2015-02-09 22:00:40,322 OpenJTalkRTC0 INFO stream finished
2015-02-09 22:00:41,310 OpenJTalkRTC0 INFO こんにちは 16000 male
2015-02-09 22:00:41,311 OpenJTalkRTC0 INFO stream started
2015-02-09 22:00:41,932 OpenJTalkRTC0 INFO stream finished
2015-02-09 22:02:48,792 ec_worker ERROR State of the RTC is not ACTIVE_STATE.
2015-02-09 22:02:48,798 ec_worker WARNING ExecutionContext is already stopped.
2015-02-09 22:02:48,798 ec_base ERROR Invoking on_shutdown() for each RTC failed.
