2015-03-20 09:41:58,808 manager INFO 1.1.0
2015-03-20 09:41:58,808 manager INFO Copyright (C) 2003-2010
2015-03-20 09:41:58,808 manager INFO   Noriaki Ando
2015-03-20 09:41:58,809 manager INFO   Intelligent Systems Research Institute, AIST
2015-03-20 09:41:58,809 manager INFO Manager starting.
2015-03-20 09:41:58,809 manager INFO Starting local logging.
2015-03-20 09:41:58,810 manager.namingmanager INFO NameServer connection succeeded: corba/localhost
2015-03-20 09:41:58,815 ManagerServant INFO Master manager not found
2015-03-20 09:41:58,816 manager WARNING Traceback (most recent call last):
  File "/usr/lib/python2.7/dist-packages/OpenRTM_aist/Manager.py", line 1900, in initManagerServant
    reffile = file(self._config.getProperty("manager.refstring_path"),'w')
IOError: [Errno 13] Permission denied: '/var/log/rtcmanager.ref'

2015-03-20 09:41:58,816 LocalServiceAdmin INFO All the local services are enabled.
2015-03-20 09:41:58,822 ec_base INFO setRate(1000000.000000) done
2015-03-20 09:41:58,822 ec_base INFO setRate(1000.000000) done
2015-03-20 09:41:58,823 rtobject INFO 1 execution context was created.
2015-03-20 09:41:58,823 FestivalRTC0 INFO FestivalRTC version 2.00
2015-03-20 09:41:58,823 FestivalRTC0 INFO Copyright (C) 2010-2011 Yosuke Matsusaka
2015-03-20 09:41:58,834 FestivalRTC0 INFO This component depends on following softwares and datas:
2015-03-20 09:41:58,835 FestivalRTC0 INFO 
2015-03-20 09:41:58,835 FestivalRTC0 INFO   The Festival Speech Synthesis System
2015-03-20 09:41:58,835 FestivalRTC0 INFO   (http://www.cstr.ed.ac.uk/projects/festival/)
2015-03-20 09:41:58,835 FestivalRTC0 INFO   Copyright (C) 1996-2006 Centre for Speech Technology Research, University of Edinburgh, UK
2015-03-20 09:41:58,835 FestivalRTC0 INFO   All rights reserved.
2015-03-20 09:41:58,835 FestivalRTC0 INFO 
2015-03-20 09:41:58,835 FestivalRTC0 INFO   Diphone Synthesizer Voice for American English
2015-03-20 09:41:58,835 FestivalRTC0 INFO   released by Alan W Black and Kevin Lenzo (http://www.cstr.ed.ac.uk/projects/festival/)
2015-03-20 09:41:58,835 FestivalRTC0 INFO   Copyright (C) 1998 Centre for Speech Technology Research, University of Edinburgh, UK
2015-03-20 09:41:58,835 FestivalRTC0 INFO   All rights reserved.
2015-03-20 09:41:58,835 FestivalRTC0 INFO 
2015-03-20 09:41:58,836 rtobject INFO Initial active configuration set is default.
2015-03-20 09:42:04,006 ec_worker ERROR State of the RTC is not ACTIVE_STATE.
2015-03-20 09:42:04,012 ec_worker WARNING ExecutionContext is already stopped.
2015-03-20 09:42:04,012 ec_base ERROR Invoking on_shutdown() for each RTC failed.
