2015-02-09 21:12:48,643 manager INFO 1.1.0
2015-02-09 21:12:48,643 manager INFO Copyright (C) 2003-2010
2015-02-09 21:12:48,643 manager INFO   Noriaki Ando
2015-02-09 21:12:48,643 manager INFO   Intelligent Systems Research Institute, AIST
2015-02-09 21:12:48,643 manager INFO Manager starting.
2015-02-09 21:12:48,643 manager INFO Starting local logging.
2015-02-09 21:12:48,645 manager.namingmanager INFO NameServer connection succeeded: corba/localhost
2015-02-09 21:12:48,649 ManagerServant INFO Master manager not found
2015-02-09 21:12:48,649 manager WARNING Traceback (most recent call last):
  File "/usr/lib/python2.7/dist-packages/OpenRTM_aist/Manager.py", line 1900, in initManagerServant
    reffile = file(self._config.getProperty("manager.refstring_path"),'w')
IOError: [Errno 13] Permission denied: '/var/log/rtcmanager.ref'

2015-02-09 21:12:48,649 LocalServiceAdmin INFO All the local services are enabled.
2015-02-09 21:12:48,654 ec_base INFO setRate(1000000.000000) done
2015-02-09 21:12:48,654 ec_base INFO setRate(1000.000000) done
2015-02-09 21:12:48,654 rtobject INFO 1 execution context was created.
2015-02-09 21:12:48,655 rtobject INFO Initial active configuration set is default-set.
2015-02-09 21:12:59,787 SdoServiceAdmin WARNING No available SDO service in the factory: 
2015-02-09 21:12:59,787 SdoServiceAdmin ERROR type  already exists.
2015-02-09 21:12:59,797 SdoServiceAdmin WARNING No available SDO service in the factory: IDL:OpenRTM/ComponentObserver:1.0
2015-02-09 21:12:59,797 SdoServiceAdmin ERROR type b9560c35-fe32-412a-b327-bc032231ef7c already exists.
2015-02-09 21:16:14,152 ec_base ERROR The component is not responding.
2015-02-09 21:16:14,152 ec_base ERROR Unknown error: Invalid state transition.
2015-02-09 21:16:15,231 ec_worker WARNING ExecutionContext is already stopped.
2015-02-09 21:16:15,232 ec_base ERROR Invoking on_shutdown() for each RTC failed.
