2015-02-09 21:20:15,995 manager INFO 1.1.0
2015-02-09 21:20:15,995 manager INFO Copyright (C) 2003-2010
2015-02-09 21:20:15,995 manager INFO   Noriaki Ando
2015-02-09 21:20:15,995 manager INFO   Intelligent Systems Research Institute, AIST
2015-02-09 21:20:15,995 manager INFO Manager starting.
2015-02-09 21:20:15,995 manager INFO Starting local logging.
2015-02-09 21:20:15,998 manager.namingmanager INFO NameServer connection succeeded: corba/localhost
2015-02-09 21:20:16,001 ManagerServant INFO Master manager not found
2015-02-09 21:20:16,002 manager WARNING Traceback (most recent call last):
  File "/usr/lib/python2.7/dist-packages/OpenRTM_aist/Manager.py", line 1900, in initManagerServant
    reffile = file(self._config.getProperty("manager.refstring_path"),'w')
IOError: [Errno 13] Permission denied: '/var/log/rtcmanager.ref'

2015-02-09 21:20:16,002 LocalServiceAdmin INFO All the local services are enabled.
2015-02-09 21:20:16,012 ec_base INFO setRate(1000000.000000) done
2015-02-09 21:20:16,013 ec_base INFO setRate(1.000000) done
2015-02-09 21:20:16,014 rtobject INFO 1 execution context was created.
2015-02-09 21:20:16,014 JuliusRTC0 INFO JuliusRTC version 2.00
2015-02-09 21:20:16,014 JuliusRTC0 INFO Copyright (C) 2010-2011 Yosuke Matsusaka
2015-02-09 21:20:16,025 JuliusRTC0 INFO This component depends on following softwares and datas:
2015-02-09 21:20:16,025 JuliusRTC0 INFO 
2015-02-09 21:20:16,025 JuliusRTC0 INFO   Large Vocabulary Continuous Speech Recognition Engine Julius
2015-02-09 21:20:16,025 JuliusRTC0 INFO   (http://julius.sourceforge.jp/)
2015-02-09 21:20:16,025 JuliusRTC0 INFO   Copyright (c) 1997-2000 Information-technology Promotion Agency, Japan
2015-02-09 21:20:16,025 JuliusRTC0 INFO   Copyright (c) 1991-2008 Kawahara Lab., Kyoto University
2015-02-09 21:20:16,025 JuliusRTC0 INFO   Copyright (c) 2000-2005 Shikano Lab., Nara Institute of Science and Technology
2015-02-09 21:20:16,025 JuliusRTC0 INFO   Copyright (c) 2005-2008 Julius project team, Nagoya Institute of Technology
2015-02-09 21:20:16,025 JuliusRTC0 INFO 
2015-02-09 21:20:16,025 JuliusRTC0 INFO   VoxForge English Acoustic Model for HTK/Juilus
2015-02-09 21:20:16,025 JuliusRTC0 INFO   (http://www.voxforge.org/)
2015-02-09 21:20:16,025 JuliusRTC0 INFO   Copyright (c) 2005-2009 Ken MacLean <contact@voxforge.org>
2015-02-09 21:20:16,025 JuliusRTC0 INFO   Copyright (c) 2005-2009 Free Software Foundation
2015-02-09 21:20:16,025 JuliusRTC0 INFO 
2015-02-09 21:20:16,025 rtobject INFO Initial active configuration set is default.
2015-02-09 21:21:22,966 SdoServiceAdmin WARNING No available SDO service in the factory: 
2015-02-09 21:21:22,966 SdoServiceAdmin ERROR type  already exists.
2015-02-09 21:21:22,968 SdoServiceAdmin WARNING No available SDO service in the factory: IDL:OpenRTM/ComponentObserver:1.0
2015-02-09 21:21:22,968 SdoServiceAdmin ERROR type 7d4f0723-74eb-46a2-9d37-f05fffad1708 already exists.
2015-02-09 21:21:55,152 ec_base WARNING The component is not responding.
2015-02-09 21:21:55,153 ec_base ERROR Unknown error: Invalid state transition.
2015-02-09 21:21:57,176 JuliusRTC0 INFO LISTEN
2015-02-09 21:21:58,985 JuliusRTC0 INFO register grammar: command
2015-02-09 21:21:59,028 JuliusRTC0 INFO LISTEN
2015-02-09 21:21:59,095 JuliusRTC0 INFO LISTEN
2015-02-09 21:22:12,672 JuliusRTC0 INFO STARTREC
2015-02-09 21:22:13,495 JuliusRTC0 INFO ENDREC
2015-02-09 21:22:13,500 JuliusRTC0 INFO #1: こんにちは (1.0)
2015-02-09 21:22:13,709 JuliusRTC0 INFO LISTEN
2015-02-09 21:22:15,675 JuliusRTC0 INFO STARTREC
2015-02-09 21:22:16,157 JuliusRTC0 INFO ENDREC
2015-02-09 21:22:16,165 JuliusRTC0 INFO #1: こんにちは (1.0)
2015-02-09 21:22:16,168 JuliusRTC0 INFO LISTEN
2015-02-09 21:22:17,696 JuliusRTC0 INFO STARTREC
2015-02-09 21:22:18,654 JuliusRTC0 INFO ENDREC
2015-02-09 21:22:18,662 JuliusRTC0 INFO #1: さようなら (1.0)
2015-02-09 21:22:18,808 JuliusRTC0 INFO LISTEN
2015-02-09 21:22:20,826 JuliusRTC0 INFO STARTREC
2015-02-09 21:22:21,324 JuliusRTC0 INFO ENDREC
2015-02-09 21:22:21,336 JuliusRTC0 INFO #1: こんにちは (0.727)
2015-02-09 21:22:21,336 JuliusRTC0 INFO #2: さようなら (0.273)
2015-02-09 21:22:21,342 JuliusRTC0 INFO LISTEN
2015-02-09 21:22:23,313 JuliusRTC0 INFO STARTREC
2015-02-09 21:22:23,794 JuliusRTC0 INFO ENDREC
2015-02-09 21:22:23,802 JuliusRTC0 INFO #1: こんにちは (1.0)
2015-02-09 21:22:23,806 JuliusRTC0 INFO LISTEN
2015-02-09 21:22:25,780 JuliusRTC0 INFO STARTREC
2015-02-09 21:22:26,256 JuliusRTC0 INFO ENDREC
2015-02-09 21:22:26,264 JuliusRTC0 INFO #1: こんにちは (1.0)
2015-02-09 21:22:26,270 JuliusRTC0 INFO LISTEN
2015-02-09 21:22:28,259 JuliusRTC0 INFO STARTREC
2015-02-09 21:22:28,734 JuliusRTC0 INFO ENDREC
2015-02-09 21:22:28,741 JuliusRTC0 INFO #1: こんにちは (1.0)
2015-02-09 21:22:28,744 JuliusRTC0 INFO LISTEN
2015-02-09 21:22:30,714 JuliusRTC0 INFO STARTREC
2015-02-09 21:22:31,198 JuliusRTC0 INFO ENDREC
2015-02-09 21:22:31,206 JuliusRTC0 INFO #1: こんにちは (1.0)
2015-02-09 21:22:31,209 JuliusRTC0 INFO LISTEN
2015-02-09 21:22:33,182 JuliusRTC0 INFO STARTREC
2015-02-09 21:22:33,655 JuliusRTC0 INFO ENDREC
2015-02-09 21:22:33,663 JuliusRTC0 INFO #1: こんにちは (1.0)
2015-02-09 21:22:33,667 JuliusRTC0 INFO LISTEN
2015-02-09 21:22:35,634 JuliusRTC0 INFO STARTREC
2015-02-09 21:22:36,129 JuliusRTC0 INFO ENDREC
2015-02-09 21:22:36,143 JuliusRTC0 INFO #1: こんにちは (1.0)
2015-02-09 21:22:36,151 JuliusRTC0 INFO LISTEN
2015-02-09 21:22:38,111 JuliusRTC0 INFO STARTREC
2015-02-09 21:22:38,592 JuliusRTC0 INFO ENDREC
2015-02-09 21:22:38,600 JuliusRTC0 INFO #1: こんにちは (1.0)
2015-02-09 21:22:38,604 JuliusRTC0 INFO LISTEN
2015-02-09 21:22:40,574 JuliusRTC0 INFO STARTREC
2015-02-09 21:22:41,051 JuliusRTC0 INFO ENDREC
2015-02-09 21:22:41,059 JuliusRTC0 INFO #1: こんにちは (1.0)
2015-02-09 21:22:41,062 JuliusRTC0 INFO LISTEN
2015-02-09 21:22:43,024 JuliusRTC0 INFO STARTREC
2015-02-09 21:22:44,099 JuliusRTC0 INFO ENDREC
2015-02-09 21:22:44,110 JuliusRTC0 INFO #1: こんにちは (0.974)
2015-02-09 21:22:44,111 JuliusRTC0 INFO #2: さようなら (0.026)
2015-02-09 21:22:44,116 JuliusRTC0 INFO LISTEN
2015-02-09 21:22:46,077 JuliusRTC0 INFO STARTREC
2015-02-09 21:22:48,503 JuliusRTC0 INFO ENDREC
2015-02-09 21:22:48,510 JuliusRTC0 INFO #1: こんにちは (1.0)
2015-02-09 21:22:48,513 JuliusRTC0 INFO LISTEN
2015-02-09 21:22:50,477 JuliusRTC0 INFO STARTREC
2015-02-09 21:22:51,196 JuliusRTC0 INFO ENDREC
2015-02-09 21:22:51,203 JuliusRTC0 INFO #1: こんにちは (1.0)
2015-02-09 21:22:51,204 JuliusRTC0 INFO #2: さようなら (0.0)
2015-02-09 21:22:51,207 JuliusRTC0 INFO LISTEN
2015-02-09 21:22:52,060 JuliusRTC0 INFO STARTREC
2015-02-09 21:22:53,023 JuliusRTC0 INFO ENDREC
2015-02-09 21:22:53,033 JuliusRTC0 INFO #1: さようなら (0.627)
2015-02-09 21:22:53,033 JuliusRTC0 INFO #2: こんにちは (0.373)
2015-02-09 21:22:53,040 JuliusRTC0 INFO LISTEN
2015-02-09 21:22:53,169 JuliusRTC0 INFO STARTREC
2015-02-09 21:22:53,891 JuliusRTC0 INFO ENDREC
2015-02-09 21:22:53,899 JuliusRTC0 INFO #1: こんにちは (1.0)
2015-02-09 21:22:53,903 JuliusRTC0 INFO LISTEN
2015-02-09 21:22:53,975 JuliusRTC0 INFO STARTREC
2015-02-09 21:22:54,583 JuliusRTC0 INFO ENDREC
2015-02-09 21:22:54,590 JuliusRTC0 INFO #1: さようなら (0.998)
2015-02-09 21:22:54,591 JuliusRTC0 INFO #2: こんにちは (0.002)
2015-02-09 21:22:54,595 JuliusRTC0 INFO LISTEN
2015-02-09 21:22:55,007 JuliusRTC0 INFO STARTREC
2015-02-09 21:22:55,614 JuliusRTC0 INFO ENDREC
2015-02-09 21:22:55,619 JuliusRTC0 INFO #1: こんにちは (0.951)
2015-02-09 21:22:55,619 JuliusRTC0 INFO #2: さようなら (0.049)
2015-02-09 21:22:55,622 JuliusRTC0 INFO LISTEN
2015-02-09 21:22:55,987 JuliusRTC0 INFO STARTREC
2015-02-09 21:22:57,455 JuliusRTC0 INFO ENDREC
2015-02-09 21:22:57,465 JuliusRTC0 INFO #1: さようなら (0.87)
2015-02-09 21:22:57,465 JuliusRTC0 INFO #2: こんにちは (0.13)
2015-02-09 21:22:57,468 JuliusRTC0 INFO LISTEN
2015-02-09 21:22:57,472 JuliusRTC0 INFO STARTREC
2015-02-09 21:22:58,605 JuliusRTC0 INFO ENDREC
2015-02-09 21:22:58,615 JuliusRTC0 INFO #1: さようなら (0.824)
2015-02-09 21:22:58,615 JuliusRTC0 INFO #2: こんにちは (0.176)
2015-02-09 21:22:58,620 JuliusRTC0 INFO LISTEN
2015-02-09 21:22:59,488 JuliusRTC0 INFO STARTREC
2015-02-09 21:23:00,221 JuliusRTC0 INFO ENDREC
2015-02-09 21:23:00,229 JuliusRTC0 INFO #1: こんにちは (1.0)
2015-02-09 21:23:00,231 JuliusRTC0 INFO LISTEN
2015-02-09 21:23:00,372 JuliusRTC0 INFO STARTREC
2015-02-09 21:23:00,780 JuliusRTC0 INFO ENDREC
2015-02-09 21:23:00,789 JuliusRTC0 INFO #1: さようなら (0.999)
2015-02-09 21:23:00,790 JuliusRTC0 INFO #2: こんにちは (0.001)
2015-02-09 21:23:00,794 JuliusRTC0 INFO LISTEN
2015-02-09 21:23:00,995 JuliusRTC0 INFO STARTREC
2015-02-09 21:23:01,650 JuliusRTC0 INFO ENDREC
2015-02-09 21:23:01,669 JuliusRTC0 INFO #1: こんにちは (0.543)
2015-02-09 21:23:01,670 JuliusRTC0 INFO #2: さようなら (0.457)
2015-02-09 21:23:01,674 JuliusRTC0 INFO LISTEN
2015-02-09 21:23:02,592 JuliusRTC0 INFO STARTREC
2015-02-09 21:23:03,086 JuliusRTC0 INFO ENDREC
2015-02-09 21:23:03,097 JuliusRTC0 INFO #1: こんにちは (0.615)
2015-02-09 21:23:03,097 JuliusRTC0 INFO #2: さようなら (0.385)
2015-02-09 21:23:03,100 JuliusRTC0 INFO LISTEN
2015-02-09 21:23:04,004 JuliusRTC0 INFO STARTREC
2015-02-09 21:23:04,417 JuliusRTC0 INFO ENDREC
2015-02-09 21:23:04,426 JuliusRTC0 INFO #1: こんにちは (1.0)
2015-02-09 21:23:04,433 JuliusRTC0 INFO LISTEN
2015-02-09 21:23:05,571 JuliusRTC0 INFO STARTREC
2015-02-09 21:23:06,077 JuliusRTC0 INFO ENDREC
2015-02-09 21:23:06,087 JuliusRTC0 INFO #1: こんにちは (0.729)
2015-02-09 21:23:06,087 JuliusRTC0 INFO #2: さようなら (0.271)
2015-02-09 21:23:06,091 JuliusRTC0 INFO LISTEN
2015-02-09 21:23:06,417 JuliusRTC0 INFO STARTREC
2015-02-09 21:23:06,821 JuliusRTC0 INFO ENDREC
2015-02-09 21:23:06,830 JuliusRTC0 INFO #1: こんにちは (1.0)
2015-02-09 21:23:06,833 JuliusRTC0 INFO LISTEN
2015-02-09 21:23:07,808 JuliusRTC0 INFO STARTREC
2015-02-09 21:23:08,280 JuliusRTC0 INFO ENDREC
2015-02-09 21:23:08,291 JuliusRTC0 INFO #1: こんにちは (1.0)
2015-02-09 21:23:08,297 JuliusRTC0 INFO LISTEN
2015-02-09 21:23:09,106 JuliusRTC0 INFO STARTREC
2015-02-09 21:23:09,535 JuliusRTC0 INFO ENDREC
2015-02-09 21:23:09,543 JuliusRTC0 INFO #1: こんにちは (1.0)
2015-02-09 21:23:09,548 JuliusRTC0 INFO LISTEN
2015-02-09 21:23:10,716 JuliusRTC0 INFO STARTREC
2015-02-09 21:23:11,135 JuliusRTC0 INFO ENDREC
2015-02-09 21:23:11,143 JuliusRTC0 INFO #1: こんにちは (1.0)
2015-02-09 21:23:11,148 JuliusRTC0 INFO LISTEN
2015-02-09 21:23:12,316 JuliusRTC0 INFO STARTREC
2015-02-09 21:23:12,733 JuliusRTC0 INFO ENDREC
2015-02-09 21:23:12,736 JuliusRTC0 INFO #1: こんにちは (1.0)
2015-02-09 21:23:12,740 JuliusRTC0 INFO LISTEN
2015-02-09 21:23:13,924 JuliusRTC0 INFO STARTREC
2015-02-09 21:23:14,343 JuliusRTC0 INFO ENDREC
2015-02-09 21:23:14,354 JuliusRTC0 INFO #1: こんにちは (1.0)
2015-02-09 21:23:14,358 JuliusRTC0 INFO LISTEN
2015-02-09 21:23:15,524 JuliusRTC0 INFO STARTREC
2015-02-09 21:23:15,945 JuliusRTC0 INFO ENDREC
2015-02-09 21:23:15,953 JuliusRTC0 INFO #1: こんにちは (1.0)
2015-02-09 21:23:15,959 JuliusRTC0 INFO LISTEN
2015-02-09 21:23:17,135 JuliusRTC0 INFO STARTREC
2015-02-09 21:23:17,540 JuliusRTC0 INFO ENDREC
2015-02-09 21:23:17,547 JuliusRTC0 INFO #1: こんにちは (1.0)
2015-02-09 21:23:17,554 JuliusRTC0 INFO LISTEN
2015-02-09 21:23:18,738 JuliusRTC0 INFO STARTREC
2015-02-09 21:23:19,162 JuliusRTC0 INFO ENDREC
2015-02-09 21:23:19,172 JuliusRTC0 INFO #1: こんにちは (1.0)
2015-02-09 21:23:19,176 JuliusRTC0 INFO LISTEN
2015-02-09 21:23:20,353 JuliusRTC0 INFO STARTREC
2015-02-09 21:23:20,756 JuliusRTC0 INFO ENDREC
2015-02-09 21:23:20,764 JuliusRTC0 INFO #1: こんにちは (1.0)
2015-02-09 21:23:20,768 JuliusRTC0 INFO LISTEN
2015-02-09 21:23:21,950 JuliusRTC0 INFO STARTREC
2015-02-09 21:23:22,361 JuliusRTC0 INFO ENDREC
2015-02-09 21:23:22,368 JuliusRTC0 INFO #1: こんにちは (1.0)
2015-02-09 21:23:22,371 JuliusRTC0 INFO LISTEN
2015-02-09 21:23:23,555 JuliusRTC0 INFO STARTREC
2015-02-09 21:23:23,966 JuliusRTC0 INFO ENDREC
2015-02-09 21:23:23,976 JuliusRTC0 INFO #1: こんにちは (1.0)
2015-02-09 21:23:23,980 JuliusRTC0 INFO LISTEN
2015-02-09 21:23:25,153 JuliusRTC0 INFO STARTREC
2015-02-09 21:23:25,565 JuliusRTC0 INFO ENDREC
2015-02-09 21:23:25,573 JuliusRTC0 INFO #1: こんにちは (1.0)
2015-02-09 21:23:25,583 JuliusRTC0 INFO LISTEN
2015-02-09 21:23:26,768 JuliusRTC0 INFO STARTREC
2015-02-09 21:23:27,183 JuliusRTC0 INFO ENDREC
2015-02-09 21:23:27,191 JuliusRTC0 INFO #1: こんにちは (1.0)
2015-02-09 21:23:27,198 JuliusRTC0 INFO LISTEN
2015-02-09 21:23:28,365 JuliusRTC0 INFO STARTREC
2015-02-09 21:23:28,801 JuliusRTC0 INFO ENDREC
2015-02-09 21:23:28,811 JuliusRTC0 INFO #1: こんにちは (1.0)
2015-02-09 21:23:28,815 JuliusRTC0 INFO LISTEN
2015-02-09 21:23:29,988 JuliusRTC0 INFO STARTREC
2015-02-09 21:23:30,392 JuliusRTC0 INFO ENDREC
2015-02-09 21:23:30,400 JuliusRTC0 INFO #1: こんにちは (1.0)
2015-02-09 21:23:30,403 JuliusRTC0 INFO LISTEN
2015-02-09 21:23:31,579 JuliusRTC0 INFO STARTREC
2015-02-09 21:23:31,999 JuliusRTC0 INFO ENDREC
2015-02-09 21:23:32,023 JuliusRTC0 INFO #1: こんにちは (0.955)
2015-02-09 21:23:32,023 JuliusRTC0 INFO #2: さようなら (0.045)
2015-02-09 21:23:32,030 JuliusRTC0 INFO LISTEN
2015-02-09 21:23:33,167 JuliusRTC0 INFO STARTREC
2015-02-09 21:23:33,597 JuliusRTC0 INFO ENDREC
2015-02-09 21:23:33,607 JuliusRTC0 INFO #1: こんにちは (0.997)
2015-02-09 21:23:33,607 JuliusRTC0 INFO #2: さようなら (0.003)
2015-02-09 21:23:33,611 JuliusRTC0 INFO LISTEN
2015-02-09 21:23:34,756 JuliusRTC0 INFO STARTREC
2015-02-09 21:23:35,203 JuliusRTC0 INFO ENDREC
2015-02-09 21:23:35,212 JuliusRTC0 INFO #1: こんにちは (1.0)
2015-02-09 21:23:35,218 JuliusRTC0 INFO LISTEN
2015-02-09 21:23:35,229 JuliusRTC0 INFO STARTREC
2015-02-09 21:23:35,611 JuliusRTC0 INFO ENDREC
2015-02-09 21:23:35,625 JuliusRTC0 INFO #1: さようなら (0.975)
2015-02-09 21:23:35,625 JuliusRTC0 INFO #2: こんにちは (0.025)
2015-02-09 21:23:35,629 JuliusRTC0 INFO LISTEN
2015-02-09 21:23:36,377 JuliusRTC0 INFO STARTREC
2015-02-09 21:23:36,830 JuliusRTC0 INFO ENDREC
2015-02-09 21:23:36,837 JuliusRTC0 INFO #1: こんにちは (1.0)
2015-02-09 21:23:36,841 JuliusRTC0 INFO LISTEN
2015-02-09 21:23:37,999 JuliusRTC0 INFO STARTREC
2015-02-09 21:23:38,406 JuliusRTC0 INFO ENDREC
2015-02-09 21:23:38,409 JuliusRTC0 INFO #1: こんにちは (1.0)
2015-02-09 21:23:38,413 JuliusRTC0 INFO LISTEN
2015-02-09 21:23:39,618 JuliusRTC0 INFO STARTREC
2015-02-09 21:23:40,080 JuliusRTC0 INFO ENDREC
2015-02-09 21:23:40,087 JuliusRTC0 INFO #1: こんにちは (1.0)
2015-02-09 21:23:40,092 JuliusRTC0 INFO LISTEN
2015-02-09 21:23:41,217 JuliusRTC0 INFO STARTREC
2015-02-09 21:23:41,624 JuliusRTC0 INFO ENDREC
2015-02-09 21:23:41,632 JuliusRTC0 INFO #1: こんにちは (1.0)
2015-02-09 21:23:41,636 JuliusRTC0 INFO LISTEN
2015-02-09 21:23:42,647 JuliusRTC0 INFO STARTREC
2015-02-09 21:23:43,137 JuliusRTC0 INFO ENDREC
2015-02-09 21:23:43,147 JuliusRTC0 INFO #1: さようなら (0.549)
2015-02-09 21:23:43,147 JuliusRTC0 INFO #2: こんにちは (0.451)
2015-02-09 21:23:43,155 JuliusRTC0 INFO LISTEN
2015-02-09 21:23:43,792 JuliusRTC0 INFO STARTREC
2015-02-09 21:23:44,239 JuliusRTC0 INFO ENDREC
2015-02-09 21:23:44,247 JuliusRTC0 INFO #1: こんにちは (1.0)
2015-02-09 21:23:44,251 JuliusRTC0 INFO LISTEN
2015-02-09 21:23:45,400 JuliusRTC0 INFO STARTREC
2015-02-09 21:23:45,819 JuliusRTC0 INFO ENDREC
2015-02-09 21:23:45,829 JuliusRTC0 INFO #1: こんにちは (1.0)
2015-02-09 21:23:45,833 JuliusRTC0 INFO LISTEN
2015-02-09 21:23:47,008 JuliusRTC0 INFO STARTREC
2015-02-09 21:23:47,404 JuliusRTC0 INFO ENDREC
2015-02-09 21:23:47,409 JuliusRTC0 INFO #1: こんにちは (1.0)
2015-02-09 21:23:47,413 JuliusRTC0 INFO LISTEN
2015-02-09 21:23:48,622 JuliusRTC0 INFO STARTREC
2015-02-09 21:23:49,141 JuliusRTC0 INFO ENDREC
2015-02-09 21:23:49,153 JuliusRTC0 INFO #1: さようなら (0.508)
2015-02-09 21:23:49,154 JuliusRTC0 INFO #2: こんにちは (0.492)
2015-02-09 21:23:49,158 JuliusRTC0 INFO LISTEN
2015-02-09 21:23:50,046 JuliusRTC0 INFO STARTREC
2015-02-09 21:23:50,465 JuliusRTC0 INFO ENDREC
2015-02-09 21:23:50,474 JuliusRTC0 INFO #1: こんにちは (1.0)
2015-02-09 21:23:50,477 JuliusRTC0 INFO LISTEN
2015-02-09 21:23:51,648 JuliusRTC0 INFO STARTREC
2015-02-09 21:23:52,127 JuliusRTC0 INFO ENDREC
2015-02-09 21:23:52,137 JuliusRTC0 INFO #1: こんにちは (1.0)
2015-02-09 21:23:52,144 JuliusRTC0 INFO LISTEN
2015-02-09 21:23:53,246 JuliusRTC0 INFO STARTREC
2015-02-09 21:23:53,685 JuliusRTC0 INFO ENDREC
2015-02-09 21:23:53,696 JuliusRTC0 INFO #1: こんにちは (1.0)
2015-02-09 21:23:53,702 JuliusRTC0 INFO LISTEN
2015-02-09 21:23:54,882 JuliusRTC0 INFO STARTREC
2015-02-09 21:23:55,398 JuliusRTC0 INFO ENDREC
2015-02-09 21:23:55,420 JuliusRTC0 INFO #1: さようなら (0.64)
2015-02-09 21:23:55,421 JuliusRTC0 INFO #2: こんにちは (0.36)
2015-02-09 21:23:55,426 JuliusRTC0 INFO LISTEN
2015-02-09 21:23:56,300 JuliusRTC0 INFO STARTREC
2015-02-09 21:23:56,730 JuliusRTC0 INFO ENDREC
2015-02-09 21:23:56,740 JuliusRTC0 INFO #1: こんにちは (1.0)
2015-02-09 21:23:56,746 JuliusRTC0 INFO LISTEN
2015-02-09 21:23:57,912 JuliusRTC0 INFO STARTREC
2015-02-09 21:23:58,328 JuliusRTC0 INFO ENDREC
2015-02-09 21:23:58,335 JuliusRTC0 INFO #1: こんにちは (1.0)
2015-02-09 21:23:58,340 JuliusRTC0 INFO LISTEN
2015-02-09 21:23:59,517 JuliusRTC0 INFO STARTREC
2015-02-09 21:23:59,936 JuliusRTC0 INFO ENDREC
2015-02-09 21:23:59,944 JuliusRTC0 INFO #1: こんにちは (1.0)
2015-02-09 21:23:59,947 JuliusRTC0 INFO LISTEN
2015-02-09 21:24:01,153 JuliusRTC0 INFO STARTREC
2015-02-09 21:24:01,660 JuliusRTC0 INFO ENDREC
2015-02-09 21:24:01,696 JuliusRTC0 INFO #1: こんにちは (0.674)
2015-02-09 21:24:01,697 JuliusRTC0 INFO #2: さようなら (0.326)
2015-02-09 21:24:01,701 JuliusRTC0 INFO LISTEN
2015-02-09 21:24:02,558 JuliusRTC0 INFO STARTREC
2015-02-09 21:24:02,987 JuliusRTC0 INFO ENDREC
2015-02-09 21:24:02,997 JuliusRTC0 INFO #1: こんにちは (1.0)
2015-02-09 21:24:03,003 JuliusRTC0 INFO LISTEN
2015-02-09 21:24:04,179 JuliusRTC0 INFO STARTREC
2015-02-09 21:24:04,583 JuliusRTC0 INFO ENDREC
2015-02-09 21:24:04,599 JuliusRTC0 INFO #1: こんにちは (1.0)
2015-02-09 21:24:04,600 JuliusRTC0 INFO #2: さようなら (0.0)
2015-02-09 21:24:04,605 JuliusRTC0 INFO LISTEN
2015-02-09 21:24:05,785 JuliusRTC0 INFO STARTREC
2015-02-09 21:24:06,201 JuliusRTC0 INFO ENDREC
2015-02-09 21:24:06,209 JuliusRTC0 INFO #1: こんにちは (1.0)
2015-02-09 21:24:06,214 JuliusRTC0 INFO LISTEN
2015-02-09 21:24:07,388 JuliusRTC0 INFO STARTREC
2015-02-09 21:24:07,802 JuliusRTC0 INFO ENDREC
2015-02-09 21:24:07,809 JuliusRTC0 INFO #1: こんにちは (1.0)
2015-02-09 21:24:07,815 JuliusRTC0 INFO LISTEN
2015-02-09 21:24:08,994 JuliusRTC0 INFO STARTREC
2015-02-09 21:24:09,403 JuliusRTC0 INFO ENDREC
2015-02-09 21:24:09,412 JuliusRTC0 INFO #1: こんにちは (1.0)
2015-02-09 21:24:09,415 JuliusRTC0 INFO LISTEN
2015-02-09 21:24:10,595 JuliusRTC0 INFO STARTREC
2015-02-09 21:24:11,007 JuliusRTC0 INFO ENDREC
2015-02-09 21:24:11,016 JuliusRTC0 INFO #1: こんにちは (1.0)
2015-02-09 21:24:11,021 JuliusRTC0 INFO LISTEN
2015-02-09 21:24:12,196 JuliusRTC0 INFO STARTREC
2015-02-09 21:24:12,601 JuliusRTC0 INFO ENDREC
2015-02-09 21:24:12,609 JuliusRTC0 INFO #1: こんにちは (1.0)
2015-02-09 21:24:12,612 JuliusRTC0 INFO LISTEN
2015-02-09 21:24:13,811 JuliusRTC0 INFO STARTREC
2015-02-09 21:24:14,222 JuliusRTC0 INFO ENDREC
2015-02-09 21:24:14,229 JuliusRTC0 INFO #1: こんにちは (0.999)
2015-02-09 21:24:14,232 JuliusRTC0 INFO LISTEN
2015-02-09 21:24:15,406 JuliusRTC0 INFO STARTREC
2015-02-09 21:24:15,829 JuliusRTC0 INFO ENDREC
2015-02-09 21:24:15,837 JuliusRTC0 INFO #1: こんにちは (1.0)
2015-02-09 21:24:15,842 JuliusRTC0 INFO LISTEN
2015-02-09 21:24:17,023 JuliusRTC0 INFO STARTREC
2015-02-09 21:24:17,413 JuliusRTC0 INFO ENDREC
2015-02-09 21:24:17,422 JuliusRTC0 INFO #1: こんにちは (1.0)
2015-02-09 21:24:17,429 JuliusRTC0 INFO LISTEN
2015-02-09 21:24:18,623 JuliusRTC0 INFO STARTREC
2015-02-09 21:24:19,032 JuliusRTC0 INFO ENDREC
2015-02-09 21:24:19,040 JuliusRTC0 INFO #1: こんにちは (1.0)
2015-02-09 21:24:19,043 JuliusRTC0 INFO LISTEN
2015-02-09 21:24:20,230 JuliusRTC0 INFO STARTREC
2015-02-09 21:24:20,633 JuliusRTC0 INFO ENDREC
2015-02-09 21:24:20,643 JuliusRTC0 INFO #1: こんにちは (0.999)
2015-02-09 21:24:20,643 JuliusRTC0 INFO #2: さようなら (0.001)
2015-02-09 21:24:20,646 JuliusRTC0 INFO LISTEN
2015-02-09 21:24:21,824 JuliusRTC0 INFO STARTREC
2015-02-09 21:24:22,241 JuliusRTC0 INFO ENDREC
2015-02-09 21:24:22,255 JuliusRTC0 INFO #1: こんにちは (1.0)
2015-02-09 21:24:22,259 JuliusRTC0 INFO LISTEN
2015-02-09 21:24:23,449 JuliusRTC0 INFO STARTREC
2015-02-09 21:24:23,854 JuliusRTC0 INFO ENDREC
2015-02-09 21:24:23,862 JuliusRTC0 INFO #1: こんにちは (1.0)
2015-02-09 21:24:23,870 JuliusRTC0 INFO LISTEN
2015-02-09 21:24:25,035 JuliusRTC0 INFO STARTREC
2015-02-09 21:24:25,436 JuliusRTC0 INFO ENDREC
2015-02-09 21:24:25,446 JuliusRTC0 INFO #1: こんにちは (1.0)
2015-02-09 21:24:25,447 JuliusRTC0 INFO #2: さようなら (0.0)
2015-02-09 21:24:25,455 JuliusRTC0 INFO LISTEN
2015-02-09 21:24:26,650 JuliusRTC0 INFO STARTREC
2015-02-09 21:24:27,131 JuliusRTC0 INFO ENDREC
2015-02-09 21:24:27,136 JuliusRTC0 INFO #1: こんにちは (1.0)
2015-02-09 21:24:27,140 JuliusRTC0 INFO LISTEN
2015-02-09 21:24:28,250 JuliusRTC0 INFO STARTREC
2015-02-09 21:24:28,670 JuliusRTC0 INFO ENDREC
2015-02-09 21:24:28,677 JuliusRTC0 INFO #1: こんにちは (1.0)
2015-02-09 21:24:28,680 JuliusRTC0 INFO LISTEN
2015-02-09 21:24:29,858 JuliusRTC0 INFO STARTREC
2015-02-09 21:24:30,272 JuliusRTC0 INFO ENDREC
2015-02-09 21:24:30,285 JuliusRTC0 INFO #1: こんにちは (1.0)
2015-02-09 21:24:30,289 JuliusRTC0 INFO LISTEN
2015-02-09 21:24:31,457 JuliusRTC0 INFO STARTREC
2015-02-09 21:24:31,872 JuliusRTC0 INFO ENDREC
2015-02-09 21:24:31,882 JuliusRTC0 INFO #1: こんにちは (0.999)
2015-02-09 21:24:31,885 JuliusRTC0 INFO LISTEN
2015-02-09 21:24:33,068 JuliusRTC0 INFO STARTREC
2015-02-09 21:24:33,484 JuliusRTC0 INFO ENDREC
2015-02-09 21:24:33,493 JuliusRTC0 INFO #1: こんにちは (1.0)
2015-02-09 21:24:33,500 JuliusRTC0 INFO LISTEN
2015-02-09 21:24:34,664 JuliusRTC0 INFO STARTREC
2015-02-09 21:24:35,092 JuliusRTC0 INFO ENDREC
2015-02-09 21:24:35,100 JuliusRTC0 INFO #1: こんにちは (1.0)
2015-02-09 21:24:35,105 JuliusRTC0 INFO LISTEN
2015-02-09 21:24:45,292 JuliusRTC0 INFO STARTREC
2015-02-09 21:24:46,123 JuliusRTC0 INFO ENDREC
2015-02-09 21:24:46,131 JuliusRTC0 INFO #1: こんにちは (1.0)
2015-02-09 21:24:46,134 JuliusRTC0 INFO LISTEN
2015-02-09 21:24:48,171 JuliusRTC0 INFO STARTREC
2015-02-09 21:24:48,685 JuliusRTC0 INFO ENDREC
2015-02-09 21:24:48,693 JuliusRTC0 INFO #1: こんにちは (1.0)
2015-02-09 21:24:48,696 JuliusRTC0 INFO LISTEN
2015-02-09 21:24:50,484 JuliusRTC0 INFO STARTREC
2015-02-09 21:24:51,387 JuliusRTC0 INFO ENDREC
2015-02-09 21:24:51,394 JuliusRTC0 INFO #1: さようなら (1.0)
2015-02-09 21:24:51,398 JuliusRTC0 INFO LISTEN
2015-02-09 21:24:53,410 JuliusRTC0 INFO STARTREC
2015-02-09 21:24:54,060 JuliusRTC0 INFO ENDREC
2015-02-09 21:24:54,071 JuliusRTC0 INFO #1: こんにちは (0.641)
2015-02-09 21:24:54,071 JuliusRTC0 INFO #2: さようなら (0.359)
2015-02-09 21:24:54,076 JuliusRTC0 INFO LISTEN
2015-02-09 21:24:56,113 JuliusRTC0 INFO STARTREC
2015-02-09 21:24:56,622 JuliusRTC0 INFO ENDREC
2015-02-09 21:24:56,629 JuliusRTC0 INFO #1: こんにちは (1.0)
2015-02-09 21:24:56,632 JuliusRTC0 INFO LISTEN
2015-02-09 21:24:58,671 JuliusRTC0 INFO STARTREC
2015-02-09 21:24:59,185 JuliusRTC0 INFO ENDREC
2015-02-09 21:24:59,192 JuliusRTC0 INFO #1: こんにちは (1.0)
2015-02-09 21:24:59,196 JuliusRTC0 INFO LISTEN
2015-02-09 21:25:01,230 JuliusRTC0 INFO STARTREC
2015-02-09 21:25:01,739 JuliusRTC0 INFO ENDREC
2015-02-09 21:25:01,745 JuliusRTC0 INFO #1: こんにちは (1.0)
2015-02-09 21:25:01,749 JuliusRTC0 INFO LISTEN
2015-02-09 21:25:03,717 JuliusRTC0 INFO STARTREC
2015-02-09 21:25:03,876 ec_base ERROR The component is not responding.
2015-02-09 21:25:04,300 JuliusRTC0 INFO ENDREC
2015-02-09 21:25:04,308 JuliusRTC0 INFO #1: こんにちは (1.0)
2015-02-09 21:25:04,313 JuliusRTC0 INFO LISTEN
2015-02-09 21:25:06,350 JuliusRTC0 INFO STARTREC
2015-02-09 21:25:06,864 JuliusRTC0 INFO ENDREC
2015-02-09 21:25:06,871 JuliusRTC0 INFO #1: こんにちは (1.0)
2015-02-09 21:25:06,875 JuliusRTC0 INFO LISTEN
2015-02-09 21:25:08,910 JuliusRTC0 INFO STARTREC
2015-02-09 21:25:09,424 JuliusRTC0 INFO ENDREC
2015-02-09 21:25:09,434 JuliusRTC0 INFO #1: こんにちは (1.0)
2015-02-09 21:25:09,439 JuliusRTC0 INFO LISTEN
2015-02-09 21:25:11,470 JuliusRTC0 INFO STARTREC
2015-02-09 21:25:11,983 JuliusRTC0 INFO ENDREC
2015-02-09 21:25:11,991 JuliusRTC0 INFO #1: こんにちは (1.0)
2015-02-09 21:25:11,995 JuliusRTC0 INFO LISTEN
2015-02-09 21:25:14,033 JuliusRTC0 INFO STARTREC
2015-02-09 21:25:14,544 JuliusRTC0 INFO ENDREC
2015-02-09 21:25:14,551 JuliusRTC0 INFO #1: こんにちは (1.0)
2015-02-09 21:25:14,555 JuliusRTC0 INFO LISTEN
2015-02-09 21:25:16,592 JuliusRTC0 INFO STARTREC
2015-02-09 21:25:17,101 JuliusRTC0 INFO ENDREC
2015-02-09 21:25:17,117 JuliusRTC0 INFO #1: こんにちは (1.0)
2015-02-09 21:25:17,121 JuliusRTC0 INFO LISTEN
2015-02-09 21:25:19,151 JuliusRTC0 INFO STARTREC
2015-02-09 21:25:19,665 JuliusRTC0 INFO ENDREC
2015-02-09 21:25:19,673 JuliusRTC0 INFO #1: こんにちは (1.0)
2015-02-09 21:25:19,676 JuliusRTC0 INFO LISTEN
2015-02-09 21:25:21,713 JuliusRTC0 INFO STARTREC
2015-02-09 21:25:22,220 JuliusRTC0 INFO ENDREC
2015-02-09 21:25:22,228 JuliusRTC0 INFO #1: こんにちは (1.0)
2015-02-09 21:25:22,231 JuliusRTC0 INFO LISTEN
2015-02-09 21:25:24,198 JuliusRTC0 INFO STARTREC
2015-02-09 21:25:24,730 JuliusRTC0 INFO ENDREC
2015-02-09 21:25:24,737 JuliusRTC0 INFO #1: こんにちは (1.0)
2015-02-09 21:25:24,741 JuliusRTC0 INFO LISTEN
2015-02-09 21:25:26,757 JuliusRTC0 INFO STARTREC
2015-02-09 21:25:27,291 JuliusRTC0 INFO ENDREC
2015-02-09 21:25:27,299 JuliusRTC0 INFO #1: こんにちは (1.0)
2015-02-09 21:25:27,304 JuliusRTC0 INFO LISTEN
2015-02-09 21:25:29,310 JuliusRTC0 INFO STARTREC
2015-02-09 21:25:29,858 JuliusRTC0 INFO ENDREC
2015-02-09 21:25:29,865 JuliusRTC0 INFO #1: こんにちは (1.0)
2015-02-09 21:25:29,870 JuliusRTC0 INFO LISTEN
2015-02-09 21:25:30,035 JuliusRTC0 INFO STARTREC
2015-02-09 21:25:30,929 JuliusRTC0 INFO ENDREC
2015-02-09 21:25:30,937 JuliusRTC0 INFO #1: さようなら (1.0)
2015-02-09 21:25:30,939 JuliusRTC0 INFO LISTEN
2015-02-09 21:25:31,875 JuliusRTC0 INFO STARTREC
2015-02-09 21:25:32,409 JuliusRTC0 INFO ENDREC
2015-02-09 21:25:32,418 JuliusRTC0 INFO #1: こんにちは (1.0)
2015-02-09 21:25:32,421 JuliusRTC0 INFO LISTEN
2015-02-09 21:25:33,474 JuliusRTC0 INFO STARTREC
2015-02-09 21:25:34,018 JuliusRTC0 INFO ENDREC
2015-02-09 21:25:34,029 JuliusRTC0 INFO #1: さようなら (0.707)
2015-02-09 21:25:34,029 JuliusRTC0 INFO #2: こんにちは (0.293)
2015-02-09 21:25:34,037 JuliusRTC0 INFO LISTEN
2015-02-09 21:25:34,959 JuliusRTC0 INFO STARTREC
2015-02-09 21:25:35,408 JuliusRTC0 INFO ENDREC
2015-02-09 21:25:35,417 JuliusRTC0 INFO #1: こんにちは (1.0)
2015-02-09 21:25:35,425 JuliusRTC0 INFO LISTEN
2015-02-09 21:25:36,626 ec_base WARNING The component is not responding.
2015-02-09 21:25:36,626 ec_base ERROR Unknown error: Invalid state transition.
2015-02-09 21:25:37,960 JuliusRTC0 INFO STARTREC
2015-02-09 21:25:38,496 JuliusRTC0 INFO ENDREC
2015-02-09 21:25:38,506 JuliusRTC0 INFO #1: こんにちは (1.0)
2015-02-09 21:25:38,510 JuliusRTC0 INFO LISTEN
2015-02-09 21:25:38,640 JuliusRTC0 INFO register grammar: command
2015-02-09 21:25:38,640 JuliusRTC0 INFO LISTEN
2015-02-09 21:25:38,788 JuliusRTC0 INFO LISTEN
2015-02-09 21:25:40,528 JuliusRTC0 INFO STARTREC
2015-02-09 21:25:40,990 JuliusRTC0 INFO ENDREC
2015-02-09 21:25:41,001 JuliusRTC0 INFO #1: こんにちは (0.972)
2015-02-09 21:25:41,001 JuliusRTC0 INFO #2: さようなら (0.028)
2015-02-09 21:25:41,005 JuliusRTC0 INFO LISTEN
2015-02-09 21:25:43,971 JuliusRTC0 INFO STARTREC
2015-02-09 21:25:44,945 JuliusRTC0 INFO ENDREC
2015-02-09 21:25:44,964 JuliusRTC0 INFO #1: さようなら (1.0)
2015-02-09 21:25:44,970 JuliusRTC0 INFO LISTEN
2015-02-09 21:25:46,987 JuliusRTC0 INFO STARTREC
2015-02-09 21:25:47,500 JuliusRTC0 INFO ENDREC
2015-02-09 21:25:47,510 JuliusRTC0 INFO #1: さようなら (0.809)
2015-02-09 21:25:47,511 JuliusRTC0 INFO #2: こんにちは (0.191)
2015-02-09 21:25:47,514 JuliusRTC0 INFO LISTEN
2015-02-09 21:25:59,019 JuliusRTC0 INFO STARTREC
2015-02-09 21:25:59,981 JuliusRTC0 INFO ENDREC
2015-02-09 21:25:59,990 JuliusRTC0 INFO #1: こんにちは (1.0)
2015-02-09 21:25:59,994 JuliusRTC0 INFO LISTEN
2015-02-09 21:26:01,957 JuliusRTC0 INFO STARTREC
2015-02-09 21:26:02,544 JuliusRTC0 INFO ENDREC
2015-02-09 21:26:02,554 JuliusRTC0 INFO #1: こんにちは (1.0)
2015-02-09 21:26:02,559 JuliusRTC0 INFO LISTEN
2015-02-09 21:26:05,932 JuliusRTC0 INFO STARTREC
2015-02-09 21:26:06,768 JuliusRTC0 INFO ENDREC
2015-02-09 21:26:06,780 JuliusRTC0 INFO #1: さようなら (1.0)
2015-02-09 21:26:06,785 JuliusRTC0 INFO LISTEN
2015-02-09 21:26:08,804 JuliusRTC0 INFO STARTREC
2015-02-09 21:26:09,322 JuliusRTC0 INFO ENDREC
2015-02-09 21:26:09,333 JuliusRTC0 INFO #1: さようなら (0.825)
2015-02-09 21:26:09,333 JuliusRTC0 INFO #2: こんにちは (0.175)
2015-02-09 21:26:09,337 JuliusRTC0 INFO LISTEN
2015-02-09 21:26:15,657 JuliusRTC0 INFO STARTREC
2015-02-09 21:26:15,936 JuliusRTC0 INFO ENDREC
2015-02-09 21:26:15,942 JuliusRTC0 INFO LISTEN
2015-02-09 21:26:16,355 JuliusRTC0 INFO STARTREC
2015-02-09 21:26:16,760 JuliusRTC0 INFO ENDREC
2015-02-09 21:26:16,776 JuliusRTC0 INFO #1: こんにちは (0.938)
2015-02-09 21:26:16,783 JuliusRTC0 INFO LISTEN
2015-02-09 21:26:18,809 JuliusRTC0 INFO STARTREC
2015-02-09 21:26:19,318 JuliusRTC0 INFO ENDREC
2015-02-09 21:26:19,327 JuliusRTC0 INFO #1: こんにちは (1.0)
2015-02-09 21:26:19,332 JuliusRTC0 INFO LISTEN
2015-02-09 21:26:44,131 JuliusRTC0 INFO STARTREC
2015-02-09 21:26:44,995 JuliusRTC0 INFO ENDREC
2015-02-09 21:26:45,004 JuliusRTC0 INFO #1: さようなら (1.0)
2015-02-09 21:26:45,008 JuliusRTC0 INFO LISTEN
2015-02-09 21:26:47,009 JuliusRTC0 INFO STARTREC
2015-02-09 21:26:47,513 JuliusRTC0 INFO ENDREC
2015-02-09 21:26:47,527 JuliusRTC0 INFO #1: こんにちは (0.774)
2015-02-09 21:26:47,527 JuliusRTC0 INFO #2: さようなら (0.226)
2015-02-09 21:26:47,531 JuliusRTC0 INFO LISTEN
2015-02-09 21:26:49,513 JuliusRTC0 INFO STARTREC
2015-02-09 21:26:50,017 JuliusRTC0 INFO ENDREC
2015-02-09 21:26:50,025 JuliusRTC0 INFO #1: こんにちは (1.0)
2015-02-09 21:26:50,032 JuliusRTC0 INFO LISTEN
2015-02-09 21:26:52,004 JuliusRTC0 INFO STARTREC
2015-02-09 21:26:52,422 JuliusRTC0 INFO ENDREC
2015-02-09 21:26:52,432 JuliusRTC0 INFO #1: こんにちは (1.0)
2015-02-09 21:26:52,436 JuliusRTC0 INFO LISTEN
2015-02-09 21:26:54,402 JuliusRTC0 INFO STARTREC
2015-02-09 21:26:54,883 JuliusRTC0 INFO ENDREC
2015-02-09 21:26:54,890 JuliusRTC0 INFO #1: こんにちは (1.0)
2015-02-09 21:26:54,893 JuliusRTC0 INFO LISTEN
2015-02-09 21:26:56,868 JuliusRTC0 INFO STARTREC
2015-02-09 21:26:57,289 JuliusRTC0 INFO ENDREC
2015-02-09 21:26:57,296 JuliusRTC0 INFO #1: こんにちは (1.0)
2015-02-09 21:26:57,306 JuliusRTC0 INFO LISTEN
2015-02-09 21:26:59,268 JuliusRTC0 INFO STARTREC
2015-02-09 21:26:59,684 JuliusRTC0 INFO ENDREC
2015-02-09 21:26:59,688 JuliusRTC0 INFO #1: こんにちは (1.0)
2015-02-09 21:26:59,691 JuliusRTC0 INFO LISTEN
2015-02-09 21:27:01,660 JuliusRTC0 INFO STARTREC
2015-02-09 21:27:02,081 JuliusRTC0 INFO ENDREC
2015-02-09 21:27:02,089 JuliusRTC0 INFO #1: こんにちは (1.0)
2015-02-09 21:27:02,092 JuliusRTC0 INFO LISTEN
2015-02-09 21:27:04,072 JuliusRTC0 INFO STARTREC
2015-02-09 21:27:04,483 JuliusRTC0 INFO ENDREC
2015-02-09 21:27:04,491 JuliusRTC0 INFO #1: こんにちは (1.0)
2015-02-09 21:27:04,495 JuliusRTC0 INFO LISTEN
2015-02-09 21:27:06,475 JuliusRTC0 INFO STARTREC
2015-02-09 21:27:06,899 JuliusRTC0 INFO ENDREC
2015-02-09 21:27:06,909 JuliusRTC0 INFO #1: こんにちは (1.0)
2015-02-09 21:27:06,915 JuliusRTC0 INFO LISTEN
2015-02-09 21:27:08,880 JuliusRTC0 INFO STARTREC
2015-02-09 21:27:09,313 JuliusRTC0 INFO ENDREC
2015-02-09 21:27:09,321 JuliusRTC0 INFO #1: こんにちは (1.0)
2015-02-09 21:27:09,324 JuliusRTC0 INFO LISTEN
2015-02-09 21:27:11,311 JuliusRTC0 INFO STARTREC
2015-02-09 21:27:11,736 JuliusRTC0 INFO ENDREC
2015-02-09 21:27:11,748 JuliusRTC0 INFO #1: こんにちは (1.0)
2015-02-09 21:27:11,752 JuliusRTC0 INFO LISTEN
2015-02-09 21:27:13,728 JuliusRTC0 INFO STARTREC
2015-02-09 21:27:14,140 JuliusRTC0 INFO ENDREC
2015-02-09 21:27:14,150 JuliusRTC0 INFO #1: こんにちは (1.0)
2015-02-09 21:27:14,154 JuliusRTC0 INFO LISTEN
2015-02-09 21:27:16,104 JuliusRTC0 INFO STARTREC
2015-02-09 21:27:16,533 JuliusRTC0 INFO ENDREC
2015-02-09 21:27:16,541 JuliusRTC0 INFO #1: こんにちは (1.0)
2015-02-09 21:27:16,544 JuliusRTC0 INFO LISTEN
2015-02-09 21:27:18,529 JuliusRTC0 INFO STARTREC
2015-02-09 21:27:18,944 JuliusRTC0 INFO ENDREC
2015-02-09 21:27:18,956 JuliusRTC0 INFO #1: こんにちは (1.0)
2015-02-09 21:27:18,959 JuliusRTC0 INFO LISTEN
2015-02-09 21:27:20,923 JuliusRTC0 INFO STARTREC
2015-02-09 21:27:21,352 JuliusRTC0 INFO ENDREC
2015-02-09 21:27:21,359 JuliusRTC0 INFO #1: こんにちは (1.0)
2015-02-09 21:27:21,363 JuliusRTC0 INFO LISTEN
2015-02-09 21:27:23,349 JuliusRTC0 INFO STARTREC
2015-02-09 21:27:23,772 JuliusRTC0 INFO ENDREC
2015-02-09 21:27:23,778 JuliusRTC0 INFO #1: こんにちは (1.0)
2015-02-09 21:27:23,782 JuliusRTC0 INFO LISTEN
2015-02-09 21:27:25,748 JuliusRTC0 INFO STARTREC
2015-02-09 21:27:26,175 JuliusRTC0 INFO ENDREC
2015-02-09 21:27:26,185 JuliusRTC0 INFO #1: こんにちは (0.999)
2015-02-09 21:27:26,186 JuliusRTC0 INFO #2: さようなら (0.001)
2015-02-09 21:27:26,190 JuliusRTC0 INFO LISTEN
2015-02-09 21:27:28,075 ec_base ERROR The component is not responding.
2015-02-09 21:27:29,084 ec_worker WARNING ExecutionContext is already stopped.
2015-02-09 21:27:29,084 ec_base ERROR Invoking on_shutdown() for each RTC failed.
