2015-02-13 20:41:03,284 manager INFO 1.1.0
2015-02-13 20:41:03,284 manager INFO Copyright (C) 2003-2010
2015-02-13 20:41:03,284 manager INFO   Noriaki Ando
2015-02-13 20:41:03,284 manager INFO   Intelligent Systems Research Institute, AIST
2015-02-13 20:41:03,284 manager INFO Manager starting.
2015-02-13 20:41:03,284 manager INFO Starting local logging.
2015-02-13 20:41:03,287 manager.namingmanager INFO NameServer connection succeeded: corba/localhost
2015-02-13 20:41:03,293 ManagerServant INFO Master manager not found
2015-02-13 20:41:03,294 manager WARNING Traceback (most recent call last):
  File "/usr/lib/python2.7/dist-packages/OpenRTM_aist/Manager.py", line 1900, in initManagerServant
    reffile = file(self._config.getProperty("manager.refstring_path"),'w')
IOError: [Errno 13] Permission denied: '/var/log/rtcmanager.ref'

2015-02-13 20:41:03,295 LocalServiceAdmin INFO All the local services are enabled.
2015-02-13 20:41:03,303 ec_base INFO setRate(1000000.000000) done
2015-02-13 20:41:03,304 ec_base INFO setRate(1000.000000) done
2015-02-13 20:41:03,304 rtobject INFO 1 execution context was created.
2015-02-13 20:41:03,304 OpenJTalkRTC0 INFO OpenJTalkRTC version 2.00
2015-02-13 20:41:03,304 OpenJTalkRTC0 INFO Copyright (C) 2010-2011 Yosuke Matsusaka
2015-02-13 20:41:03,319 OpenJTalkRTC0 INFO This component depends on following softwares and datas:
2015-02-13 20:41:03,319 OpenJTalkRTC0 INFO 
2015-02-13 20:41:03,320 OpenJTalkRTC0 INFO   The Japanese TTS System "Open JTalk"
2015-02-13 20:41:03,320 OpenJTalkRTC0 INFO   Version 1.08 (http://open-jtalk.sourceforge.net/)
2015-02-13 20:41:03,320 OpenJTalkRTC0 INFO   Copyright (C) 2008-2014 Nagoya Institute of Technology
2015-02-13 20:41:03,320 OpenJTalkRTC0 INFO   All rights reserved.
2015-02-13 20:41:03,320 OpenJTalkRTC0 INFO 
2015-02-13 20:41:03,320 OpenJTalkRTC0 INFO   The HMM-Based Speech Synthesis Engine "hts_engine API"
2015-02-13 20:41:03,320 OpenJTalkRTC0 INFO   Version 1.09 (http://hts-engine.sourceforge.net/)
2015-02-13 20:41:03,320 OpenJTalkRTC0 INFO   Copyright (C) 2001-2014 Nagoya Institute of Technology
2015-02-13 20:41:03,320 OpenJTalkRTC0 INFO                 2001-2008 Tokyo Institute of Technology
2015-02-13 20:41:03,320 OpenJTalkRTC0 INFO   All rights reserved.
2015-02-13 20:41:03,320 OpenJTalkRTC0 INFO 
2015-02-13 20:41:03,320 OpenJTalkRTC0 INFO   Yet Another Part-of-Speech and Morphological Analyzer "Mecab"
2015-02-13 20:41:03,320 OpenJTalkRTC0 INFO   Version 0.996 (http://mecab.sourceforge.net/)
2015-02-13 20:41:03,320 OpenJTalkRTC0 INFO   Copyright (C) 2001-2008 Taku Kudo
2015-02-13 20:41:03,320 OpenJTalkRTC0 INFO                 2004-2008 Nippon Telegraph and Telephone Corporation
2015-02-13 20:41:03,321 OpenJTalkRTC0 INFO   All rights reserved.
2015-02-13 20:41:03,321 OpenJTalkRTC0 INFO 
2015-02-13 20:41:03,321 OpenJTalkRTC0 INFO   NAIST Japanese Dictionary
2015-02-13 20:41:03,321 OpenJTalkRTC0 INFO   Version 0.6.1-20090630 (http://naist-jdic.sourceforge.jp/)
2015-02-13 20:41:03,321 OpenJTalkRTC0 INFO   Copyright (C) 2009 Nara Institute of Science and Technology
2015-02-13 20:41:03,321 OpenJTalkRTC0 INFO   All rights reserved.
2015-02-13 20:41:03,321 OpenJTalkRTC0 INFO 
2015-02-13 20:41:03,321 OpenJTalkRTC0 INFO   The Nitech Japanese Speech Database "NIT ATR503 M001"
2015-02-13 20:41:03,321 OpenJTalkRTC0 INFO   released by HTS Working Group (http://hts.sp.nitech.ac.jp/)
2015-02-13 20:41:03,321 OpenJTalkRTC0 INFO   Copyright (C) 2003-2011  Nagoya Institute of Technology
2015-02-13 20:41:03,321 OpenJTalkRTC0 INFO   Some rights reserved.
2015-02-13 20:41:03,321 OpenJTalkRTC0 INFO 
2015-02-13 20:41:03,321 OpenJTalkRTC0 INFO   HTS Voice "Mei (Normal)"
2015-02-13 20:41:03,321 OpenJTalkRTC0 INFO   released by MMDAgent Project Team (http://www.mmdagent.jp/)
2015-02-13 20:41:03,321 OpenJTalkRTC0 INFO   Copyright (C) 2009-2011  Nagoya Institute of Technology
2015-02-13 20:41:03,322 OpenJTalkRTC0 INFO   Some rights reserved.
2015-02-13 20:41:03,322 OpenJTalkRTC0 INFO 
2015-02-13 20:41:03,322 rtobject INFO Initial active configuration set is default.
2015-02-13 20:41:14,640 OpenJTalkRTC0 INFO stream finished
2015-02-13 20:42:02,069 ec_worker WARNING ExecutionContext is already stopped.
2015-02-13 20:42:02,070 ec_base ERROR Invoking on_shutdown() for each RTC failed.
