Feb 13 11:48:02.209 INFO: manager: 1.1.0
Feb 13 11:48:02.209 INFO: manager: Copyright (C) 2003-2010
Feb 13 11:48:02.209 INFO: manager:   Noriaki Ando
Feb 13 11:48:02.209 INFO: manager:   Intelligent Systems Research Institute, AIST
Feb 13 11:48:02.209 INFO: manager: Manager starting.
Feb 13 11:48:02.209 INFO: manager: Starting local logging.
Feb 13 11:48:02.255 WARNING: NamingOnCorba: No endpoint for the CORBA naming service (localhost) was found.
Feb 13 11:48:02.255 INFO: NamingManager: NameServer connection succeeded: corba/localhost
Feb 13 11:48:02.256 INFO: ManagerServant: Master manager not found
Feb 13 11:48:02.257 INFO: PulseAudioInput0: PulseAudioInput : Audio input component using pulseaudio api
Feb 13 11:48:02.257 INFO: PulseAudioInput0:  Copyright (C) 2010-2011 Yosuke Matsusaka and AIST-OpenHRI development team
Feb 13 11:48:02.257 INFO: PulseAudioInput0:  Version 2.01
Feb 13 11:48:14.202 WARNING: SdoServiceAdmin: No available SDO service in the factory: 
Feb 13 11:48:14.203 WARNING: SdoServiceAdmin: No available SDO service in the factory: IDL:OpenRTM/ComponentObserver:1.0
Feb 13 11:49:25.396 ERROR: periodic_ec: The component is not responding.
Feb 13 11:49:25.396 ERROR: periodic_ec: The component could not be deactivated.
Feb 13 11:49:39.698 ERROR: periodic_ec: The component is not responding.
Feb 13 11:49:39.698 ERROR: periodic_ec: The component could not be deactivated.
Feb 13 11:49:43.956 ERROR: periodic_ec: The component is not responding.
Feb 13 11:49:43.956 ERROR: periodic_ec: The component could not be deactivated.
