2015-02-09 21:28:28,639 manager INFO 1.1.0
2015-02-09 21:28:28,639 manager INFO Copyright (C) 2003-2010
2015-02-09 21:28:28,639 manager INFO   Noriaki Ando
2015-02-09 21:28:28,640 manager INFO   Intelligent Systems Research Institute, AIST
2015-02-09 21:28:28,640 manager INFO Manager starting.
2015-02-09 21:28:28,640 manager INFO Starting local logging.
2015-02-09 21:28:28,642 manager.namingmanager INFO NameServer connection succeeded: corba/localhost
2015-02-09 21:28:28,647 ManagerServant INFO Master manager not found
2015-02-09 21:28:28,647 manager WARNING Traceback (most recent call last):
  File "/usr/lib/python2.7/dist-packages/OpenRTM_aist/Manager.py", line 1900, in initManagerServant
    reffile = file(self._config.getProperty("manager.refstring_path"),'w')
IOError: [Errno 13] Permission denied: '/var/log/rtcmanager.ref'

2015-02-09 21:28:28,648 LocalServiceAdmin INFO All the local services are enabled.
2015-02-09 21:28:28,660 ec_base INFO setRate(1000000.000000) done
2015-02-09 21:28:28,660 ec_base INFO setRate(1.000000) done
2015-02-09 21:28:28,661 rtobject INFO 1 execution context was created.
2015-02-09 21:28:28,661 JuliusRTC0 INFO JuliusRTC version 2.00
2015-02-09 21:28:28,661 JuliusRTC0 INFO Copyright (C) 2010-2011 Yosuke Matsusaka
2015-02-09 21:28:28,674 JuliusRTC0 INFO This component depends on following softwares and datas:
2015-02-09 21:28:28,674 JuliusRTC0 INFO 
2015-02-09 21:28:28,674 JuliusRTC0 INFO   Large Vocabulary Continuous Speech Recognition Engine Julius
2015-02-09 21:28:28,674 JuliusRTC0 INFO   (http://julius.sourceforge.jp/)
2015-02-09 21:28:28,674 JuliusRTC0 INFO   Copyright (c) 1997-2000 Information-technology Promotion Agency, Japan
2015-02-09 21:28:28,675 JuliusRTC0 INFO   Copyright (c) 1991-2008 Kawahara Lab., Kyoto University
2015-02-09 21:28:28,675 JuliusRTC0 INFO   Copyright (c) 2000-2005 Shikano Lab., Nara Institute of Science and Technology
2015-02-09 21:28:28,675 JuliusRTC0 INFO   Copyright (c) 2005-2008 Julius project team, Nagoya Institute of Technology
2015-02-09 21:28:28,675 JuliusRTC0 INFO 
2015-02-09 21:28:28,675 JuliusRTC0 INFO   VoxForge English Acoustic Model for HTK/Juilus
2015-02-09 21:28:28,675 JuliusRTC0 INFO   (http://www.voxforge.org/)
2015-02-09 21:28:28,675 JuliusRTC0 INFO   Copyright (c) 2005-2009 Ken MacLean <contact@voxforge.org>
2015-02-09 21:28:28,676 JuliusRTC0 INFO   Copyright (c) 2005-2009 Free Software Foundation
2015-02-09 21:28:28,676 JuliusRTC0 INFO 
2015-02-09 21:28:28,676 rtobject INFO Initial active configuration set is default.
2015-02-09 21:28:33,809 SdoServiceAdmin WARNING No available SDO service in the factory: 
2015-02-09 21:28:33,809 SdoServiceAdmin ERROR type  already exists.
2015-02-09 21:28:33,811 SdoServiceAdmin WARNING No available SDO service in the factory: IDL:OpenRTM/ComponentObserver:1.0
2015-02-09 21:28:33,811 SdoServiceAdmin ERROR type 369dc08f-09fd-4364-a4bd-e45081dd0a53 already exists.
2015-02-09 21:29:01,550 ec_base WARNING The component is not responding.
2015-02-09 21:29:01,551 ec_base ERROR Unknown error: Invalid state transition.
2015-02-09 21:29:02,572 JuliusRTC0 INFO LISTEN
2015-02-09 21:29:02,685 JuliusRTC0 INFO register grammar: command
2015-02-09 21:29:02,725 JuliusRTC0 INFO ENDREC
2015-02-09 21:29:02,726 JuliusRTC0 INFO LISTEN
2015-02-09 21:29:02,786 JuliusRTC0 INFO ENDREC
2015-02-09 21:29:02,787 JuliusRTC0 INFO LISTEN
2015-02-09 21:29:06,580 JuliusRTC0 INFO STARTREC
2015-02-09 21:29:07,524 JuliusRTC0 INFO ENDREC
2015-02-09 21:29:07,533 JuliusRTC0 INFO #1: さようなら (1.0)
2015-02-09 21:29:07,534 JuliusRTC0 INFO LISTEN
2015-02-09 21:29:13,667 JuliusRTC0 INFO STARTREC
2015-02-09 21:29:14,528 JuliusRTC0 INFO ENDREC
2015-02-09 21:29:14,537 JuliusRTC0 INFO #1: こんにちは (1.0)
2015-02-09 21:29:14,538 JuliusRTC0 INFO LISTEN
2015-02-09 21:29:20,929 JuliusRTC0 INFO STARTREC
2015-02-09 21:29:21,843 JuliusRTC0 INFO ENDREC
2015-02-09 21:29:21,847 JuliusRTC0 INFO #1: さようなら (1.0)
2015-02-09 21:29:21,848 JuliusRTC0 INFO LISTEN
2015-02-09 21:29:25,566 JuliusRTC0 INFO STARTREC
2015-02-09 21:29:26,501 JuliusRTC0 INFO ENDREC
2015-02-09 21:29:26,509 JuliusRTC0 INFO #1: こんにちは (1.0)
2015-02-09 21:29:26,510 JuliusRTC0 INFO LISTEN
2015-02-09 21:29:44,999 JuliusRTC0 INFO STARTREC
2015-02-09 21:29:45,792 JuliusRTC0 INFO ENDREC
2015-02-09 21:29:45,797 JuliusRTC0 INFO #1: こんにちは (1.0)
2015-02-09 21:29:45,798 JuliusRTC0 INFO LISTEN
2015-02-09 21:29:48,328 JuliusRTC0 INFO STARTREC
2015-02-09 21:29:49,248 JuliusRTC0 INFO ENDREC
2015-02-09 21:29:49,253 JuliusRTC0 INFO #1: さようなら (1.0)
2015-02-09 21:29:49,253 JuliusRTC0 INFO LISTEN
2015-02-09 21:29:52,032 JuliusRTC0 INFO STARTREC
2015-02-09 21:29:52,952 JuliusRTC0 INFO ENDREC
2015-02-09 21:29:52,959 JuliusRTC0 INFO #1: こんにちは (1.0)
2015-02-09 21:29:52,960 JuliusRTC0 INFO LISTEN
2015-02-09 21:30:05,505 JuliusRTC0 INFO STARTREC
2015-02-09 21:30:06,245 JuliusRTC0 INFO ENDREC
2015-02-09 21:30:06,250 JuliusRTC0 INFO #1: こんにちは (1.0)
2015-02-09 21:30:06,250 JuliusRTC0 INFO LISTEN
2015-02-09 21:30:20,245 JuliusRTC0 INFO STARTREC
2015-02-09 21:30:21,045 JuliusRTC0 INFO ENDREC
2015-02-09 21:30:21,055 JuliusRTC0 INFO #1: こんにちは (1.0)
2015-02-09 21:30:21,056 JuliusRTC0 INFO LISTEN
2015-02-09 21:30:22,988 JuliusRTC0 INFO STARTREC
2015-02-09 21:30:23,350 JuliusRTC0 INFO ENDREC
2015-02-09 21:30:23,358 JuliusRTC0 INFO #1: さようなら (0.977)
2015-02-09 21:30:23,359 JuliusRTC0 INFO LISTEN
2015-02-09 21:30:23,653 JuliusRTC0 INFO STARTREC
2015-02-09 21:30:24,509 JuliusRTC0 INFO ENDREC
2015-02-09 21:30:24,526 JuliusRTC0 INFO #1: こんにちは (1.0)
2015-02-09 21:30:24,527 JuliusRTC0 INFO LISTEN
2015-02-09 21:30:26,136 JuliusRTC0 INFO STARTREC
2015-02-09 21:30:26,500 JuliusRTC0 INFO ENDREC
2015-02-09 21:30:26,508 JuliusRTC0 INFO #1: さようなら (0.888)
2015-02-09 21:30:26,510 JuliusRTC0 INFO LISTEN
2015-02-09 21:30:38,314 ec_base ERROR The component is not responding.
2015-02-09 21:30:42,938 ec_base WARNING The component is not responding.
2015-02-09 21:30:42,939 ec_base ERROR Unknown error: Invalid state transition.
2015-02-09 21:30:43,951 JuliusRTC0 INFO LISTEN
2015-02-09 21:30:44,052 JuliusRTC0 INFO register grammar: command
2015-02-09 21:30:44,093 JuliusRTC0 INFO ENDREC
2015-02-09 21:30:44,094 JuliusRTC0 INFO LISTEN
2015-02-09 21:30:44,160 JuliusRTC0 INFO LISTEN
2015-02-09 21:30:48,126 JuliusRTC0 INFO STARTREC
2015-02-09 21:30:49,069 JuliusRTC0 INFO ENDREC
2015-02-09 21:30:49,076 JuliusRTC0 INFO #1: こんにちは (1.0)
2015-02-09 21:30:49,077 JuliusRTC0 INFO LISTEN
2015-02-09 21:30:53,012 JuliusRTC0 INFO STARTREC
2015-02-09 21:30:54,019 JuliusRTC0 INFO ENDREC
2015-02-09 21:30:54,026 JuliusRTC0 INFO #1: さようなら (1.0)
2015-02-09 21:30:54,027 JuliusRTC0 INFO LISTEN
2015-02-09 21:31:09,443 JuliusRTC0 INFO STARTREC
2015-02-09 21:31:10,303 JuliusRTC0 INFO ENDREC
2015-02-09 21:31:10,308 JuliusRTC0 INFO #1: こんにちは (1.0)
2015-02-09 21:31:10,309 JuliusRTC0 INFO LISTEN
2015-02-09 21:31:13,116 JuliusRTC0 INFO STARTREC
2015-02-09 21:31:14,042 JuliusRTC0 INFO ENDREC
2015-02-09 21:31:14,051 JuliusRTC0 INFO #1: さようなら (1.0)
2015-02-09 21:31:14,052 JuliusRTC0 INFO LISTEN
2015-02-09 21:31:19,388 JuliusRTC0 INFO STARTREC
2015-02-09 21:31:19,782 JuliusRTC0 INFO ENDREC
2015-02-09 21:31:19,787 JuliusRTC0 INFO #1: こんにちは (0.556)
2015-02-09 21:31:19,787 JuliusRTC0 INFO LISTEN
2015-02-09 21:31:19,788 JuliusRTC0 INFO STARTREC
2015-02-09 21:31:20,922 JuliusRTC0 INFO ENDREC
2015-02-09 21:31:20,933 JuliusRTC0 INFO #1: さようなら (0.551)
2015-02-09 21:31:20,933 JuliusRTC0 INFO #2: こんにちは (0.449)
2015-02-09 21:31:20,934 JuliusRTC0 INFO LISTEN
2015-02-09 21:31:24,769 JuliusRTC0 INFO STARTREC
2015-02-09 21:31:25,157 JuliusRTC0 INFO ENDREC
2015-02-09 21:31:25,169 JuliusRTC0 INFO LISTEN
2015-02-09 21:31:25,249 JuliusRTC0 INFO STARTREC
2015-02-09 21:31:26,376 JuliusRTC0 INFO ENDREC
2015-02-09 21:31:26,387 JuliusRTC0 INFO #1: こんにちは (0.712)
2015-02-09 21:31:26,388 JuliusRTC0 INFO #2: さようなら (0.288)
2015-02-09 21:31:26,389 JuliusRTC0 INFO LISTEN
