2015-03-20 09:45:15,694 manager INFO 1.1.0
2015-03-20 09:45:15,694 manager INFO Copyright (C) 2003-2010
2015-03-20 09:45:15,694 manager INFO   Noriaki Ando
2015-03-20 09:45:15,694 manager INFO   Intelligent Systems Research Institute, AIST
2015-03-20 09:45:15,694 manager INFO Manager starting.
2015-03-20 09:45:15,695 manager INFO Starting local logging.
2015-03-20 09:45:15,696 manager.namingmanager INFO NameServer connection succeeded: corba/localhost
2015-03-20 09:45:15,700 ManagerServant INFO Master manager not found
2015-03-20 09:45:15,701 manager WARNING Traceback (most recent call last):
  File "/usr/lib/python2.7/dist-packages/OpenRTM_aist/Manager.py", line 1900, in initManagerServant
    reffile = file(self._config.getProperty("manager.refstring_path"),'w')
IOError: [Errno 13] Permission denied: '/var/log/rtcmanager.ref'

2015-03-20 09:45:15,701 LocalServiceAdmin INFO All the local services are enabled.
2015-03-20 09:45:15,712 ec_base INFO setRate(1000000.000000) done
2015-03-20 09:45:15,712 ec_base INFO setRate(1.000000) done
2015-03-20 09:45:15,713 rtobject INFO 1 execution context was created.
2015-03-20 09:45:15,713 JuliusRTC0 INFO JuliusRTC version 2.00
2015-03-20 09:45:15,713 JuliusRTC0 INFO Copyright (C) 2010-2011 Yosuke Matsusaka
2015-03-20 09:45:15,721 JuliusRTC0 INFO This component depends on following softwares and datas:
2015-03-20 09:45:15,721 JuliusRTC0 INFO 
2015-03-20 09:45:15,721 JuliusRTC0 INFO   Large Vocabulary Continuous Speech Recognition Engine Julius
2015-03-20 09:45:15,721 JuliusRTC0 INFO   (http://julius.sourceforge.jp/)
2015-03-20 09:45:15,721 JuliusRTC0 INFO   Copyright (c) 1997-2000 Information-technology Promotion Agency, Japan
2015-03-20 09:45:15,721 JuliusRTC0 INFO   Copyright (c) 1991-2008 Kawahara Lab., Kyoto University
2015-03-20 09:45:15,721 JuliusRTC0 INFO   Copyright (c) 2000-2005 Shikano Lab., Nara Institute of Science and Technology
2015-03-20 09:45:15,721 JuliusRTC0 INFO   Copyright (c) 2005-2008 Julius project team, Nagoya Institute of Technology
2015-03-20 09:45:15,721 JuliusRTC0 INFO 
2015-03-20 09:45:15,721 JuliusRTC0 INFO   VoxForge English Acoustic Model for HTK/Juilus
2015-03-20 09:45:15,722 JuliusRTC0 INFO   (http://www.voxforge.org/)
2015-03-20 09:45:15,722 JuliusRTC0 INFO   Copyright (c) 2005-2009 Ken MacLean <contact@voxforge.org>
2015-03-20 09:45:15,722 JuliusRTC0 INFO   Copyright (c) 2005-2009 Free Software Foundation
2015-03-20 09:45:15,722 JuliusRTC0 INFO 
2015-03-20 09:45:15,722 rtobject INFO Initial active configuration set is default.
2015-03-20 09:45:21,117 ec_base WARNING The component is not responding.
2015-03-20 09:45:21,117 ec_base ERROR Unknown error: Invalid state transition.
2015-03-20 09:45:22,137 JuliusRTC0 INFO LISTEN
2015-03-20 09:45:22,249 JuliusRTC0 INFO register grammar: command
2015-03-20 09:45:22,290 JuliusRTC0 INFO LISTEN
2015-03-20 09:45:22,360 JuliusRTC0 INFO LISTEN
2015-03-20 09:45:27,941 JuliusRTC0 INFO STARTREC
2015-03-20 09:45:28,588 JuliusRTC0 INFO ENDREC
2015-03-20 09:45:28,605 JuliusRTC0 INFO #1: いれいさー た (0.892)
2015-03-20 09:45:28,606 JuliusRTC0 INFO #2: いれいさー つ (0.6005)
2015-03-20 09:45:28,606 JuliusRTC0 INFO #3: いれいさー すとっぷ (0.507)
2015-03-20 09:45:28,609 JuliusRTC0 INFO LISTEN
2015-03-20 09:45:30,077 JuliusRTC0 INFO STARTREC
2015-03-20 09:45:31,524 JuliusRTC0 INFO ENDREC
2015-03-20 09:45:31,538 JuliusRTC0 INFO #1: いれいさー た (0.887)
2015-03-20 09:45:31,539 JuliusRTC0 INFO #2: いれいさー つ (0.6115)
2015-03-20 09:45:31,541 JuliusRTC0 INFO LISTEN
2015-03-20 09:45:32,383 JuliusRTC0 INFO STARTREC
2015-03-20 09:45:32,575 JuliusRTC0 INFO ENDREC
2015-03-20 09:45:32,590 JuliusRTC0 INFO #1: いれいさー つ (0.65)
2015-03-20 09:45:32,591 JuliusRTC0 INFO #2: いれいさー た (0.849)
2015-03-20 09:45:32,591 JuliusRTC0 INFO #3: いれいさー すとっぷ (0.501)
2015-03-20 09:45:32,593 JuliusRTC0 INFO LISTEN
2015-03-20 09:45:34,005 JuliusRTC0 INFO STARTREC
2015-03-20 09:45:35,585 JuliusRTC0 INFO ENDREC
2015-03-20 09:45:35,601 JuliusRTC0 INFO #1: いれいさー すとっぷ (0.9445)
2015-03-20 09:45:35,601 JuliusRTC0 INFO #2: いれいさー つ (0.555)
2015-03-20 09:45:35,602 JuliusRTC0 INFO #3: いれいさー た (0.5005)
2015-03-20 09:45:35,903 JuliusRTC0 INFO LISTEN
2015-03-20 09:45:39,978 JuliusRTC0 INFO STARTREC
2015-03-20 09:45:42,000 JuliusRTC0 INFO ENDREC
2015-03-20 09:45:42,011 JuliusRTC0 INFO #1: いれいさー ついてきて (1.0)
2015-03-20 09:45:42,271 JuliusRTC0 INFO LISTEN
2015-03-20 09:45:45,063 JuliusRTC0 INFO STARTREC
2015-03-20 09:45:48,108 JuliusRTC0 INFO ENDREC
2015-03-20 09:45:48,125 JuliusRTC0 INFO #1: いれいさー へやからでて (1.0)
2015-03-20 09:45:48,342 JuliusRTC0 INFO LISTEN
2015-03-20 09:45:51,026 JuliusRTC0 INFO STARTREC
2015-03-20 09:45:51,947 JuliusRTC0 INFO ENDREC
2015-03-20 09:45:51,960 JuliusRTC0 INFO #1: いれいさー た (0.7635)
2015-03-20 09:45:51,960 JuliusRTC0 INFO #2: いれいさー つ (0.735)
2015-03-20 09:45:51,961 JuliusRTC0 INFO #3: いれいさー すとっぷ (0.502)
2015-03-20 09:45:51,965 JuliusRTC0 INFO LISTEN
2015-03-20 09:45:53,481 JuliusRTC0 INFO STARTREC
2015-03-20 09:45:54,949 JuliusRTC0 INFO ENDREC
2015-03-20 09:45:54,966 JuliusRTC0 INFO #1: いれいさー た (0.849)
2015-03-20 09:45:54,967 JuliusRTC0 INFO #2: いれいさー つ (0.65)
2015-03-20 09:45:54,969 JuliusRTC0 INFO LISTEN
2015-03-20 09:45:56,464 JuliusRTC0 INFO STARTREC
2015-03-20 09:45:57,951 JuliusRTC0 INFO ENDREC
2015-03-20 09:45:57,967 JuliusRTC0 INFO #1: いれいさー つ (0.796)
2015-03-20 09:45:57,968 JuliusRTC0 INFO #2: いれいさー た (0.7005)
2015-03-20 09:45:57,970 JuliusRTC0 INFO LISTEN
2015-03-20 09:45:58,048 JuliusRTC0 INFO STARTREC
2015-03-20 09:45:59,498 JuliusRTC0 INFO ENDREC
2015-03-20 09:45:59,510 JuliusRTC0 INFO #1: いれいさー つ (0.8395)
2015-03-20 09:45:59,511 JuliusRTC0 INFO #2: いれいさー た (0.6555)
2015-03-20 09:45:59,511 JuliusRTC0 INFO #3: いれいさー すとっぷ (0.505)
2015-03-20 09:45:59,513 JuliusRTC0 INFO LISTEN
2015-03-20 09:46:45,052 JuliusRTC0 INFO STARTREC
2015-03-20 09:46:46,572 JuliusRTC0 INFO ENDREC
2015-03-20 09:46:46,586 JuliusRTC0 INFO #1: いれいさー た (0.746)
2015-03-20 09:46:46,586 JuliusRTC0 INFO #2: いれいさー つ (0.659)
2015-03-20 09:46:46,587 JuliusRTC0 INFO #3: いれいさー すとっぷ (0.595)
2015-03-20 09:46:46,589 JuliusRTC0 INFO LISTEN
2015-03-20 09:46:50,444 JuliusRTC0 INFO STARTREC
2015-03-20 09:46:52,073 JuliusRTC0 INFO ENDREC
2015-03-20 09:46:52,085 JuliusRTC0 INFO #1: いれいさー ついてきて (1.0)
2015-03-20 09:46:52,088 JuliusRTC0 INFO LISTEN
2015-03-20 09:46:55,077 JuliusRTC0 INFO STARTREC
2015-03-20 09:46:56,639 JuliusRTC0 INFO ENDREC
2015-03-20 09:46:56,656 JuliusRTC0 INFO #1: いれいさー すとっぷ (0.9735)
2015-03-20 09:46:56,657 JuliusRTC0 INFO #2: いれいさー つ (0.5245)
2015-03-20 09:46:56,657 JuliusRTC0 INFO #3: いれいさー た (0.502)
2015-03-20 09:46:56,661 JuliusRTC0 INFO LISTEN
2015-03-20 09:47:03,985 JuliusRTC0 INFO STARTREC
2015-03-20 09:47:05,658 JuliusRTC0 INFO ENDREC
2015-03-20 09:47:05,670 JuliusRTC0 INFO #1: いれいさー ついてきて (1.0)
2015-03-20 09:47:05,673 JuliusRTC0 INFO LISTEN
2015-03-20 09:47:08,468 JuliusRTC0 INFO STARTREC
2015-03-20 09:47:09,994 JuliusRTC0 INFO ENDREC
2015-03-20 09:47:10,011 JuliusRTC0 INFO #1: いれいさー つ (0.7435)
2015-03-20 09:47:10,012 JuliusRTC0 INFO #2: いれいさー すとっぷ (0.756)
2015-03-20 09:47:10,012 JuliusRTC0 INFO #3: いれいさー た (0.5005)
2015-03-20 09:47:10,016 JuliusRTC0 INFO LISTEN
2015-03-20 09:47:12,112 JuliusRTC0 INFO STARTREC
2015-03-20 09:47:14,514 JuliusRTC0 INFO ENDREC
2015-03-20 09:47:14,527 JuliusRTC0 INFO #1: いれいさー へやからでて (1.0)
2015-03-20 09:47:14,530 JuliusRTC0 INFO LISTEN
2015-03-20 09:47:16,654 JuliusRTC0 INFO STARTREC
2015-03-20 09:47:18,963 JuliusRTC0 INFO ENDREC
2015-03-20 09:47:18,977 JuliusRTC0 INFO #1: いれいさー すとっぷ (0.9755)
2015-03-20 09:47:18,978 JuliusRTC0 INFO #2: いれいさー つ (0.524)
2015-03-20 09:47:18,981 JuliusRTC0 INFO LISTEN
2015-03-20 09:48:30,116 JuliusRTC0 INFO STARTREC
2015-03-20 09:48:31,034 JuliusRTC0 INFO ENDREC
2015-03-20 09:48:31,050 JuliusRTC0 INFO #1: いれいさー つ (0.887)
2015-03-20 09:48:31,051 JuliusRTC0 INFO #2: いれいさー た (0.6115)
2015-03-20 09:48:31,053 JuliusRTC0 INFO LISTEN
2015-03-20 09:50:40,769 JuliusRTC0 INFO STARTREC
2015-03-20 09:50:42,294 JuliusRTC0 INFO ENDREC
2015-03-20 09:50:42,308 JuliusRTC0 INFO #1: いれいさー すとっぷ (0.799)
2015-03-20 09:50:42,308 JuliusRTC0 INFO #2: いれいさー た (0.639)
2015-03-20 09:50:42,309 JuliusRTC0 INFO #3: いれいさー つ (0.5625)
2015-03-20 09:50:42,311 JuliusRTC0 INFO LISTEN
2015-03-20 09:50:47,614 JuliusRTC0 INFO STARTREC
2015-03-20 09:50:49,197 JuliusRTC0 INFO ENDREC
2015-03-20 09:50:49,207 JuliusRTC0 INFO #1: いれいさー すとっぷ (1.0)
2015-03-20 09:50:49,213 JuliusRTC0 INFO LISTEN
2015-03-20 09:50:55,771 JuliusRTC0 INFO STARTREC
2015-03-20 09:50:58,196 JuliusRTC0 INFO ENDREC
2015-03-20 09:50:58,209 JuliusRTC0 INFO #1: いれいさー へやからでて (1.0)
2015-03-20 09:50:58,212 JuliusRTC0 INFO LISTEN
2015-03-20 09:51:11,729 JuliusRTC0 INFO STARTREC
2015-03-20 09:51:13,740 JuliusRTC0 INFO ENDREC
2015-03-20 09:51:13,756 JuliusRTC0 INFO #1: いれいさー ついてきて (1.0)
2015-03-20 09:51:13,759 JuliusRTC0 INFO LISTEN
2015-03-20 09:51:24,252 JuliusRTC0 INFO STARTREC
2015-03-20 09:51:25,739 JuliusRTC0 INFO ENDREC
2015-03-20 09:51:25,748 JuliusRTC0 INFO LISTEN
2015-03-20 09:51:25,799 JuliusRTC0 INFO STARTREC
2015-03-20 09:51:26,811 JuliusRTC0 INFO ENDREC
2015-03-20 09:51:26,826 JuliusRTC0 INFO #1: いれいさー つ (0.833)
2015-03-20 09:51:26,827 JuliusRTC0 INFO #2: いれいさー た (0.666)
2015-03-20 09:51:26,829 JuliusRTC0 INFO LISTEN
2015-03-20 09:54:07,344 JuliusRTC0 INFO STARTREC
2015-03-20 09:54:07,904 JuliusRTC0 INFO ENDREC
2015-03-20 09:54:07,922 JuliusRTC0 INFO #1: いれいさー つ (0.79)
2015-03-20 09:54:07,923 JuliusRTC0 INFO #2: いれいさー た (0.706)
2015-03-20 09:54:07,924 JuliusRTC0 INFO #3: いれいさー すとっぷ (0.504)
2015-03-20 09:54:07,927 JuliusRTC0 INFO LISTEN
2015-03-20 09:54:40,328 JuliusRTC0 INFO STARTREC
2015-03-20 09:54:40,911 JuliusRTC0 INFO ENDREC
2015-03-20 09:54:40,928 JuliusRTC0 INFO #1: いれいさー つ (0.7565)
2015-03-20 09:54:40,928 JuliusRTC0 INFO #2: いれいさー た (0.7415)
2015-03-20 09:54:40,931 JuliusRTC0 INFO LISTEN
2015-03-20 09:55:31,450 JuliusRTC0 INFO STARTREC
2015-03-20 09:55:32,075 JuliusRTC0 INFO ENDREC
2015-03-20 09:55:32,102 JuliusRTC0 INFO #1: いれいさー つ (0.9045)
2015-03-20 09:55:32,103 JuliusRTC0 INFO #2: いれいさー た (0.5915)
2015-03-20 09:55:32,108 JuliusRTC0 INFO LISTEN
2015-03-20 09:56:16,488 JuliusRTC0 INFO STARTREC
2015-03-20 09:56:17,107 JuliusRTC0 INFO ENDREC
2015-03-20 09:56:17,121 JuliusRTC0 INFO #1: いれいさー つ (0.7895)
2015-03-20 09:56:17,122 JuliusRTC0 INFO #2: いれいさー た (0.708)
2015-03-20 09:56:17,124 JuliusRTC0 INFO LISTEN
2015-03-20 09:56:26,959 JuliusRTC0 INFO STARTREC
2015-03-20 09:56:27,518 JuliusRTC0 INFO ENDREC
2015-03-20 09:56:27,538 JuliusRTC0 INFO #1: いれいさー た (0.8055)
2015-03-20 09:56:27,539 JuliusRTC0 INFO #2: いれいさー つ (0.6935)
2015-03-20 09:56:27,539 JuliusRTC0 INFO #3: いれいさー すとっぷ (0.501)
2015-03-20 09:56:27,543 JuliusRTC0 INFO LISTEN
2015-03-20 09:56:49,532 JuliusRTC0 INFO STARTREC
2015-03-20 09:56:50,103 JuliusRTC0 INFO ENDREC
2015-03-20 09:56:50,129 JuliusRTC0 INFO #1: いれいさー つ (0.785)
2015-03-20 09:56:50,130 JuliusRTC0 INFO #2: いれいさー た (0.7105)
2015-03-20 09:56:50,132 JuliusRTC0 INFO LISTEN
2015-03-20 09:57:32,072 JuliusRTC0 INFO STARTREC
2015-03-20 09:57:33,191 JuliusRTC0 INFO ENDREC
2015-03-20 09:57:33,213 JuliusRTC0 INFO #1: いれいさー つ (0.764)
2015-03-20 09:57:33,213 JuliusRTC0 INFO #2: いれいさー た (0.7195)
2015-03-20 09:57:33,214 JuliusRTC0 INFO #3: いれいさー すとっぷ (0.5155)
2015-03-20 09:57:33,216 JuliusRTC0 INFO LISTEN
2015-03-20 09:57:50,086 JuliusRTC0 INFO STARTREC
2015-03-20 09:57:50,185 JuliusRTC0 INFO ENDREC
2015-03-20 09:57:50,209 JuliusRTC0 INFO #1: いれいさー つ (0.9085)
2015-03-20 09:57:50,210 JuliusRTC0 INFO #2: いれいさー た (0.591)
2015-03-20 09:57:50,215 JuliusRTC0 INFO LISTEN
2015-03-20 09:59:03,664 JuliusRTC0 INFO STARTREC
2015-03-20 09:59:04,644 JuliusRTC0 INFO ENDREC
2015-03-20 09:59:04,664 JuliusRTC0 INFO #1: いれいさー つ (0.9845)
2015-03-20 09:59:04,665 JuliusRTC0 INFO #2: いれいさー た (0.515)
2015-03-20 09:59:04,668 JuliusRTC0 INFO LISTEN
2015-03-20 10:02:04,830 JuliusRTC0 INFO STARTREC
2015-03-20 10:02:06,223 JuliusRTC0 INFO ENDREC
2015-03-20 10:02:06,244 JuliusRTC0 INFO #1: いれいさー た (0.8265)
2015-03-20 10:02:06,245 JuliusRTC0 INFO #2: いれいさー つ (0.672)
2015-03-20 10:02:06,250 JuliusRTC0 INFO LISTEN
2015-03-20 10:02:11,370 JuliusRTC0 INFO STARTREC
2015-03-20 10:02:12,305 JuliusRTC0 INFO ENDREC
2015-03-20 10:02:12,321 JuliusRTC0 INFO #1: いれいさー つ (0.8565)
2015-03-20 10:02:12,322 JuliusRTC0 INFO #2: いれいさー た (0.643)
2015-03-20 10:02:12,328 JuliusRTC0 INFO LISTEN
2015-03-20 10:02:55,838 JuliusRTC0 INFO STARTREC
2015-03-20 10:02:56,419 JuliusRTC0 INFO ENDREC
2015-03-20 10:02:56,434 JuliusRTC0 INFO #1: いれいさー つ (0.8975)
2015-03-20 10:02:56,435 JuliusRTC0 INFO #2: いれいさー た (0.6005)
2015-03-20 10:02:56,438 JuliusRTC0 INFO LISTEN
2015-03-20 10:03:15,896 JuliusRTC0 INFO STARTREC
2015-03-20 10:03:16,803 JuliusRTC0 INFO ENDREC
2015-03-20 10:03:16,823 JuliusRTC0 INFO #1: いれいさー つ (0.791)
2015-03-20 10:03:16,825 JuliusRTC0 INFO #2: いれいさー た (0.708)
2015-03-20 10:03:16,828 JuliusRTC0 INFO LISTEN
2015-03-20 10:05:53,574 JuliusRTC0 INFO STARTREC
2015-03-20 10:05:54,554 JuliusRTC0 INFO ENDREC
2015-03-20 10:05:54,574 JuliusRTC0 INFO #1: いれいさー つ (0.8445)
2015-03-20 10:05:54,575 JuliusRTC0 INFO #2: いれいさー た (0.655)
2015-03-20 10:05:54,576 JuliusRTC0 INFO #3: いれいさー すとっぷ (0.5005)
2015-03-20 10:05:54,578 JuliusRTC0 INFO LISTEN
2015-03-20 10:05:55,081 JuliusRTC0 INFO STARTREC
2015-03-20 10:05:56,547 JuliusRTC0 INFO ENDREC
2015-03-20 10:05:56,569 JuliusRTC0 INFO #1: いれいさー た (0.761)
2015-03-20 10:05:56,570 JuliusRTC0 INFO #2: いれいさー つ (0.7315)
2015-03-20 10:05:56,572 JuliusRTC0 INFO #3: いれいさー すとっぷ (0.507)
2015-03-20 10:05:56,573 JuliusRTC0 INFO #4: いれいさー へやからでて (0.5)
2015-03-20 10:05:56,577 JuliusRTC0 INFO LISTEN
2015-03-20 10:05:58,928 JuliusRTC0 INFO STARTREC
2015-03-20 10:06:00,432 JuliusRTC0 INFO ENDREC
2015-03-20 10:06:00,458 JuliusRTC0 INFO #1: いれいさー すとっぷ (0.9635)
2015-03-20 10:06:00,458 JuliusRTC0 INFO #2: いれいさー つ (0.5335)
2015-03-20 10:06:00,460 JuliusRTC0 INFO #3: いれいさー た (0.5025)
2015-03-20 10:06:00,467 JuliusRTC0 INFO LISTEN
2015-03-20 10:06:02,002 JuliusRTC0 INFO STARTREC
2015-03-20 10:06:18,583 JuliusRTC0 INFO ENDREC
2015-03-20 10:06:18,614 JuliusRTC0 INFO #1: いれいさー へやからでて (0.991)
2015-03-20 10:06:18,620 JuliusRTC0 INFO LISTEN
2015-03-20 10:06:19,060 JuliusRTC0 INFO STARTREC
2015-03-20 10:06:20,606 JuliusRTC0 INFO ENDREC
2015-03-20 10:06:20,621 JuliusRTC0 INFO #1: いれいさー ついてきて (0.9915)
2015-03-20 10:06:20,622 JuliusRTC0 INFO #2: いれいさー つ (0.5055)
2015-03-20 10:06:20,622 JuliusRTC0 INFO #3: いれいさー へやからでて (0.501)
2015-03-20 10:06:20,623 JuliusRTC0 INFO #4: いれいさー すとっぷ (0.5015)
2015-03-20 10:06:20,628 JuliusRTC0 INFO LISTEN
2015-03-20 10:06:22,941 JuliusRTC0 INFO STARTREC
2015-03-20 10:06:23,109 JuliusRTC0 INFO ENDREC
2015-03-20 10:06:23,125 JuliusRTC0 INFO #1: いれいさー つ (0.755)
2015-03-20 10:06:23,126 JuliusRTC0 INFO #2: いれいさー た (0.744)
2015-03-20 10:06:23,127 JuliusRTC0 INFO #3: いれいさー すとっぷ (0.5005)
2015-03-20 10:06:23,130 JuliusRTC0 INFO LISTEN
2015-03-20 10:06:25,080 JuliusRTC0 INFO STARTREC
2015-03-20 10:06:26,638 JuliusRTC0 INFO ENDREC
2015-03-20 10:06:26,655 JuliusRTC0 INFO #1: いれいさー ついてきて (1.0)
2015-03-20 10:06:26,666 JuliusRTC0 INFO LISTEN
2015-03-20 10:06:29,548 JuliusRTC0 INFO STARTREC
2015-03-20 10:06:31,049 JuliusRTC0 INFO ENDREC
2015-03-20 10:06:31,089 JuliusRTC0 INFO #1: いれいさー すとっぷ (0.8405)
2015-03-20 10:06:31,089 JuliusRTC0 INFO #2: いれいさー た (0.6345)
2015-03-20 10:06:31,090 JuliusRTC0 INFO #3: いれいさー つ (0.525)
2015-03-20 10:06:31,090 JuliusRTC0 INFO #4: いれいさー へやからでて (0.5)
2015-03-20 10:06:31,099 JuliusRTC0 INFO LISTEN
2015-03-20 10:06:32,557 JuliusRTC0 INFO STARTREC
2015-03-20 10:06:40,983 JuliusRTC0 INFO ENDREC
2015-03-20 10:06:41,003 JuliusRTC0 INFO #1: いれいさー ついてきて (0.9385)
2015-03-20 10:06:41,009 JuliusRTC0 INFO LISTEN
2015-03-20 10:06:41,040 JuliusRTC0 INFO STARTREC
2015-03-20 10:06:42,542 JuliusRTC0 INFO ENDREC
2015-03-20 10:06:42,554 JuliusRTC0 INFO #1: いれいさー すとっぷ (0.8795)
2015-03-20 10:06:42,555 JuliusRTC0 INFO #2: いれいさー た (0.602)
2015-03-20 10:06:42,556 JuliusRTC0 INFO #3: いれいさー つ (0.518)
2015-03-20 10:06:42,563 JuliusRTC0 INFO LISTEN
2015-03-20 10:06:43,955 JuliusRTC0 INFO STARTREC
2015-03-20 10:06:44,629 JuliusRTC0 INFO ENDREC
2015-03-20 10:06:44,645 JuliusRTC0 INFO #1: いれいさー つ (0.8)
2015-03-20 10:06:44,646 JuliusRTC0 INFO #2: いれいさー た (0.6935)
2015-03-20 10:06:44,647 JuliusRTC0 INFO #3: いれいさー すとっぷ (0.506)
2015-03-20 10:06:44,650 JuliusRTC0 INFO LISTEN
2015-03-20 10:06:45,580 JuliusRTC0 INFO STARTREC
2015-03-20 10:06:52,071 JuliusRTC0 INFO ENDREC
2015-03-20 10:06:52,093 JuliusRTC0 INFO #1: いれいさー すとっぷ (0.976)
2015-03-20 10:06:52,094 JuliusRTC0 INFO #2: いれいさー ついてきて (0.5005)
2015-03-20 10:06:52,097 JuliusRTC0 INFO LISTEN
2015-03-20 10:06:52,124 JuliusRTC0 INFO STARTREC
2015-03-20 10:06:52,991 JuliusRTC0 INFO ENDREC
2015-03-20 10:06:53,009 JuliusRTC0 INFO LISTEN
2015-03-20 10:06:53,089 JuliusRTC0 INFO STARTREC
2015-03-20 10:06:53,685 JuliusRTC0 INFO ENDREC
2015-03-20 10:06:53,699 JuliusRTC0 INFO #1: いれいさー つ (0.786)
2015-03-20 10:06:53,700 JuliusRTC0 INFO #2: いれいさー た (0.7135)
2015-03-20 10:06:53,702 JuliusRTC0 INFO LISTEN
2015-03-20 10:06:55,132 JuliusRTC0 INFO STARTREC
2015-03-20 10:06:56,679 JuliusRTC0 INFO ENDREC
2015-03-20 10:06:56,694 JuliusRTC0 INFO #1: いれいさー すとっぷ (0.8365)
2015-03-20 10:06:56,695 JuliusRTC0 INFO #2: いれいさー つ (0.588)
2015-03-20 10:06:56,696 JuliusRTC0 INFO #3: いれいさー た (0.5755)
2015-03-20 10:06:56,700 JuliusRTC0 INFO LISTEN
2015-03-20 10:06:57,516 JuliusRTC0 INFO STARTREC
2015-03-20 10:06:58,078 JuliusRTC0 INFO ENDREC
2015-03-20 10:06:58,100 JuliusRTC0 INFO #1: いれいさー つ (0.777)
2015-03-20 10:06:58,101 JuliusRTC0 INFO #2: いれいさー た (0.7225)
2015-03-20 10:06:58,107 JuliusRTC0 INFO LISTEN
2015-03-20 10:06:59,620 JuliusRTC0 INFO STARTREC
2015-03-20 10:07:02,003 JuliusRTC0 INFO ENDREC
2015-03-20 10:07:02,026 JuliusRTC0 INFO #1: いれいさー ついてきて (1.0)
2015-03-20 10:07:02,040 JuliusRTC0 INFO LISTEN
2015-03-20 10:07:04,155 JuliusRTC0 INFO STARTREC
2015-03-20 10:07:05,573 JuliusRTC0 INFO ENDREC
2015-03-20 10:07:05,594 JuliusRTC0 INFO #1: いれいさー た (0.8955)
2015-03-20 10:07:05,594 JuliusRTC0 INFO #2: いれいさー つ (0.599)
2015-03-20 10:07:05,595 JuliusRTC0 INFO #3: いれいさー すとっぷ (0.505)
2015-03-20 10:07:05,600 JuliusRTC0 INFO LISTEN
2015-03-20 10:07:06,484 JuliusRTC0 INFO STARTREC
2015-03-20 10:07:07,074 JuliusRTC0 INFO ENDREC
2015-03-20 10:07:07,094 JuliusRTC0 INFO #1: いれいさー つ (0.808)
2015-03-20 10:07:07,095 JuliusRTC0 INFO #2: いれいさー た (0.6885)
2015-03-20 10:07:07,098 JuliusRTC0 INFO #3: いれいさー すとっぷ (0.5035)
2015-03-20 10:07:07,101 JuliusRTC0 INFO LISTEN
2015-03-20 10:07:08,016 JuliusRTC0 INFO STARTREC
2015-03-20 10:07:10,990 JuliusRTC0 INFO ENDREC
2015-03-20 10:07:11,016 JuliusRTC0 INFO #1: いれいさー た (0.8285)
2015-03-20 10:07:11,017 JuliusRTC0 INFO #2: いれいさー つ (0.6655)
2015-03-20 10:07:11,018 JuliusRTC0 INFO #3: いれいさー すとっぷ (0.505)
2015-03-20 10:07:11,018 JuliusRTC0 INFO #4: いれいさー へやからでて (0.501)
2015-03-20 10:07:11,021 JuliusRTC0 INFO LISTEN
2015-03-20 10:07:11,061 JuliusRTC0 INFO STARTREC
2015-03-20 10:07:11,610 JuliusRTC0 INFO ENDREC
2015-03-20 10:07:11,628 JuliusRTC0 INFO #1: いれいさー た (0.8475)
2015-03-20 10:07:11,629 JuliusRTC0 INFO #2: いれいさー つ (0.647)
2015-03-20 10:07:11,635 JuliusRTC0 INFO LISTEN
2015-03-20 10:07:12,489 JuliusRTC0 INFO STARTREC
2015-03-20 10:07:14,580 JuliusRTC0 INFO ENDREC
2015-03-20 10:07:14,615 JuliusRTC0 INFO #1: いれいさー すとっぷ (0.931)
2015-03-20 10:07:14,615 JuliusRTC0 INFO #2: いれいさー つ (0.5475)
2015-03-20 10:07:14,625 JuliusRTC0 INFO LISTEN
2015-03-20 10:07:15,605 JuliusRTC0 INFO STARTREC
2015-03-20 10:07:19,993 JuliusRTC0 INFO ENDREC
2015-03-20 10:07:20,014 JuliusRTC0 INFO #1: いれいさー つ (0.8935)
2015-03-20 10:07:20,015 JuliusRTC0 INFO #2: いれいさー た (0.5805)
2015-03-20 10:07:20,015 JuliusRTC0 INFO #3: いれいさー すとっぷ (0.524)
2015-03-20 10:07:20,016 JuliusRTC0 INFO #4: いれいさー へやからでて (0.5015)
2015-03-20 10:07:20,018 JuliusRTC0 INFO LISTEN
2015-03-20 10:07:20,068 JuliusRTC0 INFO STARTREC
2015-03-20 10:07:22,192 JuliusRTC0 INFO ENDREC
2015-03-20 10:07:22,214 JuliusRTC0 INFO #1: いれいさー つ (0.819)
2015-03-20 10:07:22,214 JuliusRTC0 INFO #2: いれいさー た (0.6355)
2015-03-20 10:07:22,215 JuliusRTC0 INFO #3: いれいさー すとっぷ (0.542)
2015-03-20 10:07:22,215 JuliusRTC0 INFO #4: いれいさー ついてきて (0.503)
2015-03-20 10:07:22,218 JuliusRTC0 INFO LISTEN
2015-03-20 10:08:34,206 JuliusRTC0 INFO STARTREC
2015-03-20 10:08:35,172 JuliusRTC0 INFO ENDREC
2015-03-20 10:08:35,190 JuliusRTC0 INFO #1: いれいさー つ (0.8215)
2015-03-20 10:08:35,190 JuliusRTC0 INFO #2: いれいさー た (0.667)
2015-03-20 10:08:35,191 JuliusRTC0 INFO #3: いれいさー すとっぷ (0.511)
2015-03-20 10:08:35,194 JuliusRTC0 INFO LISTEN
2015-03-20 10:08:47,693 JuliusRTC0 INFO STARTREC
2015-03-20 10:08:48,627 JuliusRTC0 INFO ENDREC
2015-03-20 10:08:48,644 JuliusRTC0 INFO #1: いれいさー つ (0.864)
2015-03-20 10:08:48,645 JuliusRTC0 INFO #2: いれいさー た (0.621)
2015-03-20 10:08:48,645 JuliusRTC0 INFO #3: いれいさー すとっぷ (0.5145)
2015-03-20 10:08:48,648 JuliusRTC0 INFO LISTEN
2015-03-20 10:08:51,637 JuliusRTC0 INFO STARTREC
2015-03-20 10:08:52,242 JuliusRTC0 INFO ENDREC
2015-03-20 10:08:52,257 JuliusRTC0 INFO #1: いれいさー た (0.768)
2015-03-20 10:08:52,257 JuliusRTC0 INFO #2: いれいさー つ (0.7295)
2015-03-20 10:08:52,260 JuliusRTC0 INFO LISTEN
2015-03-20 10:08:53,086 JuliusRTC0 INFO STARTREC
2015-03-20 10:08:53,754 JuliusRTC0 INFO ENDREC
2015-03-20 10:08:53,773 JuliusRTC0 INFO #1: いれいさー つ (0.78)
2015-03-20 10:08:53,774 JuliusRTC0 INFO #2: いれいさー た (0.715)
2015-03-20 10:08:53,774 JuliusRTC0 INFO #3: いれいさー すとっぷ (0.504)
2015-03-20 10:08:53,775 JuliusRTC0 INFO #4: いれいさー ついてきて (0.5005)
2015-03-20 10:08:53,775 JuliusRTC0 INFO #5: いれいさー へやからでて (0.5005)
2015-03-20 10:08:53,777 JuliusRTC0 INFO LISTEN
2015-03-20 10:08:57,662 JuliusRTC0 INFO STARTREC
2015-03-20 10:08:59,070 JuliusRTC0 INFO ENDREC
2015-03-20 10:08:59,086 JuliusRTC0 INFO #1: いれいさー つ (0.7475)
2015-03-20 10:08:59,086 JuliusRTC0 INFO #2: いれいさー た (0.736)
2015-03-20 10:08:59,088 JuliusRTC0 INFO #3: いれいさー すとっぷ (0.5165)
2015-03-20 10:08:59,089 JuliusRTC0 INFO LISTEN
2015-03-20 10:09:20,127 JuliusRTC0 INFO STARTREC
2015-03-20 10:09:21,674 JuliusRTC0 INFO ENDREC
2015-03-20 10:09:21,689 JuliusRTC0 INFO #1: いれいさー つ (0.762)
2015-03-20 10:09:21,690 JuliusRTC0 INFO #2: いれいさー すとっぷ (0.666)
2015-03-20 10:09:21,690 JuliusRTC0 INFO #3: いれいさー た (0.5715)
2015-03-20 10:09:21,691 JuliusRTC0 INFO #4: いれいさー ついてきて (0.5)
2015-03-20 10:09:21,694 JuliusRTC0 INFO LISTEN
2015-03-20 10:09:28,219 JuliusRTC0 INFO STARTREC
2015-03-20 10:09:29,161 JuliusRTC0 INFO ENDREC
2015-03-20 10:09:29,180 JuliusRTC0 INFO #1: いれいさー た (0.7975)
2015-03-20 10:09:29,182 JuliusRTC0 INFO #2: いれいさー つ (0.7005)
2015-03-20 10:09:29,184 JuliusRTC0 INFO LISTEN
2015-03-20 10:09:29,233 JuliusRTC0 INFO STARTREC
2015-03-20 10:09:30,580 JuliusRTC0 INFO ENDREC
2015-03-20 10:09:30,598 JuliusRTC0 INFO #1: いれいさー た (0.811)
2015-03-20 10:09:30,599 JuliusRTC0 INFO #2: いれいさー つ (0.6815)
2015-03-20 10:09:30,599 JuliusRTC0 INFO #3: いれいさー すとっぷ (0.5075)
2015-03-20 10:09:30,602 JuliusRTC0 INFO LISTEN
2015-03-20 10:09:39,576 JuliusRTC0 INFO STARTREC
2015-03-20 10:09:39,741 JuliusRTC0 INFO ENDREC
2015-03-20 10:09:39,757 JuliusRTC0 INFO #1: いれいさー た (0.8965)
2015-03-20 10:09:39,758 JuliusRTC0 INFO #2: いれいさー つ (0.598)
2015-03-20 10:09:39,758 JuliusRTC0 INFO #3: いれいさー すとっぷ (0.505)
2015-03-20 10:09:39,759 JuliusRTC0 INFO #4: いれいさー ついてきて (0.5005)
2015-03-20 10:09:39,759 JuliusRTC0 INFO #5: いれいさー へやからでて (0.5)
2015-03-20 10:09:39,762 JuliusRTC0 INFO LISTEN
2015-03-20 10:09:41,739 JuliusRTC0 INFO STARTREC
2015-03-20 10:09:42,675 JuliusRTC0 INFO ENDREC
2015-03-20 10:09:42,692 JuliusRTC0 INFO #1: いれいさー つ (0.993)
2015-03-20 10:09:42,693 JuliusRTC0 INFO #2: いれいさー た (0.507)
2015-03-20 10:09:42,695 JuliusRTC0 INFO LISTEN
2015-03-20 10:09:48,602 JuliusRTC0 INFO STARTREC
2015-03-20 10:09:48,723 JuliusRTC0 INFO ENDREC
2015-03-20 10:09:48,740 JuliusRTC0 INFO #1: いれいさー た (0.773)
2015-03-20 10:09:48,741 JuliusRTC0 INFO #2: いれいさー つ (0.727)
2015-03-20 10:09:48,743 JuliusRTC0 INFO LISTEN
2015-03-20 10:10:20,766 JuliusRTC0 INFO STARTREC
2015-03-20 10:10:21,742 JuliusRTC0 INFO ENDREC
2015-03-20 10:10:21,760 JuliusRTC0 INFO #1: いれいさー た (0.7705)
2015-03-20 10:10:21,760 JuliusRTC0 INFO #2: いれいさー つ (0.7255)
2015-03-20 10:10:21,763 JuliusRTC0 INFO LISTEN
2015-03-20 10:10:22,228 JuliusRTC0 INFO STARTREC
2015-03-20 10:10:23,754 JuliusRTC0 INFO ENDREC
2015-03-20 10:10:23,773 JuliusRTC0 INFO #1: いれいさー つ (0.839)
2015-03-20 10:10:23,773 JuliusRTC0 INFO #2: いれいさー た (0.6575)
2015-03-20 10:10:23,774 JuliusRTC0 INFO #3: いれいさー すとっぷ (0.5035)
2015-03-20 10:10:23,777 JuliusRTC0 INFO LISTEN
2015-03-20 10:10:23,784 JuliusRTC0 INFO STARTREC
2015-03-20 10:10:25,219 JuliusRTC0 INFO ENDREC
2015-03-20 10:10:25,237 JuliusRTC0 INFO #1: いれいさー つ (0.871)
2015-03-20 10:10:25,238 JuliusRTC0 INFO #2: いれいさー た (0.624)
2015-03-20 10:10:25,238 JuliusRTC0 INFO #3: いれいさー すとっぷ (0.505)
2015-03-20 10:10:25,240 JuliusRTC0 INFO LISTEN
2015-03-20 10:10:25,311 JuliusRTC0 INFO STARTREC
2015-03-20 10:10:34,216 JuliusRTC0 INFO ENDREC
2015-03-20 10:10:34,238 JuliusRTC0 INFO #1: いれいさー へやからでて (0.845)
2015-03-20 10:10:34,239 JuliusRTC0 INFO #2: いれいさー た (0.639)
2015-03-20 10:10:34,240 JuliusRTC0 INFO #3: いれいさー つ (0.516)
2015-03-20 10:10:34,243 JuliusRTC0 INFO LISTEN
2015-03-20 10:10:38,198 JuliusRTC0 INFO STARTREC
2015-03-20 10:10:41,119 JuliusRTC0 INFO ENDREC
2015-03-20 10:10:41,131 JuliusRTC0 INFO #1: いれいさー すとっぷ (0.9835)
2015-03-20 10:10:41,132 JuliusRTC0 INFO #2: いれいさー つ (0.5165)
2015-03-20 10:10:41,135 JuliusRTC0 INFO LISTEN
2015-03-20 10:10:44,196 JuliusRTC0 INFO STARTREC
2015-03-20 10:10:46,223 JuliusRTC0 INFO ENDREC
2015-03-20 10:10:46,233 JuliusRTC0 INFO #1: いれいさー ついてきて (1.0)
2015-03-20 10:10:46,237 JuliusRTC0 INFO LISTEN
2015-03-20 10:10:49,256 JuliusRTC0 INFO STARTREC
2015-03-20 10:10:50,316 JuliusRTC0 INFO ENDREC
2015-03-20 10:10:50,331 JuliusRTC0 INFO #1: いれいさー た (0.8765)
2015-03-20 10:10:50,332 JuliusRTC0 INFO #2: いれいさー つ (0.6215)
2015-03-20 10:10:50,335 JuliusRTC0 INFO LISTEN
2015-03-20 10:10:51,626 JuliusRTC0 INFO STARTREC
2015-03-20 10:10:51,813 JuliusRTC0 INFO ENDREC
2015-03-20 10:10:51,832 JuliusRTC0 INFO #1: いれいさー つ (0.7735)
2015-03-20 10:10:51,833 JuliusRTC0 INFO #2: いれいさー た (0.724)
2015-03-20 10:10:51,836 JuliusRTC0 INFO LISTEN
2015-03-20 10:10:52,268 JuliusRTC0 INFO STARTREC
2015-03-20 10:10:53,239 JuliusRTC0 INFO ENDREC
2015-03-20 10:10:53,253 JuliusRTC0 INFO #1: いれいさー つ (0.828)
2015-03-20 10:10:53,254 JuliusRTC0 INFO #2: いれいさー た (0.6675)
2015-03-20 10:10:53,256 JuliusRTC0 INFO LISTEN
2015-03-20 10:11:06,711 JuliusRTC0 INFO STARTREC
2015-03-20 10:11:08,169 JuliusRTC0 INFO ENDREC
2015-03-20 10:11:08,187 JuliusRTC0 INFO #1: いれいさー つ (0.8325)
2015-03-20 10:11:08,190 JuliusRTC0 INFO #2: いれいさー た (0.666)
2015-03-20 10:11:08,191 JuliusRTC0 INFO #3: いれいさー すとっぷ (0.501)
2015-03-20 10:11:08,194 JuliusRTC0 INFO LISTEN
2015-03-20 10:11:27,782 JuliusRTC0 INFO STARTREC
2015-03-20 10:11:29,162 JuliusRTC0 INFO ENDREC
2015-03-20 10:11:29,181 JuliusRTC0 INFO #1: いれいさー た (0.7525)
2015-03-20 10:11:29,181 JuliusRTC0 INFO #2: いれいさー つ (0.7455)
2015-03-20 10:11:29,182 JuliusRTC0 INFO #3: いれいさー すとっぷ (0.502)
2015-03-20 10:11:29,186 JuliusRTC0 INFO LISTEN
2015-03-20 10:11:29,244 JuliusRTC0 INFO STARTREC
2015-03-20 10:11:29,798 JuliusRTC0 INFO ENDREC
2015-03-20 10:11:29,821 JuliusRTC0 INFO #1: いれいさー つ (0.971)
2015-03-20 10:11:29,824 JuliusRTC0 INFO #2: いれいさー た (0.527)
2015-03-20 10:11:29,829 JuliusRTC0 INFO LISTEN
2015-03-20 10:11:29,850 JuliusRTC0 INFO STARTREC
2015-03-20 10:11:31,364 JuliusRTC0 INFO ENDREC
2015-03-20 10:11:31,386 JuliusRTC0 INFO #1: いれいさー すとっぷ (0.9995)
2015-03-20 10:11:31,392 JuliusRTC0 INFO LISTEN
2015-03-20 10:11:38,158 JuliusRTC0 INFO STARTREC
2015-03-20 10:11:39,772 JuliusRTC0 INFO ENDREC
2015-03-20 10:11:39,800 JuliusRTC0 INFO #1: いれいさー つ (0.8425)
2015-03-20 10:11:39,801 JuliusRTC0 INFO #2: いれいさー た (0.6555)
2015-03-20 10:11:39,807 JuliusRTC0 INFO LISTEN
2015-03-20 10:11:39,851 JuliusRTC0 INFO STARTREC
2015-03-20 10:11:42,720 JuliusRTC0 INFO ENDREC
2015-03-20 10:11:42,771 JuliusRTC0 INFO #1: いれいさー すとっぷ (0.953)
2015-03-20 10:11:42,772 JuliusRTC0 INFO #2: いれいさー つ (0.5275)
2015-03-20 10:11:42,774 JuliusRTC0 INFO #3: いれいさー た (0.5195)
2015-03-20 10:11:42,802 JuliusRTC0 INFO LISTEN
2015-03-20 10:11:45,708 JuliusRTC0 INFO STARTREC
2015-03-20 10:11:46,269 JuliusRTC0 INFO ENDREC
2015-03-20 10:11:46,305 JuliusRTC0 INFO #1: いれいさー つ (0.9485)
2015-03-20 10:11:46,306 JuliusRTC0 INFO #2: いれいさー た (0.547)
2015-03-20 10:11:46,307 JuliusRTC0 INFO #3: いれいさー すとっぷ (0.5045)
2015-03-20 10:11:46,309 JuliusRTC0 INFO LISTEN
2015-03-20 10:11:46,317 JuliusRTC0 INFO STARTREC
2015-03-20 10:11:47,889 JuliusRTC0 INFO ENDREC
2015-03-20 10:11:47,907 JuliusRTC0 INFO #1: いれいさー ついてきて (1.0)
2015-03-20 10:11:47,911 JuliusRTC0 INFO LISTEN
2015-03-20 10:11:48,761 JuliusRTC0 INFO STARTREC
2015-03-20 10:11:51,722 JuliusRTC0 INFO ENDREC
2015-03-20 10:11:51,740 JuliusRTC0 INFO #1: いれいさー た (0.899)
2015-03-20 10:11:51,741 JuliusRTC0 INFO #2: いれいさー へやからでて (0.569)
2015-03-20 10:11:51,742 JuliusRTC0 INFO #3: いれいさー つ (0.5145)
2015-03-20 10:11:51,742 JuliusRTC0 INFO #4: いれいさー すとっぷ (0.5165)
2015-03-20 10:11:51,742 JuliusRTC0 INFO #5: いれいさー ついてきて (0.5005)
2015-03-20 10:11:51,746 JuliusRTC0 INFO LISTEN
2015-03-20 10:11:52,344 JuliusRTC0 INFO STARTREC
2015-03-20 10:11:57,840 JuliusRTC0 INFO ENDREC
2015-03-20 10:11:57,866 JuliusRTC0 INFO #1: いれいさー つ (0.7935)
2015-03-20 10:11:57,867 JuliusRTC0 INFO #2: いれいさー た (0.6885)
2015-03-20 10:11:57,868 JuliusRTC0 INFO #3: いれいさー すとっぷ (0.5115)
2015-03-20 10:11:57,869 JuliusRTC0 INFO #4: いれいさー ついてきて (0.505)
2015-03-20 10:11:57,869 JuliusRTC0 INFO #5: いれいさー へやからでて (0.5015)
2015-03-20 10:11:57,873 JuliusRTC0 INFO LISTEN
2015-03-20 10:11:59,266 JuliusRTC0 INFO STARTREC
2015-03-20 10:12:01,291 JuliusRTC0 INFO ENDREC
2015-03-20 10:12:01,310 JuliusRTC0 INFO #1: いれいさー つ (0.812)
2015-03-20 10:12:01,317 JuliusRTC0 INFO #2: いれいさー た (0.6605)
2015-03-20 10:12:01,320 JuliusRTC0 INFO #3: いれいさー すとっぷ (0.527)
2015-03-20 10:12:01,323 JuliusRTC0 INFO LISTEN
2015-03-20 10:12:01,376 JuliusRTC0 INFO STARTREC
2015-03-20 10:12:02,306 JuliusRTC0 INFO ENDREC
2015-03-20 10:12:02,326 JuliusRTC0 INFO #1: いれいさー つ (0.796)
2015-03-20 10:12:02,327 JuliusRTC0 INFO #2: いれいさー た (0.6905)
2015-03-20 10:12:02,328 JuliusRTC0 INFO #3: いれいさー すとっぷ (0.5135)
2015-03-20 10:12:02,330 JuliusRTC0 INFO LISTEN
2015-03-20 10:12:02,853 JuliusRTC0 INFO STARTREC
2015-03-20 10:12:06,688 JuliusRTC0 INFO ENDREC
2015-03-20 10:12:06,710 JuliusRTC0 INFO #1: いれいさー た (0.74)
2015-03-20 10:12:06,711 JuliusRTC0 INFO #2: いれいさー つ (0.7095)
2015-03-20 10:12:06,712 JuliusRTC0 INFO #3: いれいさー すとっぷ (0.5485)
2015-03-20 10:12:06,713 JuliusRTC0 INFO #4: いれいさー ついてきて (0.5015)
2015-03-20 10:12:06,713 JuliusRTC0 INFO #5: いれいさー へやからでて (0.5005)
2015-03-20 10:12:06,718 JuliusRTC0 INFO LISTEN
2015-03-20 10:12:06,797 JuliusRTC0 INFO STARTREC
2015-03-20 10:12:08,211 JuliusRTC0 INFO ENDREC
2015-03-20 10:12:08,228 JuliusRTC0 INFO #1: いれいさー つ (0.8265)
2015-03-20 10:12:08,229 JuliusRTC0 INFO #2: いれいさー た (0.668)
2015-03-20 10:12:08,230 JuliusRTC0 INFO #3: いれいさー すとっぷ (0.5045)
2015-03-20 10:12:08,233 JuliusRTC0 INFO LISTEN
2015-03-20 10:12:08,282 JuliusRTC0 INFO STARTREC
2015-03-20 10:12:09,832 JuliusRTC0 INFO ENDREC
2015-03-20 10:12:09,851 JuliusRTC0 INFO #1: いれいさー つ (0.7815)
2015-03-20 10:12:09,852 JuliusRTC0 INFO #2: いれいさー た (0.6145)
2015-03-20 10:12:09,853 JuliusRTC0 INFO #3: いれいさー すとっぷ (0.602)
2015-03-20 10:12:09,854 JuliusRTC0 INFO #4: いれいさー ついてきて (0.502)
2015-03-20 10:12:09,859 JuliusRTC0 INFO LISTEN
2015-03-20 10:12:09,860 JuliusRTC0 INFO STARTREC
2015-03-20 10:12:11,196 JuliusRTC0 INFO ENDREC
2015-03-20 10:12:11,211 JuliusRTC0 INFO #1: いれいさー た (0.8545)
2015-03-20 10:12:11,212 JuliusRTC0 INFO #2: いれいさー つ (0.6355)
2015-03-20 10:12:11,213 JuliusRTC0 INFO #3: いれいさー すとっぷ (0.51)
2015-03-20 10:12:11,215 JuliusRTC0 INFO LISTEN
2015-03-20 10:12:11,244 JuliusRTC0 INFO STARTREC
2015-03-20 10:12:11,802 JuliusRTC0 INFO ENDREC
2015-03-20 10:12:11,818 JuliusRTC0 INFO #1: いれいさー た (0.7615)
2015-03-20 10:12:11,818 JuliusRTC0 INFO #2: いれいさー つ (0.729)
2015-03-20 10:12:11,819 JuliusRTC0 INFO #3: いれいさー すとっぷ (0.509)
2015-03-20 10:12:11,825 JuliusRTC0 INFO LISTEN
2015-03-20 10:12:12,713 JuliusRTC0 INFO STARTREC
2015-03-20 10:12:14,194 JuliusRTC0 INFO ENDREC
2015-03-20 10:12:14,213 JuliusRTC0 INFO #1: いれいさー た (0.7525)
2015-03-20 10:12:14,214 JuliusRTC0 INFO #2: いれいさー つ (0.728)
2015-03-20 10:12:14,215 JuliusRTC0 INFO #3: いれいさー すとっぷ (0.519)
2015-03-20 10:12:14,216 JuliusRTC0 INFO #4: いれいさー へやからでて (0.5005)
2015-03-20 10:12:14,219 JuliusRTC0 INFO LISTEN
2015-03-20 10:12:16,327 JuliusRTC0 INFO STARTREC
2015-03-20 10:12:17,918 JuliusRTC0 INFO ENDREC
2015-03-20 10:12:17,928 JuliusRTC0 INFO #1: いれいさー すとっぷ (0.9995)
2015-03-20 10:12:17,940 JuliusRTC0 INFO LISTEN
2015-03-20 10:12:20,293 JuliusRTC0 INFO STARTREC
2015-03-20 10:12:21,787 JuliusRTC0 INFO ENDREC
2015-03-20 10:12:21,814 JuliusRTC0 INFO #1: いれいさー た (0.939)
2015-03-20 10:12:21,815 JuliusRTC0 INFO #2: いれいさー つ (0.5585)
2015-03-20 10:12:21,815 JuliusRTC0 INFO #3: いれいさー すとっぷ (0.5015)
2015-03-20 10:12:21,816 JuliusRTC0 INFO #4: いれいさー へやからでて (0.5005)
2015-03-20 10:12:21,819 JuliusRTC0 INFO LISTEN
2015-03-20 10:12:21,877 JuliusRTC0 INFO STARTREC
2015-03-20 10:12:23,836 JuliusRTC0 INFO ENDREC
2015-03-20 10:12:23,858 JuliusRTC0 INFO #1: いれいさー た (0.8705)
2015-03-20 10:12:23,859 JuliusRTC0 INFO #2: いれいさー つ (0.626)
2015-03-20 10:12:23,860 JuliusRTC0 INFO #3: いれいさー すとっぷ (0.503)
2015-03-20 10:12:23,860 JuliusRTC0 INFO #4: いれいさー へやからでて (0.5)
2015-03-20 10:12:23,862 JuliusRTC0 INFO #5: いれいさー ついてきて (0.5)
2015-03-20 10:12:23,865 JuliusRTC0 INFO LISTEN
2015-03-20 10:12:23,925 JuliusRTC0 INFO STARTREC
2015-03-20 10:12:24,855 JuliusRTC0 INFO ENDREC
2015-03-20 10:12:24,873 JuliusRTC0 INFO #1: いれいさー つ (0.7595)
2015-03-20 10:12:24,874 JuliusRTC0 INFO #2: いれいさー た (0.738)
2015-03-20 10:12:24,878 JuliusRTC0 INFO LISTEN
2015-03-20 10:12:26,275 JuliusRTC0 INFO STARTREC
2015-03-20 10:12:29,256 JuliusRTC0 INFO ENDREC
2015-03-20 10:12:29,278 JuliusRTC0 INFO #1: いれいさー へやからでて (1.0)
2015-03-20 10:12:29,287 JuliusRTC0 INFO LISTEN
2015-03-20 10:12:39,796 JuliusRTC0 INFO STARTREC
2015-03-20 10:12:40,392 JuliusRTC0 INFO ENDREC
2015-03-20 10:12:40,411 JuliusRTC0 INFO #1: いれいさー つ (0.7675)
2015-03-20 10:12:40,419 JuliusRTC0 INFO #2: いれいさー た (0.724)
2015-03-20 10:12:40,420 JuliusRTC0 INFO #3: いれいさー すとっぷ (0.5085)
2015-03-20 10:12:40,424 JuliusRTC0 INFO LISTEN
2015-03-20 10:12:41,841 JuliusRTC0 INFO STARTREC
2015-03-20 10:12:43,342 JuliusRTC0 INFO ENDREC
2015-03-20 10:12:43,358 JuliusRTC0 INFO #1: いれいさー た (0.8385)
2015-03-20 10:12:43,360 JuliusRTC0 INFO #2: いれいさー つ (0.648)
2015-03-20 10:12:43,361 JuliusRTC0 INFO #3: いれいさー すとっぷ (0.5135)
2015-03-20 10:12:43,365 JuliusRTC0 INFO #4: いれいさー へやからでて (0.5005)
2015-03-20 10:12:43,368 JuliusRTC0 INFO LISTEN
2015-03-20 10:12:43,390 JuliusRTC0 INFO STARTREC
2015-03-20 10:12:44,308 JuliusRTC0 INFO ENDREC
2015-03-20 10:12:44,330 JuliusRTC0 INFO #1: いれいさー つ (0.765)
2015-03-20 10:12:44,331 JuliusRTC0 INFO #2: いれいさー た (0.735)
2015-03-20 10:12:44,337 JuliusRTC0 INFO LISTEN
2015-03-20 10:14:41,945 JuliusRTC0 INFO STARTREC
2015-03-20 10:14:43,516 JuliusRTC0 INFO ENDREC
2015-03-20 10:14:43,544 JuliusRTC0 INFO #1: いれいさー た (0.7605)
2015-03-20 10:14:43,545 JuliusRTC0 INFO #2: いれいさー つ (0.725)
2015-03-20 10:14:43,546 JuliusRTC0 INFO #3: いれいさー すとっぷ (0.515)
2015-03-20 10:14:43,547 JuliusRTC0 INFO #4: いれいさー ついてきて (0.5)
2015-03-20 10:14:43,548 JuliusRTC0 INFO #5: いれいさー へやからでて (0.5)
2015-03-20 10:14:43,553 JuliusRTC0 INFO LISTEN
2015-03-20 10:14:44,399 JuliusRTC0 INFO STARTREC
2015-03-20 10:14:46,440 JuliusRTC0 INFO ENDREC
2015-03-20 10:14:46,460 JuliusRTC0 INFO #1: いれいさー つ (0.8375)
2015-03-20 10:14:46,460 JuliusRTC0 INFO #2: いれいさー た (0.656)
2015-03-20 10:14:46,461 JuliusRTC0 INFO #3: いれいさー すとっぷ (0.5065)
2015-03-20 10:14:46,464 JuliusRTC0 INFO LISTEN
2015-03-20 10:14:47,902 JuliusRTC0 INFO STARTREC
2015-03-20 10:14:48,831 JuliusRTC0 INFO ENDREC
2015-03-20 10:14:48,850 JuliusRTC0 INFO #1: いれいさー つ (0.7755)
2015-03-20 10:14:48,851 JuliusRTC0 INFO #2: いれいさー た (0.719)
2015-03-20 10:14:48,852 JuliusRTC0 INFO #3: いれいさー すとっぷ (0.5055)
2015-03-20 10:14:48,855 JuliusRTC0 INFO LISTEN
2015-03-20 10:14:50,374 JuliusRTC0 INFO STARTREC
2015-03-20 10:14:50,967 JuliusRTC0 INFO ENDREC
2015-03-20 10:14:50,985 JuliusRTC0 INFO #1: いれいさー つ (0.906)
2015-03-20 10:14:50,988 JuliusRTC0 INFO #2: いれいさー た (0.592)
2015-03-20 10:14:50,989 JuliusRTC0 INFO #3: いれいさー すとっぷ (0.502)
2015-03-20 10:14:50,993 JuliusRTC0 INFO LISTEN
2015-03-20 10:14:57,900 JuliusRTC0 INFO STARTREC
2015-03-20 10:14:58,496 JuliusRTC0 INFO ENDREC
2015-03-20 10:14:58,518 JuliusRTC0 INFO #1: いれいさー つ (0.8155)
2015-03-20 10:14:58,519 JuliusRTC0 INFO #2: いれいさー た (0.679)
2015-03-20 10:14:58,520 JuliusRTC0 INFO #3: いれいさー すとっぷ (0.505)
2015-03-20 10:14:58,523 JuliusRTC0 INFO LISTEN
2015-03-20 10:14:59,934 JuliusRTC0 INFO STARTREC
2015-03-20 10:15:00,886 JuliusRTC0 INFO ENDREC
2015-03-20 10:15:00,901 JuliusRTC0 INFO #1: いれいさー つ (0.8065)
2015-03-20 10:15:00,902 JuliusRTC0 INFO #2: いれいさー た (0.692)
2015-03-20 10:15:00,917 JuliusRTC0 INFO LISTEN
2015-03-20 10:15:09,849 JuliusRTC0 INFO STARTREC
2015-03-20 10:15:11,962 JuliusRTC0 INFO ENDREC
2015-03-20 10:15:11,974 JuliusRTC0 INFO #1: いれいさー へやからでて (1.0)
2015-03-20 10:15:11,981 JuliusRTC0 INFO LISTEN
2015-03-20 10:15:14,945 JuliusRTC0 INFO STARTREC
2015-03-20 10:15:15,870 JuliusRTC0 INFO ENDREC
2015-03-20 10:15:15,887 JuliusRTC0 INFO #1: いれいさー つ (0.815)
2015-03-20 10:15:15,888 JuliusRTC0 INFO #2: いれいさー た (0.684)
2015-03-20 10:15:15,890 JuliusRTC0 INFO LISTEN
2015-03-20 10:15:16,427 JuliusRTC0 INFO STARTREC
2015-03-20 10:15:17,357 JuliusRTC0 INFO ENDREC
2015-03-20 10:15:17,380 JuliusRTC0 INFO #1: いれいさー つ (0.881)
2015-03-20 10:15:17,381 JuliusRTC0 INFO #2: いれいさー た (0.618)
2015-03-20 10:15:17,387 JuliusRTC0 INFO LISTEN
2015-03-20 10:15:17,399 JuliusRTC0 INFO STARTREC
2015-03-20 10:15:20,331 JuliusRTC0 INFO ENDREC
2015-03-20 10:15:20,359 JuliusRTC0 INFO #1: いれいさー つ (0.819)
2015-03-20 10:15:20,362 JuliusRTC0 INFO #2: いれいさー た (0.6345)
2015-03-20 10:15:20,364 JuliusRTC0 INFO #3: いれいさー すとっぷ (0.5455)
2015-03-20 10:15:20,371 JuliusRTC0 INFO LISTEN
2015-03-20 10:15:20,382 JuliusRTC0 INFO STARTREC
2015-03-20 10:15:22,430 JuliusRTC0 INFO ENDREC
2015-03-20 10:15:22,453 JuliusRTC0 INFO #1: いれいさー つ (0.823)
2015-03-20 10:15:22,453 JuliusRTC0 INFO #2: いれいさー た (0.672)
2015-03-20 10:15:22,454 JuliusRTC0 INFO #3: いれいさー すとっぷ (0.5045)
2015-03-20 10:15:22,464 JuliusRTC0 INFO LISTEN
2015-03-20 10:15:23,331 JuliusRTC0 INFO STARTREC
2015-03-20 10:15:33,908 JuliusRTC0 INFO ENDREC
2015-03-20 10:15:33,938 JuliusRTC0 INFO #1: いれいさー すとっぷ (0.914)
2015-03-20 10:15:33,941 JuliusRTC0 INFO LISTEN
2015-03-20 10:15:33,979 JuliusRTC0 INFO STARTREC
2015-03-20 10:15:34,493 JuliusRTC0 INFO ENDREC
2015-03-20 10:15:34,508 JuliusRTC0 INFO #1: いれいさー た (0.7385)
2015-03-20 10:15:34,509 JuliusRTC0 INFO #2: いれいさー つ (0.731)
2015-03-20 10:15:34,510 JuliusRTC0 INFO #3: いれいさー すとっぷ (0.5305)
2015-03-20 10:15:34,513 JuliusRTC0 INFO LISTEN
2015-03-20 10:15:35,959 JuliusRTC0 INFO STARTREC
2015-03-20 10:15:37,459 JuliusRTC0 INFO ENDREC
2015-03-20 10:15:37,482 JuliusRTC0 INFO #1: いれいさー た (0.83)
2015-03-20 10:15:37,483 JuliusRTC0 INFO #2: いれいさー つ (0.6635)
2015-03-20 10:15:37,484 JuliusRTC0 INFO #3: いれいさー すとっぷ (0.506)
2015-03-20 10:15:37,487 JuliusRTC0 INFO LISTEN
2015-03-20 10:15:37,525 JuliusRTC0 INFO STARTREC
2015-03-20 10:15:38,435 JuliusRTC0 INFO ENDREC
2015-03-20 10:15:38,454 JuliusRTC0 INFO #1: いれいさー つ (0.766)
2015-03-20 10:15:38,456 JuliusRTC0 INFO #2: いれいさー た (0.7135)
2015-03-20 10:15:38,457 JuliusRTC0 INFO #3: いれいさー すとっぷ (0.5205)
2015-03-20 10:15:38,460 JuliusRTC0 INFO LISTEN
2015-03-20 10:15:41,945 JuliusRTC0 INFO STARTREC
2015-03-20 10:15:42,872 JuliusRTC0 INFO ENDREC
2015-03-20 10:15:42,888 JuliusRTC0 INFO #1: いれいさー つ (0.797)
2015-03-20 10:15:42,889 JuliusRTC0 INFO #2: いれいさー た (0.69)
2015-03-20 10:15:42,890 JuliusRTC0 INFO #3: いれいさー すとっぷ (0.5125)
2015-03-20 10:15:42,899 JuliusRTC0 INFO LISTEN
2015-03-20 10:15:44,957 JuliusRTC0 INFO STARTREC
2015-03-20 10:15:45,940 JuliusRTC0 INFO ENDREC
2015-03-20 10:15:45,954 JuliusRTC0 INFO #1: いれいさー つ (0.9445)
2015-03-20 10:15:45,957 JuliusRTC0 INFO #2: いれいさー た (0.543)
2015-03-20 10:15:45,957 JuliusRTC0 INFO #3: いれいさー すとっぷ (0.5125)
2015-03-20 10:15:45,961 JuliusRTC0 INFO LISTEN
2015-03-20 10:15:45,997 JuliusRTC0 INFO STARTREC
2015-03-20 10:15:47,378 JuliusRTC0 INFO ENDREC
2015-03-20 10:15:47,396 JuliusRTC0 INFO #1: いれいさー た (0.8135)
2015-03-20 10:15:47,397 JuliusRTC0 INFO #2: いれいさー つ (0.6235)
2015-03-20 10:15:47,397 JuliusRTC0 INFO #3: いれいさー すとっぷ (0.563)
2015-03-20 10:15:47,403 JuliusRTC0 INFO LISTEN
2015-03-20 10:15:47,437 JuliusRTC0 INFO STARTREC
2015-03-20 10:15:49,003 JuliusRTC0 INFO ENDREC
2015-03-20 10:15:49,020 JuliusRTC0 INFO #1: いれいさー た (0.898)
2015-03-20 10:15:49,021 JuliusRTC0 INFO #2: いれいさー つ (0.5995)
2015-03-20 10:15:49,021 JuliusRTC0 INFO #3: いれいさー すとっぷ (0.502)
2015-03-20 10:15:49,022 JuliusRTC0 INFO #4: いれいさー ついてきて (0.5005)
2015-03-20 10:15:49,028 JuliusRTC0 INFO LISTEN
2015-03-20 10:15:49,040 JuliusRTC0 INFO STARTREC
2015-03-20 10:15:50,949 JuliusRTC0 INFO ENDREC
2015-03-20 10:15:50,968 JuliusRTC0 INFO #1: いれいさー つ (0.8565)
2015-03-20 10:15:50,969 JuliusRTC0 INFO #2: いれいさー た (0.635)
2015-03-20 10:15:50,969 JuliusRTC0 INFO #3: いれいさー すとっぷ (0.508)
2015-03-20 10:15:50,970 JuliusRTC0 INFO #4: いれいさー ついてきて (0.5)
2015-03-20 10:15:50,973 JuliusRTC0 INFO LISTEN
2015-03-20 10:15:51,000 JuliusRTC0 INFO STARTREC
2015-03-20 10:15:51,908 JuliusRTC0 INFO ENDREC
2015-03-20 10:15:51,924 JuliusRTC0 INFO #1: いれいさー つ (0.8035)
2015-03-20 10:15:51,924 JuliusRTC0 INFO #2: いれいさー た (0.6915)
2015-03-20 10:15:51,925 JuliusRTC0 INFO #3: いれいさー すとっぷ (0.505)
2015-03-20 10:15:51,929 JuliusRTC0 INFO LISTEN
2015-03-20 10:16:24,021 JuliusRTC0 INFO STARTREC
2015-03-20 10:16:25,566 JuliusRTC0 INFO ENDREC
2015-03-20 10:16:25,583 JuliusRTC0 INFO #1: いれいさー た (0.865)
2015-03-20 10:16:25,584 JuliusRTC0 INFO #2: いれいさー つ (0.633)
2015-03-20 10:16:25,584 JuliusRTC0 INFO #3: いれいさー すとっぷ (0.502)
2015-03-20 10:16:25,585 JuliusRTC0 INFO #4: いれいさー ついてきて (0.5005)
2015-03-20 10:16:25,585 JuliusRTC0 INFO #5: いれいさー へやからでて (0.5)
2015-03-20 10:16:25,588 JuliusRTC0 INFO LISTEN
2015-03-20 10:16:32,498 JuliusRTC0 INFO STARTREC
2015-03-20 10:16:35,392 JuliusRTC0 INFO ENDREC
2015-03-20 10:16:35,412 JuliusRTC0 INFO #1: いれいさー た (0.764)
2015-03-20 10:16:35,413 JuliusRTC0 INFO #2: いれいさー つ (0.7035)
2015-03-20 10:16:35,414 JuliusRTC0 INFO #3: いれいさー すとっぷ (0.5305)
2015-03-20 10:16:35,414 JuliusRTC0 INFO #4: いれいさー へやからでて (0.502)
2015-03-20 10:16:35,414 JuliusRTC0 INFO #5: いれいさー ついてきて (0.5)
2015-03-20 10:16:35,417 JuliusRTC0 INFO LISTEN
2015-03-20 10:16:36,001 JuliusRTC0 INFO STARTREC
2015-03-20 10:16:40,484 JuliusRTC0 INFO ENDREC
2015-03-20 10:16:40,509 JuliusRTC0 INFO #1: いれいさー つ (0.7705)
2015-03-20 10:16:40,509 JuliusRTC0 INFO #2: いれいさー た (0.6895)
2015-03-20 10:16:40,509 JuliusRTC0 INFO #3: いれいさー すとっぷ (0.537)
2015-03-20 10:16:40,510 JuliusRTC0 INFO #4: いれいさー ついてきて (0.503)
2015-03-20 10:16:40,513 JuliusRTC0 INFO LISTEN
2015-03-20 10:16:40,549 JuliusRTC0 INFO STARTREC
2015-03-20 10:16:43,531 JuliusRTC0 INFO ENDREC
2015-03-20 10:16:43,554 JuliusRTC0 INFO #1: いれいさー つ (0.943)
2015-03-20 10:16:43,555 JuliusRTC0 INFO #2: いれいさー た (0.5435)
2015-03-20 10:16:43,555 JuliusRTC0 INFO #3: いれいさー すとっぷ (0.5085)
2015-03-20 10:16:43,556 JuliusRTC0 INFO #4: いれいさー へやからでて (0.504)
2015-03-20 10:16:43,556 JuliusRTC0 INFO #5: いれいさー ついてきて (0.5005)
2015-03-20 10:16:43,559 JuliusRTC0 INFO LISTEN
2015-03-20 10:16:44,430 JuliusRTC0 INFO STARTREC
2015-03-20 10:16:46,010 JuliusRTC0 INFO ENDREC
2015-03-20 10:16:46,030 JuliusRTC0 INFO #1: いれいさー た (0.7675)
2015-03-20 10:16:46,031 JuliusRTC0 INFO #2: いれいさー つ (0.717)
2015-03-20 10:16:46,031 JuliusRTC0 INFO #3: いれいさー すとっぷ (0.5145)
2015-03-20 10:16:46,032 JuliusRTC0 INFO #4: いれいさー ついてきて (0.501)
2015-03-20 10:16:46,064 JuliusRTC0 INFO LISTEN
2015-03-20 10:16:46,507 JuliusRTC0 INFO STARTREC
2015-03-20 10:16:49,613 JuliusRTC0 INFO ENDREC
2015-03-20 10:16:49,631 JuliusRTC0 INFO #1: いれいさー た (0.74)
2015-03-20 10:16:49,631 JuliusRTC0 INFO #2: いれいさー つ (0.7145)
2015-03-20 10:16:49,632 JuliusRTC0 INFO #3: いれいさー ついてきて (0.5355)
2015-03-20 10:16:49,632 JuliusRTC0 INFO #4: いれいさー へやからでて (0.5075)
2015-03-20 10:16:49,633 JuliusRTC0 INFO #5: いれいさー すとっぷ (0.5025)
2015-03-20 10:16:49,635 JuliusRTC0 INFO LISTEN
2015-03-20 10:16:51,018 JuliusRTC0 INFO STARTREC
2015-03-20 10:16:52,093 JuliusRTC0 INFO ENDREC
2015-03-20 10:16:52,110 JuliusRTC0 INFO #1: いれいさー つ (0.7975)
2015-03-20 10:16:52,110 JuliusRTC0 INFO #2: いれいさー た (0.689)
2015-03-20 10:16:52,111 JuliusRTC0 INFO #3: いれいさー すとっぷ (0.5125)
2015-03-20 10:16:52,111 JuliusRTC0 INFO #4: いれいさー ついてきて (0.5005)
2015-03-20 10:16:52,112 JuliusRTC0 INFO #5: いれいさー へやからでて (0.5)
2015-03-20 10:16:52,114 JuliusRTC0 INFO LISTEN
2015-03-20 10:16:52,511 JuliusRTC0 INFO STARTREC
2015-03-20 10:16:53,419 JuliusRTC0 INFO ENDREC
2015-03-20 10:16:53,436 JuliusRTC0 INFO #1: いれいさー た (0.781)
2015-03-20 10:16:53,436 JuliusRTC0 INFO #2: いれいさー つ (0.703)
2015-03-20 10:16:53,437 JuliusRTC0 INFO #3: いれいさー すとっぷ (0.516)
2015-03-20 10:16:53,439 JuliusRTC0 INFO LISTEN
2015-03-20 10:16:53,515 JuliusRTC0 INFO STARTREC
2015-03-20 10:16:58,493 JuliusRTC0 INFO ENDREC
2015-03-20 10:16:58,512 JuliusRTC0 INFO #1: いれいさー た (0.802)
2015-03-20 10:16:58,513 JuliusRTC0 INFO #2: いれいさー つ (0.688)
2015-03-20 10:16:58,514 JuliusRTC0 INFO #3: いれいさー すとっぷ (0.5095)
2015-03-20 10:16:58,516 JuliusRTC0 INFO LISTEN
2015-03-20 10:16:59,424 JuliusRTC0 INFO STARTREC
2015-03-20 10:17:00,904 JuliusRTC0 INFO ENDREC
2015-03-20 10:17:00,921 JuliusRTC0 INFO #1: いれいさー た (0.7585)
2015-03-20 10:17:00,921 JuliusRTC0 INFO #2: いれいさー つ (0.736)
2015-03-20 10:17:00,922 JuliusRTC0 INFO #3: いれいさー すとっぷ (0.505)
2015-03-20 10:17:00,925 JuliusRTC0 INFO LISTEN
2015-03-20 10:17:01,566 JuliusRTC0 INFO STARTREC
2015-03-20 10:17:03,933 JuliusRTC0 INFO ENDREC
2015-03-20 10:17:03,956 JuliusRTC0 INFO #1: いれいさー た (0.8345)
2015-03-20 10:17:03,957 JuliusRTC0 INFO #2: いれいさー へやからでて (0.5825)
2015-03-20 10:17:03,957 JuliusRTC0 INFO #3: いれいさー つ (0.5685)
2015-03-20 10:17:03,958 JuliusRTC0 INFO #4: いれいさー すとっぷ (0.514)
2015-03-20 10:17:03,960 JuliusRTC0 INFO LISTEN
2015-03-20 10:17:04,008 JuliusRTC0 INFO STARTREC
2015-03-20 10:17:04,602 JuliusRTC0 INFO ENDREC
2015-03-20 10:17:04,617 JuliusRTC0 INFO #1: いれいさー た (0.867)
2015-03-20 10:17:04,618 JuliusRTC0 INFO #2: いれいさー つ (0.632)
2015-03-20 10:17:04,621 JuliusRTC0 INFO LISTEN
2015-03-20 10:17:09,968 JuliusRTC0 INFO STARTREC
2015-03-20 10:17:10,559 JuliusRTC0 INFO ENDREC
2015-03-20 10:17:10,594 JuliusRTC0 INFO #1: いれいさー つ (0.7925)
2015-03-20 10:17:10,598 JuliusRTC0 INFO #2: いれいさー た (0.6965)
2015-03-20 10:17:10,603 JuliusRTC0 INFO #3: いれいさー すとっぷ (0.5105)
2015-03-20 10:17:10,603 JuliusRTC0 INFO #4: いれいさー へやからでて (0.5005)
2015-03-20 10:17:10,610 JuliusRTC0 INFO LISTEN
2015-03-20 10:17:11,479 JuliusRTC0 INFO STARTREC
2015-03-20 10:17:12,048 JuliusRTC0 INFO ENDREC
2015-03-20 10:17:12,062 JuliusRTC0 INFO #1: いれいさー つ (0.787)
2015-03-20 10:17:12,062 JuliusRTC0 INFO #2: いれいさー た (0.7115)
2015-03-20 10:17:12,066 JuliusRTC0 INFO LISTEN
2015-03-20 10:17:12,959 JuliusRTC0 INFO STARTREC
2015-03-20 10:17:15,114 JuliusRTC0 INFO ENDREC
2015-03-20 10:17:15,163 JuliusRTC0 INFO #1: いれいさー つ (0.778)
2015-03-20 10:17:15,164 JuliusRTC0 INFO #2: いれいさー た (0.7035)
2015-03-20 10:17:15,166 JuliusRTC0 INFO #3: いれいさー すとっぷ (0.518)
2015-03-20 10:17:15,166 JuliusRTC0 INFO #4: いれいさー へやからでて (0.5)
2015-03-20 10:17:15,167 JuliusRTC0 INFO #5: いれいさー ついてきて (0.5)
2015-03-20 10:17:15,178 JuliusRTC0 INFO LISTEN
2015-03-20 10:17:15,916 JuliusRTC0 INFO STARTREC
2015-03-20 10:17:16,505 JuliusRTC0 INFO ENDREC
2015-03-20 10:17:16,526 JuliusRTC0 INFO #1: いれいさー つ (0.7675)
2015-03-20 10:17:16,529 JuliusRTC0 INFO #2: いれいさー た (0.729)
2015-03-20 10:17:16,529 JuliusRTC0 INFO #3: いれいさー すとっぷ (0.503)
2015-03-20 10:17:16,541 JuliusRTC0 INFO LISTEN
2015-03-20 10:17:16,545 JuliusRTC0 INFO STARTREC
2015-03-20 10:17:17,672 JuliusRTC0 INFO ENDREC
2015-03-20 10:17:17,692 JuliusRTC0 INFO #1: いれいさー つ (0.7495)
2015-03-20 10:17:17,693 JuliusRTC0 INFO #2: いれいさー た (0.711)
2015-03-20 10:17:17,693 JuliusRTC0 INFO #3: いれいさー すとっぷ (0.5395)
2015-03-20 10:17:17,697 JuliusRTC0 INFO LISTEN
2015-03-20 10:17:21,917 JuliusRTC0 INFO STARTREC
2015-03-20 10:17:22,106 JuliusRTC0 INFO ENDREC
2015-03-20 10:17:22,129 JuliusRTC0 INFO #1: いれいさー た (0.773)
2015-03-20 10:17:22,129 JuliusRTC0 INFO #2: いれいさー つ (0.713)
2015-03-20 10:17:22,130 JuliusRTC0 INFO #3: いれいさー すとっぷ (0.514)
2015-03-20 10:17:22,133 JuliusRTC0 INFO LISTEN
2015-03-20 10:17:22,564 JuliusRTC0 INFO STARTREC
2015-03-20 10:17:23,498 JuliusRTC0 INFO ENDREC
2015-03-20 10:17:23,528 JuliusRTC0 INFO #1: いれいさー た (0.741)
2015-03-20 10:17:23,529 JuliusRTC0 INFO #2: いれいさー つ (0.7585)
2015-03-20 10:17:23,540 JuliusRTC0 INFO LISTEN
2015-03-20 10:17:24,013 JuliusRTC0 INFO STARTREC
2015-03-20 10:17:24,936 JuliusRTC0 INFO ENDREC
2015-03-20 10:17:24,948 JuliusRTC0 INFO #1: いれいさー つ (0.8005)
2015-03-20 10:17:24,949 JuliusRTC0 INFO #2: いれいさー た (0.693)
2015-03-20 10:17:24,952 JuliusRTC0 INFO LISTEN
2015-03-20 10:17:37,559 JuliusRTC0 INFO STARTREC
2015-03-20 10:17:38,638 JuliusRTC0 INFO ENDREC
2015-03-20 10:17:38,662 JuliusRTC0 INFO #1: いれいさー つ (0.788)
2015-03-20 10:17:38,663 JuliusRTC0 INFO #2: いれいさー た (0.69)
2015-03-20 10:17:38,663 JuliusRTC0 INFO #3: いれいさー すとっぷ (0.522)
2015-03-20 10:17:38,663 JuliusRTC0 INFO #4: いれいさー ついてきて (0.5005)
2015-03-20 10:17:38,696 JuliusRTC0 INFO LISTEN
2015-03-20 10:17:40,022 JuliusRTC0 INFO STARTREC
2015-03-20 10:17:42,034 JuliusRTC0 INFO ENDREC
2015-03-20 10:17:42,060 JuliusRTC0 INFO #1: いれいさー ついてきて (1.0)
2015-03-20 10:17:42,069 JuliusRTC0 INFO LISTEN
2015-03-20 10:17:43,004 JuliusRTC0 INFO STARTREC
2015-03-20 10:17:43,585 JuliusRTC0 INFO ENDREC
2015-03-20 10:17:43,602 JuliusRTC0 INFO #1: いれいさー た (0.7955)
2015-03-20 10:17:43,603 JuliusRTC0 INFO #2: いれいさー つ (0.7045)
2015-03-20 10:17:43,606 JuliusRTC0 INFO LISTEN
2015-03-20 10:17:44,471 JuliusRTC0 INFO STARTREC
2015-03-20 10:17:46,546 JuliusRTC0 INFO ENDREC
2015-03-20 10:17:46,566 JuliusRTC0 INFO #1: いれいさー つ (0.9155)
2015-03-20 10:17:46,566 JuliusRTC0 INFO #2: いれいさー た (0.58)
2015-03-20 10:17:46,567 JuliusRTC0 INFO #3: いれいさー すとっぷ (0.5045)
2015-03-20 10:17:46,569 JuliusRTC0 INFO LISTEN
2015-03-20 10:17:47,426 JuliusRTC0 INFO STARTREC
2015-03-20 10:17:50,552 JuliusRTC0 INFO ENDREC
2015-03-20 10:17:50,574 JuliusRTC0 INFO #1: いれいさー つ (0.739)
2015-03-20 10:17:50,574 JuliusRTC0 INFO #2: いれいさー た (0.734)
2015-03-20 10:17:50,574 JuliusRTC0 INFO #3: いれいさー すとっぷ (0.527)
2015-03-20 10:17:50,577 JuliusRTC0 INFO LISTEN
2015-03-20 10:17:52,541 JuliusRTC0 INFO STARTREC
2015-03-20 10:17:55,577 JuliusRTC0 INFO ENDREC
2015-03-20 10:17:55,596 JuliusRTC0 INFO #1: いれいさー すとっぷ (0.993)
2015-03-20 10:17:55,597 JuliusRTC0 INFO #2: いれいさー つ (0.5055)
2015-03-20 10:17:55,597 JuliusRTC0 INFO #3: いれいさー た (0.5015)
2015-03-20 10:17:55,604 JuliusRTC0 INFO LISTEN
2015-03-20 10:17:57,976 JuliusRTC0 INFO STARTREC
2015-03-20 10:17:58,554 JuliusRTC0 INFO ENDREC
2015-03-20 10:17:58,572 JuliusRTC0 INFO #1: いれいさー つ (0.8035)
2015-03-20 10:17:58,573 JuliusRTC0 INFO #2: いれいさー た (0.6915)
2015-03-20 10:17:58,574 JuliusRTC0 INFO #3: いれいさー すとっぷ (0.505)
2015-03-20 10:17:58,578 JuliusRTC0 INFO LISTEN
2015-03-20 10:17:59,500 JuliusRTC0 INFO STARTREC
2015-03-20 10:18:00,089 JuliusRTC0 INFO ENDREC
2015-03-20 10:18:00,123 JuliusRTC0 INFO #1: いれいさー つ (0.793)
2015-03-20 10:18:00,123 JuliusRTC0 INFO #2: いれいさー た (0.7)
2015-03-20 10:18:00,124 JuliusRTC0 INFO #3: いれいさー すとっぷ (0.507)
2015-03-20 10:18:00,127 JuliusRTC0 INFO LISTEN
2015-03-20 10:18:01,005 JuliusRTC0 INFO STARTREC
2015-03-20 10:18:03,126 JuliusRTC0 INFO ENDREC
2015-03-20 10:18:03,146 JuliusRTC0 INFO #1: いれいさー へやからでて (1.0)
2015-03-20 10:18:03,150 JuliusRTC0 INFO LISTEN
2015-03-20 10:18:09,111 JuliusRTC0 INFO STARTREC
2015-03-20 10:18:10,042 JuliusRTC0 INFO ENDREC
2015-03-20 10:18:10,059 JuliusRTC0 INFO #1: いれいさー つ (0.8235)
2015-03-20 10:18:10,060 JuliusRTC0 INFO #2: いれいさー た (0.6755)
2015-03-20 10:18:10,062 JuliusRTC0 INFO LISTEN
2015-03-20 10:18:10,623 JuliusRTC0 INFO STARTREC
2015-03-20 10:18:11,621 JuliusRTC0 INFO ENDREC
2015-03-20 10:18:11,641 JuliusRTC0 INFO #1: いれいさー つ (0.8505)
2015-03-20 10:18:11,642 JuliusRTC0 INFO #2: いれいさー た (0.648)
2015-03-20 10:18:11,645 JuliusRTC0 INFO LISTEN
2015-03-20 10:18:12,074 JuliusRTC0 INFO STARTREC
2015-03-20 10:18:13,039 JuliusRTC0 INFO ENDREC
2015-03-20 10:18:13,054 JuliusRTC0 INFO #1: いれいさー つ (0.8775)
2015-03-20 10:18:13,054 JuliusRTC0 INFO #2: いれいさー た (0.618)
2015-03-20 10:18:13,061 JuliusRTC0 INFO LISTEN
2015-03-20 10:18:13,108 JuliusRTC0 INFO STARTREC
2015-03-20 10:18:19,102 JuliusRTC0 INFO ENDREC
2015-03-20 10:18:19,132 JuliusRTC0 INFO #1: いれいさー た (0.838)
2015-03-20 10:18:19,133 JuliusRTC0 INFO #2: いれいさー すとっぷ (0.6355)
2015-03-20 10:18:19,133 JuliusRTC0 INFO #3: いれいさー つ (0.5245)
2015-03-20 10:18:19,134 JuliusRTC0 INFO #4: いれいさー へやからでて (0.501)
2015-03-20 10:18:19,134 JuliusRTC0 INFO #5: いれいさー ついてきて (0.501)
2015-03-20 10:18:19,137 JuliusRTC0 INFO LISTEN
2015-03-20 10:18:21,949 JuliusRTC0 INFO STARTREC
2015-03-20 10:18:23,498 JuliusRTC0 INFO ENDREC
2015-03-20 10:18:23,519 JuliusRTC0 INFO #1: いれいさー すとっぷ (0.885)
2015-03-20 10:18:23,523 JuliusRTC0 INFO #2: いれいさー つ (0.5825)
2015-03-20 10:18:23,524 JuliusRTC0 INFO #3: いれいさー た (0.5325)
2015-03-20 10:18:23,529 JuliusRTC0 INFO LISTEN
2015-03-20 10:18:24,053 JuliusRTC0 INFO STARTREC
2015-03-20 10:18:25,084 JuliusRTC0 INFO ENDREC
2015-03-20 10:18:25,105 JuliusRTC0 INFO #1: いれいさー つ (0.805)
2015-03-20 10:18:25,105 JuliusRTC0 INFO #2: いれいさー た (0.628)
2015-03-20 10:18:25,106 JuliusRTC0 INFO #3: いれいさー すとっぷ (0.5425)
2015-03-20 10:18:25,107 JuliusRTC0 INFO #4: いれいさー ついてきて (0.521)
2015-03-20 10:18:25,107 JuliusRTC0 INFO #5: いれいさー へやからでて (0.503)
2015-03-20 10:18:25,110 JuliusRTC0 INFO LISTEN
2015-03-20 10:18:27,085 JuliusRTC0 INFO STARTREC
2015-03-20 10:18:29,530 JuliusRTC0 INFO ENDREC
2015-03-20 10:18:29,553 JuliusRTC0 INFO #1: いれいさー つ (0.76)
2015-03-20 10:18:29,553 JuliusRTC0 INFO #2: いれいさー た (0.733)
2015-03-20 10:18:29,554 JuliusRTC0 INFO #3: いれいさー すとっぷ (0.5055)
2015-03-20 10:18:29,555 JuliusRTC0 INFO #4: いれいさー ついてきて (0.5015)
2015-03-20 10:18:29,555 JuliusRTC0 INFO #5: いれいさー へやからでて (0.5005)
2015-03-20 10:18:29,559 JuliusRTC0 INFO LISTEN
2015-03-20 10:18:32,560 JuliusRTC0 INFO STARTREC
2015-03-20 10:18:33,180 JuliusRTC0 INFO ENDREC
2015-03-20 10:18:33,200 JuliusRTC0 INFO #1: いれいさー つ (0.7365)
2015-03-20 10:18:33,201 JuliusRTC0 INFO #2: いれいさー た (0.7335)
2015-03-20 10:18:33,201 JuliusRTC0 INFO #3: いれいさー すとっぷ (0.53)
2015-03-20 10:18:33,204 JuliusRTC0 INFO LISTEN
2015-03-20 10:18:44,476 JuliusRTC0 INFO STARTREC
2015-03-20 10:18:44,643 JuliusRTC0 INFO ENDREC
2015-03-20 10:18:44,659 JuliusRTC0 INFO #1: いれいさー た (0.799)
2015-03-20 10:18:44,660 JuliusRTC0 INFO #2: いれいさー つ (0.6645)
2015-03-20 10:18:44,661 JuliusRTC0 INFO #3: いれいさー すとっぷ (0.536)
2015-03-20 10:18:44,664 JuliusRTC0 INFO LISTEN
2015-03-20 10:18:50,470 JuliusRTC0 INFO STARTREC
2015-03-20 10:18:51,091 JuliusRTC0 INFO ENDREC
2015-03-20 10:18:51,106 JuliusRTC0 INFO #1: いれいさー た (0.7515)
2015-03-20 10:18:51,106 JuliusRTC0 INFO #2: いれいさー つ (0.736)
2015-03-20 10:18:51,107 JuliusRTC0 INFO #3: いれいさー すとっぷ (0.512)
2015-03-20 10:18:51,109 JuliusRTC0 INFO LISTEN
2015-03-20 10:18:51,137 JuliusRTC0 INFO STARTREC
2015-03-20 10:18:52,050 JuliusRTC0 INFO ENDREC
2015-03-20 10:18:52,066 JuliusRTC0 INFO #1: いれいさー つ (0.8715)
2015-03-20 10:18:52,067 JuliusRTC0 INFO #2: いれいさー た (0.6195)
2015-03-20 10:18:52,068 JuliusRTC0 INFO #3: いれいさー すとっぷ (0.509)
2015-03-20 10:18:52,070 JuliusRTC0 INFO LISTEN
2015-03-20 10:18:52,593 JuliusRTC0 INFO STARTREC
2015-03-20 10:18:53,656 JuliusRTC0 INFO ENDREC
2015-03-20 10:18:53,674 JuliusRTC0 INFO #1: いれいさー つ (0.7995)
2015-03-20 10:18:53,674 JuliusRTC0 INFO #2: いれいさー た (0.671)
2015-03-20 10:18:53,675 JuliusRTC0 INFO #3: いれいさー すとっぷ (0.529)
2015-03-20 10:18:53,678 JuliusRTC0 INFO LISTEN
2015-03-20 10:18:54,984 JuliusRTC0 INFO STARTREC
2015-03-20 10:18:56,474 JuliusRTC0 INFO ENDREC
2015-03-20 10:18:56,488 JuliusRTC0 INFO #1: いれいさー た (0.8605)
2015-03-20 10:18:56,489 JuliusRTC0 INFO #2: いれいさー すとっぷ (0.5665)
2015-03-20 10:18:56,490 JuliusRTC0 INFO #3: いれいさー つ (0.571)
2015-03-20 10:18:56,490 JuliusRTC0 INFO #4: いれいさー ついてきて (0.501)
2015-03-20 10:18:56,493 JuliusRTC0 INFO LISTEN
2015-03-20 10:18:56,494 JuliusRTC0 INFO STARTREC
2015-03-20 10:18:58,027 JuliusRTC0 INFO ENDREC
2015-03-20 10:18:58,045 JuliusRTC0 INFO #1: いれいさー た (0.925)
2015-03-20 10:18:58,046 JuliusRTC0 INFO #2: いれいさー つ (0.567)
2015-03-20 10:18:58,046 JuliusRTC0 INFO #3: いれいさー すとっぷ (0.5075)
2015-03-20 10:18:58,047 JuliusRTC0 INFO #4: いれいさー ついてきて (0.5)
2015-03-20 10:18:58,049 JuliusRTC0 INFO LISTEN
2015-03-20 10:18:58,086 JuliusRTC0 INFO STARTREC
2015-03-20 10:18:59,523 JuliusRTC0 INFO ENDREC
2015-03-20 10:18:59,544 JuliusRTC0 INFO #1: いれいさー つ (0.7435)
2015-03-20 10:18:59,544 JuliusRTC0 INFO #2: いれいさー た (0.747)
2015-03-20 10:18:59,545 JuliusRTC0 INFO #3: いれいさー すとっぷ (0.5085)
2015-03-20 10:18:59,545 JuliusRTC0 INFO #4: いれいさー ついてきて (0.501)
2015-03-20 10:18:59,548 JuliusRTC0 INFO LISTEN
2015-03-20 10:19:01,619 JuliusRTC0 INFO STARTREC
2015-03-20 10:19:03,080 JuliusRTC0 INFO ENDREC
2015-03-20 10:19:03,098 JuliusRTC0 INFO #1: いれいさー た (0.793)
2015-03-20 10:19:03,099 JuliusRTC0 INFO #2: いれいさー つ (0.7)
2015-03-20 10:19:03,099 JuliusRTC0 INFO #3: いれいさー すとっぷ (0.506)
2015-03-20 10:19:03,099 JuliusRTC0 INFO #4: いれいさー ついてきて (0.5005)
2015-03-20 10:19:03,102 JuliusRTC0 INFO LISTEN
2015-03-20 10:19:03,140 JuliusRTC0 INFO STARTREC
2015-03-20 10:19:07,012 JuliusRTC0 INFO ENDREC
2015-03-20 10:19:07,037 JuliusRTC0 INFO #1: いれいさー つ (0.8735)
2015-03-20 10:19:07,037 JuliusRTC0 INFO #2: いれいさー た (0.6025)
2015-03-20 10:19:07,038 JuliusRTC0 INFO #3: いれいさー すとっぷ (0.5155)
2015-03-20 10:19:07,038 JuliusRTC0 INFO #4: いれいさー ついてきて (0.5055)
2015-03-20 10:19:07,039 JuliusRTC0 INFO #5: いれいさー へやからでて (0.503)
2015-03-20 10:19:07,042 JuliusRTC0 INFO LISTEN
2015-03-20 10:19:08,484 JuliusRTC0 INFO STARTREC
2015-03-20 10:19:10,595 JuliusRTC0 INFO ENDREC
2015-03-20 10:19:10,618 JuliusRTC0 INFO #1: いれいさー た (0.9805)
2015-03-20 10:19:10,619 JuliusRTC0 INFO #2: いれいさー つ (0.5145)
2015-03-20 10:19:10,620 JuliusRTC0 INFO #3: いれいさー すとっぷ (0.5045)
2015-03-20 10:19:10,620 JuliusRTC0 INFO #4: いれいさー へやからでて (0.5005)
2015-03-20 10:19:10,623 JuliusRTC0 INFO LISTEN
2015-03-20 10:19:19,593 JuliusRTC0 INFO STARTREC
2015-03-20 10:19:21,094 JuliusRTC0 INFO ENDREC
2015-03-20 10:19:21,116 JuliusRTC0 INFO #1: いれいさー つ (0.798)
2015-03-20 10:19:21,117 JuliusRTC0 INFO #2: いれいさー た (0.694)
2015-03-20 10:19:21,118 JuliusRTC0 INFO #3: いれいさー すとっぷ (0.5075)
2015-03-20 10:19:21,122 JuliusRTC0 INFO LISTEN
2015-03-20 10:19:22,044 JuliusRTC0 INFO STARTREC
2015-03-20 10:19:25,614 JuliusRTC0 INFO ENDREC
2015-03-20 10:19:25,638 JuliusRTC0 INFO #1: いれいさー た (0.8)
2015-03-20 10:19:25,639 JuliusRTC0 INFO #2: いれいさー つ (0.6925)
2015-03-20 10:19:25,639 JuliusRTC0 INFO #3: いれいさー すとっぷ (0.507)
2015-03-20 10:19:25,642 JuliusRTC0 INFO LISTEN
2015-03-20 10:19:26,504 JuliusRTC0 INFO STARTREC
2015-03-20 10:19:26,676 JuliusRTC0 INFO ENDREC
2015-03-20 10:19:26,699 JuliusRTC0 INFO #1: いれいさー つ (0.892)
2015-03-20 10:19:26,699 JuliusRTC0 INFO #2: いれいさー た (0.608)
2015-03-20 10:19:26,703 JuliusRTC0 INFO LISTEN
2015-03-20 10:19:28,058 JuliusRTC0 INFO STARTREC
2015-03-20 10:19:28,674 JuliusRTC0 INFO ENDREC
2015-03-20 10:19:28,691 JuliusRTC0 INFO #1: いれいさー つ (0.819)
2015-03-20 10:19:28,692 JuliusRTC0 INFO #2: いれいさー た (0.6805)
2015-03-20 10:19:28,704 JuliusRTC0 INFO LISTEN
2015-03-20 10:19:41,550 JuliusRTC0 INFO STARTREC
2015-03-20 10:19:42,110 JuliusRTC0 INFO ENDREC
2015-03-20 10:19:42,129 JuliusRTC0 INFO #1: いれいさー つ (0.8795)
2015-03-20 10:19:42,130 JuliusRTC0 INFO #2: いれいさー た (0.6195)
2015-03-20 10:19:42,130 JuliusRTC0 INFO #3: いれいさー すとっぷ (0.501)
2015-03-20 10:19:42,135 JuliusRTC0 INFO LISTEN
2015-03-20 10:19:42,192 JuliusRTC0 INFO STARTREC
2015-03-20 10:19:44,528 JuliusRTC0 INFO ENDREC
2015-03-20 10:19:44,544 JuliusRTC0 INFO #1: いれいさー ついてきて (1.0)
2015-03-20 10:19:44,556 JuliusRTC0 INFO LISTEN
2015-03-20 10:19:46,701 JuliusRTC0 INFO STARTREC
2015-03-20 10:19:52,631 JuliusRTC0 INFO ENDREC
2015-03-20 10:19:52,651 JuliusRTC0 INFO #1: いれいさー すとっぷ (0.9935)
2015-03-20 10:19:52,652 JuliusRTC0 INFO #2: いれいさー つ (0.505)
2015-03-20 10:19:52,661 JuliusRTC0 INFO LISTEN
2015-03-20 10:19:55,081 JuliusRTC0 INFO STARTREC
2015-03-20 10:19:58,146 JuliusRTC0 INFO ENDREC
2015-03-20 10:19:58,159 JuliusRTC0 INFO #1: いれいさー ついてきて (1.0)
2015-03-20 10:19:58,164 JuliusRTC0 INFO LISTEN
2015-03-20 10:20:01,177 JuliusRTC0 INFO STARTREC
2015-03-20 10:20:04,708 JuliusRTC0 INFO ENDREC
2015-03-20 10:20:04,730 JuliusRTC0 INFO #1: いれいさー た (0.92)
2015-03-20 10:20:04,731 JuliusRTC0 INFO #2: いれいさー つ (0.5665)
2015-03-20 10:20:04,731 JuliusRTC0 INFO #3: いれいさー すとっぷ (0.5135)
2015-03-20 10:20:04,735 JuliusRTC0 INFO LISTEN
2015-03-20 10:20:05,622 JuliusRTC0 INFO STARTREC
2015-03-20 10:20:06,226 JuliusRTC0 INFO ENDREC
2015-03-20 10:20:06,244 JuliusRTC0 INFO #1: いれいさー た (0.8085)
2015-03-20 10:20:06,245 JuliusRTC0 INFO #2: いれいさー つ (0.679)
2015-03-20 10:20:06,246 JuliusRTC0 INFO #3: いれいさー すとっぷ (0.5125)
2015-03-20 10:20:06,249 JuliusRTC0 INFO LISTEN
2015-03-20 10:20:07,062 JuliusRTC0 INFO STARTREC
2015-03-20 10:20:08,543 JuliusRTC0 INFO ENDREC
2015-03-20 10:20:08,562 JuliusRTC0 INFO #1: いれいさー つ (0.803)
2015-03-20 10:20:08,563 JuliusRTC0 INFO #2: いれいさー た (0.686)
2015-03-20 10:20:08,564 JuliusRTC0 INFO #3: いれいさー すとっぷ (0.5105)
2015-03-20 10:20:08,566 JuliusRTC0 INFO LISTEN
2015-03-20 10:20:09,165 JuliusRTC0 INFO STARTREC
2015-03-20 10:20:10,192 JuliusRTC0 INFO ENDREC
2015-03-20 10:20:10,211 JuliusRTC0 INFO #1: いれいさー た (0.766)
2015-03-20 10:20:10,212 JuliusRTC0 INFO #2: いれいさー つ (0.722)
2015-03-20 10:20:10,213 JuliusRTC0 INFO #3: いれいさー すとっぷ (0.5115)
2015-03-20 10:20:10,217 JuliusRTC0 INFO LISTEN
2015-03-20 10:20:10,705 JuliusRTC0 INFO STARTREC
2015-03-20 10:20:11,669 JuliusRTC0 INFO ENDREC
2015-03-20 10:20:11,686 JuliusRTC0 INFO #1: いれいさー つ (0.792)
2015-03-20 10:20:11,687 JuliusRTC0 INFO #2: いれいさー た (0.7045)
2015-03-20 10:20:11,688 JuliusRTC0 INFO #3: いれいさー すとっぷ (0.5035)
2015-03-20 10:20:11,691 JuliusRTC0 INFO LISTEN
2015-03-20 10:20:12,207 JuliusRTC0 INFO STARTREC
2015-03-20 10:20:14,675 JuliusRTC0 INFO ENDREC
2015-03-20 10:20:14,695 JuliusRTC0 INFO #1: いれいさー へやからでて (1.0)
2015-03-20 10:20:14,700 JuliusRTC0 INFO LISTEN
2015-03-20 10:20:19,684 JuliusRTC0 INFO STARTREC
2015-03-20 10:20:20,592 JuliusRTC0 INFO ENDREC
2015-03-20 10:20:20,607 JuliusRTC0 INFO #1: いれいさー つ (0.8295)
2015-03-20 10:20:20,608 JuliusRTC0 INFO #2: いれいさー た (0.668)
2015-03-20 10:20:20,612 JuliusRTC0 INFO LISTEN
2015-03-20 10:20:20,672 JuliusRTC0 INFO STARTREC
2015-03-20 10:20:22,047 JuliusRTC0 INFO ENDREC
2015-03-20 10:20:22,064 JuliusRTC0 INFO #1: いれいさー つ (0.893)
2015-03-20 10:20:22,065 JuliusRTC0 INFO #2: いれいさー た (0.605)
2015-03-20 10:20:22,067 JuliusRTC0 INFO LISTEN
2015-03-20 10:20:22,077 JuliusRTC0 INFO STARTREC
2015-03-20 10:20:26,621 JuliusRTC0 INFO ENDREC
2015-03-20 10:20:26,645 JuliusRTC0 INFO #1: いれいさー た (0.788)
2015-03-20 10:20:26,645 JuliusRTC0 INFO #2: いれいさー つ (0.646)
2015-03-20 10:20:26,646 JuliusRTC0 INFO #3: いれいさー すとっぷ (0.5655)
2015-03-20 10:20:26,646 JuliusRTC0 INFO #4: いれいさー ついてきて (0.501)
2015-03-20 10:20:26,647 JuliusRTC0 INFO #5: いれいさー へやからでて (0.5)
2015-03-20 10:20:26,650 JuliusRTC0 INFO LISTEN
2015-03-20 10:20:29,550 JuliusRTC0 INFO STARTREC
2015-03-20 10:20:31,062 JuliusRTC0 INFO ENDREC
2015-03-20 10:20:31,086 JuliusRTC0 INFO #1: いれいさー すとっぷ (0.76)
2015-03-20 10:20:31,086 JuliusRTC0 INFO #2: いれいさー つ (0.627)
2015-03-20 10:20:31,087 JuliusRTC0 INFO #3: いれいさー た (0.6105)
2015-03-20 10:20:31,088 JuliusRTC0 INFO #4: いれいさー へやからでて (0.502)
2015-03-20 10:20:31,089 JuliusRTC0 INFO #5: いれいさー ついてきて (0.501)
2015-03-20 10:20:31,092 JuliusRTC0 INFO LISTEN
2015-03-20 10:20:31,155 JuliusRTC0 INFO STARTREC
2015-03-20 10:20:31,712 JuliusRTC0 INFO ENDREC
2015-03-20 10:20:31,730 JuliusRTC0 INFO #1: いれいさー つ (0.7425)
2015-03-20 10:20:31,730 JuliusRTC0 INFO #2: いれいさー た (0.747)
2015-03-20 10:20:31,731 JuliusRTC0 INFO #3: いれいさー すとっぷ (0.5105)
2015-03-20 10:20:31,738 JuliusRTC0 INFO LISTEN
2015-03-20 10:20:32,553 JuliusRTC0 INFO STARTREC
2015-03-20 10:20:34,146 JuliusRTC0 INFO ENDREC
2015-03-20 10:20:34,159 JuliusRTC0 INFO #1: いれいさー ついてきて (1.0)
2015-03-20 10:20:34,172 JuliusRTC0 INFO LISTEN
2015-03-20 10:20:34,710 JuliusRTC0 INFO STARTREC
2015-03-20 10:20:45,253 JuliusRTC0 INFO ENDREC
2015-03-20 10:20:45,280 JuliusRTC0 INFO #1: いれいさー た (0.9575)
2015-03-20 10:20:45,282 JuliusRTC0 INFO #2: いれいさー すとっぷ (0.523)
2015-03-20 10:20:45,282 JuliusRTC0 INFO #3: いれいさー つ (0.518)
2015-03-20 10:20:45,284 JuliusRTC0 INFO #4: いれいさー ついてきて (0.501)
2015-03-20 10:20:45,287 JuliusRTC0 INFO #5: いれいさー へやからでて (0.5005)
2015-03-20 10:20:45,292 JuliusRTC0 INFO LISTEN
2015-03-20 10:20:46,064 JuliusRTC0 INFO STARTREC
2015-03-20 10:20:50,569 JuliusRTC0 INFO ENDREC
2015-03-20 10:20:50,586 JuliusRTC0 INFO #1: いれいさー た (0.7545)
2015-03-20 10:20:50,586 JuliusRTC0 INFO #2: いれいさー つ (0.6745)
2015-03-20 10:20:50,587 JuliusRTC0 INFO #3: いれいさー すとっぷ (0.5695)
2015-03-20 10:20:50,587 JuliusRTC0 INFO #4: いれいさー ついてきて (0.501)
2015-03-20 10:20:50,588 JuliusRTC0 INFO #5: いれいさー へやからでて (0.5005)
2015-03-20 10:20:50,590 JuliusRTC0 INFO LISTEN
2015-03-20 10:20:52,079 JuliusRTC0 INFO STARTREC
2015-03-20 10:20:53,739 JuliusRTC0 INFO ENDREC
2015-03-20 10:20:53,752 JuliusRTC0 INFO #1: いれいさー へやからでて (1.0)
2015-03-20 10:20:53,757 JuliusRTC0 INFO LISTEN
2015-03-20 10:20:54,224 JuliusRTC0 INFO STARTREC
2015-03-20 10:20:55,208 JuliusRTC0 INFO ENDREC
2015-03-20 10:20:55,222 JuliusRTC0 INFO #1: いれいさー た (0.8405)
2015-03-20 10:20:55,223 JuliusRTC0 INFO #2: いれいさー つ (0.6565)
2015-03-20 10:20:55,224 JuliusRTC0 INFO #3: いれいさー すとっぷ (0.503)
2015-03-20 10:20:55,230 JuliusRTC0 INFO LISTEN
2015-03-20 10:20:55,734 JuliusRTC0 INFO STARTREC
2015-03-20 10:20:56,686 JuliusRTC0 INFO ENDREC
2015-03-20 10:20:56,711 JuliusRTC0 INFO #1: いれいさー た (0.85)
2015-03-20 10:20:56,712 JuliusRTC0 INFO #2: いれいさー つ (0.647)
2015-03-20 10:20:56,712 JuliusRTC0 INFO #3: いれいさー すとっぷ (0.5025)
2015-03-20 10:20:56,715 JuliusRTC0 INFO LISTEN
2015-03-20 10:20:58,728 JuliusRTC0 INFO STARTREC
2015-03-20 10:20:59,653 JuliusRTC0 INFO ENDREC
2015-03-20 10:20:59,677 JuliusRTC0 INFO #1: いれいさー た (0.7465)
2015-03-20 10:20:59,678 JuliusRTC0 INFO #2: いれいさー つ (0.745)
2015-03-20 10:20:59,678 JuliusRTC0 INFO #3: いれいさー すとっぷ (0.5085)
2015-03-20 10:20:59,684 JuliusRTC0 INFO LISTEN
2015-03-20 10:20:59,745 JuliusRTC0 INFO STARTREC
2015-03-20 10:21:01,076 JuliusRTC0 INFO ENDREC
2015-03-20 10:21:01,090 JuliusRTC0 INFO #1: いれいさー つ (0.753)
2015-03-20 10:21:01,090 JuliusRTC0 INFO #2: いれいさー た (0.7455)
2015-03-20 10:21:01,104 JuliusRTC0 INFO LISTEN
2015-03-20 10:21:01,145 JuliusRTC0 INFO STARTREC
2015-03-20 10:21:05,676 JuliusRTC0 INFO ENDREC
2015-03-20 10:21:05,706 JuliusRTC0 INFO #1: いれいさー つ (0.7645)
2015-03-20 10:21:05,711 JuliusRTC0 INFO #2: いれいさー た (0.7195)
2015-03-20 10:21:05,712 JuliusRTC0 INFO #3: いれいさー すとっぷ (0.516)
2015-03-20 10:21:05,722 JuliusRTC0 INFO LISTEN
2015-03-20 10:21:07,090 JuliusRTC0 INFO STARTREC
2015-03-20 10:21:07,279 JuliusRTC0 INFO ENDREC
2015-03-20 10:21:07,307 JuliusRTC0 INFO #1: いれいさー た (0.747)
2015-03-20 10:21:07,308 JuliusRTC0 INFO #2: いれいさー つ (0.7)
2015-03-20 10:21:07,310 JuliusRTC0 INFO #3: いれいさー すとっぷ (0.552)
2015-03-20 10:21:07,311 JuliusRTC0 INFO #4: いれいさー へやからでて (0.5005)
2015-03-20 10:21:07,313 JuliusRTC0 INFO #5: いれいさー ついてきて (0.5005)
2015-03-20 10:21:07,320 JuliusRTC0 INFO LISTEN
2015-03-20 10:21:08,645 JuliusRTC0 INFO STARTREC
2015-03-20 10:21:09,315 JuliusRTC0 INFO ENDREC
2015-03-20 10:21:09,351 JuliusRTC0 INFO #1: いれいさー た (0.746)
2015-03-20 10:21:09,352 JuliusRTC0 INFO #2: いれいさー つ (0.7445)
2015-03-20 10:21:09,352 JuliusRTC0 INFO #3: いれいさー すとっぷ (0.5085)
2015-03-20 10:21:09,353 JuliusRTC0 INFO #4: いれいさー ついてきて (0.501)
2015-03-20 10:21:09,356 JuliusRTC0 INFO LISTEN
2015-03-20 10:21:10,083 JuliusRTC0 INFO STARTREC
2015-03-20 10:21:10,262 JuliusRTC0 INFO ENDREC
2015-03-20 10:21:10,285 JuliusRTC0 INFO #1: いれいさー つ (0.759)
2015-03-20 10:21:10,286 JuliusRTC0 INFO #2: いれいさー た (0.6835)
2015-03-20 10:21:10,287 JuliusRTC0 INFO #3: いれいさー すとっぷ (0.557)
2015-03-20 10:21:10,288 JuliusRTC0 INFO #4: いれいさー へやからでて (0.5005)
2015-03-20 10:21:10,291 JuliusRTC0 INFO LISTEN
2015-03-20 10:21:11,615 JuliusRTC0 INFO STARTREC
2015-03-20 10:21:13,109 JuliusRTC0 INFO ENDREC
2015-03-20 10:21:13,128 JuliusRTC0 INFO #1: いれいさー た (0.902)
2015-03-20 10:21:13,130 JuliusRTC0 INFO #2: いれいさー すとっぷ (0.55)
2015-03-20 10:21:13,131 JuliusRTC0 INFO #3: いれいさー つ (0.5475)
2015-03-20 10:21:13,134 JuliusRTC0 INFO LISTEN
2015-03-20 10:21:13,153 JuliusRTC0 INFO STARTREC
2015-03-20 10:21:13,709 JuliusRTC0 INFO ENDREC
2015-03-20 10:21:13,727 JuliusRTC0 INFO #1: いれいさー つ (0.7955)
2015-03-20 10:21:13,728 JuliusRTC0 INFO #2: いれいさー た (0.6675)
2015-03-20 10:21:13,728 JuliusRTC0 INFO #3: いれいさー すとっぷ (0.5355)
2015-03-20 10:21:13,729 JuliusRTC0 INFO #4: いれいさー ついてきて (0.5015)
2015-03-20 10:21:13,732 JuliusRTC0 INFO LISTEN
2015-03-20 10:21:14,680 JuliusRTC0 INFO STARTREC
2015-03-20 10:21:15,284 JuliusRTC0 INFO ENDREC
2015-03-20 10:21:15,302 JuliusRTC0 INFO #1: いれいさー つ (0.841)
2015-03-20 10:21:15,302 JuliusRTC0 INFO #2: いれいさー た (0.658)
2015-03-20 10:21:15,304 JuliusRTC0 INFO LISTEN
2015-03-20 10:21:15,322 JuliusRTC0 INFO STARTREC
2015-03-20 10:21:16,249 JuliusRTC0 INFO ENDREC
2015-03-20 10:21:16,265 JuliusRTC0 INFO #1: いれいさー つ (0.9515)
2015-03-20 10:21:16,265 JuliusRTC0 INFO #2: いれいさー た (0.5465)
2015-03-20 10:21:16,266 JuliusRTC0 INFO #3: いれいさー すとっぷ (0.502)
2015-03-20 10:21:16,268 JuliusRTC0 INFO LISTEN
2015-03-20 10:21:16,693 JuliusRTC0 INFO STARTREC
2015-03-20 10:21:18,273 JuliusRTC0 INFO ENDREC
2015-03-20 10:21:18,306 JuliusRTC0 INFO #1: いれいさー つ (0.7645)
2015-03-20 10:21:18,307 JuliusRTC0 INFO #2: いれいさー た (0.723)
2015-03-20 10:21:18,308 JuliusRTC0 INFO #3: いれいさー すとっぷ (0.512)
2015-03-20 10:21:18,311 JuliusRTC0 INFO LISTEN
2015-03-20 10:21:18,313 JuliusRTC0 INFO STARTREC
2015-03-20 10:21:19,246 JuliusRTC0 INFO ENDREC
2015-03-20 10:21:19,267 JuliusRTC0 INFO #1: いれいさー つ (0.8285)
2015-03-20 10:21:19,267 JuliusRTC0 INFO #2: いれいさー た (0.67)
2015-03-20 10:21:19,270 JuliusRTC0 INFO LISTEN
2015-03-20 10:21:22,139 JuliusRTC0 INFO STARTREC
2015-03-20 10:21:25,172 JuliusRTC0 INFO ENDREC
2015-03-20 10:21:25,193 JuliusRTC0 INFO #1: いれいさー た (0.803)
2015-03-20 10:21:25,194 JuliusRTC0 INFO #2: いれいさー つ (0.684)
2015-03-20 10:21:25,196 JuliusRTC0 INFO #3: いれいさー すとっぷ (0.5125)
2015-03-20 10:21:25,198 JuliusRTC0 INFO #4: いれいさー ついてきて (0.5005)
2015-03-20 10:21:25,202 JuliusRTC0 INFO LISTEN
2015-03-20 10:21:25,726 JuliusRTC0 INFO STARTREC
2015-03-20 10:21:28,729 JuliusRTC0 INFO ENDREC
2015-03-20 10:21:28,753 JuliusRTC0 INFO #1: いれいさー た (0.8995)
2015-03-20 10:21:28,753 JuliusRTC0 INFO #2: いれいさー つ (0.5795)
2015-03-20 10:21:28,754 JuliusRTC0 INFO #3: いれいさー へやからでて (0.5115)
2015-03-20 10:21:28,754 JuliusRTC0 INFO #4: いれいさー すとっぷ (0.5085)
2015-03-20 10:21:28,755 JuliusRTC0 INFO #5: いれいさー ついてきて (0.5005)
2015-03-20 10:21:28,758 JuliusRTC0 INFO LISTEN
2015-03-20 10:21:29,634 JuliusRTC0 INFO STARTREC
2015-03-20 10:21:33,223 JuliusRTC0 INFO ENDREC
2015-03-20 10:21:33,249 JuliusRTC0 INFO #1: いれいさー つ (0.7565)
2015-03-20 10:21:33,250 JuliusRTC0 INFO #2: いれいさー た (0.7355)
2015-03-20 10:21:33,250 JuliusRTC0 INFO #3: いれいさー すとっぷ (0.507)
2015-03-20 10:21:33,250 JuliusRTC0 INFO #4: いれいさー へやからでて (0.5)
2015-03-20 10:21:33,251 JuliusRTC0 INFO #5: いれいさー ついてきて (0.5005)
2015-03-20 10:21:33,253 JuliusRTC0 INFO LISTEN
