2015-03-20 09:45:15,478 manager INFO 1.1.0
2015-03-20 09:45:15,478 manager INFO Copyright (C) 2003-2010
2015-03-20 09:45:15,478 manager INFO   Noriaki Ando
2015-03-20 09:45:15,478 manager INFO   Intelligent Systems Research Institute, AIST
2015-03-20 09:45:15,478 manager INFO Manager starting.
2015-03-20 09:45:15,479 manager INFO Starting local logging.
2015-03-20 09:45:15,481 manager.namingmanager INFO NameServer connection succeeded: corba/localhost
2015-03-20 09:45:15,495 ManagerServant INFO Master manager not found
2015-03-20 09:45:15,497 manager WARNING Traceback (most recent call last):
  File "/usr/lib/python2.7/dist-packages/OpenRTM_aist/Manager.py", line 1900, in initManagerServant
    reffile = file(self._config.getProperty("manager.refstring_path"),'w')
IOError: [Errno 13] Permission denied: '/var/log/rtcmanager.ref'

2015-03-20 09:45:15,499 LocalServiceAdmin INFO All the local services are enabled.
2015-03-20 09:45:15,511 ec_base INFO setRate(1000000.000000) done
2015-03-20 09:45:15,511 ec_base INFO setRate(1000.000000) done
2015-03-20 09:45:15,512 rtobject INFO 1 execution context was created.
2015-03-20 09:45:15,512 OpenJTalkRTC0 INFO OpenJTalkRTC version 2.00
2015-03-20 09:45:15,512 OpenJTalkRTC0 INFO Copyright (C) 2010-2011 Yosuke Matsusaka
2015-03-20 09:45:15,535 OpenJTalkRTC0 INFO This component depends on following softwares and datas:
2015-03-20 09:45:15,536 OpenJTalkRTC0 INFO 
2015-03-20 09:45:15,536 OpenJTalkRTC0 INFO   The Japanese TTS System "Open JTalk"
2015-03-20 09:45:15,536 OpenJTalkRTC0 INFO   Version 1.08 (http://open-jtalk.sourceforge.net/)
2015-03-20 09:45:15,536 OpenJTalkRTC0 INFO   Copyright (C) 2008-2014 Nagoya Institute of Technology
2015-03-20 09:45:15,536 OpenJTalkRTC0 INFO   All rights reserved.
2015-03-20 09:45:15,536 OpenJTalkRTC0 INFO 
2015-03-20 09:45:15,536 OpenJTalkRTC0 INFO   The HMM-Based Speech Synthesis Engine "hts_engine API"
2015-03-20 09:45:15,536 OpenJTalkRTC0 INFO   Version 1.09 (http://hts-engine.sourceforge.net/)
2015-03-20 09:45:15,536 OpenJTalkRTC0 INFO   Copyright (C) 2001-2014 Nagoya Institute of Technology
2015-03-20 09:45:15,537 OpenJTalkRTC0 INFO                 2001-2008 Tokyo Institute of Technology
2015-03-20 09:45:15,537 OpenJTalkRTC0 INFO   All rights reserved.
2015-03-20 09:45:15,537 OpenJTalkRTC0 INFO 
2015-03-20 09:45:15,537 OpenJTalkRTC0 INFO   Yet Another Part-of-Speech and Morphological Analyzer "Mecab"
2015-03-20 09:45:15,537 OpenJTalkRTC0 INFO   Version 0.996 (http://mecab.sourceforge.net/)
2015-03-20 09:45:15,537 OpenJTalkRTC0 INFO   Copyright (C) 2001-2008 Taku Kudo
2015-03-20 09:45:15,537 OpenJTalkRTC0 INFO                 2004-2008 Nippon Telegraph and Telephone Corporation
2015-03-20 09:45:15,537 OpenJTalkRTC0 INFO   All rights reserved.
2015-03-20 09:45:15,537 OpenJTalkRTC0 INFO 
2015-03-20 09:45:15,537 OpenJTalkRTC0 INFO   NAIST Japanese Dictionary
2015-03-20 09:45:15,537 OpenJTalkRTC0 INFO   Version 0.6.1-20090630 (http://naist-jdic.sourceforge.jp/)
2015-03-20 09:45:15,537 OpenJTalkRTC0 INFO   Copyright (C) 2009 Nara Institute of Science and Technology
2015-03-20 09:45:15,538 OpenJTalkRTC0 INFO   All rights reserved.
2015-03-20 09:45:15,538 OpenJTalkRTC0 INFO 
2015-03-20 09:45:15,538 OpenJTalkRTC0 INFO   The Nitech Japanese Speech Database "NIT ATR503 M001"
2015-03-20 09:45:15,538 OpenJTalkRTC0 INFO   released by HTS Working Group (http://hts.sp.nitech.ac.jp/)
2015-03-20 09:45:15,538 OpenJTalkRTC0 INFO   Copyright (C) 2003-2011  Nagoya Institute of Technology
2015-03-20 09:45:15,538 OpenJTalkRTC0 INFO   Some rights reserved.
2015-03-20 09:45:15,538 OpenJTalkRTC0 INFO 
2015-03-20 09:45:15,539 OpenJTalkRTC0 INFO   HTS Voice "Mei (Normal)"
2015-03-20 09:45:15,540 OpenJTalkRTC0 INFO   released by MMDAgent Project Team (http://www.mmdagent.jp/)
2015-03-20 09:45:15,540 OpenJTalkRTC0 INFO   Copyright (C) 2009-2011  Nagoya Institute of Technology
2015-03-20 09:45:15,540 OpenJTalkRTC0 INFO   Some rights reserved.
2015-03-20 09:45:15,540 OpenJTalkRTC0 INFO 
2015-03-20 09:45:15,540 rtobject INFO Initial active configuration set is default.
2015-03-20 09:45:21,222 OpenJTalkRTC0 INFO stream finished
2015-03-20 09:45:35,604 OpenJTalkRTC0 INFO 追跡を中止します 16000 male
2015-03-20 09:45:35,902 OpenJTalkRTC0 INFO stream started
2015-03-20 09:45:37,255 OpenJTalkRTC0 INFO stream finished
2015-03-20 09:45:42,013 OpenJTalkRTC0 INFO 追跡を開始します 16000 male
2015-03-20 09:45:42,270 OpenJTalkRTC0 INFO stream started
2015-03-20 09:45:43,629 OpenJTalkRTC0 INFO stream finished
2015-03-20 09:45:48,127 OpenJTalkRTC0 INFO 部屋から出ます 16000 male
2015-03-20 09:45:48,342 OpenJTalkRTC0 INFO stream started
2015-03-20 09:45:49,183 OpenJTalkRTC0 INFO stream finished
2015-03-20 09:46:52,086 OpenJTalkRTC0 INFO 追跡を開始します 16000 male
2015-03-20 09:46:52,088 OpenJTalkRTC0 INFO stream started
2015-03-20 09:46:53,446 OpenJTalkRTC0 INFO stream finished
2015-03-20 09:46:56,659 OpenJTalkRTC0 INFO 追跡を中止します 16000 male
2015-03-20 09:46:56,660 OpenJTalkRTC0 INFO stream started
2015-03-20 09:46:58,015 OpenJTalkRTC0 INFO stream finished
2015-03-20 09:47:05,672 OpenJTalkRTC0 INFO 追跡を開始します 16000 male
2015-03-20 09:47:05,673 OpenJTalkRTC0 INFO stream started
2015-03-20 09:47:07,031 OpenJTalkRTC0 INFO stream finished
2015-03-20 09:47:14,529 OpenJTalkRTC0 INFO 部屋から出ます 16000 male
2015-03-20 09:47:14,530 OpenJTalkRTC0 INFO stream started
2015-03-20 09:47:15,372 OpenJTalkRTC0 INFO stream finished
2015-03-20 09:47:18,980 OpenJTalkRTC0 INFO 追跡を中止します 16000 male
2015-03-20 09:47:18,981 OpenJTalkRTC0 INFO stream started
2015-03-20 09:47:20,335 OpenJTalkRTC0 INFO stream finished
2015-03-20 09:50:49,209 OpenJTalkRTC0 INFO 追跡を中止します 16000 male
2015-03-20 09:50:49,211 OpenJTalkRTC0 INFO stream started
2015-03-20 09:50:50,565 OpenJTalkRTC0 INFO stream finished
2015-03-20 09:50:58,211 OpenJTalkRTC0 INFO 部屋から出ます 16000 male
2015-03-20 09:50:58,212 OpenJTalkRTC0 INFO stream started
2015-03-20 09:50:59,054 OpenJTalkRTC0 INFO stream finished
2015-03-20 09:51:13,758 OpenJTalkRTC0 INFO 追跡を開始します 16000 male
2015-03-20 09:51:13,759 OpenJTalkRTC0 INFO stream started
2015-03-20 09:51:15,118 OpenJTalkRTC0 INFO stream finished
2015-03-20 10:06:00,465 OpenJTalkRTC0 INFO 追跡を中止します 16000 male
2015-03-20 10:06:00,466 OpenJTalkRTC0 INFO stream started
2015-03-20 10:06:01,815 OpenJTalkRTC0 INFO stream finished
2015-03-20 10:06:18,618 OpenJTalkRTC0 INFO 部屋から出ます 16000 male
2015-03-20 10:06:18,619 OpenJTalkRTC0 INFO stream started
2015-03-20 10:06:19,461 OpenJTalkRTC0 INFO stream finished
2015-03-20 10:06:20,625 OpenJTalkRTC0 INFO 追跡を開始します 16000 male
2015-03-20 10:06:20,626 OpenJTalkRTC0 INFO stream started
2015-03-20 10:06:21,984 OpenJTalkRTC0 INFO stream finished
2015-03-20 10:06:26,660 OpenJTalkRTC0 INFO 追跡を開始します 16000 male
2015-03-20 10:06:26,666 OpenJTalkRTC0 INFO stream started
2015-03-20 10:06:28,020 OpenJTalkRTC0 INFO stream finished
2015-03-20 10:06:31,094 OpenJTalkRTC0 INFO 追跡を中止します 16000 male
2015-03-20 10:06:31,095 OpenJTalkRTC0 INFO stream started
2015-03-20 10:06:32,443 OpenJTalkRTC0 INFO stream finished
2015-03-20 10:06:41,005 OpenJTalkRTC0 INFO 追跡を開始します 16000 male
2015-03-20 10:06:41,007 OpenJTalkRTC0 INFO stream started
2015-03-20 10:06:42,365 OpenJTalkRTC0 INFO stream finished
2015-03-20 10:06:42,559 OpenJTalkRTC0 INFO 追跡を中止します 16000 male
2015-03-20 10:06:42,560 OpenJTalkRTC0 INFO stream started
2015-03-20 10:06:43,914 OpenJTalkRTC0 INFO stream finished
2015-03-20 10:06:52,096 OpenJTalkRTC0 INFO 追跡を中止します 16000 male
2015-03-20 10:06:52,096 OpenJTalkRTC0 INFO stream started
2015-03-20 10:06:53,448 OpenJTalkRTC0 INFO stream finished
2015-03-20 10:06:56,698 OpenJTalkRTC0 INFO 追跡を中止します 16000 male
2015-03-20 10:06:56,699 OpenJTalkRTC0 INFO stream started
2015-03-20 10:06:58,054 OpenJTalkRTC0 INFO stream finished
2015-03-20 10:07:02,031 OpenJTalkRTC0 INFO 追跡を開始します 16000 male
2015-03-20 10:07:02,033 OpenJTalkRTC0 INFO stream started
2015-03-20 10:07:03,386 OpenJTalkRTC0 INFO stream finished
2015-03-20 10:07:14,622 OpenJTalkRTC0 INFO 追跡を中止します 16000 male
2015-03-20 10:07:14,623 OpenJTalkRTC0 INFO stream started
2015-03-20 10:07:15,964 OpenJTalkRTC0 INFO stream finished
2015-03-20 10:10:34,242 OpenJTalkRTC0 INFO 部屋から出ます 16000 male
2015-03-20 10:10:34,243 OpenJTalkRTC0 INFO stream started
2015-03-20 10:10:35,085 OpenJTalkRTC0 INFO stream finished
2015-03-20 10:10:41,134 OpenJTalkRTC0 INFO 追跡を中止します 16000 male
2015-03-20 10:10:41,135 OpenJTalkRTC0 INFO stream started
2015-03-20 10:10:42,491 OpenJTalkRTC0 INFO stream finished
2015-03-20 10:10:46,235 OpenJTalkRTC0 INFO 追跡を開始します 16000 male
2015-03-20 10:10:46,236 OpenJTalkRTC0 INFO stream started
2015-03-20 10:10:47,594 OpenJTalkRTC0 INFO stream finished
2015-03-20 10:11:31,389 OpenJTalkRTC0 INFO 追跡を中止します 16000 male
2015-03-20 10:11:31,389 OpenJTalkRTC0 INFO stream started
2015-03-20 10:11:32,741 OpenJTalkRTC0 INFO stream finished
2015-03-20 10:11:42,790 OpenJTalkRTC0 INFO 追跡を中止します 16000 male
2015-03-20 10:11:42,791 OpenJTalkRTC0 INFO stream started
2015-03-20 10:11:44,137 OpenJTalkRTC0 INFO stream finished
2015-03-20 10:11:47,909 OpenJTalkRTC0 INFO 追跡を開始します 16000 male
2015-03-20 10:11:47,911 OpenJTalkRTC0 INFO stream started
2015-03-20 10:11:49,254 OpenJTalkRTC0 INFO stream finished
2015-03-20 10:12:17,933 OpenJTalkRTC0 INFO 追跡を中止します 16000 male
2015-03-20 10:12:17,934 OpenJTalkRTC0 INFO stream started
2015-03-20 10:12:19,287 OpenJTalkRTC0 INFO stream finished
2015-03-20 10:12:29,281 OpenJTalkRTC0 INFO 部屋から出ます 16000 male
2015-03-20 10:12:29,283 OpenJTalkRTC0 INFO stream started
2015-03-20 10:12:30,119 OpenJTalkRTC0 INFO stream finished
2015-03-20 10:15:11,978 OpenJTalkRTC0 INFO 部屋から出ます 16000 male
2015-03-20 10:15:11,979 OpenJTalkRTC0 INFO stream started
2015-03-20 10:15:12,818 OpenJTalkRTC0 INFO stream finished
2015-03-20 10:15:33,939 OpenJTalkRTC0 INFO 追跡を中止します 16000 male
2015-03-20 10:15:33,940 OpenJTalkRTC0 INFO stream started
2015-03-20 10:15:35,292 OpenJTalkRTC0 INFO stream finished
2015-03-20 10:17:42,063 OpenJTalkRTC0 INFO 追跡を開始します 16000 male
2015-03-20 10:17:42,064 OpenJTalkRTC0 INFO stream started
2015-03-20 10:17:43,417 OpenJTalkRTC0 INFO stream finished
2015-03-20 10:17:55,602 OpenJTalkRTC0 INFO 追跡を中止します 16000 male
2015-03-20 10:17:55,602 OpenJTalkRTC0 INFO stream started
2015-03-20 10:17:56,956 OpenJTalkRTC0 INFO stream finished
2015-03-20 10:18:03,148 OpenJTalkRTC0 INFO 部屋から出ます 16000 male
2015-03-20 10:18:03,149 OpenJTalkRTC0 INFO stream started
2015-03-20 10:18:03,990 OpenJTalkRTC0 INFO stream finished
2015-03-20 10:18:23,527 OpenJTalkRTC0 INFO 追跡を中止します 16000 male
2015-03-20 10:18:23,528 OpenJTalkRTC0 INFO stream started
2015-03-20 10:18:24,878 OpenJTalkRTC0 INFO stream finished
2015-03-20 10:19:44,547 OpenJTalkRTC0 INFO 追跡を開始します 16000 male
2015-03-20 10:19:44,548 OpenJTalkRTC0 INFO stream started
2015-03-20 10:19:45,896 OpenJTalkRTC0 INFO stream finished
2015-03-20 10:19:52,655 OpenJTalkRTC0 INFO 追跡を中止します 16000 male
2015-03-20 10:19:52,659 OpenJTalkRTC0 INFO stream started
2015-03-20 10:19:54,002 OpenJTalkRTC0 INFO stream finished
2015-03-20 10:19:58,162 OpenJTalkRTC0 INFO 追跡を開始します 16000 male
2015-03-20 10:19:58,163 OpenJTalkRTC0 INFO stream started
2015-03-20 10:19:59,520 OpenJTalkRTC0 INFO stream finished
2015-03-20 10:20:14,697 OpenJTalkRTC0 INFO 部屋から出ます 16000 male
2015-03-20 10:20:14,698 OpenJTalkRTC0 INFO stream started
2015-03-20 10:20:15,538 OpenJTalkRTC0 INFO stream finished
2015-03-20 10:20:34,169 OpenJTalkRTC0 INFO 追跡を開始します 16000 male
2015-03-20 10:20:34,169 OpenJTalkRTC0 INFO stream started
2015-03-20 10:20:35,523 OpenJTalkRTC0 INFO stream finished
2015-03-20 10:20:53,755 OpenJTalkRTC0 INFO 部屋から出ます 16000 male
2015-03-20 10:20:53,757 OpenJTalkRTC0 INFO stream started
2015-03-20 10:20:54,588 OpenJTalkRTC0 INFO stream finished
