2015-02-09 21:45:40,852 manager INFO 1.1.0
2015-02-09 21:45:40,852 manager INFO Copyright (C) 2003-2010
2015-02-09 21:45:40,852 manager INFO   Noriaki Ando
2015-02-09 21:45:40,852 manager INFO   Intelligent Systems Research Institute, AIST
2015-02-09 21:45:40,852 manager INFO Manager starting.
2015-02-09 21:45:40,852 manager INFO Starting local logging.
2015-02-09 21:45:40,854 manager.namingmanager INFO NameServer connection succeeded: corba/localhost
2015-02-09 21:45:40,859 ManagerServant INFO Master manager not found
2015-02-09 21:45:40,859 manager WARNING Traceback (most recent call last):
  File "/usr/lib/python2.7/dist-packages/OpenRTM_aist/Manager.py", line 1900, in initManagerServant
    reffile = file(self._config.getProperty("manager.refstring_path"),'w')
IOError: [Errno 13] Permission denied: '/var/log/rtcmanager.ref'

2015-02-09 21:45:40,860 LocalServiceAdmin INFO All the local services are enabled.
2015-02-09 21:45:40,865 ec_base INFO setRate(1000000.000000) done
2015-02-09 21:45:40,866 ec_base INFO setRate(1.000000) done
2015-02-09 21:45:40,866 rtobject INFO 1 execution context was created.
2015-02-09 21:45:40,866 SEAT0 INFO SEAT (Speech Event Action Transfer) version 2.00
2015-02-09 21:45:40,866 SEAT0 INFO Copyright (C) 2009-2010 Yosuke Matsusaka and Isao Hara
2015-02-09 21:45:40,866 rtobject INFO Initial active configuration set is default.
2015-02-09 21:45:40,867 SEAT0 INFO load script file: sample.seatml
2015-02-09 21:45:40,868 SEAT0 INFO create inport: speechin
2015-02-09 21:45:40,869 SEAT0 INFO create outport: speechout
2015-02-09 21:45:40,870 SEAT0 INFO register OPEN:default:こんにちは
2015-02-09 21:45:40,871 SEAT0 INFO register OPEN:default:さようなら
2015-02-09 21:45:40,871 SEAT0 INFO current state OPEN
2015-02-09 21:45:40,871 SEAT0 INFO loaded successfully
2015-02-09 21:45:43,935 ec_worker ERROR State of the RTC is not ACTIVE_STATE.
2015-02-09 21:45:44,938 ec_worker WARNING ExecutionContext is already stopped.
2015-02-09 21:45:44,938 ec_base ERROR Invoking on_shutdown() for each RTC failed.
