2015-03-19 19:35:38,957 manager INFO 1.1.0
2015-03-19 19:35:38,957 manager INFO Copyright (C) 2003-2010
2015-03-19 19:35:38,958 manager INFO   Noriaki Ando
2015-03-19 19:35:38,958 manager INFO   Intelligent Systems Research Institute, AIST
2015-03-19 19:35:38,958 manager INFO Manager starting.
2015-03-19 19:35:38,958 manager INFO Starting local logging.
2015-03-19 19:35:38,960 manager.namingmanager INFO NameServer connection succeeded: corba/localhost
2015-03-19 19:35:38,964 ManagerServant INFO Master manager not found
2015-03-19 19:35:38,964 manager WARNING Traceback (most recent call last):
  File "/usr/lib/python2.7/dist-packages/OpenRTM_aist/Manager.py", line 1900, in initManagerServant
    reffile = file(self._config.getProperty("manager.refstring_path"),'w')
IOError: [Errno 13] Permission denied: '/var/log/rtcmanager.ref'

2015-03-19 19:35:38,964 LocalServiceAdmin INFO All the local services are enabled.
2015-03-19 19:35:38,976 ec_base INFO setRate(1000000.000000) done
2015-03-19 19:35:38,976 ec_base INFO setRate(1000.000000) done
2015-03-19 19:35:38,976 rtobject INFO 1 execution context was created.
2015-03-19 19:35:38,976 eSEAT0 INFO eSEAT (Extended Simple Event Action Transfer) version 0.2
2015-03-19 19:35:38,976 eSEAT0 INFO Copyright (C) 2009-2014 Yosuke Matsusaka and Isao Hara
2015-03-19 19:35:38,977 rtobject INFO Initial active configuration set is default.
2015-03-19 19:35:38,978 eSEAT0 INFO Start loadSEATML:followme.seatml
2015-03-19 19:35:38,978 eSEAT0 INFO load script file: followme.seatml
2015-03-19 19:35:38,979 eSEAT0 INFO create adaptor: rtcin: speechin
2015-03-19 19:35:38,979 eSEAT0 INFO create inport: speechin
2015-03-19 19:35:38,980 eSEAT0 INFO create adaptor: rtcout: speechout
2015-03-19 19:35:38,980 eSEAT0 INFO create outport: speechout
2015-03-19 19:35:38,981 eSEAT0 INFO create adaptor: rtcout: speechoutE
2015-03-19 19:35:38,981 eSEAT0 INFO create outport: speechoutE
2015-03-19 19:35:38,982 eSEAT0 INFO create adaptor: rtcout: command
2015-03-19 19:35:38,982 eSEAT0 INFO create outport: command
2015-03-19 19:35:38,984 eSEAT0 INFO register key=OPEN:::entry
2015-03-19 19:35:38,984 eSEAT0 INFO register key=OPEN:::exit
2015-03-19 19:35:38,984 eSEAT0 INFO register key=OPEN:speechin:いれいさー すとっぷ
2015-03-19 19:35:38,984 eSEAT0 INFO register key=OPEN:speechin:いれいさー ついてきて
2015-03-19 19:35:38,984 eSEAT0 INFO register key=OPEN:speechin:いれいさー こんにちは
2015-03-19 19:35:38,984 eSEAT0 INFO register key=OPEN:speechin:いれいさー さようなら
2015-03-19 19:35:38,985 eSEAT0 INFO register key=OPEN:speechin:いれいさー えいごでじこしょうかいして
2015-03-19 19:35:38,985 eSEAT0 INFO register key=OPEN:speechin:いれいさー いまなんじ
2015-03-19 19:35:38,985 eSEAT0 INFO register key=STOP:speechin:いれいさー もどるよ
2015-03-19 19:35:38,985 eSEAT0 INFO sending message to speechout
2015-03-19 19:35:38,985 eSEAT0 INFO current state OPEN
2015-03-19 19:35:38,985 eSEAT0 INFO loaded successfully
2015-03-19 19:36:13,374 SdoServiceAdmin WARNING No available SDO service in the factory: 
2015-03-19 19:36:13,374 SdoServiceAdmin ERROR type  already exists.
2015-03-19 19:36:13,405 SdoServiceAdmin WARNING No available SDO service in the factory: IDL:OpenRTM/ComponentObserver:1.0
2015-03-19 19:36:13,405 SdoServiceAdmin ERROR type 4dd3d143-d7fe-4f19-84aa-f74af4972e9b already exists.
2015-03-19 19:39:57,574 SdoServiceAdmin WARNING No available SDO service in the factory: 
2015-03-19 19:39:57,574 SdoServiceAdmin ERROR type  already exists.
2015-03-19 19:39:57,598 SdoServiceAdmin WARNING No available SDO service in the factory: IDL:OpenRTM/ComponentObserver:1.0
2015-03-19 19:39:57,599 SdoServiceAdmin ERROR type 144e6f37-003e-441d-8f16-3576ad3b91cf already exists.
2015-03-19 19:48:36,435 ec_worker WARNING ExecutionContext is already stopped.
2015-03-19 19:48:36,436 ec_base ERROR Invoking on_shutdown() for each RTC failed.
