2015-02-25 20:43:15,401 manager INFO 1.1.0
2015-02-25 20:43:15,401 manager INFO Copyright (C) 2003-2010
2015-02-25 20:43:15,401 manager INFO   Noriaki Ando
2015-02-25 20:43:15,401 manager INFO   Intelligent Systems Research Institute, AIST
2015-02-25 20:43:15,401 manager INFO Manager starting.
2015-02-25 20:43:15,401 manager INFO Starting local logging.
2015-02-25 20:43:15,402 manager.namingmanager INFO NameServer connection succeeded: corba/localhost
2015-02-25 20:43:15,406 ManagerServant INFO Master manager not found
2015-02-25 20:43:15,407 manager WARNING Traceback (most recent call last):
  File "/usr/lib/python2.7/dist-packages/OpenRTM_aist/Manager.py", line 1900, in initManagerServant
    reffile = file(self._config.getProperty("manager.refstring_path"),'w')
IOError: [Errno 13] Permission denied: '/var/log/rtcmanager.ref'

2015-02-25 20:43:15,407 LocalServiceAdmin INFO All the local services are enabled.
2015-02-25 20:43:15,413 ec_base INFO setRate(1000000.000000) done
2015-02-25 20:43:15,413 ec_base INFO setRate(1000.000000) done
2015-02-25 20:43:15,413 rtobject INFO 1 execution context was created.
2015-02-25 20:43:15,413 eSEAT0 INFO eSEAT (Extended Simple Event Action Transfer) version 0.2
2015-02-25 20:43:15,413 eSEAT0 INFO Copyright (C) 2009-2014 Yosuke Matsusaka and Isao Hara
2015-02-25 20:43:15,413 rtobject INFO Initial active configuration set is default.
2015-02-25 20:43:15,421 eSEAT0 INFO Start loadSEATML:a.seatml
2015-02-25 20:43:15,421 eSEAT0 INFO load script file: a.seatml
2015-02-25 20:43:15,421 eSEAT0 INFO create adaptor: rtcin: speechin
2015-02-25 20:43:15,422 eSEAT0 INFO create inport: speechin
2015-02-25 20:43:15,423 eSEAT0 INFO create adaptor: rtcout: speechout
2015-02-25 20:43:15,424 eSEAT0 INFO create outport: speechout
2015-02-25 20:43:15,425 eSEAT0 INFO create adaptor: rtcout: speechoutE
2015-02-25 20:43:15,425 eSEAT0 INFO create outport: speechoutE
2015-02-25 20:43:15,429 eSEAT0 INFO register key=OPEN:::entry
2015-02-25 20:43:15,429 eSEAT0 INFO register key=OPEN:::exit
2015-02-25 20:43:15,429 eSEAT0 INFO register key=OPEN:speechin:いれいさー こんにちは
2015-02-25 20:43:15,429 eSEAT0 INFO register key=OPEN:speechin:いれいさー さようなら
2015-02-25 20:43:15,430 eSEAT0 INFO register key=OPEN:speechin:いれいさー えいごでじこしょうかいして
2015-02-25 20:43:15,430 eSEAT0 INFO register key=OPEN:speechin:いれいさー いまなんじ
2015-02-25 20:43:15,430 eSEAT0 INFO register key=STOP:speechin:いれいさー もどるよ
2015-02-25 20:43:15,430 eSEAT0 INFO sending message to speechout
2015-02-25 20:43:15,430 eSEAT0 INFO current state OPEN
2015-02-25 20:43:15,431 eSEAT0 INFO loaded successfully
2015-02-25 20:43:36,404 SdoServiceAdmin WARNING No available SDO service in the factory: 
2015-02-25 20:43:36,405 SdoServiceAdmin ERROR type  already exists.
2015-02-25 20:43:36,407 SdoServiceAdmin WARNING No available SDO service in the factory: IDL:OpenRTM/ComponentObserver:1.0
2015-02-25 20:43:36,407 SdoServiceAdmin ERROR type 7a80d738-886a-49a0-aa38-e16c21ded35e already exists.
2015-02-25 20:45:32,471 speechout WARNING Traceback (most recent call last):
  File "/usr/lib/python2.7/dist-packages/OpenRTM_aist/PortBase.py", line 2262, in checkPorts
    if port._non_existent():
  File "/usr/lib/python2.7/dist-packages/omniORB/CORBA.py", line 775, in _non_existent
    return _omnipy.nonExistent(self)
COMM_FAILURE: CORBA.COMM_FAILURE(omniORB.COMM_FAILURE_WaitingForReply, CORBA.COMPLETED_MAYBE)

2015-02-25 20:45:32,471 speechout WARNING Dead connection: 0403a056-bd72-11e4-913d-000c29de34e0
2015-02-25 20:45:32,471 speechout WARNING Traceback (most recent call last):
  File "/usr/lib/python2.7/dist-packages/OpenRTM_aist/PortBase.py", line 1624, in disconnectNext
    return p.notify_disconnect(connector_profile.connector_id)
  File "/usr/lib/python2.7/dist-packages/OpenRTM_aist/RTM_IDL/RTC_idl.py", line 1226, in notify_disconnect
    return _omnipy.invoke(self, "notify_disconnect", _0_RTC.PortService._d_notify_disconnect, args)
TRANSIENT: CORBA.TRANSIENT(omniORB.TRANSIENT_ConnectFailed, CORBA.COMPLETED_NO)

2015-02-25 20:45:39,471 speechoutE WARNING Traceback (most recent call last):
  File "/usr/lib/python2.7/dist-packages/OpenRTM_aist/PortBase.py", line 2262, in checkPorts
    if port._non_existent():
  File "/usr/lib/python2.7/dist-packages/omniORB/CORBA.py", line 775, in _non_existent
    return _omnipy.nonExistent(self)
COMM_FAILURE: CORBA.COMM_FAILURE(omniORB.COMM_FAILURE_WaitingForReply, CORBA.COMPLETED_MAYBE)

2015-02-25 20:45:39,472 speechoutE WARNING Dead connection: 04136a86-bd72-11e4-913d-000c29de34e0
2015-02-25 20:45:39,472 speechoutE WARNING Traceback (most recent call last):
  File "/usr/lib/python2.7/dist-packages/OpenRTM_aist/PortBase.py", line 1624, in disconnectNext
    return p.notify_disconnect(connector_profile.connector_id)
  File "/usr/lib/python2.7/dist-packages/OpenRTM_aist/RTM_IDL/RTC_idl.py", line 1226, in notify_disconnect
    return _omnipy.invoke(self, "notify_disconnect", _0_RTC.PortService._d_notify_disconnect, args)
TRANSIENT: CORBA.TRANSIENT(omniORB.TRANSIENT_ConnectFailed, CORBA.COMPLETED_NO)

