2015-03-19 19:50:05,353 manager INFO 1.1.0
2015-03-19 19:50:05,353 manager INFO Copyright (C) 2003-2010
2015-03-19 19:50:05,353 manager INFO   Noriaki Ando
2015-03-19 19:50:05,353 manager INFO   Intelligent Systems Research Institute, AIST
2015-03-19 19:50:05,353 manager INFO Manager starting.
2015-03-19 19:50:05,354 manager INFO Starting local logging.
2015-03-19 19:50:05,355 manager.namingmanager INFO NameServer connection succeeded: corba/localhost
2015-03-19 19:50:05,359 ManagerServant INFO Master manager not found
2015-03-19 19:50:05,360 manager WARNING Traceback (most recent call last):
  File "/usr/lib/python2.7/dist-packages/OpenRTM_aist/Manager.py", line 1900, in initManagerServant
    reffile = file(self._config.getProperty("manager.refstring_path"),'w')
IOError: [Errno 13] Permission denied: '/var/log/rtcmanager.ref'

2015-03-19 19:50:05,360 LocalServiceAdmin INFO All the local services are enabled.
2015-03-19 19:50:05,365 ec_base INFO setRate(1000000.000000) done
2015-03-19 19:50:05,365 ec_base INFO setRate(1000.000000) done
2015-03-19 19:50:05,366 rtobject INFO 1 execution context was created.
2015-03-19 19:50:05,366 eSEAT0 INFO eSEAT (Extended Simple Event Action Transfer) version 0.2
2015-03-19 19:50:05,366 eSEAT0 INFO Copyright (C) 2009-2014 Yosuke Matsusaka and Isao Hara
2015-03-19 19:50:05,366 rtobject INFO Initial active configuration set is default.
2015-03-19 19:50:05,367 eSEAT0 INFO Start loadSEATML:followme.seatml
2015-03-19 19:50:05,367 eSEAT0 INFO load script file: followme.seatml
2015-03-19 19:50:05,367 eSEAT0 INFO create adaptor: rtcin: speechin
2015-03-19 19:50:05,367 eSEAT0 INFO create inport: speechin
2015-03-19 19:50:05,369 eSEAT0 INFO create adaptor: rtcout: speechout
2015-03-19 19:50:05,369 eSEAT0 INFO create outport: speechout
2015-03-19 19:50:05,370 eSEAT0 INFO create adaptor: rtcout: speechoutE
2015-03-19 19:50:05,370 eSEAT0 INFO create outport: speechoutE
2015-03-19 19:50:05,371 eSEAT0 INFO create adaptor: rtcout: command
2015-03-19 19:50:05,371 eSEAT0 INFO create outport: command
2015-03-19 19:50:05,373 eSEAT0 INFO register key=OPEN:::entry
2015-03-19 19:50:05,373 eSEAT0 INFO register key=OPEN:::exit
2015-03-19 19:50:05,373 eSEAT0 INFO register key=OPEN:speechin:いれいさー すとっぷ
2015-03-19 19:50:05,373 eSEAT0 INFO register key=OPEN:speechin:いれいさー ついてきて
2015-03-19 19:50:05,373 eSEAT0 INFO register key=OPEN:speechin:いれいさー こんにちは
2015-03-19 19:50:05,374 eSEAT0 INFO register key=OPEN:speechin:いれいさー さようなら
2015-03-19 19:50:05,374 eSEAT0 INFO register key=OPEN:speechin:いれいさー えいごでじこしょうかいして
2015-03-19 19:50:05,374 eSEAT0 INFO register key=OPEN:speechin:いれいさー いまなんじ
2015-03-19 19:50:05,374 eSEAT0 INFO register key=STOP:speechin:いれいさー もどるよ
2015-03-19 19:50:05,374 eSEAT0 INFO sending message to speechout
2015-03-19 19:50:05,388 eSEAT0 INFO current state OPEN
2015-03-19 19:50:05,388 eSEAT0 INFO loaded successfully
2015-03-19 19:50:26,981 SdoServiceAdmin WARNING No available SDO service in the factory: 
2015-03-19 19:50:26,981 SdoServiceAdmin ERROR type  already exists.
2015-03-19 19:50:26,984 SdoServiceAdmin WARNING No available SDO service in the factory: IDL:OpenRTM/ComponentObserver:1.0
2015-03-19 19:50:26,984 SdoServiceAdmin ERROR type 87e97875-6c7c-4dd1-8f1d-effe09e9cd1e already exists.
2015-03-19 19:51:15,411 ec_worker WARNING ExecutionContext is already stopped.
2015-03-19 19:51:15,411 ec_base ERROR Invoking on_shutdown() for each RTC failed.
