2015-03-19 19:49:35,820 manager INFO 1.1.0
2015-03-19 19:49:35,820 manager INFO Copyright (C) 2003-2010
2015-03-19 19:49:35,820 manager INFO   Noriaki Ando
2015-03-19 19:49:35,820 manager INFO   Intelligent Systems Research Institute, AIST
2015-03-19 19:49:35,820 manager INFO Manager starting.
2015-03-19 19:49:35,820 manager INFO Starting local logging.
2015-03-19 19:49:35,822 manager.namingmanager INFO NameServer connection succeeded: corba/localhost
2015-03-19 19:49:35,826 ManagerServant INFO Master manager not found
2015-03-19 19:49:35,827 manager WARNING Traceback (most recent call last):
  File "/usr/lib/python2.7/dist-packages/OpenRTM_aist/Manager.py", line 1900, in initManagerServant
    reffile = file(self._config.getProperty("manager.refstring_path"),'w')
IOError: [Errno 13] Permission denied: '/var/log/rtcmanager.ref'

2015-03-19 19:49:35,827 LocalServiceAdmin INFO All the local services are enabled.
2015-03-19 19:49:35,832 ec_base INFO setRate(1000000.000000) done
2015-03-19 19:49:35,832 ec_base INFO setRate(1000.000000) done
2015-03-19 19:49:35,833 rtobject INFO 1 execution context was created.
2015-03-19 19:49:35,833 eSEAT0 INFO eSEAT (Extended Simple Event Action Transfer) version 0.2
2015-03-19 19:49:35,833 eSEAT0 INFO Copyright (C) 2009-2014 Yosuke Matsusaka and Isao Hara
2015-03-19 19:49:35,833 rtobject INFO Initial active configuration set is default.
2015-03-19 19:49:35,834 eSEAT0 INFO Start loadSEATML:followme.seatml
2015-03-19 19:49:35,834 eSEAT0 INFO load script file: followme.seatml
2015-03-19 19:49:35,835 eSEAT0 INFO create adaptor: rtcin: speechin
2015-03-19 19:49:35,835 eSEAT0 INFO create inport: speechin
2015-03-19 19:49:35,836 eSEAT0 INFO create adaptor: rtcout: speechout
2015-03-19 19:49:35,836 eSEAT0 INFO create outport: speechout
2015-03-19 19:49:35,837 eSEAT0 INFO create adaptor: rtcout: speechoutE
2015-03-19 19:49:35,837 eSEAT0 INFO create outport: speechoutE
2015-03-19 19:49:35,838 eSEAT0 INFO create adaptor: rtcout: command
2015-03-19 19:49:35,838 eSEAT0 INFO create outport: command
2015-03-19 19:49:35,840 eSEAT0 INFO register key=OPEN:::entry
2015-03-19 19:49:35,840 eSEAT0 INFO register key=OPEN:::exit
2015-03-19 19:49:35,840 eSEAT0 INFO register key=OPEN:speechin:いれいさー すとっぷ
2015-03-19 19:49:35,840 eSEAT0 INFO register key=OPEN:speechin:いれいさー ついてきて
2015-03-19 19:49:35,840 eSEAT0 INFO register key=OPEN:speechin:いれいさー こんにちは
2015-03-19 19:49:35,841 eSEAT0 INFO register key=OPEN:speechin:いれいさー さようなら
2015-03-19 19:49:35,841 eSEAT0 INFO register key=OPEN:speechin:いれいさー えいごでじこしょうかいして
2015-03-19 19:49:35,841 eSEAT0 INFO register key=OPEN:speechin:いれいさー いまなんじ
2015-03-19 19:49:35,841 eSEAT0 INFO register key=STOP:speechin:いれいさー もどるよ
2015-03-19 19:49:35,841 eSEAT0 INFO sending message to speechout
2015-03-19 19:49:35,842 eSEAT0 INFO current state OPEN
2015-03-19 19:49:35,842 eSEAT0 INFO loaded successfully
2015-03-19 19:49:37,863 ec_worker ERROR State of the RTC is not ACTIVE_STATE.
2015-03-19 19:49:37,866 ec_worker WARNING ExecutionContext is already stopped.
2015-03-19 19:49:37,866 ec_base ERROR Invoking on_shutdown() for each RTC failed.
