2015-02-14 19:29:36,124 manager INFO 1.1.0
2015-02-14 19:29:36,124 manager INFO Copyright (C) 2003-2010
2015-02-14 19:29:36,124 manager INFO   Noriaki Ando
2015-02-14 19:29:36,124 manager INFO   Intelligent Systems Research Institute, AIST
2015-02-14 19:29:36,124 manager INFO Manager starting.
2015-02-14 19:29:36,124 manager INFO Starting local logging.
2015-02-14 19:29:36,126 manager.namingmanager INFO NameServer connection succeeded: corba/localhost
2015-02-14 19:29:36,130 ManagerServant INFO Master manager not found
2015-02-14 19:29:36,130 manager WARNING Traceback (most recent call last):
  File "/usr/lib/python2.7/dist-packages/OpenRTM_aist/Manager.py", line 1900, in initManagerServant
    reffile = file(self._config.getProperty("manager.refstring_path"),'w')
IOError: [Errno 13] Permission denied: '/var/log/rtcmanager.ref'

2015-02-14 19:29:36,130 LocalServiceAdmin INFO All the local services are enabled.
2015-02-14 19:29:36,135 ec_base INFO setRate(1000000.000000) done
2015-02-14 19:29:36,135 ec_base INFO setRate(1000.000000) done
2015-02-14 19:29:36,136 rtobject INFO 1 execution context was created.
2015-02-14 19:29:36,136 eSEAT0 INFO eSEAT (Extended Simple Event Action Transfer) version 0.2
2015-02-14 19:29:36,136 eSEAT0 INFO Copyright (C) 2009-2014 Yosuke Matsusaka and Isao Hara
2015-02-14 19:29:36,136 rtobject INFO Initial active configuration set is default.
2015-02-14 19:29:36,137 eSEAT0 INFO Start loadSEATML:a.seatml
2015-02-14 19:29:36,137 eSEAT0 INFO load script file: a.seatml
2015-02-14 19:29:36,137 eSEAT0 INFO create adaptor: rtcin: speechin
2015-02-14 19:29:36,138 eSEAT0 INFO create inport: speechin
2015-02-14 19:29:36,139 eSEAT0 INFO create adaptor: rtcout: speechout
2015-02-14 19:29:36,139 eSEAT0 INFO create outport: speechout
2015-02-14 19:29:36,140 eSEAT0 INFO register key=OPEN:::entry
2015-02-14 19:29:36,140 eSEAT0 INFO register key=OPEN:speechin:いれいさー こんにちは
2015-02-14 19:29:36,140 eSEAT0 INFO register key=OPEN:speechin:いれいさー さようなら
2015-02-14 19:29:36,140 eSEAT0 INFO register key=OPEN:speechin:いれいさー いまなんじ
2015-02-14 19:29:36,140 eSEAT0 INFO sending message to speechout
2015-02-14 19:29:36,140 eSEAT0 INFO current state OPEN
2015-02-14 19:29:36,140 eSEAT0 INFO loaded successfully
2015-02-14 19:29:37,413 ec_worker ERROR State of the RTC is not ACTIVE_STATE.
2015-02-14 19:29:37,415 ec_worker WARNING ExecutionContext is already stopped.
2015-02-14 19:29:37,415 ec_base ERROR Invoking on_shutdown() for each RTC failed.
