2015-02-14 20:03:30,672 manager INFO 1.1.0
2015-02-14 20:03:30,673 manager INFO Copyright (C) 2003-2010
2015-02-14 20:03:30,673 manager INFO   Noriaki Ando
2015-02-14 20:03:30,673 manager INFO   Intelligent Systems Research Institute, AIST
2015-02-14 20:03:30,673 manager INFO Manager starting.
2015-02-14 20:03:30,673 manager INFO Starting local logging.
2015-02-14 20:03:30,676 manager.namingmanager INFO NameServer connection succeeded: corba/localhost
2015-02-14 20:03:30,692 ManagerServant INFO Master manager not found
2015-02-14 20:03:30,696 manager WARNING Traceback (most recent call last):
  File "/usr/lib/python2.7/dist-packages/OpenRTM_aist/Manager.py", line 1900, in initManagerServant
    reffile = file(self._config.getProperty("manager.refstring_path"),'w')
IOError: [Errno 13] Permission denied: '/var/log/rtcmanager.ref'

2015-02-14 20:03:30,699 LocalServiceAdmin INFO All the local services are enabled.
2015-02-14 20:03:30,716 ec_base INFO setRate(1000000.000000) done
2015-02-14 20:03:30,716 ec_base INFO setRate(1000.000000) done
2015-02-14 20:03:30,717 rtobject INFO 1 execution context was created.
2015-02-14 20:03:30,717 eSEAT0 INFO eSEAT (Extended Simple Event Action Transfer) version 0.2
2015-02-14 20:03:30,720 eSEAT0 INFO Copyright (C) 2009-2014 Yosuke Matsusaka and Isao Hara
2015-02-14 20:03:30,722 rtobject INFO Initial active configuration set is default.
2015-02-14 20:03:30,728 eSEAT0 INFO Start loadSEATML:a.seatml
2015-02-14 20:03:30,729 eSEAT0 INFO load script file: a.seatml
2015-02-14 20:03:30,729 eSEAT0 INFO create adaptor: rtcin: speechin
2015-02-14 20:03:30,729 eSEAT0 INFO create inport: speechin
2015-02-14 20:03:30,731 eSEAT0 INFO create adaptor: rtcout: speechout
2015-02-14 20:03:30,731 eSEAT0 INFO create outport: speechout
2015-02-14 20:03:30,732 eSEAT0 INFO create adaptor: rtcout: speechoutE
2015-02-14 20:03:30,732 eSEAT0 INFO create outport: speechoutE
2015-02-14 20:03:30,735 eSEAT0 INFO register key=OPEN:::entry
2015-02-14 20:03:30,735 eSEAT0 INFO register key=OPEN:::exit
2015-02-14 20:03:30,735 eSEAT0 INFO register key=OPEN:speechin:いれいさー こんにちは
2015-02-14 20:03:30,736 eSEAT0 INFO register key=OPEN:speechin:いれいさー さようなら
2015-02-14 20:03:30,736 eSEAT0 INFO register key=OPEN:speechin:いれいさー 英語で自己紹介して
2015-02-14 20:03:30,736 eSEAT0 INFO register key=OPEN:speechin:いれいさー いまなんじ
2015-02-14 20:03:30,736 eSEAT0 INFO register key=STOP:speechin:いれいさー もどるよ
2015-02-14 20:03:30,739 eSEAT0 INFO sending message to speechout
2015-02-14 20:03:30,739 eSEAT0 INFO current state OPEN
2015-02-14 20:03:30,740 eSEAT0 INFO loaded successfully
2015-02-14 20:03:49,052 SdoServiceAdmin WARNING No available SDO service in the factory: 
2015-02-14 20:03:49,052 SdoServiceAdmin ERROR type  already exists.
2015-02-14 20:03:49,054 SdoServiceAdmin WARNING No available SDO service in the factory: IDL:OpenRTM/ComponentObserver:1.0
2015-02-14 20:03:49,054 SdoServiceAdmin ERROR type 6ee7cf09-5a24-4f4a-a0df-9df1879c06cc already exists.
2015-02-14 20:03:53,208 eSEAT0 INFO got input <?xml version="1.0" encoding="utf-8"?><listenText><data likelihood="-1470.098022" rank="1" score="0.888" text="いれいさー つ"><word score="1.000" text="いれいさー"/><word score="0.776" text="つ"/></data><data likelihood="-1485.238770" rank="2" score="0.61" text="いれいさー た"><word score="1.000" text="いれいさー"/><word score="0.220" text="た"/></data></listenText> (speechin)
2015-02-14 20:03:53,209 eSEAT0 INFO #1: いれいさー つ (0.888000)
2015-02-14 20:03:53,209 eSEAT0 INFO looking up...speechin: いれいさー つ
2015-02-14 20:03:53,209 eSEAT0 INFO [rejected] no matching phrases
2015-02-14 20:03:53,209 eSEAT0 INFO #2: いれいさー た (0.610000)
2015-02-14 20:03:53,210 eSEAT0 INFO [rejected] score under limit
2015-02-14 20:03:53,210 eSEAT0 INFO no command found
2015-02-14 20:03:53,210 eSEAT0 INFO got input from speechin
2015-02-14 20:03:53,210 eSEAT0 INFO looking up...speechin: ondata
2015-02-14 20:03:53,210 eSEAT0 INFO no command found
2015-02-14 20:03:54,291 eSEAT0 INFO got input <?xml version="1.0" encoding="utf-8"?><listenText><data likelihood="-1216.107056" rank="1" score="0.7675" text="いれいさー た"><word score="1.000" text="いれいさー"/><word score="0.535" text="た"/></data><data likelihood="-1217.338013" rank="2" score="0.732" text="いれいさー つ"><word score="1.000" text="いれいさー"/><word score="0.464" text="つ"/></data></listenText> (speechin)
2015-02-14 20:03:54,292 eSEAT0 INFO #1: いれいさー た (0.767500)
2015-02-14 20:03:54,292 eSEAT0 INFO [rejected] score under limit
2015-02-14 20:03:54,292 eSEAT0 INFO #2: いれいさー つ (0.732000)
2015-02-14 20:03:54,293 eSEAT0 INFO [rejected] score under limit
2015-02-14 20:03:54,293 eSEAT0 INFO no command found
2015-02-14 20:03:54,293 eSEAT0 INFO got input from speechin
2015-02-14 20:03:54,293 eSEAT0 INFO looking up...speechin: ondata
2015-02-14 20:03:54,293 eSEAT0 INFO no command found
2015-02-14 20:03:58,286 eSEAT0 INFO got input <?xml version="1.0" encoding="utf-8"?><listenText><data likelihood="-2375.548584" rank="1" score="0.75" text="いれいさー いまなんじ"><word score="1.000" text="いれいさー"/><word score="0.500" text="いまなんじ"/></data></listenText> (speechin)
2015-02-14 20:03:58,287 eSEAT0 INFO #1: いれいさー いまなんじ (0.750000)
2015-02-14 20:03:58,287 eSEAT0 INFO looking up...speechin: いれいさー いまなんじ
2015-02-14 20:03:58,288 eSEAT0 INFO sending message to speechout
2015-02-14 20:04:01,962 eSEAT0 INFO got input <?xml version="1.0" encoding="utf-8"?><listenText><data likelihood="-4601.318848" rank="1" score="0.741" text="いれいさー いまなんじ"><word score="1.000" text="いれいさー"/><word score="0.482" text="いまなんじ"/></data><data likelihood="-4621.363770" rank="2" score="0.514" text="いれいさー もどるよ"><word score="1.000" text="いれいさー"/><word score="0.028" text="もどるよ"/></data><data likelihood="-4630.796875" rank="3" score="0.504" text="いれいさー さようなら"><word score="1.000" text="いれいさー"/><word score="0.008" text="さようなら"/></data></listenText> (speechin)
2015-02-14 20:04:01,965 eSEAT0 INFO #1: いれいさー いまなんじ (0.741000)
2015-02-14 20:04:01,965 eSEAT0 INFO looking up...speechin: いれいさー いまなんじ
2015-02-14 20:04:01,965 eSEAT0 INFO sending message to speechout
2015-02-14 20:04:05,662 eSEAT0 INFO got input <?xml version="1.0" encoding="utf-8"?><listenText><data likelihood="-8041.208008" rank="1" score="1.0" text="いれいさー えいごでじこしょうかいして"><word score="1.000" text="いれいさー"/><word score="1.000" text="えいごでじこしょうかいして"/></data></listenText> (speechin)
2015-02-14 20:04:05,663 eSEAT0 INFO #1: いれいさー えいごでじこしょうかいして (1.000000)
2015-02-14 20:04:05,664 eSEAT0 INFO looking up...speechin: いれいさー えいごでじこしょうかいして
2015-02-14 20:04:05,665 eSEAT0 INFO [rejected] no matching phrases
2015-02-14 20:04:05,665 eSEAT0 INFO no command found
2015-02-14 20:04:05,665 eSEAT0 INFO got input from speechin
2015-02-14 20:04:05,665 eSEAT0 INFO looking up...speechin: ondata
2015-02-14 20:04:05,666 eSEAT0 INFO no command found
2015-02-14 20:04:09,972 eSEAT0 INFO got input <?xml version="1.0" encoding="utf-8"?><listenText><data likelihood="-3747.488281" rank="1" score="1.0" text="いれいさー こんにちは"><word score="1.000" text="いれいさー"/><word score="1.000" text="こんにちは"/></data></listenText> (speechin)
2015-02-14 20:04:09,981 eSEAT0 INFO #1: いれいさー こんにちは (1.000000)
2015-02-14 20:04:09,981 eSEAT0 INFO looking up...speechin: いれいさー こんにちは
2015-02-14 20:04:09,981 eSEAT0 INFO sending message to speechout
2015-02-14 20:04:12,759 eSEAT0 INFO got input <?xml version="1.0" encoding="utf-8"?><listenText><data likelihood="-2099.456299" rank="1" score="0.9365" text="いれいさー つ"><word score="1.000" text="いれいさー"/><word score="0.873" text="つ"/></data><data likelihood="-2119.308105" rank="2" score="0.5585" text="いれいさー た"><word score="1.000" text="いれいさー"/><word score="0.117" text="た"/></data><data likelihood="-2141.272217" rank="3" score="0.5045" text="いれいさー おはよう"><word score="1.000" text="いれいさー"/><word score="0.009" text="おはよう"/></data></listenText> (speechin)
2015-02-14 20:04:12,760 eSEAT0 INFO #1: いれいさー つ (0.936500)
2015-02-14 20:04:12,760 eSEAT0 INFO looking up...speechin: いれいさー つ
2015-02-14 20:04:12,760 eSEAT0 INFO [rejected] no matching phrases
2015-02-14 20:04:12,760 eSEAT0 INFO #2: いれいさー た (0.558500)
2015-02-14 20:04:12,760 eSEAT0 INFO [rejected] score under limit
2015-02-14 20:04:12,760 eSEAT0 INFO #3: いれいさー おはよう (0.504500)
2015-02-14 20:04:12,760 eSEAT0 INFO [rejected] score under limit
2015-02-14 20:04:12,760 eSEAT0 INFO no command found
2015-02-14 20:04:12,760 eSEAT0 INFO got input from speechin
2015-02-14 20:04:12,760 eSEAT0 INFO looking up...speechin: ondata
2015-02-14 20:04:12,760 eSEAT0 INFO no command found
2015-02-14 20:04:16,276 eSEAT0 INFO got input <?xml version="1.0" encoding="utf-8"?><listenText><data likelihood="-5855.418945" rank="1" score="1.0" text="いれいさー えいごでじこしょうかいして"><word score="1.000" text="いれいさー"/><word score="1.000" text="えいごでじこしょうかいして"/></data></listenText> (speechin)
2015-02-14 20:04:16,277 eSEAT0 INFO #1: いれいさー えいごでじこしょうかいして (1.000000)
2015-02-14 20:04:16,277 eSEAT0 INFO looking up...speechin: いれいさー えいごでじこしょうかいして
2015-02-14 20:04:16,277 eSEAT0 INFO [rejected] no matching phrases
2015-02-14 20:04:16,277 eSEAT0 INFO no command found
2015-02-14 20:04:16,277 eSEAT0 INFO got input from speechin
2015-02-14 20:04:16,277 eSEAT0 INFO looking up...speechin: ondata
2015-02-14 20:04:16,278 eSEAT0 INFO no command found
2015-02-14 20:04:22,482 eSEAT0 INFO got input <?xml version="1.0" encoding="utf-8"?><listenText><data likelihood="-1527.698730" rank="1" score="0.9305" text="いれいさー た"><word score="1.000" text="いれいさー"/><word score="0.861" text="た"/></data><data likelihood="-1543.576904" rank="2" score="0.569" text="いれいさー つ"><word score="1.000" text="いれいさー"/><word score="0.138" text="つ"/></data></listenText> (speechin)
2015-02-14 20:04:22,483 eSEAT0 INFO #1: いれいさー た (0.930500)
2015-02-14 20:04:22,483 eSEAT0 INFO looking up...speechin: いれいさー た
2015-02-14 20:04:22,483 eSEAT0 INFO [rejected] no matching phrases
2015-02-14 20:04:22,483 eSEAT0 INFO #2: いれいさー つ (0.569000)
2015-02-14 20:04:22,483 eSEAT0 INFO [rejected] score under limit
2015-02-14 20:04:22,483 eSEAT0 INFO no command found
2015-02-14 20:04:22,483 eSEAT0 INFO got input from speechin
2015-02-14 20:04:22,484 eSEAT0 INFO looking up...speechin: ondata
2015-02-14 20:04:22,484 eSEAT0 INFO no command found
2015-02-14 20:04:25,274 eSEAT0 INFO got input <?xml version="1.0" encoding="utf-8"?><listenText><data likelihood="-1921.319336" rank="1" score="0.7795" text="いれいさー つ"><word score="1.000" text="いれいさー"/><word score="0.559" text="つ"/></data><data likelihood="-1923.371948" rank="2" score="0.7205" text="いれいさー た"><word score="1.000" text="いれいさー"/><word score="0.441" text="た"/></data></listenText> (speechin)
2015-02-14 20:04:25,275 eSEAT0 INFO #1: いれいさー つ (0.779500)
2015-02-14 20:04:25,275 eSEAT0 INFO looking up...speechin: いれいさー つ
2015-02-14 20:04:25,275 eSEAT0 INFO [rejected] no matching phrases
2015-02-14 20:04:25,275 eSEAT0 INFO #2: いれいさー た (0.720500)
2015-02-14 20:04:25,276 eSEAT0 INFO looking up...speechin: いれいさー た
2015-02-14 20:04:25,276 eSEAT0 INFO [rejected] no matching phrases
2015-02-14 20:04:25,276 eSEAT0 INFO no command found
2015-02-14 20:04:25,276 eSEAT0 INFO got input from speechin
2015-02-14 20:04:25,276 eSEAT0 INFO looking up...speechin: ondata
2015-02-14 20:04:25,276 eSEAT0 INFO no command found
2015-02-14 20:04:27,651 eSEAT0 INFO got input <?xml version="1.0" encoding="utf-8"?><listenText><data likelihood="-2386.594971" rank="1" score="0.7855" text="いれいさー つ"><word score="1.000" text="いれいさー"/><word score="0.571" text="つ"/></data><data likelihood="-2389.671387" rank="2" score="0.714" text="いれいさー た"><word score="1.000" text="いれいさー"/><word score="0.428" text="た"/></data></listenText> (speechin)
2015-02-14 20:04:27,654 eSEAT0 INFO #1: いれいさー つ (0.785500)
2015-02-14 20:04:27,654 eSEAT0 INFO looking up...speechin: いれいさー つ
2015-02-14 20:04:27,655 eSEAT0 INFO [rejected] no matching phrases
2015-02-14 20:04:27,655 eSEAT0 INFO #2: いれいさー た (0.714000)
2015-02-14 20:04:27,655 eSEAT0 INFO looking up...speechin: いれいさー た
2015-02-14 20:04:27,655 eSEAT0 INFO [rejected] no matching phrases
2015-02-14 20:04:27,655 eSEAT0 INFO no command found
2015-02-14 20:04:27,655 eSEAT0 INFO got input from speechin
2015-02-14 20:04:27,656 eSEAT0 INFO looking up...speechin: ondata
2015-02-14 20:04:27,656 eSEAT0 INFO no command found
2015-02-14 20:04:28,510 eSEAT0 INFO got input <?xml version="1.0" encoding="utf-8"?><listenText><data likelihood="-1607.660889" rank="1" score="0.763" text="いれいさー た"><word score="1.000" text="いれいさー"/><word score="0.526" text="た"/></data><data likelihood="-1608.373413" rank="2" score="0.7365" text="いれいさー つ"><word score="1.000" text="いれいさー"/><word score="0.473" text="つ"/></data></listenText> (speechin)
2015-02-14 20:04:28,511 eSEAT0 INFO #1: いれいさー た (0.763000)
2015-02-14 20:04:28,511 eSEAT0 INFO looking up...speechin: いれいさー た
2015-02-14 20:04:28,511 eSEAT0 INFO [rejected] no matching phrases
2015-02-14 20:04:28,511 eSEAT0 INFO #2: いれいさー つ (0.736500)
2015-02-14 20:04:28,511 eSEAT0 INFO looking up...speechin: いれいさー つ
2015-02-14 20:04:28,511 eSEAT0 INFO [rejected] no matching phrases
2015-02-14 20:04:28,511 eSEAT0 INFO no command found
2015-02-14 20:04:28,511 eSEAT0 INFO got input from speechin
2015-02-14 20:04:28,511 eSEAT0 INFO looking up...speechin: ondata
2015-02-14 20:04:28,511 eSEAT0 INFO no command found
2015-02-14 20:04:31,766 ec_worker WARNING ExecutionContext is already stopped.
2015-02-14 20:04:31,766 ec_base ERROR Invoking on_shutdown() for each RTC failed.
