2015-02-14 19:42:46,562 manager INFO 1.1.0
2015-02-14 19:42:46,562 manager INFO Copyright (C) 2003-2010
2015-02-14 19:42:46,562 manager INFO   Noriaki Ando
2015-02-14 19:42:46,562 manager INFO   Intelligent Systems Research Institute, AIST
2015-02-14 19:42:46,562 manager INFO Manager starting.
2015-02-14 19:42:46,562 manager INFO Starting local logging.
2015-02-14 19:42:46,564 manager.namingmanager INFO NameServer connection succeeded: corba/localhost
2015-02-14 19:42:46,569 ManagerServant INFO Master manager not found
2015-02-14 19:42:46,569 manager WARNING Traceback (most recent call last):
  File "/usr/lib/python2.7/dist-packages/OpenRTM_aist/Manager.py", line 1900, in initManagerServant
    reffile = file(self._config.getProperty("manager.refstring_path"),'w')
IOError: [Errno 13] Permission denied: '/var/log/rtcmanager.ref'

2015-02-14 19:42:46,570 LocalServiceAdmin INFO All the local services are enabled.
2015-02-14 19:42:46,575 ec_base INFO setRate(1000000.000000) done
2015-02-14 19:42:46,575 ec_base INFO setRate(1000.000000) done
2015-02-14 19:42:46,576 rtobject INFO 1 execution context was created.
2015-02-14 19:42:46,576 eSEAT0 INFO eSEAT (Extended Simple Event Action Transfer) version 0.2
2015-02-14 19:42:46,576 eSEAT0 INFO Copyright (C) 2009-2014 Yosuke Matsusaka and Isao Hara
2015-02-14 19:42:46,576 rtobject INFO Initial active configuration set is default.
2015-02-14 19:42:46,577 eSEAT0 INFO Start loadSEATML:a.seatml
2015-02-14 19:42:46,577 eSEAT0 INFO load script file: a.seatml
2015-02-14 19:42:46,578 eSEAT0 INFO create adaptor: rtcin: speechin
2015-02-14 19:42:46,578 eSEAT0 INFO create inport: speechin
2015-02-14 19:42:46,579 eSEAT0 INFO create adaptor: rtcout: speechout
2015-02-14 19:42:46,579 eSEAT0 INFO create outport: speechout
2015-02-14 19:42:46,581 eSEAT0 INFO register key=OPEN:::entry
2015-02-14 19:42:46,581 eSEAT0 INFO register key=OPEN:::exit
2015-02-14 19:42:46,581 eSEAT0 INFO register key=OPEN:speechin:いれいさー こんにちは
2015-02-14 19:42:46,581 eSEAT0 INFO register key=OPEN:speechin:いれいさー さようなら
2015-02-14 19:42:46,581 eSEAT0 INFO register key=OPEN:speechin:いれいさー いまなんじ
2015-02-14 19:42:46,581 eSEAT0 INFO register key=STOP:speechin:いれいさー もどるよ
2015-02-14 19:42:46,582 eSEAT0 INFO sending message to speechout
2015-02-14 19:42:46,582 eSEAT0 INFO current state OPEN
2015-02-14 19:42:46,582 eSEAT0 INFO loaded successfully
2015-02-14 19:43:15,794 eSEAT0 INFO got input <?xml version="1.0" encoding="utf-8"?><listenText><data likelihood="-4114.455566" rank="1" score="1.0" text="いれいさー こんにちは"><word score="1.000" text="いれいさー"/><word score="1.000" text="こんにちは"/></data></listenText> (speechin)
2015-02-14 19:43:15,796 eSEAT0 INFO #1: いれいさー こんにちは (1.000000)
2015-02-14 19:43:15,796 eSEAT0 INFO looking up...speechin: いれいさー こんにちは
2015-02-14 19:43:15,796 eSEAT0 INFO sending message to speechout
2015-02-14 19:43:18,465 eSEAT0 INFO got input <?xml version="1.0" encoding="utf-8"?><listenText><data likelihood="-2077.322266" rank="1" score="0.955" text="いれいさー つ"><word score="1.000" text="いれいさー"/><word score="0.910" text="つ"/></data><data likelihood="-2100.096191" rank="2" score="0.5375" text="いれいさー た"><word score="1.000" text="いれいさー"/><word score="0.075" text="た"/></data><data likelihood="-2118.494629" rank="3" score="0.5035" text="いれいさー おはよう"><word score="1.000" text="いれいさー"/><word score="0.007" text="おはよう"/></data><data likelihood="-2125.631104" rank="4" score="0.5015" text="いれいさー いまなんじ"><word score="1.000" text="いれいさー"/><word score="0.003" text="いまなんじ"/></data></listenText> (speechin)
2015-02-14 19:43:18,467 eSEAT0 INFO #1: いれいさー つ (0.955000)
2015-02-14 19:43:18,467 eSEAT0 INFO looking up...speechin: いれいさー つ
2015-02-14 19:43:18,467 eSEAT0 INFO [rejected] no matching phrases
2015-02-14 19:43:18,467 eSEAT0 INFO #2: いれいさー た (0.537500)
2015-02-14 19:43:18,467 eSEAT0 INFO [rejected] score under limit
2015-02-14 19:43:18,467 eSEAT0 INFO #3: いれいさー おはよう (0.503500)
2015-02-14 19:43:18,467 eSEAT0 INFO [rejected] score under limit
2015-02-14 19:43:18,467 eSEAT0 INFO #4: いれいさー いまなんじ (0.501500)
2015-02-14 19:43:18,467 eSEAT0 INFO [rejected] score under limit
2015-02-14 19:43:18,467 eSEAT0 INFO no command found
2015-02-14 19:43:18,468 eSEAT0 INFO got input from speechin
2015-02-14 19:43:18,468 eSEAT0 INFO looking up...speechin: ondata
2015-02-14 19:43:18,468 eSEAT0 INFO no command found
2015-02-14 19:43:22,903 eSEAT0 INFO got input <?xml version="1.0" encoding="utf-8"?><listenText><data likelihood="-3971.406982" rank="1" score="0.75" text="いれいさー いまなんじ"><word score="1.000" text="いれいさー"/><word score="0.500" text="いまなんじ"/></data></listenText> (speechin)
2015-02-14 19:43:22,904 eSEAT0 INFO #1: いれいさー いまなんじ (0.750000)
2015-02-14 19:43:22,904 eSEAT0 INFO [rejected] score under limit
2015-02-14 19:43:22,904 eSEAT0 INFO no command found
2015-02-14 19:43:22,904 eSEAT0 INFO got input from speechin
2015-02-14 19:43:22,905 eSEAT0 INFO looking up...speechin: ondata
2015-02-14 19:43:22,905 eSEAT0 INFO no command found
2015-02-14 19:43:35,413 eSEAT0 INFO got input <?xml version="1.0" encoding="utf-8"?><listenText><data likelihood="-4082.143311" rank="1" score="1.0" text="いれいさー さようなら"><word score="1.000" text="いれいさー"/><word score="1.000" text="さようなら"/></data></listenText> (speechin)
2015-02-14 19:43:35,414 eSEAT0 INFO #1: いれいさー さようなら (1.000000)
2015-02-14 19:43:35,414 eSEAT0 INFO looking up...speechin: いれいさー さようなら
2015-02-14 19:43:35,414 eSEAT0 INFO sending message to speechout
2015-02-14 19:43:35,578 eSEAT0 INFO state transition from OPEN to STOP
2015-02-14 19:43:35,578 eSEAT0 INFO sending message to speechout
2015-02-14 19:43:39,105 eSEAT0 INFO got input <?xml version="1.0" encoding="utf-8"?><listenText><data likelihood="-4215.800781" rank="1" score="0.6205" text="いれいさー もどるよ"><word score="1.000" text="いれいさー"/><word score="0.241" text="もどるよ"/></data><data likelihood="-4218.177734" rank="2" score="0.6735" text="いれいさー いまなんじ"><word score="1.000" text="いれいさー"/><word score="0.347" text="いまなんじ"/></data><data likelihood="-4236.236816" rank="3" score="0.5225" text="いれいさー さようなら"><word score="1.000" text="いれいさー"/><word score="0.045" text="さようなら"/></data><data likelihood="-4243.747070" rank="4" score="0.5055" text="いれいさー つ"><word score="1.000" text="いれいさー"/><word score="0.011" text="つ"/></data><data likelihood="-4250.309082" rank="5" score="0.503" text="いれいさー こんにちは"><word score="1.000" text="いれいさー"/><word score="0.006" text="こんにちは"/></data></listenText> (speechin)
2015-02-14 19:43:39,106 eSEAT0 INFO #1: いれいさー もどるよ (0.620500)
2015-02-14 19:43:39,106 eSEAT0 INFO [rejected] score under limit
2015-02-14 19:43:39,106 eSEAT0 INFO #2: いれいさー いまなんじ (0.673500)
2015-02-14 19:43:39,106 eSEAT0 INFO [rejected] score under limit
2015-02-14 19:43:39,106 eSEAT0 INFO #3: いれいさー さようなら (0.522500)
2015-02-14 19:43:39,106 eSEAT0 INFO [rejected] score under limit
2015-02-14 19:43:39,106 eSEAT0 INFO #4: いれいさー つ (0.505500)
2015-02-14 19:43:39,107 eSEAT0 INFO [rejected] score under limit
2015-02-14 19:43:39,107 eSEAT0 INFO #5: いれいさー こんにちは (0.503000)
2015-02-14 19:43:39,107 eSEAT0 INFO [rejected] score under limit
2015-02-14 19:43:39,107 eSEAT0 INFO no command found
2015-02-14 19:43:39,107 eSEAT0 INFO got input from speechin
2015-02-14 19:43:39,107 eSEAT0 INFO looking up...speechin: ondata
2015-02-14 19:43:39,107 eSEAT0 INFO no command found
2015-02-14 19:43:51,232 eSEAT0 INFO got input <?xml version="1.0" encoding="utf-8"?><listenText><data likelihood="-3646.638672" rank="1" score="1.0" text="いれいさー こんにちは"><word score="1.000" text="いれいさー"/><word score="1.000" text="こんにちは"/></data></listenText> (speechin)
2015-02-14 19:43:51,232 eSEAT0 INFO #1: いれいさー こんにちは (1.000000)
2015-02-14 19:43:51,233 eSEAT0 INFO looking up...speechin: いれいさー こんにちは
2015-02-14 19:43:51,233 eSEAT0 INFO [rejected] no matching phrases
2015-02-14 19:43:51,233 eSEAT0 INFO no command found
2015-02-14 19:43:51,233 eSEAT0 INFO got input from speechin
2015-02-14 19:43:51,233 eSEAT0 INFO looking up...speechin: ondata
2015-02-14 19:43:51,233 eSEAT0 INFO no command found
2015-02-14 19:43:54,513 eSEAT0 INFO got input <?xml version="1.0" encoding="utf-8"?><listenText><data likelihood="-3531.536133" rank="1" score="1.0" text="いれいさー さようなら"><word score="1.000" text="いれいさー"/><word score="1.000" text="さようなら"/></data></listenText> (speechin)
2015-02-14 19:43:54,513 eSEAT0 INFO #1: いれいさー さようなら (1.000000)
2015-02-14 19:43:54,514 eSEAT0 INFO looking up...speechin: いれいさー さようなら
2015-02-14 19:43:54,514 eSEAT0 INFO [rejected] no matching phrases
2015-02-14 19:43:54,514 eSEAT0 INFO no command found
2015-02-14 19:43:54,514 eSEAT0 INFO got input from speechin
2015-02-14 19:43:54,514 eSEAT0 INFO looking up...speechin: ondata
2015-02-14 19:43:54,514 eSEAT0 INFO no command found
2015-02-14 19:43:59,206 eSEAT0 INFO got input <?xml version="1.0" encoding="utf-8"?><listenText><data likelihood="-3392.418213" rank="1" score="0.75" text="いれいさー いまなんじ"><word score="1.000" text="いれいさー"/><word score="0.500" text="いまなんじ"/></data></listenText> (speechin)
2015-02-14 19:43:59,207 eSEAT0 INFO #1: いれいさー いまなんじ (0.750000)
2015-02-14 19:43:59,207 eSEAT0 INFO [rejected] score under limit
2015-02-14 19:43:59,207 eSEAT0 INFO no command found
2015-02-14 19:43:59,207 eSEAT0 INFO got input from speechin
2015-02-14 19:43:59,207 eSEAT0 INFO looking up...speechin: ondata
2015-02-14 19:43:59,207 eSEAT0 INFO no command found
2015-02-14 19:44:03,733 eSEAT0 INFO got input <?xml version="1.0" encoding="utf-8"?><listenText><data likelihood="-3813.935303" rank="1" score="1.0" text="いれいさー もどるよ"><word score="1.000" text="いれいさー"/><word score="1.000" text="もどるよ"/></data></listenText> (speechin)
2015-02-14 19:44:03,735 eSEAT0 INFO #1: いれいさー もどるよ (1.000000)
2015-02-14 19:44:03,735 eSEAT0 INFO looking up...speechin: いれいさー もどるよ
2015-02-14 19:44:03,735 eSEAT0 INFO sending message to speechout
2015-02-14 19:44:03,923 eSEAT0 INFO state transition from STOP to OPEN
2015-02-14 19:44:03,924 eSEAT0 INFO sending message to speechout
2015-02-14 19:44:08,143 eSEAT0 INFO got input <?xml version="1.0" encoding="utf-8"?><listenText><data likelihood="-6124.192383" rank="1" score="0.9605" text="いれいさー もどるよ"><word score="1.000" text="いれいさー"/><word score="0.921" text="もどるよ"/></data><data likelihood="-6153.032227" rank="2" score="0.5185" text="いれいさー いまなんじ"><word score="1.000" text="いれいさー"/><word score="0.037" text="いまなんじ"/></data><data likelihood="-6169.504395" rank="3" score="0.5185" text="いれいさー いまなんじ"><word score="1.000" text="いれいさー"/><word score="0.037" text="いまなんじ"/></data><data likelihood="-6170.733398" rank="4" score="0.503" text="いれいさー さようなら"><word score="1.000" text="いれいさー"/><word score="0.006" text="さようなら"/></data></listenText> (speechin)
2015-02-14 19:44:08,145 eSEAT0 INFO #1: いれいさー もどるよ (0.960500)
2015-02-14 19:44:08,145 eSEAT0 INFO looking up...speechin: いれいさー もどるよ
2015-02-14 19:44:08,145 eSEAT0 INFO [rejected] no matching phrases
2015-02-14 19:44:08,145 eSEAT0 INFO #2: いれいさー いまなんじ (0.518500)
2015-02-14 19:44:08,146 eSEAT0 INFO [rejected] score under limit
2015-02-14 19:44:08,146 eSEAT0 INFO #3: いれいさー いまなんじ (0.518500)
2015-02-14 19:44:08,146 eSEAT0 INFO [rejected] score under limit
2015-02-14 19:44:08,146 eSEAT0 INFO #4: いれいさー さようなら (0.503000)
2015-02-14 19:44:08,146 eSEAT0 INFO [rejected] score under limit
2015-02-14 19:44:08,146 eSEAT0 INFO no command found
2015-02-14 19:44:08,147 eSEAT0 INFO got input from speechin
2015-02-14 19:44:08,147 eSEAT0 INFO looking up...speechin: ondata
2015-02-14 19:44:08,147 eSEAT0 INFO no command found
2015-02-14 19:44:26,742 eSEAT0 INFO got input <?xml version="1.0" encoding="utf-8"?><listenText><data likelihood="-3969.526611" rank="1" score="1.0" text="いれいさー こんにちは"><word score="1.000" text="いれいさー"/><word score="1.000" text="こんにちは"/></data></listenText> (speechin)
2015-02-14 19:44:26,744 eSEAT0 INFO #1: いれいさー こんにちは (1.000000)
2015-02-14 19:44:26,744 eSEAT0 INFO looking up...speechin: いれいさー こんにちは
2015-02-14 19:44:26,744 eSEAT0 INFO sending message to speechout
2015-02-14 19:44:29,276 eSEAT0 INFO got input <?xml version="1.0" encoding="utf-8"?><listenText><data likelihood="-2040.507690" rank="1" score="0.938" text="いれいさー つ"><word score="1.000" text="いれいさー"/><word score="0.876" text="つ"/></data><data likelihood="-2059.467285" rank="2" score="0.558" text="いれいさー た"><word score="1.000" text="いれいさー"/><word score="0.116" text="た"/></data><data likelihood="-2087.635010" rank="3" score="0.5035" text="いれいさー おはよう"><word score="1.000" text="いれいさー"/><word score="0.007" text="おはよう"/></data></listenText> (speechin)
2015-02-14 19:44:29,277 eSEAT0 INFO #1: いれいさー つ (0.938000)
2015-02-14 19:44:29,277 eSEAT0 INFO looking up...speechin: いれいさー つ
2015-02-14 19:44:29,278 eSEAT0 INFO [rejected] no matching phrases
2015-02-14 19:44:29,278 eSEAT0 INFO #2: いれいさー た (0.558000)
2015-02-14 19:44:29,279 eSEAT0 INFO [rejected] score under limit
2015-02-14 19:44:29,279 eSEAT0 INFO #3: いれいさー おはよう (0.503500)
2015-02-14 19:44:29,279 eSEAT0 INFO [rejected] score under limit
2015-02-14 19:44:29,279 eSEAT0 INFO no command found
2015-02-14 19:44:29,280 eSEAT0 INFO got input from speechin
2015-02-14 19:44:29,280 eSEAT0 INFO looking up...speechin: ondata
2015-02-14 19:44:29,280 eSEAT0 INFO no command found
2015-02-14 19:44:32,281 eSEAT0 INFO got input <?xml version="1.0" encoding="utf-8"?><listenText><data likelihood="-3953.292725" rank="1" score="1.0" text="いれいさー さようなら"><word score="1.000" text="いれいさー"/><word score="1.000" text="さようなら"/></data></listenText> (speechin)
2015-02-14 19:44:32,282 eSEAT0 INFO #1: いれいさー さようなら (1.000000)
2015-02-14 19:44:32,282 eSEAT0 INFO looking up...speechin: いれいさー さようなら
2015-02-14 19:44:32,282 eSEAT0 INFO sending message to speechout
2015-02-14 19:44:32,283 eSEAT0 INFO state transition from OPEN to STOP
2015-02-14 19:44:32,283 eSEAT0 INFO sending message to speechout
2015-02-14 19:44:35,562 eSEAT0 INFO got input <?xml version="1.0" encoding="utf-8"?><listenText><data likelihood="-4243.886230" rank="1" score="0.7265" text="いれいさー いまなんじ"><word score="1.000" text="いれいさー"/><word score="0.453" text="いまなんじ"/></data><data likelihood="-4262.265625" rank="2" score="0.5135" text="いれいさー もどるよ"><word score="1.000" text="いれいさー"/><word score="0.027" text="もどるよ"/></data><data likelihood="-4265.136230" rank="3" score="0.5235" text="いれいさー さようなら"><word score="1.000" text="いれいさー"/><word score="0.047" text="さようなら"/></data><data likelihood="-4274.409180" rank="4" score="0.5055" text="いれいさー こんにちは"><word score="1.000" text="いれいさー"/><word score="0.011" text="こんにちは"/></data><data likelihood="-4291.888184" rank="5" score="0.5025" text="いれいさー た"><word score="1.000" text="いれいさー"/><word score="0.005" text="た"/></data></listenText> (speechin)
2015-02-14 19:44:35,563 eSEAT0 INFO #1: いれいさー いまなんじ (0.726500)
2015-02-14 19:44:35,563 eSEAT0 INFO [rejected] score under limit
2015-02-14 19:44:35,563 eSEAT0 INFO #2: いれいさー もどるよ (0.513500)
2015-02-14 19:44:35,563 eSEAT0 INFO [rejected] score under limit
2015-02-14 19:44:35,563 eSEAT0 INFO #3: いれいさー さようなら (0.523500)
2015-02-14 19:44:35,564 eSEAT0 INFO [rejected] score under limit
2015-02-14 19:44:35,564 eSEAT0 INFO #4: いれいさー こんにちは (0.505500)
2015-02-14 19:44:35,564 eSEAT0 INFO [rejected] score under limit
2015-02-14 19:44:35,564 eSEAT0 INFO #5: いれいさー た (0.502500)
2015-02-14 19:44:35,564 eSEAT0 INFO [rejected] score under limit
2015-02-14 19:44:35,564 eSEAT0 INFO no command found
2015-02-14 19:44:35,564 eSEAT0 INFO got input from speechin
2015-02-14 19:44:35,564 eSEAT0 INFO looking up...speechin: ondata
2015-02-14 19:44:35,564 eSEAT0 INFO no command found
2015-02-14 19:44:40,951 eSEAT0 INFO got input <?xml version="1.0" encoding="utf-8"?><listenText><data likelihood="-3332.485596" rank="1" score="1.0" text="いれいさー もどるよ"><word score="1.000" text="いれいさー"/><word score="1.000" text="もどるよ"/></data></listenText> (speechin)
2015-02-14 19:44:40,951 eSEAT0 INFO #1: いれいさー もどるよ (1.000000)
2015-02-14 19:44:40,951 eSEAT0 INFO looking up...speechin: いれいさー もどるよ
2015-02-14 19:44:40,952 eSEAT0 INFO sending message to speechout
2015-02-14 19:44:40,953 eSEAT0 INFO state transition from STOP to OPEN
2015-02-14 19:44:40,953 eSEAT0 INFO sending message to speechout
2015-02-14 19:44:44,871 eSEAT0 INFO got input <?xml version="1.0" encoding="utf-8"?><listenText><data likelihood="-6094.611816" rank="1" score="0.9915" text="いれいさー もどるよ"><word score="1.000" text="いれいさー"/><word score="0.983" text="もどるよ"/></data><data likelihood="-6140.175293" rank="2" score="0.5035" text="いれいさー いまなんじ"><word score="1.000" text="いれいさー"/><word score="0.007" text="いまなんじ"/></data><data likelihood="-6147.314453" rank="3" score="0.5015" text="いれいさー さようなら"><word score="1.000" text="いれいさー"/><word score="0.003" text="さようなら"/></data><data likelihood="-6154.379395" rank="4" score="0.5035" text="いれいさー いまなんじ"><word score="1.000" text="いれいさー"/><word score="0.007" text="いまなんじ"/></data></listenText> (speechin)
2015-02-14 19:44:44,872 eSEAT0 INFO #1: いれいさー もどるよ (0.991500)
2015-02-14 19:44:44,872 eSEAT0 INFO looking up...speechin: いれいさー もどるよ
2015-02-14 19:44:44,873 eSEAT0 INFO [rejected] no matching phrases
2015-02-14 19:44:44,873 eSEAT0 INFO #2: いれいさー いまなんじ (0.503500)
2015-02-14 19:44:44,873 eSEAT0 INFO [rejected] score under limit
2015-02-14 19:44:44,873 eSEAT0 INFO #3: いれいさー さようなら (0.501500)
2015-02-14 19:44:44,873 eSEAT0 INFO [rejected] score under limit
2015-02-14 19:44:44,873 eSEAT0 INFO #4: いれいさー いまなんじ (0.503500)
2015-02-14 19:44:44,873 eSEAT0 INFO [rejected] score under limit
2015-02-14 19:44:44,873 eSEAT0 INFO no command found
2015-02-14 19:44:44,873 eSEAT0 INFO got input from speechin
2015-02-14 19:44:44,873 eSEAT0 INFO looking up...speechin: ondata
2015-02-14 19:44:44,873 eSEAT0 INFO no command found
2015-02-14 19:45:09,015 eSEAT0 INFO got input <?xml version="1.0" encoding="utf-8"?><listenText><data likelihood="-1594.800293" rank="1" score="0.789" text="いれいさー た"><word score="1.000" text="いれいさー"/><word score="0.578" text="た"/></data><data likelihood="-1601.084473" rank="2" score="0.711" text="いれいさー つ"><word score="1.000" text="いれいさー"/><word score="0.422" text="つ"/></data></listenText> (speechin)
2015-02-14 19:45:09,016 eSEAT0 INFO #1: いれいさー た (0.789000)
2015-02-14 19:45:09,017 eSEAT0 INFO [rejected] score under limit
2015-02-14 19:45:09,017 eSEAT0 INFO #2: いれいさー つ (0.711000)
2015-02-14 19:45:09,017 eSEAT0 INFO [rejected] score under limit
2015-02-14 19:45:09,017 eSEAT0 INFO no command found
2015-02-14 19:45:09,017 eSEAT0 INFO got input from speechin
2015-02-14 19:45:09,017 eSEAT0 INFO looking up...speechin: ondata
2015-02-14 19:45:09,017 eSEAT0 INFO no command found
2015-02-14 19:45:14,447 eSEAT0 INFO got input <?xml version="1.0" encoding="utf-8"?><listenText><data likelihood="-3488.561279" rank="1" score="0.75" text="いれいさー いまなんじ"><word score="1.000" text="いれいさー"/><word score="0.500" text="いまなんじ"/></data></listenText> (speechin)
2015-02-14 19:45:14,448 eSEAT0 INFO #1: いれいさー いまなんじ (0.750000)
2015-02-14 19:45:14,448 eSEAT0 INFO [rejected] score under limit
2015-02-14 19:45:14,449 eSEAT0 INFO no command found
2015-02-14 19:45:14,449 eSEAT0 INFO got input from speechin
2015-02-14 19:45:14,450 eSEAT0 INFO looking up...speechin: ondata
2015-02-14 19:45:14,450 eSEAT0 INFO no command found
2015-02-14 19:45:19,154 eSEAT0 INFO got input <?xml version="1.0" encoding="utf-8"?><listenText><data likelihood="-2710.227539" rank="1" score="0.7495" text="いれいさー いまなんじ"><word score="1.000" text="いれいさー"/><word score="0.499" text="いまなんじ"/></data></listenText> (speechin)
2015-02-14 19:45:19,154 eSEAT0 INFO #1: いれいさー いまなんじ (0.749500)
2015-02-14 19:45:19,155 eSEAT0 INFO [rejected] score under limit
2015-02-14 19:45:19,155 eSEAT0 INFO no command found
2015-02-14 19:45:19,155 eSEAT0 INFO got input from speechin
2015-02-14 19:45:19,155 eSEAT0 INFO looking up...speechin: ondata
2015-02-14 19:45:19,155 eSEAT0 INFO no command found
2015-02-14 19:45:43,512 eSEAT0 INFO got input <?xml version="1.0" encoding="utf-8"?><listenText><data likelihood="-1586.371826" rank="1" score="0.775" text="いれいさー た"><word score="1.000" text="いれいさー"/><word score="0.550" text="た"/></data><data likelihood="-1588.117676" rank="2" score="0.725" text="いれいさー つ"><word score="1.000" text="いれいさー"/><word score="0.450" text="つ"/></data></listenText> (speechin)
2015-02-14 19:45:43,514 eSEAT0 INFO #1: いれいさー た (0.775000)
2015-02-14 19:45:43,514 eSEAT0 INFO [rejected] score under limit
2015-02-14 19:45:43,514 eSEAT0 INFO #2: いれいさー つ (0.725000)
2015-02-14 19:45:43,514 eSEAT0 INFO [rejected] score under limit
2015-02-14 19:45:43,514 eSEAT0 INFO no command found
2015-02-14 19:45:43,514 eSEAT0 INFO got input from speechin
2015-02-14 19:45:43,514 eSEAT0 INFO looking up...speechin: ondata
2015-02-14 19:45:43,514 eSEAT0 INFO no command found
2015-02-14 19:46:11,743 eSEAT0 INFO got input <?xml version="1.0" encoding="utf-8"?><listenText><data likelihood="-3733.435791" rank="1" score="1.0" text="いれいさー こんにちは"><word score="1.000" text="いれいさー"/><word score="1.000" text="こんにちは"/></data></listenText> (speechin)
2015-02-14 19:46:11,746 eSEAT0 INFO #1: いれいさー こんにちは (1.000000)
2015-02-14 19:46:11,747 eSEAT0 INFO looking up...speechin: いれいさー こんにちは
2015-02-14 19:46:11,747 eSEAT0 INFO sending message to speechout
2015-02-14 19:46:14,301 eSEAT0 INFO got input <?xml version="1.0" encoding="utf-8"?><listenText><data likelihood="-2124.522705" rank="1" score="0.952" text="いれいさー つ"><word score="1.000" text="いれいさー"/><word score="0.904" text="つ"/></data><data likelihood="-2151.645996" rank="2" score="0.5315" text="いれいさー た"><word score="1.000" text="いれいさー"/><word score="0.063" text="た"/></data><data likelihood="-2160.619141" rank="3" score="0.5075" text="いれいさー おはよう"><word score="1.000" text="いれいさー"/><word score="0.015" text="おはよう"/></data><data likelihood="-2168.910889" rank="4" score="0.503" text="いれいさー いまなんじ"><word score="1.000" text="いれいさー"/><word score="0.006" text="いまなんじ"/></data><data likelihood="-2172.288330" rank="5" score="0.5025" text="いれいさー もどるよ"><word score="1.000" text="いれいさー"/><word score="0.005" text="もどるよ"/></data></listenText> (speechin)
2015-02-14 19:46:14,302 eSEAT0 INFO #1: いれいさー つ (0.952000)
2015-02-14 19:46:14,302 eSEAT0 INFO looking up...speechin: いれいさー つ
2015-02-14 19:46:14,302 eSEAT0 INFO [rejected] no matching phrases
2015-02-14 19:46:14,302 eSEAT0 INFO #2: いれいさー た (0.531500)
2015-02-14 19:46:14,302 eSEAT0 INFO [rejected] score under limit
2015-02-14 19:46:14,302 eSEAT0 INFO #3: いれいさー おはよう (0.507500)
2015-02-14 19:46:14,302 eSEAT0 INFO [rejected] score under limit
2015-02-14 19:46:14,302 eSEAT0 INFO #4: いれいさー いまなんじ (0.503000)
2015-02-14 19:46:14,302 eSEAT0 INFO [rejected] score under limit
2015-02-14 19:46:14,302 eSEAT0 INFO #5: いれいさー もどるよ (0.502500)
2015-02-14 19:46:14,302 eSEAT0 INFO [rejected] score under limit
2015-02-14 19:46:14,302 eSEAT0 INFO no command found
2015-02-14 19:46:14,302 eSEAT0 INFO got input from speechin
2015-02-14 19:46:14,302 eSEAT0 INFO looking up...speechin: ondata
2015-02-14 19:46:14,302 eSEAT0 INFO no command found
2015-02-14 19:46:18,355 eSEAT0 INFO got input <?xml version="1.0" encoding="utf-8"?><listenText><data likelihood="-3530.187500" rank="1" score="0.75" text="いれいさー いまなんじ"><word score="1.000" text="いれいさー"/><word score="0.500" text="いまなんじ"/></data></listenText> (speechin)
2015-02-14 19:46:18,355 eSEAT0 INFO #1: いれいさー いまなんじ (0.750000)
2015-02-14 19:46:18,355 eSEAT0 INFO [rejected] score under limit
2015-02-14 19:46:18,355 eSEAT0 INFO no command found
2015-02-14 19:46:18,355 eSEAT0 INFO got input from speechin
2015-02-14 19:46:18,355 eSEAT0 INFO looking up...speechin: ondata
2015-02-14 19:46:18,355 eSEAT0 INFO no command found
2015-02-14 19:46:31,791 eSEAT0 INFO got input <?xml version="1.0" encoding="utf-8"?><listenText><data likelihood="-1557.727783" rank="1" score="0.751" text="いれいさー つ"><word score="1.000" text="いれいさー"/><word score="0.502" text="つ"/></data><data likelihood="-1557.807129" rank="2" score="0.749" text="いれいさー た"><word score="1.000" text="いれいさー"/><word score="0.498" text="た"/></data></listenText> (speechin)
2015-02-14 19:46:31,793 eSEAT0 INFO #1: いれいさー つ (0.751000)
2015-02-14 19:46:31,793 eSEAT0 INFO [rejected] score under limit
2015-02-14 19:46:31,793 eSEAT0 INFO #2: いれいさー た (0.749000)
2015-02-14 19:46:31,793 eSEAT0 INFO [rejected] score under limit
2015-02-14 19:46:31,793 eSEAT0 INFO no command found
2015-02-14 19:46:31,793 eSEAT0 INFO got input from speechin
2015-02-14 19:46:31,793 eSEAT0 INFO looking up...speechin: ondata
2015-02-14 19:46:31,793 eSEAT0 INFO no command found
2015-02-14 19:46:32,520 eSEAT0 INFO got input <?xml version="1.0" encoding="utf-8"?><listenText><data likelihood="-2117.066895" rank="1" score="0.882" text="いれいさー つ"><word score="1.000" text="いれいさー"/><word score="0.764" text="つ"/></data><data likelihood="-2127.518555" rank="2" score="0.617" text="いれいさー た"><word score="1.000" text="いれいさー"/><word score="0.234" text="た"/></data></listenText> (speechin)
2015-02-14 19:46:32,522 eSEAT0 INFO #1: いれいさー つ (0.882000)
2015-02-14 19:46:32,522 eSEAT0 INFO looking up...speechin: いれいさー つ
2015-02-14 19:46:32,522 eSEAT0 INFO [rejected] no matching phrases
2015-02-14 19:46:32,523 eSEAT0 INFO #2: いれいさー た (0.617000)
2015-02-14 19:46:32,523 eSEAT0 INFO [rejected] score under limit
2015-02-14 19:46:32,523 eSEAT0 INFO no command found
2015-02-14 19:46:32,523 eSEAT0 INFO got input from speechin
2015-02-14 19:46:32,523 eSEAT0 INFO looking up...speechin: ondata
2015-02-14 19:46:32,523 eSEAT0 INFO no command found
2015-02-14 19:46:32,647 eSEAT0 INFO got input <?xml version="1.0" encoding="utf-8"?><listenText><data likelihood="-985.326721" rank="1" score="0.7925" text="いれいさー つ"><word score="1.000" text="いれいさー"/><word score="0.585" text="つ"/></data><data likelihood="-988.315613" rank="2" score="0.7075" text="いれいさー た"><word score="1.000" text="いれいさー"/><word score="0.415" text="た"/></data></listenText> (speechin)
2015-02-14 19:46:32,649 eSEAT0 INFO #1: いれいさー つ (0.792500)
2015-02-14 19:46:32,649 eSEAT0 INFO [rejected] score under limit
2015-02-14 19:46:32,649 eSEAT0 INFO #2: いれいさー た (0.707500)
2015-02-14 19:46:32,649 eSEAT0 INFO [rejected] score under limit
2015-02-14 19:46:32,649 eSEAT0 INFO no command found
2015-02-14 19:46:32,649 eSEAT0 INFO got input from speechin
2015-02-14 19:46:32,649 eSEAT0 INFO looking up...speechin: ondata
2015-02-14 19:46:32,649 eSEAT0 INFO no command found
2015-02-14 19:46:34,525 eSEAT0 INFO got input <?xml version="1.0" encoding="utf-8"?><listenText><data likelihood="-1404.915771" rank="1" score="0.832" text="いれいさー つ"><word score="1.000" text="いれいさー"/><word score="0.664" text="つ"/></data><data likelihood="-1409.581177" rank="2" score="0.6675" text="いれいさー た"><word score="1.000" text="いれいさー"/><word score="0.335" text="た"/></data></listenText> (speechin)
2015-02-14 19:46:34,526 eSEAT0 INFO #1: いれいさー つ (0.832000)
2015-02-14 19:46:34,527 eSEAT0 INFO looking up...speechin: いれいさー つ
2015-02-14 19:46:34,527 eSEAT0 INFO [rejected] no matching phrases
2015-02-14 19:46:34,528 eSEAT0 INFO #2: いれいさー た (0.667500)
2015-02-14 19:46:34,528 eSEAT0 INFO [rejected] score under limit
2015-02-14 19:46:34,528 eSEAT0 INFO no command found
2015-02-14 19:46:34,529 eSEAT0 INFO got input from speechin
2015-02-14 19:46:34,529 eSEAT0 INFO looking up...speechin: ondata
2015-02-14 19:46:34,529 eSEAT0 INFO no command found
2015-02-14 19:46:35,745 eSEAT0 INFO got input <?xml version="1.0" encoding="utf-8"?><listenText><data likelihood="-2342.202881" rank="1" score="0.734" text="いれいさー た"><word score="1.000" text="いれいさー"/><word score="0.468" text="た"/></data><data likelihood="-2342.239014" rank="2" score="0.7655" text="いれいさー つ"><word score="1.000" text="いれいさー"/><word score="0.531" text="つ"/></data></listenText> (speechin)
2015-02-14 19:46:35,745 eSEAT0 INFO #1: いれいさー た (0.734000)
2015-02-14 19:46:35,745 eSEAT0 INFO [rejected] score under limit
2015-02-14 19:46:35,745 eSEAT0 INFO #2: いれいさー つ (0.765500)
2015-02-14 19:46:35,745 eSEAT0 INFO [rejected] score under limit
2015-02-14 19:46:35,746 eSEAT0 INFO no command found
2015-02-14 19:46:35,746 eSEAT0 INFO got input from speechin
2015-02-14 19:46:35,746 eSEAT0 INFO looking up...speechin: ondata
2015-02-14 19:46:35,746 eSEAT0 INFO no command found
2015-02-14 19:46:37,183 eSEAT0 INFO got input <?xml version="1.0" encoding="utf-8"?><listenText><data likelihood="-1555.662476" rank="1" score="0.9005" text="いれいさー つ"><word score="1.000" text="いれいさー"/><word score="0.801" text="つ"/></data><data likelihood="-1567.272827" rank="2" score="0.599" text="いれいさー た"><word score="1.000" text="いれいさー"/><word score="0.198" text="た"/></data></listenText> (speechin)
2015-02-14 19:46:37,184 eSEAT0 INFO #1: いれいさー つ (0.900500)
2015-02-14 19:46:37,184 eSEAT0 INFO looking up...speechin: いれいさー つ
2015-02-14 19:46:37,189 eSEAT0 INFO [rejected] no matching phrases
2015-02-14 19:46:37,189 eSEAT0 INFO #2: いれいさー た (0.599000)
2015-02-14 19:46:37,189 eSEAT0 INFO [rejected] score under limit
2015-02-14 19:46:37,189 eSEAT0 INFO no command found
2015-02-14 19:46:37,189 eSEAT0 INFO got input from speechin
2015-02-14 19:46:37,189 eSEAT0 INFO looking up...speechin: ondata
2015-02-14 19:46:37,190 eSEAT0 INFO no command found
2015-02-14 19:46:38,211 eSEAT0 INFO got input <?xml version="1.0" encoding="utf-8"?><listenText><data likelihood="-2900.316406" rank="1" score="0.781" text="いれいさー た"><word score="1.000" text="いれいさー"/><word score="0.562" text="た"/></data><data likelihood="-2902.518311" rank="2" score="0.718" text="いれいさー つ"><word score="1.000" text="いれいさー"/><word score="0.436" text="つ"/></data><data likelihood="-2952.627930" rank="3" score="0.5005" text="いれいさー さようなら"><word score="1.000" text="いれいさー"/><word score="0.001" text="さようなら"/></data></listenText> (speechin)
2015-02-14 19:46:38,212 eSEAT0 INFO #1: いれいさー た (0.781000)
2015-02-14 19:46:38,212 eSEAT0 INFO [rejected] score under limit
2015-02-14 19:46:38,212 eSEAT0 INFO #2: いれいさー つ (0.718000)
2015-02-14 19:46:38,212 eSEAT0 INFO [rejected] score under limit
2015-02-14 19:46:38,212 eSEAT0 INFO #3: いれいさー さようなら (0.500500)
2015-02-14 19:46:38,212 eSEAT0 INFO [rejected] score under limit
2015-02-14 19:46:38,212 eSEAT0 INFO no command found
2015-02-14 19:46:38,212 eSEAT0 INFO got input from speechin
2015-02-14 19:46:38,212 eSEAT0 INFO looking up...speechin: ondata
2015-02-14 19:46:38,212 eSEAT0 INFO no command found
2015-02-14 19:46:38,383 eSEAT0 INFO got input <?xml version="1.0" encoding="utf-8"?><listenText><data likelihood="-1021.895813" rank="1" score="0.87" text="いれいさー つ"><word score="1.000" text="いれいさー"/><word score="0.740" text="つ"/></data><data likelihood="-1030.985718" rank="2" score="0.63" text="いれいさー た"><word score="1.000" text="いれいさー"/><word score="0.260" text="た"/></data></listenText> (speechin)
2015-02-14 19:46:38,385 eSEAT0 INFO #1: いれいさー つ (0.870000)
2015-02-14 19:46:38,385 eSEAT0 INFO looking up...speechin: いれいさー つ
2015-02-14 19:46:38,385 eSEAT0 INFO [rejected] no matching phrases
2015-02-14 19:46:38,385 eSEAT0 INFO #2: いれいさー た (0.630000)
2015-02-14 19:46:38,385 eSEAT0 INFO [rejected] score under limit
2015-02-14 19:46:38,385 eSEAT0 INFO no command found
2015-02-14 19:46:38,385 eSEAT0 INFO got input from speechin
2015-02-14 19:46:38,385 eSEAT0 INFO looking up...speechin: ondata
2015-02-14 19:46:38,385 eSEAT0 INFO no command found
2015-02-14 19:46:39,638 eSEAT0 INFO got input <?xml version="1.0" encoding="utf-8"?><listenText><data likelihood="-2124.053223" rank="1" score="0.885" text="いれいさー つ"><word score="1.000" text="いれいさー"/><word score="0.770" text="つ"/></data><data likelihood="-2134.749512" rank="2" score="0.614" text="いれいさー た"><word score="1.000" text="いれいさー"/><word score="0.228" text="た"/></data><data likelihood="-2189.157471" rank="3" score="0.5005" text="いれいさー おはよう"><word score="1.000" text="いれいさー"/><word score="0.001" text="おはよう"/></data></listenText> (speechin)
2015-02-14 19:46:39,638 eSEAT0 INFO #1: いれいさー つ (0.885000)
2015-02-14 19:46:39,639 eSEAT0 INFO looking up...speechin: いれいさー つ
2015-02-14 19:46:39,639 eSEAT0 INFO [rejected] no matching phrases
2015-02-14 19:46:39,639 eSEAT0 INFO #2: いれいさー た (0.614000)
2015-02-14 19:46:39,639 eSEAT0 INFO [rejected] score under limit
2015-02-14 19:46:39,639 eSEAT0 INFO #3: いれいさー おはよう (0.500500)
2015-02-14 19:46:39,639 eSEAT0 INFO [rejected] score under limit
2015-02-14 19:46:39,639 eSEAT0 INFO no command found
2015-02-14 19:46:39,639 eSEAT0 INFO got input from speechin
2015-02-14 19:46:39,639 eSEAT0 INFO looking up...speechin: ondata
2015-02-14 19:46:39,639 eSEAT0 INFO no command found
2015-02-14 19:46:41,365 eSEAT0 INFO got input <?xml version="1.0" encoding="utf-8"?><listenText><data likelihood="-1334.370483" rank="1" score="0.8265" text="いれいさー つ"><word score="1.000" text="いれいさー"/><word score="0.653" text="つ"/></data><data likelihood="-1339.868896" rank="2" score="0.6735" text="いれいさー た"><word score="1.000" text="いれいさー"/><word score="0.347" text="た"/></data></listenText> (speechin)
2015-02-14 19:46:41,366 eSEAT0 INFO #1: いれいさー つ (0.826500)
2015-02-14 19:46:41,367 eSEAT0 INFO looking up...speechin: いれいさー つ
2015-02-14 19:46:41,367 eSEAT0 INFO [rejected] no matching phrases
2015-02-14 19:46:41,367 eSEAT0 INFO #2: いれいさー た (0.673500)
2015-02-14 19:46:41,367 eSEAT0 INFO [rejected] score under limit
2015-02-14 19:46:41,367 eSEAT0 INFO no command found
2015-02-14 19:46:41,367 eSEAT0 INFO got input from speechin
2015-02-14 19:46:41,367 eSEAT0 INFO looking up...speechin: ondata
2015-02-14 19:46:41,367 eSEAT0 INFO no command found
2015-02-14 19:46:56,758 eSEAT0 INFO got input <?xml version="1.0" encoding="utf-8"?><listenText><data likelihood="-2325.443604" rank="1" score="0.75" text="いれいさー いまなんじ"><word score="1.000" text="いれいさー"/><word score="0.500" text="いまなんじ"/></data></listenText> (speechin)
2015-02-14 19:46:56,759 eSEAT0 INFO #1: いれいさー いまなんじ (0.750000)
2015-02-14 19:46:56,759 eSEAT0 INFO [rejected] score under limit
2015-02-14 19:46:56,759 eSEAT0 INFO no command found
2015-02-14 19:46:56,759 eSEAT0 INFO got input from speechin
2015-02-14 19:46:56,759 eSEAT0 INFO looking up...speechin: ondata
2015-02-14 19:46:56,759 eSEAT0 INFO no command found
2015-02-14 19:47:01,740 eSEAT0 INFO got input <?xml version="1.0" encoding="utf-8"?><listenText><data likelihood="-1226.160522" rank="1" score="0.8625" text="いれいさー つ"><word score="1.000" text="いれいさー"/><word score="0.725" text="つ"/></data><data likelihood="-1233.523071" rank="2" score="0.6375" text="いれいさー た"><word score="1.000" text="いれいさー"/><word score="0.275" text="た"/></data></listenText> (speechin)
2015-02-14 19:47:01,741 eSEAT0 INFO #1: いれいさー つ (0.862500)
2015-02-14 19:47:01,741 eSEAT0 INFO looking up...speechin: いれいさー つ
2015-02-14 19:47:01,745 eSEAT0 INFO [rejected] no matching phrases
2015-02-14 19:47:01,745 eSEAT0 INFO #2: いれいさー た (0.637500)
2015-02-14 19:47:01,745 eSEAT0 INFO [rejected] score under limit
2015-02-14 19:47:01,745 eSEAT0 INFO no command found
2015-02-14 19:47:01,745 eSEAT0 INFO got input from speechin
2015-02-14 19:47:01,745 eSEAT0 INFO looking up...speechin: ondata
2015-02-14 19:47:01,745 eSEAT0 INFO no command found
2015-02-14 19:47:02,902 eSEAT0 INFO got input <?xml version="1.0" encoding="utf-8"?><listenText><data likelihood="-1583.553589" rank="1" score="0.747" text="いれいさー た"><word score="1.000" text="いれいさー"/><word score="0.494" text="た"/></data><data likelihood="-1584.107666" rank="2" score="0.7525" text="いれいさー つ"><word score="1.000" text="いれいさー"/><word score="0.505" text="つ"/></data></listenText> (speechin)
2015-02-14 19:47:02,904 eSEAT0 INFO #1: いれいさー た (0.747000)
2015-02-14 19:47:02,904 eSEAT0 INFO [rejected] score under limit
2015-02-14 19:47:02,904 eSEAT0 INFO #2: いれいさー つ (0.752500)
2015-02-14 19:47:02,904 eSEAT0 INFO [rejected] score under limit
2015-02-14 19:47:02,904 eSEAT0 INFO no command found
2015-02-14 19:47:02,904 eSEAT0 INFO got input from speechin
2015-02-14 19:47:02,904 eSEAT0 INFO looking up...speechin: ondata
2015-02-14 19:47:02,904 eSEAT0 INFO no command found
2015-02-14 19:47:04,199 eSEAT0 INFO got input <?xml version="1.0" encoding="utf-8"?><listenText><data likelihood="-1557.787720" rank="1" score="0.917" text="いれいさー た"><word score="1.000" text="いれいさー"/><word score="0.834" text="た"/></data><data likelihood="-1571.832153" rank="2" score="0.5825" text="いれいさー つ"><word score="1.000" text="いれいさー"/><word score="0.165" text="つ"/></data></listenText> (speechin)
2015-02-14 19:47:04,199 eSEAT0 INFO #1: いれいさー た (0.917000)
2015-02-14 19:47:04,199 eSEAT0 INFO looking up...speechin: いれいさー た
2015-02-14 19:47:04,199 eSEAT0 INFO [rejected] no matching phrases
2015-02-14 19:47:04,200 eSEAT0 INFO #2: いれいさー つ (0.582500)
2015-02-14 19:47:04,200 eSEAT0 INFO [rejected] score under limit
2015-02-14 19:47:04,200 eSEAT0 INFO no command found
2015-02-14 19:47:04,200 eSEAT0 INFO got input from speechin
2015-02-14 19:47:04,200 eSEAT0 INFO looking up...speechin: ondata
2015-02-14 19:47:04,200 eSEAT0 INFO no command found
2015-02-14 19:47:08,140 eSEAT0 INFO got input <?xml version="1.0" encoding="utf-8"?><listenText><data likelihood="-929.432617" rank="1" score="0.9035" text="いれいさー た"><word score="1.000" text="いれいさー"/><word score="0.807" text="た"/></data><data likelihood="-941.873413" rank="2" score="0.5965" text="いれいさー つ"><word score="1.000" text="いれいさー"/><word score="0.193" text="つ"/></data></listenText> (speechin)
2015-02-14 19:47:08,141 eSEAT0 INFO #1: いれいさー た (0.903500)
2015-02-14 19:47:08,141 eSEAT0 INFO looking up...speechin: いれいさー た
2015-02-14 19:47:08,141 eSEAT0 INFO [rejected] no matching phrases
2015-02-14 19:47:08,141 eSEAT0 INFO #2: いれいさー つ (0.596500)
2015-02-14 19:47:08,141 eSEAT0 INFO [rejected] score under limit
2015-02-14 19:47:08,141 eSEAT0 INFO no command found
2015-02-14 19:47:08,141 eSEAT0 INFO got input from speechin
2015-02-14 19:47:08,141 eSEAT0 INFO looking up...speechin: ondata
2015-02-14 19:47:08,141 eSEAT0 INFO no command found
2015-02-14 19:47:08,445 eSEAT0 INFO got input <?xml version="1.0" encoding="utf-8"?><listenText><data likelihood="-1322.935059" rank="1" score="0.939" text="いれいさー つ"><word score="1.000" text="いれいさー"/><word score="0.878" text="つ"/></data><data likelihood="-1338.780518" rank="2" score="0.561" text="いれいさー た"><word score="1.000" text="いれいさー"/><word score="0.122" text="た"/></data></listenText> (speechin)
2015-02-14 19:47:08,446 eSEAT0 INFO #1: いれいさー つ (0.939000)
2015-02-14 19:47:08,446 eSEAT0 INFO looking up...speechin: いれいさー つ
2015-02-14 19:47:08,446 eSEAT0 INFO [rejected] no matching phrases
2015-02-14 19:47:08,446 eSEAT0 INFO #2: いれいさー た (0.561000)
2015-02-14 19:47:08,446 eSEAT0 INFO [rejected] score under limit
2015-02-14 19:47:08,446 eSEAT0 INFO no command found
2015-02-14 19:47:08,446 eSEAT0 INFO got input from speechin
2015-02-14 19:47:08,446 eSEAT0 INFO looking up...speechin: ondata
2015-02-14 19:47:08,446 eSEAT0 INFO no command found
2015-02-14 19:47:10,440 eSEAT0 INFO got input <?xml version="1.0" encoding="utf-8"?><listenText><data likelihood="-1654.371948" rank="1" score="0.801" text="いれいさー つ"><word score="1.000" text="いれいさー"/><word score="0.602" text="つ"/></data><data likelihood="-1657.879517" rank="2" score="0.698" text="いれいさー た"><word score="1.000" text="いれいさー"/><word score="0.396" text="た"/></data></listenText> (speechin)
2015-02-14 19:47:10,441 eSEAT0 INFO #1: いれいさー つ (0.801000)
2015-02-14 19:47:10,441 eSEAT0 INFO looking up...speechin: いれいさー つ
2015-02-14 19:47:10,441 eSEAT0 INFO [rejected] no matching phrases
2015-02-14 19:47:10,442 eSEAT0 INFO #2: いれいさー た (0.698000)
2015-02-14 19:47:10,442 eSEAT0 INFO [rejected] score under limit
2015-02-14 19:47:10,442 eSEAT0 INFO no command found
2015-02-14 19:47:10,442 eSEAT0 INFO got input from speechin
2015-02-14 19:47:10,442 eSEAT0 INFO looking up...speechin: ondata
2015-02-14 19:47:10,442 eSEAT0 INFO no command found
2015-02-14 19:47:10,685 eSEAT0 INFO got input <?xml version="1.0" encoding="utf-8"?><listenText><data likelihood="-1024.184937" rank="1" score="0.8165" text="いれいさー つ"><word score="1.000" text="いれいさー"/><word score="0.633" text="つ"/></data><data likelihood="-1028.681396" rank="2" score="0.683" text="いれいさー た"><word score="1.000" text="いれいさー"/><word score="0.366" text="た"/></data></listenText> (speechin)
2015-02-14 19:47:10,685 eSEAT0 INFO #1: いれいさー つ (0.816500)
2015-02-14 19:47:10,686 eSEAT0 INFO looking up...speechin: いれいさー つ
2015-02-14 19:47:10,686 eSEAT0 INFO [rejected] no matching phrases
2015-02-14 19:47:10,686 eSEAT0 INFO #2: いれいさー た (0.683000)
2015-02-14 19:47:10,686 eSEAT0 INFO [rejected] score under limit
2015-02-14 19:47:10,686 eSEAT0 INFO no command found
2015-02-14 19:47:10,686 eSEAT0 INFO got input from speechin
2015-02-14 19:47:10,686 eSEAT0 INFO looking up...speechin: ondata
2015-02-14 19:47:10,686 eSEAT0 INFO no command found
2015-02-14 19:47:10,912 eSEAT0 INFO got input <?xml version="1.0" encoding="utf-8"?><listenText><data likelihood="-974.174377" rank="1" score="0.8105" text="いれいさー つ"><word score="1.000" text="いれいさー"/><word score="0.621" text="つ"/></data><data likelihood="-978.563904" rank="2" score="0.6895" text="いれいさー た"><word score="1.000" text="いれいさー"/><word score="0.379" text="た"/></data></listenText> (speechin)
2015-02-14 19:47:10,913 eSEAT0 INFO #1: いれいさー つ (0.810500)
2015-02-14 19:47:10,913 eSEAT0 INFO looking up...speechin: いれいさー つ
2015-02-14 19:47:10,913 eSEAT0 INFO [rejected] no matching phrases
2015-02-14 19:47:10,913 eSEAT0 INFO #2: いれいさー た (0.689500)
2015-02-14 19:47:10,913 eSEAT0 INFO [rejected] score under limit
2015-02-14 19:47:10,914 eSEAT0 INFO no command found
2015-02-14 19:47:10,914 eSEAT0 INFO got input from speechin
2015-02-14 19:47:10,914 eSEAT0 INFO looking up...speechin: ondata
2015-02-14 19:47:10,914 eSEAT0 INFO no command found
2015-02-14 19:47:13,620 eSEAT0 INFO got input <?xml version="1.0" encoding="utf-8"?><listenText><data likelihood="-3913.907471" rank="1" score="0.75" text="いれいさー いまなんじ"><word score="1.000" text="いれいさー"/><word score="0.500" text="いまなんじ"/></data></listenText> (speechin)
2015-02-14 19:47:13,620 eSEAT0 INFO #1: いれいさー いまなんじ (0.750000)
2015-02-14 19:47:13,620 eSEAT0 INFO [rejected] score under limit
2015-02-14 19:47:13,620 eSEAT0 INFO no command found
2015-02-14 19:47:13,620 eSEAT0 INFO got input from speechin
2015-02-14 19:47:13,620 eSEAT0 INFO looking up...speechin: ondata
2015-02-14 19:47:13,621 eSEAT0 INFO no command found
2015-02-14 19:47:16,028 eSEAT0 INFO got input <?xml version="1.0" encoding="utf-8"?><listenText><data likelihood="-2474.831055" rank="1" score="0.749" text="いれいさー いまなんじ"><word score="1.000" text="いれいさー"/><word score="0.498" text="いまなんじ"/></data></listenText> (speechin)
2015-02-14 19:47:16,029 eSEAT0 INFO #1: いれいさー いまなんじ (0.749000)
2015-02-14 19:47:16,029 eSEAT0 INFO [rejected] score under limit
2015-02-14 19:47:16,029 eSEAT0 INFO no command found
2015-02-14 19:47:16,029 eSEAT0 INFO got input from speechin
2015-02-14 19:47:16,029 eSEAT0 INFO looking up...speechin: ondata
2015-02-14 19:47:16,029 eSEAT0 INFO no command found
2015-02-14 19:47:27,834 eSEAT0 INFO got input <?xml version="1.0" encoding="utf-8"?><listenText><data likelihood="-1685.996216" rank="1" score="0.8985" text="いれいさー つ"><word score="1.000" text="いれいさー"/><word score="0.797" text="つ"/></data><data likelihood="-1695.994019" rank="2" score="0.601" text="いれいさー た"><word score="1.000" text="いれいさー"/><word score="0.202" text="た"/></data></listenText> (speechin)
2015-02-14 19:47:27,835 eSEAT0 INFO #1: いれいさー つ (0.898500)
2015-02-14 19:47:27,835 eSEAT0 INFO looking up...speechin: いれいさー つ
2015-02-14 19:47:27,835 eSEAT0 INFO [rejected] no matching phrases
2015-02-14 19:47:27,835 eSEAT0 INFO #2: いれいさー た (0.601000)
2015-02-14 19:47:27,835 eSEAT0 INFO [rejected] score under limit
2015-02-14 19:47:27,836 eSEAT0 INFO no command found
2015-02-14 19:47:27,836 eSEAT0 INFO got input from speechin
2015-02-14 19:47:27,836 eSEAT0 INFO looking up...speechin: ondata
2015-02-14 19:47:27,836 eSEAT0 INFO no command found
2015-02-14 19:47:34,435 eSEAT0 INFO got input <?xml version="1.0" encoding="utf-8"?><listenText><data likelihood="-1852.622314" rank="1" score="0.8235" text="いれいさー つ"><word score="1.000" text="いれいさー"/><word score="0.647" text="つ"/></data><data likelihood="-1857.407227" rank="2" score="0.676" text="いれいさー た"><word score="1.000" text="いれいさー"/><word score="0.352" text="た"/></data></listenText> (speechin)
2015-02-14 19:47:34,436 eSEAT0 INFO #1: いれいさー つ (0.823500)
2015-02-14 19:47:34,436 eSEAT0 INFO looking up...speechin: いれいさー つ
2015-02-14 19:47:34,436 eSEAT0 INFO [rejected] no matching phrases
2015-02-14 19:47:34,436 eSEAT0 INFO #2: いれいさー た (0.676000)
2015-02-14 19:47:34,436 eSEAT0 INFO [rejected] score under limit
2015-02-14 19:47:34,437 eSEAT0 INFO no command found
2015-02-14 19:47:34,437 eSEAT0 INFO got input from speechin
2015-02-14 19:47:34,437 eSEAT0 INFO looking up...speechin: ondata
2015-02-14 19:47:34,437 eSEAT0 INFO no command found
2015-02-14 19:47:34,775 eSEAT0 INFO got input <?xml version="1.0" encoding="utf-8"?><listenText><data likelihood="-1053.991699" rank="1" score="0.8385" text="いれいさー つ"><word score="1.000" text="いれいさー"/><word score="0.677" text="つ"/></data><data likelihood="-1060.426636" rank="2" score="0.6615" text="いれいさー た"><word score="1.000" text="いれいさー"/><word score="0.323" text="た"/></data></listenText> (speechin)
2015-02-14 19:47:34,776 eSEAT0 INFO #1: いれいさー つ (0.838500)
2015-02-14 19:47:34,776 eSEAT0 INFO looking up...speechin: いれいさー つ
2015-02-14 19:47:34,776 eSEAT0 INFO [rejected] no matching phrases
2015-02-14 19:47:34,776 eSEAT0 INFO #2: いれいさー た (0.661500)
2015-02-14 19:47:34,776 eSEAT0 INFO [rejected] score under limit
2015-02-14 19:47:34,776 eSEAT0 INFO no command found
2015-02-14 19:47:34,776 eSEAT0 INFO got input from speechin
2015-02-14 19:47:34,776 eSEAT0 INFO looking up...speechin: ondata
2015-02-14 19:47:34,777 eSEAT0 INFO no command found
2015-02-14 19:47:35,339 eSEAT0 INFO got input <?xml version="1.0" encoding="utf-8"?><listenText><data likelihood="-1276.400879" rank="1" score="0.8845" text="いれいさー た"><word score="1.000" text="いれいさー"/><word score="0.769" text="た"/></data><data likelihood="-1286.858032" rank="2" score="0.6155" text="いれいさー つ"><word score="1.000" text="いれいさー"/><word score="0.231" text="つ"/></data></listenText> (speechin)
2015-02-14 19:47:35,340 eSEAT0 INFO #1: いれいさー た (0.884500)
2015-02-14 19:47:35,340 eSEAT0 INFO looking up...speechin: いれいさー た
2015-02-14 19:47:35,340 eSEAT0 INFO [rejected] no matching phrases
2015-02-14 19:47:35,340 eSEAT0 INFO #2: いれいさー つ (0.615500)
2015-02-14 19:47:35,340 eSEAT0 INFO [rejected] score under limit
2015-02-14 19:47:35,340 eSEAT0 INFO no command found
2015-02-14 19:47:35,340 eSEAT0 INFO got input from speechin
2015-02-14 19:47:35,340 eSEAT0 INFO looking up...speechin: ondata
2015-02-14 19:47:35,341 eSEAT0 INFO no command found
2015-02-14 19:47:52,344 eSEAT0 INFO got input <?xml version="1.0" encoding="utf-8"?><listenText><data likelihood="-3342.629883" rank="1" score="0.7665" text="いれいさー た"><word score="1.000" text="いれいさー"/><word score="0.533" text="た"/></data><data likelihood="-3343.250000" rank="2" score="0.7325" text="いれいさー つ"><word score="1.000" text="いれいさー"/><word score="0.465" text="つ"/></data></listenText> (speechin)
2015-02-14 19:47:52,345 eSEAT0 INFO #1: いれいさー た (0.766500)
2015-02-14 19:47:52,345 eSEAT0 INFO [rejected] score under limit
2015-02-14 19:47:52,345 eSEAT0 INFO #2: いれいさー つ (0.732500)
2015-02-14 19:47:52,345 eSEAT0 INFO [rejected] score under limit
2015-02-14 19:47:52,345 eSEAT0 INFO no command found
2015-02-14 19:47:52,346 eSEAT0 INFO got input from speechin
2015-02-14 19:47:52,346 eSEAT0 INFO looking up...speechin: ondata
2015-02-14 19:47:52,346 eSEAT0 INFO no command found
2015-02-14 19:47:53,981 eSEAT0 INFO got input <?xml version="1.0" encoding="utf-8"?><listenText><data likelihood="-1568.582153" rank="1" score="0.7755" text="いれいさー た"><word score="1.000" text="いれいさー"/><word score="0.551" text="た"/></data><data likelihood="-1570.078857" rank="2" score="0.724" text="いれいさー つ"><word score="1.000" text="いれいさー"/><word score="0.448" text="つ"/></data></listenText> (speechin)
2015-02-14 19:47:53,982 eSEAT0 INFO #1: いれいさー た (0.775500)
2015-02-14 19:47:53,982 eSEAT0 INFO [rejected] score under limit
2015-02-14 19:47:53,982 eSEAT0 INFO #2: いれいさー つ (0.724000)
2015-02-14 19:47:53,982 eSEAT0 INFO [rejected] score under limit
2015-02-14 19:47:53,983 eSEAT0 INFO no command found
2015-02-14 19:47:53,983 eSEAT0 INFO got input from speechin
2015-02-14 19:47:53,983 eSEAT0 INFO looking up...speechin: ondata
2015-02-14 19:47:53,983 eSEAT0 INFO no command found
2015-02-14 19:48:00,092 eSEAT0 INFO got input <?xml version="1.0" encoding="utf-8"?><listenText><data likelihood="-1402.625854" rank="1" score="0.8695" text="いれいさー つ"><word score="1.000" text="いれいさー"/><word score="0.739" text="つ"/></data><data likelihood="-1411.833862" rank="2" score="0.6305" text="いれいさー た"><word score="1.000" text="いれいさー"/><word score="0.261" text="た"/></data></listenText> (speechin)
2015-02-14 19:48:00,095 eSEAT0 INFO #1: いれいさー つ (0.869500)
2015-02-14 19:48:00,095 eSEAT0 INFO looking up...speechin: いれいさー つ
2015-02-14 19:48:00,095 eSEAT0 INFO [rejected] no matching phrases
2015-02-14 19:48:00,095 eSEAT0 INFO #2: いれいさー た (0.630500)
2015-02-14 19:48:00,095 eSEAT0 INFO [rejected] score under limit
2015-02-14 19:48:00,095 eSEAT0 INFO no command found
2015-02-14 19:48:00,095 eSEAT0 INFO got input from speechin
2015-02-14 19:48:00,095 eSEAT0 INFO looking up...speechin: ondata
2015-02-14 19:48:00,095 eSEAT0 INFO no command found
2015-02-14 19:48:12,366 eSEAT0 INFO got input <?xml version="1.0" encoding="utf-8"?><listenText><data likelihood="-1178.745117" rank="1" score="0.8965" text="いれいさー つ"><word score="1.000" text="いれいさー"/><word score="0.793" text="つ"/></data><data likelihood="-1190.542358" rank="2" score="0.6035" text="いれいさー た"><word score="1.000" text="いれいさー"/><word score="0.207" text="た"/></data></listenText> (speechin)
2015-02-14 19:48:12,367 eSEAT0 INFO #1: いれいさー つ (0.896500)
2015-02-14 19:48:12,367 eSEAT0 INFO looking up...speechin: いれいさー つ
2015-02-14 19:48:12,367 eSEAT0 INFO [rejected] no matching phrases
2015-02-14 19:48:12,367 eSEAT0 INFO #2: いれいさー た (0.603500)
2015-02-14 19:48:12,367 eSEAT0 INFO [rejected] score under limit
2015-02-14 19:48:12,368 eSEAT0 INFO no command found
2015-02-14 19:48:12,368 eSEAT0 INFO got input from speechin
2015-02-14 19:48:12,368 eSEAT0 INFO looking up...speechin: ondata
2015-02-14 19:48:12,368 eSEAT0 INFO no command found
2015-02-14 19:48:26,795 eSEAT0 INFO got input <?xml version="1.0" encoding="utf-8"?><listenText><data likelihood="-1564.531494" rank="1" score="0.874" text="いれいさー た"><word score="1.000" text="いれいさー"/><word score="0.748" text="た"/></data><data likelihood="-1572.854370" rank="2" score="0.6255" text="いれいさー つ"><word score="1.000" text="いれいさー"/><word score="0.251" text="つ"/></data></listenText> (speechin)
2015-02-14 19:48:26,796 eSEAT0 INFO #1: いれいさー た (0.874000)
2015-02-14 19:48:26,797 eSEAT0 INFO looking up...speechin: いれいさー た
2015-02-14 19:48:26,797 eSEAT0 INFO [rejected] no matching phrases
2015-02-14 19:48:26,797 eSEAT0 INFO #2: いれいさー つ (0.625500)
2015-02-14 19:48:26,797 eSEAT0 INFO [rejected] score under limit
2015-02-14 19:48:26,797 eSEAT0 INFO no command found
2015-02-14 19:48:26,797 eSEAT0 INFO got input from speechin
2015-02-14 19:48:26,797 eSEAT0 INFO looking up...speechin: ondata
2015-02-14 19:48:26,797 eSEAT0 INFO no command found
2015-02-14 19:48:31,143 eSEAT0 INFO got input <?xml version="1.0" encoding="utf-8"?><listenText><data likelihood="-1681.675171" rank="1" score="0.817" text="いれいさー つ"><word score="1.000" text="いれいさー"/><word score="0.634" text="つ"/></data><data likelihood="-1682.253784" rank="2" score="0.6825" text="いれいさー た"><word score="1.000" text="いれいさー"/><word score="0.365" text="た"/></data></listenText> (speechin)
2015-02-14 19:48:31,143 eSEAT0 INFO #1: いれいさー つ (0.817000)
2015-02-14 19:48:31,144 eSEAT0 INFO looking up...speechin: いれいさー つ
2015-02-14 19:48:31,144 eSEAT0 INFO [rejected] no matching phrases
2015-02-14 19:48:31,144 eSEAT0 INFO #2: いれいさー た (0.682500)
2015-02-14 19:48:31,144 eSEAT0 INFO [rejected] score under limit
2015-02-14 19:48:31,144 eSEAT0 INFO no command found
2015-02-14 19:48:31,144 eSEAT0 INFO got input from speechin
2015-02-14 19:48:31,144 eSEAT0 INFO looking up...speechin: ondata
2015-02-14 19:48:31,144 eSEAT0 INFO no command found
2015-02-14 19:48:33,666 eSEAT0 INFO got input <?xml version="1.0" encoding="utf-8"?><listenText><data likelihood="-1598.319458" rank="1" score="0.7945" text="いれいさー た"><word score="1.000" text="いれいさー"/><word score="0.589" text="た"/></data><data likelihood="-1601.457642" rank="2" score="0.705" text="いれいさー つ"><word score="1.000" text="いれいさー"/><word score="0.410" text="つ"/></data></listenText> (speechin)
2015-02-14 19:48:33,666 eSEAT0 INFO #1: いれいさー た (0.794500)
2015-02-14 19:48:33,667 eSEAT0 INFO [rejected] score under limit
2015-02-14 19:48:33,667 eSEAT0 INFO #2: いれいさー つ (0.705000)
2015-02-14 19:48:33,667 eSEAT0 INFO [rejected] score under limit
2015-02-14 19:48:33,667 eSEAT0 INFO no command found
2015-02-14 19:48:33,668 eSEAT0 INFO got input from speechin
2015-02-14 19:48:33,668 eSEAT0 INFO looking up...speechin: ondata
2015-02-14 19:48:33,668 eSEAT0 INFO no command found
2015-02-14 19:48:37,243 eSEAT0 INFO got input <?xml version="1.0" encoding="utf-8"?><listenText><data likelihood="-1557.004028" rank="1" score="0.9205" text="いれいさー つ"><word score="1.000" text="いれいさー"/><word score="0.841" text="つ"/></data><data likelihood="-1572.396729" rank="2" score="0.5785" text="いれいさー た"><word score="1.000" text="いれいさー"/><word score="0.157" text="た"/></data></listenText> (speechin)
2015-02-14 19:48:37,244 eSEAT0 INFO #1: いれいさー つ (0.920500)
2015-02-14 19:48:37,244 eSEAT0 INFO looking up...speechin: いれいさー つ
2015-02-14 19:48:37,244 eSEAT0 INFO [rejected] no matching phrases
2015-02-14 19:48:37,244 eSEAT0 INFO #2: いれいさー た (0.578500)
2015-02-14 19:48:37,244 eSEAT0 INFO [rejected] score under limit
2015-02-14 19:48:37,244 eSEAT0 INFO no command found
2015-02-14 19:48:37,244 eSEAT0 INFO got input from speechin
2015-02-14 19:48:37,245 eSEAT0 INFO looking up...speechin: ondata
2015-02-14 19:48:37,245 eSEAT0 INFO no command found
2015-02-14 19:48:44,408 eSEAT0 INFO got input <?xml version="1.0" encoding="utf-8"?><listenText><data likelihood="-1337.902344" rank="1" score="0.901" text="いれいさー た"><word score="1.000" text="いれいさー"/><word score="0.802" text="た"/></data><data likelihood="-1350.235352" rank="2" score="0.599" text="いれいさー つ"><word score="1.000" text="いれいさー"/><word score="0.198" text="つ"/></data></listenText> (speechin)
2015-02-14 19:48:44,409 eSEAT0 INFO #1: いれいさー た (0.901000)
2015-02-14 19:48:44,409 eSEAT0 INFO looking up...speechin: いれいさー た
2015-02-14 19:48:44,409 eSEAT0 INFO [rejected] no matching phrases
2015-02-14 19:48:44,409 eSEAT0 INFO #2: いれいさー つ (0.599000)
2015-02-14 19:48:44,409 eSEAT0 INFO [rejected] score under limit
2015-02-14 19:48:44,409 eSEAT0 INFO no command found
2015-02-14 19:48:44,409 eSEAT0 INFO got input from speechin
2015-02-14 19:48:44,409 eSEAT0 INFO looking up...speechin: ondata
2015-02-14 19:48:44,409 eSEAT0 INFO no command found
2015-02-14 19:48:45,828 eSEAT0 INFO got input <?xml version="1.0" encoding="utf-8"?><listenText><data likelihood="-1643.879028" rank="1" score="0.836" text="いれいさー た"><word score="1.000" text="いれいさー"/><word score="0.672" text="た"/></data><data likelihood="-1650.112915" rank="2" score="0.664" text="いれいさー つ"><word score="1.000" text="いれいさー"/><word score="0.328" text="つ"/></data></listenText> (speechin)
2015-02-14 19:48:45,829 eSEAT0 INFO #1: いれいさー た (0.836000)
2015-02-14 19:48:45,830 eSEAT0 INFO looking up...speechin: いれいさー た
2015-02-14 19:48:45,830 eSEAT0 INFO [rejected] no matching phrases
2015-02-14 19:48:45,830 eSEAT0 INFO #2: いれいさー つ (0.664000)
2015-02-14 19:48:45,830 eSEAT0 INFO [rejected] score under limit
2015-02-14 19:48:45,830 eSEAT0 INFO no command found
2015-02-14 19:48:45,830 eSEAT0 INFO got input from speechin
2015-02-14 19:48:45,830 eSEAT0 INFO looking up...speechin: ondata
2015-02-14 19:48:45,830 eSEAT0 INFO no command found
2015-02-14 19:48:46,437 eSEAT0 INFO got input <?xml version="1.0" encoding="utf-8"?><listenText><data likelihood="-1130.772095" rank="1" score="0.87" text="いれいさー つ"><word score="1.000" text="いれいさー"/><word score="0.740" text="つ"/></data><data likelihood="-1139.651001" rank="2" score="0.63" text="いれいさー た"><word score="1.000" text="いれいさー"/><word score="0.260" text="た"/></data></listenText> (speechin)
2015-02-14 19:48:46,438 eSEAT0 INFO #1: いれいさー つ (0.870000)
2015-02-14 19:48:46,438 eSEAT0 INFO looking up...speechin: いれいさー つ
2015-02-14 19:48:46,438 eSEAT0 INFO [rejected] no matching phrases
2015-02-14 19:48:46,438 eSEAT0 INFO #2: いれいさー た (0.630000)
2015-02-14 19:48:46,438 eSEAT0 INFO [rejected] score under limit
2015-02-14 19:48:46,438 eSEAT0 INFO no command found
2015-02-14 19:48:46,438 eSEAT0 INFO got input from speechin
2015-02-14 19:48:46,438 eSEAT0 INFO looking up...speechin: ondata
2015-02-14 19:48:46,439 eSEAT0 INFO no command found
2015-02-14 19:48:46,644 eSEAT0 INFO got input <?xml version="1.0" encoding="utf-8"?><listenText><data likelihood="-1139.805054" rank="1" score="0.9125" text="いれいさー つ"><word score="1.000" text="いれいさー"/><word score="0.825" text="つ"/></data><data likelihood="-1153.289795" rank="2" score="0.5875" text="いれいさー た"><word score="1.000" text="いれいさー"/><word score="0.175" text="た"/></data></listenText> (speechin)
2015-02-14 19:48:46,645 eSEAT0 INFO #1: いれいさー つ (0.912500)
2015-02-14 19:48:46,645 eSEAT0 INFO looking up...speechin: いれいさー つ
2015-02-14 19:48:46,645 eSEAT0 INFO [rejected] no matching phrases
2015-02-14 19:48:46,645 eSEAT0 INFO #2: いれいさー た (0.587500)
2015-02-14 19:48:46,645 eSEAT0 INFO [rejected] score under limit
2015-02-14 19:48:46,645 eSEAT0 INFO no command found
2015-02-14 19:48:46,645 eSEAT0 INFO got input from speechin
2015-02-14 19:48:46,645 eSEAT0 INFO looking up...speechin: ondata
2015-02-14 19:48:46,646 eSEAT0 INFO no command found
2015-02-14 19:48:48,616 eSEAT0 INFO got input <?xml version="1.0" encoding="utf-8"?><listenText><data likelihood="-3671.602539" rank="1" score="0.851" text="いれいさー た"><word score="1.000" text="いれいさー"/><word score="0.702" text="た"/></data><data likelihood="-3682.136230" rank="2" score="0.633" text="いれいさー つ"><word score="1.000" text="いれいさー"/><word score="0.266" text="つ"/></data><data likelihood="-3707.876953" rank="3" score="0.508" text="いれいさー おはよう"><word score="1.000" text="いれいさー"/><word score="0.016" text="おはよう"/></data><data likelihood="-3717.418457" rank="4" score="0.502" text="いれいさー もどるよ"><word score="1.000" text="いれいさー"/><word score="0.004" text="もどるよ"/></data><data likelihood="-3719.679688" rank="5" score="0.502" text="いれいさー さようなら"><word score="1.000" text="いれいさー"/><word score="0.004" text="さようなら"/></data></listenText> (speechin)
2015-02-14 19:48:48,618 eSEAT0 INFO #1: いれいさー た (0.851000)
2015-02-14 19:48:48,618 eSEAT0 INFO looking up...speechin: いれいさー た
2015-02-14 19:48:48,619 eSEAT0 INFO [rejected] no matching phrases
2015-02-14 19:48:48,619 eSEAT0 INFO #2: いれいさー つ (0.633000)
2015-02-14 19:48:48,619 eSEAT0 INFO [rejected] score under limit
2015-02-14 19:48:48,619 eSEAT0 INFO #3: いれいさー おはよう (0.508000)
2015-02-14 19:48:48,619 eSEAT0 INFO [rejected] score under limit
2015-02-14 19:48:48,619 eSEAT0 INFO #4: いれいさー もどるよ (0.502000)
2015-02-14 19:48:48,620 eSEAT0 INFO [rejected] score under limit
2015-02-14 19:48:48,620 eSEAT0 INFO #5: いれいさー さようなら (0.502000)
2015-02-14 19:48:48,620 eSEAT0 INFO [rejected] score under limit
2015-02-14 19:48:48,620 eSEAT0 INFO no command found
2015-02-14 19:48:48,620 eSEAT0 INFO got input from speechin
2015-02-14 19:48:48,621 eSEAT0 INFO looking up...speechin: ondata
2015-02-14 19:48:48,621 eSEAT0 INFO no command found
2015-02-14 19:48:50,683 eSEAT0 INFO got input <?xml version="1.0" encoding="utf-8"?><listenText><data likelihood="-3971.964844" rank="1" score="0.75" text="いれいさー いまなんじ"><word score="1.000" text="いれいさー"/><word score="0.500" text="いまなんじ"/></data></listenText> (speechin)
2015-02-14 19:48:50,685 eSEAT0 INFO #1: いれいさー いまなんじ (0.750000)
2015-02-14 19:48:50,685 eSEAT0 INFO [rejected] score under limit
2015-02-14 19:48:50,685 eSEAT0 INFO no command found
2015-02-14 19:48:50,686 eSEAT0 INFO got input from speechin
2015-02-14 19:48:50,686 eSEAT0 INFO looking up...speechin: ondata
2015-02-14 19:48:50,686 eSEAT0 INFO no command found
2015-02-14 19:48:56,760 eSEAT0 INFO got input <?xml version="1.0" encoding="utf-8"?><listenText><data likelihood="-3644.859863" rank="1" score="0.75" text="いれいさー いまなんじ"><word score="1.000" text="いれいさー"/><word score="0.500" text="いまなんじ"/></data></listenText> (speechin)
2015-02-14 19:48:56,760 eSEAT0 INFO #1: いれいさー いまなんじ (0.750000)
2015-02-14 19:48:56,761 eSEAT0 INFO [rejected] score under limit
2015-02-14 19:48:56,761 eSEAT0 INFO no command found
2015-02-14 19:48:56,761 eSEAT0 INFO got input from speechin
2015-02-14 19:48:56,761 eSEAT0 INFO looking up...speechin: ondata
2015-02-14 19:48:56,761 eSEAT0 INFO no command found
2015-02-14 19:49:01,141 eSEAT0 INFO got input <?xml version="1.0" encoding="utf-8"?><listenText><data likelihood="-2479.584229" rank="1" score="0.75" text="いれいさー いまなんじ"><word score="1.000" text="いれいさー"/><word score="0.500" text="いまなんじ"/></data></listenText> (speechin)
2015-02-14 19:49:01,142 eSEAT0 INFO #1: いれいさー いまなんじ (0.750000)
2015-02-14 19:49:01,142 eSEAT0 INFO [rejected] score under limit
2015-02-14 19:49:01,142 eSEAT0 INFO no command found
2015-02-14 19:49:01,142 eSEAT0 INFO got input from speechin
2015-02-14 19:49:01,143 eSEAT0 INFO looking up...speechin: ondata
2015-02-14 19:49:01,143 eSEAT0 INFO no command found
2015-02-14 19:49:08,148 SdoServiceAdmin WARNING No available SDO service in the factory: 
2015-02-14 19:49:08,149 SdoServiceAdmin ERROR type  already exists.
2015-02-14 19:49:08,154 SdoServiceAdmin WARNING No available SDO service in the factory: IDL:OpenRTM/ComponentObserver:1.0
2015-02-14 19:49:08,154 SdoServiceAdmin ERROR type 7e74aeb9-09ca-48d0-80a0-efb13dfdaf01 already exists.
2015-02-14 19:49:13,188 eSEAT0 INFO got input <?xml version="1.0" encoding="utf-8"?><listenText><data likelihood="-1326.517944" rank="1" score="0.763" text="いれいさー つ"><word score="1.000" text="いれいさー"/><word score="0.526" text="つ"/></data><data likelihood="-1327.437256" rank="2" score="0.737" text="いれいさー た"><word score="1.000" text="いれいさー"/><word score="0.474" text="た"/></data></listenText> (speechin)
2015-02-14 19:49:13,188 eSEAT0 INFO #1: いれいさー つ (0.763000)
2015-02-14 19:49:13,189 eSEAT0 INFO [rejected] score under limit
2015-02-14 19:49:13,190 eSEAT0 INFO #2: いれいさー た (0.737000)
2015-02-14 19:49:13,190 eSEAT0 INFO [rejected] score under limit
2015-02-14 19:49:13,190 eSEAT0 INFO no command found
2015-02-14 19:49:13,190 eSEAT0 INFO got input from speechin
2015-02-14 19:49:13,190 eSEAT0 INFO looking up...speechin: ondata
2015-02-14 19:49:13,190 eSEAT0 INFO no command found
2015-02-14 19:49:20,180 eSEAT0 INFO got input <?xml version="1.0" encoding="utf-8"?><listenText><data likelihood="-3918.929443" rank="1" score="0.75" text="いれいさー いまなんじ"><word score="1.000" text="いれいさー"/><word score="0.500" text="いまなんじ"/></data></listenText> (speechin)
2015-02-14 19:49:20,180 eSEAT0 INFO #1: いれいさー いまなんじ (0.750000)
2015-02-14 19:49:20,181 eSEAT0 INFO looking up...speechin: いれいさー いまなんじ
2015-02-14 19:49:20,182 eSEAT0 INFO sending message to speechout
2015-02-14 19:49:24,390 eSEAT0 INFO got input <?xml version="1.0" encoding="utf-8"?><listenText><data likelihood="-5896.895996" rank="1" score="0.7365" text="いれいさー いまなんじ"><word score="1.000" text="いれいさー"/><word score="0.473" text="いまなんじ"/></data><data likelihood="-5917.700684" rank="2" score="0.515" text="いれいさー さようなら"><word score="1.000" text="いれいさー"/><word score="0.030" text="さようなら"/></data></listenText> (speechin)
2015-02-14 19:49:24,391 eSEAT0 INFO #1: いれいさー いまなんじ (0.736500)
2015-02-14 19:49:24,392 eSEAT0 INFO looking up...speechin: いれいさー いまなんじ
2015-02-14 19:49:24,392 eSEAT0 INFO sending message to speechout
2015-02-14 19:49:28,245 eSEAT0 INFO got input <?xml version="1.0" encoding="utf-8"?><listenText><data likelihood="-5866.467285" rank="1" score="0.713" text="いれいさー いまなんじ"><word score="1.000" text="いれいさー"/><word score="0.426" text="いまなんじ"/></data><data likelihood="-5867.460938" rank="2" score="0.713" text="いれいさー いまなんじ"><word score="1.000" text="いれいさー"/><word score="0.426" text="いまなんじ"/></data><data likelihood="-5876.243652" rank="3" score="0.548" text="いれいさー さようなら"><word score="1.000" text="いれいさー"/><word score="0.096" text="さようなら"/></data><data likelihood="-5886.282227" rank="4" score="0.525" text="いれいさー もどるよ"><word score="1.000" text="いれいさー"/><word score="0.050" text="もどるよ"/></data><data likelihood="-5931.878418" rank="5" score="0.5" text="いれいさー おはよう"><word score="1.000" text="いれいさー"/><word score="0.000" text="おはよう"/></data></listenText> (speechin)
2015-02-14 19:49:28,247 eSEAT0 INFO #1: いれいさー いまなんじ (0.713000)
2015-02-14 19:49:28,247 eSEAT0 INFO looking up...speechin: いれいさー いまなんじ
2015-02-14 19:49:28,247 eSEAT0 INFO sending message to speechout
2015-02-14 19:49:32,099 eSEAT0 INFO got input <?xml version="1.0" encoding="utf-8"?><listenText><data likelihood="-5792.640625" rank="1" score="0.731" text="いれいさー いまなんじ"><word score="1.000" text="いれいさー"/><word score="0.462" text="いまなんじ"/></data><data likelihood="-5804.750977" rank="2" score="0.731" text="いれいさー いまなんじ"><word score="1.000" text="いれいさー"/><word score="0.462" text="いまなんじ"/></data><data likelihood="-5808.677246" rank="3" score="0.5255" text="いれいさー さようなら"><word score="1.000" text="いれいさー"/><word score="0.051" text="さようなら"/></data><data likelihood="-5818.680664" rank="4" score="0.5125" text="いれいさー もどるよ"><word score="1.000" text="いれいさー"/><word score="0.025" text="もどるよ"/></data><data likelihood="-5871.751465" rank="5" score="0.5" text="いれいさー おはよう"><word score="1.000" text="いれいさー"/><word score="0.000" text="おはよう"/></data></listenText> (speechin)
2015-02-14 19:49:32,100 eSEAT0 INFO #1: いれいさー いまなんじ (0.731000)
2015-02-14 19:49:32,101 eSEAT0 INFO looking up...speechin: いれいさー いまなんじ
2015-02-14 19:49:32,101 eSEAT0 INFO sending message to speechout
2015-02-14 19:49:35,947 eSEAT0 INFO got input <?xml version="1.0" encoding="utf-8"?><listenText><data likelihood="-5835.959473" rank="1" score="0.7365" text="いれいさー いまなんじ"><word score="1.000" text="いれいさー"/><word score="0.473" text="いまなんじ"/></data><data likelihood="-5848.915527" rank="2" score="0.7365" text="いれいさー いまなんじ"><word score="1.000" text="いれいさー"/><word score="0.473" text="いまなんじ"/></data><data likelihood="-5853.643066" rank="3" score="0.5215" text="いれいさー さようなら"><word score="1.000" text="いれいさー"/><word score="0.043" text="さようなら"/></data><data likelihood="-5870.141113" rank="4" score="0.505" text="いれいさー もどるよ"><word score="1.000" text="いれいさー"/><word score="0.010" text="もどるよ"/></data><data likelihood="-5914.687012" rank="5" score="0.5" text="いれいさー こんにちは"><word score="1.000" text="いれいさー"/><word score="0.000" text="こんにちは"/></data></listenText> (speechin)
2015-02-14 19:49:35,948 eSEAT0 INFO #1: いれいさー いまなんじ (0.736500)
2015-02-14 19:49:35,948 eSEAT0 INFO looking up...speechin: いれいさー いまなんじ
2015-02-14 19:49:35,949 eSEAT0 INFO sending message to speechout
2015-02-14 19:49:39,806 eSEAT0 INFO got input <?xml version="1.0" encoding="utf-8"?><listenText><data likelihood="-5791.618164" rank="1" score="0.7355" text="いれいさー いまなんじ"><word score="1.000" text="いれいさー"/><word score="0.471" text="いまなんじ"/></data><data likelihood="-5808.318848" rank="2" score="0.5245" text="いれいさー さようなら"><word score="1.000" text="いれいさー"/><word score="0.049" text="さようなら"/></data><data likelihood="-5823.787598" rank="3" score="0.5045" text="いれいさー もどるよ"><word score="1.000" text="いれいさー"/><word score="0.009" text="もどるよ"/></data><data likelihood="-5852.276855" rank="4" score="0.5" text="いれいさー おはよう"><word score="1.000" text="いれいさー"/><word score="0.000" text="おはよう"/></data></listenText> (speechin)
2015-02-14 19:49:39,807 eSEAT0 INFO #1: いれいさー いまなんじ (0.735500)
2015-02-14 19:49:39,807 eSEAT0 INFO looking up...speechin: いれいさー いまなんじ
2015-02-14 19:49:39,807 eSEAT0 INFO sending message to speechout
2015-02-14 19:49:45,044 eSEAT0 INFO got input <?xml version="1.0" encoding="utf-8"?><listenText><data likelihood="-9463.088867" rank="1" score="1.0" text="いれいさー こんにちは"><word score="1.000" text="いれいさー"/><word score="1.000" text="こんにちは"/></data></listenText> (speechin)
2015-02-14 19:49:45,046 eSEAT0 INFO #1: いれいさー こんにちは (1.000000)
2015-02-14 19:49:45,046 eSEAT0 INFO looking up...speechin: いれいさー こんにちは
2015-02-14 19:49:45,046 eSEAT0 INFO sending message to speechout
2015-02-14 19:49:47,594 eSEAT0 INFO got input <?xml version="1.0" encoding="utf-8"?><listenText><data likelihood="-2084.634277" rank="1" score="0.9415" text="いれいさー つ"><word score="1.000" text="いれいさー"/><word score="0.883" text="つ"/></data><data likelihood="-2103.902588" rank="2" score="0.5545" text="いれいさー た"><word score="1.000" text="いれいさー"/><word score="0.109" text="た"/></data><data likelihood="-2127.457764" rank="3" score="0.5035" text="いれいさー おはよう"><word score="1.000" text="いれいさー"/><word score="0.007" text="おはよう"/></data></listenText> (speechin)
2015-02-14 19:49:47,595 eSEAT0 INFO #1: いれいさー つ (0.941500)
2015-02-14 19:49:47,595 eSEAT0 INFO looking up...speechin: いれいさー つ
2015-02-14 19:49:47,595 eSEAT0 INFO [rejected] no matching phrases
2015-02-14 19:49:47,595 eSEAT0 INFO #2: いれいさー た (0.554500)
2015-02-14 19:49:47,595 eSEAT0 INFO [rejected] score under limit
2015-02-14 19:49:47,595 eSEAT0 INFO #3: いれいさー おはよう (0.503500)
2015-02-14 19:49:47,595 eSEAT0 INFO [rejected] score under limit
2015-02-14 19:49:47,595 eSEAT0 INFO no command found
2015-02-14 19:49:47,596 eSEAT0 INFO got input from speechin
2015-02-14 19:49:47,596 eSEAT0 INFO looking up...speechin: ondata
2015-02-14 19:49:47,596 eSEAT0 INFO no command found
2015-02-14 19:49:52,274 eSEAT0 INFO got input <?xml version="1.0" encoding="utf-8"?><listenText><data likelihood="-2355.887207" rank="1" score="0.726" text="いれいさー いまなんじ"><word score="1.000" text="いれいさー"/><word score="0.452" text="いまなんじ"/></data></listenText> (speechin)
2015-02-14 19:49:52,275 eSEAT0 INFO #1: いれいさー いまなんじ (0.726000)
2015-02-14 19:49:52,276 eSEAT0 INFO looking up...speechin: いれいさー いまなんじ
2015-02-14 19:49:52,277 eSEAT0 INFO sending message to speechout
2015-02-14 19:49:56,102 eSEAT0 INFO got input <?xml version="1.0" encoding="utf-8"?><listenText><data likelihood="-5835.796387" rank="1" score="0.7295" text="いれいさー いまなんじ"><word score="1.000" text="いれいさー"/><word score="0.459" text="いまなんじ"/></data><data likelihood="-5839.562012" rank="2" score="0.7295" text="いれいさー いまなんじ"><word score="1.000" text="いれいさー"/><word score="0.459" text="いまなんじ"/></data><data likelihood="-5850.988770" rank="3" score="0.5275" text="いれいさー さようなら"><word score="1.000" text="いれいさー"/><word score="0.055" text="さようなら"/></data></listenText> (speechin)
2015-02-14 19:49:56,104 eSEAT0 INFO #1: いれいさー いまなんじ (0.729500)
2015-02-14 19:49:56,104 eSEAT0 INFO looking up...speechin: いれいさー いまなんじ
2015-02-14 19:49:56,104 eSEAT0 INFO sending message to speechout
2015-02-14 19:49:59,935 eSEAT0 INFO got input <?xml version="1.0" encoding="utf-8"?><listenText><data likelihood="-5837.104980" rank="1" score="0.739" text="いれいさー いまなんじ"><word score="1.000" text="いれいさー"/><word score="0.478" text="いまなんじ"/></data><data likelihood="-5842.564941" rank="2" score="0.739" text="いれいさー いまなんじ"><word score="1.000" text="いれいさー"/><word score="0.478" text="いまなんじ"/></data><data likelihood="-5859.061523" rank="3" score="0.5135" text="いれいさー さようなら"><word score="1.000" text="いれいさー"/><word score="0.027" text="さようなら"/></data><data likelihood="-5903.228516" rank="4" score="0.508" text="いれいさー もどるよ"><word score="1.000" text="いれいさー"/><word score="0.016" text="もどるよ"/></data><data likelihood="-5903.858398" rank="5" score="0.5" text="いれいさー おはよう"><word score="1.000" text="いれいさー"/><word score="0.000" text="おはよう"/></data></listenText> (speechin)
2015-02-14 19:49:59,937 eSEAT0 INFO #1: いれいさー いまなんじ (0.739000)
2015-02-14 19:49:59,937 eSEAT0 INFO looking up...speechin: いれいさー いまなんじ
2015-02-14 19:49:59,937 eSEAT0 INFO sending message to speechout
2015-02-14 19:50:03,787 eSEAT0 INFO got input <?xml version="1.0" encoding="utf-8"?><listenText><data likelihood="-5808.137207" rank="1" score="0.738" text="いれいさー いまなんじ"><word score="1.000" text="いれいさー"/><word score="0.476" text="いまなんじ"/></data><data likelihood="-5813.059570" rank="2" score="0.738" text="いれいさー いまなんじ"><word score="1.000" text="いれいさー"/><word score="0.476" text="いまなんじ"/></data><data likelihood="-5826.868164" rank="3" score="0.519" text="いれいさー さようなら"><word score="1.000" text="いれいさー"/><word score="0.038" text="さようなら"/></data><data likelihood="-5880.821289" rank="4" score="0.504" text="いれいさー もどるよ"><word score="1.000" text="いれいさー"/><word score="0.008" text="もどるよ"/></data></listenText> (speechin)
2015-02-14 19:50:03,788 eSEAT0 INFO #1: いれいさー いまなんじ (0.738000)
2015-02-14 19:50:03,789 eSEAT0 INFO looking up...speechin: いれいさー いまなんじ
2015-02-14 19:50:03,789 eSEAT0 INFO sending message to speechout
2015-02-14 19:50:07,667 eSEAT0 INFO got input <?xml version="1.0" encoding="utf-8"?><listenText><data likelihood="-4794.214844" rank="1" score="0.9095" text="いれいさー もどるよ"><word score="1.000" text="いれいさー"/><word score="0.819" text="もどるよ"/></data><data likelihood="-4816.480469" rank="2" score="0.5345" text="いれいさー いまなんじ"><word score="1.000" text="いれいさー"/><word score="0.069" text="いまなんじ"/></data><data likelihood="-4827.457031" rank="3" score="0.512" text="いれいさー さようなら"><word score="1.000" text="いれいさー"/><word score="0.024" text="さようなら"/></data><data likelihood="-4831.663574" rank="4" score="0.5045" text="いれいさー こんにちは"><word score="1.000" text="いれいさー"/><word score="0.009" text="こんにちは"/></data><data likelihood="-4848.562012" rank="5" score="0.5025" text="いれいさー つ"><word score="1.000" text="いれいさー"/><word score="0.005" text="つ"/></data></listenText> (speechin)
2015-02-14 19:50:07,668 eSEAT0 INFO #1: いれいさー もどるよ (0.909500)
2015-02-14 19:50:07,668 eSEAT0 INFO looking up...speechin: いれいさー もどるよ
2015-02-14 19:50:07,668 eSEAT0 INFO [rejected] no matching phrases
2015-02-14 19:50:07,668 eSEAT0 INFO #2: いれいさー いまなんじ (0.534500)
2015-02-14 19:50:07,669 eSEAT0 INFO [rejected] score under limit
2015-02-14 19:50:07,669 eSEAT0 INFO #3: いれいさー さようなら (0.512000)
2015-02-14 19:50:07,669 eSEAT0 INFO [rejected] score under limit
2015-02-14 19:50:07,669 eSEAT0 INFO #4: いれいさー こんにちは (0.504500)
2015-02-14 19:50:07,669 eSEAT0 INFO [rejected] score under limit
2015-02-14 19:50:07,669 eSEAT0 INFO #5: いれいさー つ (0.502500)
2015-02-14 19:50:07,669 eSEAT0 INFO [rejected] score under limit
2015-02-14 19:50:07,669 eSEAT0 INFO no command found
2015-02-14 19:50:07,669 eSEAT0 INFO got input from speechin
2015-02-14 19:50:07,670 eSEAT0 INFO looking up...speechin: ondata
2015-02-14 19:50:07,670 eSEAT0 INFO no command found
2015-02-14 19:50:09,338 eSEAT0 INFO got input <?xml version="1.0" encoding="utf-8"?><listenText><data likelihood="-2875.656982" rank="1" score="0.926" text="いれいさー さようなら"><word score="1.000" text="いれいさー"/><word score="0.852" text="さようなら"/></data></listenText> (speechin)
2015-02-14 19:50:09,339 eSEAT0 INFO #1: いれいさー さようなら (0.926000)
2015-02-14 19:50:09,339 eSEAT0 INFO looking up...speechin: いれいさー さようなら
2015-02-14 19:50:09,339 eSEAT0 INFO sending message to speechout
2015-02-14 19:50:09,341 eSEAT0 INFO state transition from OPEN to STOP
2015-02-14 19:50:09,341 eSEAT0 INFO sending message to speechout
2015-02-14 19:50:12,067 eSEAT0 INFO got input <?xml version="1.0" encoding="utf-8"?><listenText><data likelihood="-2519.674561" rank="1" score="0.807" text="いれいさー た"><word score="1.000" text="いれいさー"/><word score="0.614" text="た"/></data><data likelihood="-2529.500244" rank="2" score="0.6165" text="いれいさー つ"><word score="1.000" text="いれいさー"/><word score="0.233" text="つ"/></data><data likelihood="-2542.759277" rank="3" score="0.529" text="いれいさー いまなんじ"><word score="1.000" text="いれいさー"/><word score="0.058" text="いまなんじ"/></data></listenText> (speechin)
2015-02-14 19:50:12,068 eSEAT0 INFO #1: いれいさー た (0.807000)
2015-02-14 19:50:12,068 eSEAT0 INFO looking up...speechin: いれいさー た
2015-02-14 19:50:12,068 eSEAT0 INFO [rejected] no matching phrases
2015-02-14 19:50:12,068 eSEAT0 INFO #2: いれいさー つ (0.616500)
2015-02-14 19:50:12,068 eSEAT0 INFO [rejected] score under limit
2015-02-14 19:50:12,068 eSEAT0 INFO #3: いれいさー いまなんじ (0.529000)
2015-02-14 19:50:12,068 eSEAT0 INFO [rejected] score under limit
2015-02-14 19:50:12,069 eSEAT0 INFO no command found
2015-02-14 19:50:12,069 eSEAT0 INFO got input from speechin
2015-02-14 19:50:12,069 eSEAT0 INFO looking up...speechin: ondata
2015-02-14 19:50:12,069 eSEAT0 INFO no command found
2015-02-14 19:50:13,636 eSEAT0 INFO got input <?xml version="1.0" encoding="utf-8"?><listenText><data likelihood="-4213.724121" rank="1" score="0.686" text="いれいさー いまなんじ"><word score="1.000" text="いれいさー"/><word score="0.372" text="いまなんじ"/></data><data likelihood="-4218.095215" rank="2" score="0.5495" text="いれいさー もどるよ"><word score="1.000" text="いれいさー"/><word score="0.099" text="もどるよ"/></data><data likelihood="-4226.054688" rank="3" score="0.537" text="いれいさー こんにちは"><word score="1.000" text="いれいさー"/><word score="0.074" text="こんにちは"/></data><data likelihood="-4228.915039" rank="4" score="0.529" text="いれいさー さようなら"><word score="1.000" text="いれいさー"/><word score="0.058" text="さようなら"/></data><data likelihood="-4238.176758" rank="5" score="0.5075" text="いれいさー つ"><word score="1.000" text="いれいさー"/><word score="0.015" text="つ"/></data></listenText> (speechin)
2015-02-14 19:50:13,638 eSEAT0 INFO #1: いれいさー いまなんじ (0.686000)
2015-02-14 19:50:13,638 eSEAT0 INFO [rejected] score under limit
2015-02-14 19:50:13,639 eSEAT0 INFO #2: いれいさー もどるよ (0.549500)
2015-02-14 19:50:13,639 eSEAT0 INFO [rejected] score under limit
2015-02-14 19:50:13,640 eSEAT0 INFO #3: いれいさー こんにちは (0.537000)
2015-02-14 19:50:13,640 eSEAT0 INFO [rejected] score under limit
2015-02-14 19:50:13,640 eSEAT0 INFO #4: いれいさー さようなら (0.529000)
2015-02-14 19:50:13,640 eSEAT0 INFO [rejected] score under limit
2015-02-14 19:50:13,641 eSEAT0 INFO #5: いれいさー つ (0.507500)
2015-02-14 19:50:13,641 eSEAT0 INFO [rejected] score under limit
2015-02-14 19:50:13,641 eSEAT0 INFO no command found
2015-02-14 19:50:13,641 eSEAT0 INFO got input from speechin
2015-02-14 19:50:13,641 eSEAT0 INFO looking up...speechin: ondata
2015-02-14 19:50:13,642 eSEAT0 INFO no command found
2015-02-14 19:50:19,977 eSEAT0 INFO got input <?xml version="1.0" encoding="utf-8"?><listenText><data likelihood="-3378.664307" rank="1" score="1.0" text="いれいさー もどるよ"><word score="1.000" text="いれいさー"/><word score="1.000" text="もどるよ"/></data></listenText> (speechin)
2015-02-14 19:50:19,978 eSEAT0 INFO #1: いれいさー もどるよ (1.000000)
2015-02-14 19:50:19,978 eSEAT0 INFO looking up...speechin: いれいさー もどるよ
2015-02-14 19:50:19,978 eSEAT0 INFO sending message to speechout
2015-02-14 19:50:19,979 eSEAT0 INFO state transition from STOP to OPEN
2015-02-14 19:50:19,980 eSEAT0 INFO sending message to speechout
2015-02-14 19:50:23,895 eSEAT0 INFO got input <?xml version="1.0" encoding="utf-8"?><listenText><data likelihood="-6129.246582" rank="1" score="0.99" text="いれいさー もどるよ"><word score="1.000" text="いれいさー"/><word score="0.980" text="もどるよ"/></data><data likelihood="-6171.418945" rank="2" score="0.5045" text="いれいさー いまなんじ"><word score="1.000" text="いれいさー"/><word score="0.009" text="いまなんじ"/></data><data likelihood="-6183.457031" rank="3" score="0.5045" text="いれいさー いまなんじ"><word score="1.000" text="いれいさー"/><word score="0.009" text="いまなんじ"/></data><data likelihood="-6192.953125" rank="4" score="0.5005" text="いれいさー さようなら"><word score="1.000" text="いれいさー"/><word score="0.001" text="さようなら"/></data></listenText> (speechin)
2015-02-14 19:50:23,896 eSEAT0 INFO #1: いれいさー もどるよ (0.990000)
2015-02-14 19:50:23,896 eSEAT0 INFO looking up...speechin: いれいさー もどるよ
2015-02-14 19:50:23,897 eSEAT0 INFO [rejected] no matching phrases
2015-02-14 19:50:23,897 eSEAT0 INFO #2: いれいさー いまなんじ (0.504500)
2015-02-14 19:50:23,897 eSEAT0 INFO [rejected] score under limit
2015-02-14 19:50:23,897 eSEAT0 INFO #3: いれいさー いまなんじ (0.504500)
2015-02-14 19:50:23,897 eSEAT0 INFO [rejected] score under limit
2015-02-14 19:50:23,897 eSEAT0 INFO #4: いれいさー さようなら (0.500500)
2015-02-14 19:50:23,897 eSEAT0 INFO [rejected] score under limit
2015-02-14 19:50:23,897 eSEAT0 INFO no command found
2015-02-14 19:50:23,898 eSEAT0 INFO got input from speechin
2015-02-14 19:50:23,899 eSEAT0 INFO looking up...speechin: ondata
2015-02-14 19:50:23,899 eSEAT0 INFO no command found
2015-02-14 19:52:33,859 eSEAT0 INFO got input <?xml version="1.0" encoding="utf-8"?><listenText><data likelihood="-1679.121826" rank="1" score="0.779" text="いれいさー た"><word score="1.000" text="いれいさー"/><word score="0.558" text="た"/></data><data likelihood="-1681.165039" rank="2" score="0.7205" text="いれいさー つ"><word score="1.000" text="いれいさー"/><word score="0.441" text="つ"/></data></listenText> (speechin)
2015-02-14 19:52:33,860 eSEAT0 INFO #1: いれいさー た (0.779000)
2015-02-14 19:52:33,860 eSEAT0 INFO looking up...speechin: いれいさー た
2015-02-14 19:52:33,860 eSEAT0 INFO [rejected] no matching phrases
2015-02-14 19:52:33,860 eSEAT0 INFO #2: いれいさー つ (0.720500)
2015-02-14 19:52:33,860 eSEAT0 INFO looking up...speechin: いれいさー つ
2015-02-14 19:52:33,861 eSEAT0 INFO [rejected] no matching phrases
2015-02-14 19:52:33,861 eSEAT0 INFO no command found
2015-02-14 19:52:33,861 eSEAT0 INFO got input from speechin
2015-02-14 19:52:33,861 eSEAT0 INFO looking up...speechin: ondata
2015-02-14 19:52:33,861 eSEAT0 INFO no command found
2015-02-14 19:52:35,947 eSEAT0 INFO got input <?xml version="1.0" encoding="utf-8"?><listenText><data likelihood="-1100.457153" rank="1" score="0.8535" text="いれいさー つ"><word score="1.000" text="いれいさー"/><word score="0.707" text="つ"/></data><data likelihood="-1108.106323" rank="2" score="0.6465" text="いれいさー た"><word score="1.000" text="いれいさー"/><word score="0.293" text="た"/></data></listenText> (speechin)
2015-02-14 19:52:35,947 eSEAT0 INFO #1: いれいさー つ (0.853500)
2015-02-14 19:52:35,948 eSEAT0 INFO looking up...speechin: いれいさー つ
2015-02-14 19:52:35,950 eSEAT0 INFO [rejected] no matching phrases
2015-02-14 19:52:35,951 eSEAT0 INFO #2: いれいさー た (0.646500)
2015-02-14 19:52:35,951 eSEAT0 INFO [rejected] score under limit
2015-02-14 19:52:35,951 eSEAT0 INFO no command found
2015-02-14 19:52:35,951 eSEAT0 INFO got input from speechin
2015-02-14 19:52:35,951 eSEAT0 INFO looking up...speechin: ondata
2015-02-14 19:52:35,951 eSEAT0 INFO no command found
2015-02-14 19:52:36,182 eSEAT0 INFO got input <?xml version="1.0" encoding="utf-8"?><listenText><data likelihood="-1158.842407" rank="1" score="0.764" text="いれいさー た"><word score="1.000" text="いれいさー"/><word score="0.528" text="た"/></data><data likelihood="-1159.131836" rank="2" score="0.736" text="いれいさー つ"><word score="1.000" text="いれいさー"/><word score="0.472" text="つ"/></data></listenText> (speechin)
2015-02-14 19:52:36,183 eSEAT0 INFO #1: いれいさー た (0.764000)
2015-02-14 19:52:36,183 eSEAT0 INFO looking up...speechin: いれいさー た
2015-02-14 19:52:36,183 eSEAT0 INFO [rejected] no matching phrases
2015-02-14 19:52:36,183 eSEAT0 INFO #2: いれいさー つ (0.736000)
2015-02-14 19:52:36,183 eSEAT0 INFO looking up...speechin: いれいさー つ
2015-02-14 19:52:36,183 eSEAT0 INFO [rejected] no matching phrases
2015-02-14 19:52:36,183 eSEAT0 INFO no command found
2015-02-14 19:52:36,183 eSEAT0 INFO got input from speechin
2015-02-14 19:52:36,183 eSEAT0 INFO looking up...speechin: ondata
2015-02-14 19:52:36,184 eSEAT0 INFO no command found
2015-02-14 19:52:36,973 eSEAT0 INFO got input <?xml version="1.0" encoding="utf-8"?><listenText><data likelihood="-2600.689697" rank="1" score="0.7585" text="いれいさー た"><word score="1.000" text="いれいさー"/><word score="0.517" text="た"/></data><data likelihood="-2601.296143" rank="2" score="0.741" text="いれいさー つ"><word score="1.000" text="いれいさー"/><word score="0.482" text="つ"/></data></listenText> (speechin)
2015-02-14 19:52:36,974 eSEAT0 INFO #1: いれいさー た (0.758500)
2015-02-14 19:52:36,975 eSEAT0 INFO looking up...speechin: いれいさー た
2015-02-14 19:52:36,975 eSEAT0 INFO [rejected] no matching phrases
2015-02-14 19:52:36,975 eSEAT0 INFO #2: いれいさー つ (0.741000)
2015-02-14 19:52:36,975 eSEAT0 INFO looking up...speechin: いれいさー つ
2015-02-14 19:52:36,975 eSEAT0 INFO [rejected] no matching phrases
2015-02-14 19:52:36,975 eSEAT0 INFO no command found
2015-02-14 19:52:36,975 eSEAT0 INFO got input from speechin
2015-02-14 19:52:36,975 eSEAT0 INFO looking up...speechin: ondata
2015-02-14 19:52:36,975 eSEAT0 INFO no command found
2015-02-14 19:52:37,549 eSEAT0 INFO got input <?xml version="1.0" encoding="utf-8"?><listenText><data likelihood="-1557.450073" rank="1" score="0.7695" text="いれいさー つ"><word score="1.000" text="いれいさー"/><word score="0.539" text="つ"/></data><data likelihood="-1558.812134" rank="2" score="0.7305" text="いれいさー た"><word score="1.000" text="いれいさー"/><word score="0.461" text="た"/></data></listenText> (speechin)
2015-02-14 19:52:37,550 eSEAT0 INFO #1: いれいさー つ (0.769500)
2015-02-14 19:52:37,550 eSEAT0 INFO looking up...speechin: いれいさー つ
2015-02-14 19:52:37,550 eSEAT0 INFO [rejected] no matching phrases
2015-02-14 19:52:37,551 eSEAT0 INFO #2: いれいさー た (0.730500)
2015-02-14 19:52:37,551 eSEAT0 INFO looking up...speechin: いれいさー た
2015-02-14 19:52:37,551 eSEAT0 INFO [rejected] no matching phrases
2015-02-14 19:52:37,551 eSEAT0 INFO no command found
2015-02-14 19:52:37,551 eSEAT0 INFO got input from speechin
2015-02-14 19:52:37,551 eSEAT0 INFO looking up...speechin: ondata
2015-02-14 19:52:37,552 eSEAT0 INFO no command found
2015-02-14 19:52:38,844 eSEAT0 INFO got input <?xml version="1.0" encoding="utf-8"?><listenText><data likelihood="-2614.447510" rank="1" score="0.8005" text="いれいさー つ"><word score="1.000" text="いれいさー"/><word score="0.601" text="つ"/></data><data likelihood="-2616.676025" rank="2" score="0.699" text="いれいさー た"><word score="1.000" text="いれいさー"/><word score="0.398" text="た"/></data></listenText> (speechin)
2015-02-14 19:52:38,846 eSEAT0 INFO #1: いれいさー つ (0.800500)
2015-02-14 19:52:38,846 eSEAT0 INFO looking up...speechin: いれいさー つ
2015-02-14 19:52:38,846 eSEAT0 INFO [rejected] no matching phrases
2015-02-14 19:52:38,846 eSEAT0 INFO #2: いれいさー た (0.699000)
2015-02-14 19:52:38,846 eSEAT0 INFO [rejected] score under limit
2015-02-14 19:52:38,846 eSEAT0 INFO no command found
2015-02-14 19:52:38,846 eSEAT0 INFO got input from speechin
2015-02-14 19:52:38,846 eSEAT0 INFO looking up...speechin: ondata
2015-02-14 19:52:38,847 eSEAT0 INFO no command found
2015-02-14 19:52:41,829 eSEAT0 INFO got input <?xml version="1.0" encoding="utf-8"?><listenText><data likelihood="-2088.373291" rank="1" score="0.782" text="いれいさー つ"><word score="1.000" text="いれいさー"/><word score="0.564" text="つ"/></data><data likelihood="-2090.424805" rank="2" score="0.718" text="いれいさー た"><word score="1.000" text="いれいさー"/><word score="0.436" text="た"/></data></listenText> (speechin)
2015-02-14 19:52:41,831 eSEAT0 INFO #1: いれいさー つ (0.782000)
2015-02-14 19:52:41,831 eSEAT0 INFO looking up...speechin: いれいさー つ
2015-02-14 19:52:41,831 eSEAT0 INFO [rejected] no matching phrases
2015-02-14 19:52:41,831 eSEAT0 INFO #2: いれいさー た (0.718000)
2015-02-14 19:52:41,831 eSEAT0 INFO looking up...speechin: いれいさー た
2015-02-14 19:52:41,831 eSEAT0 INFO [rejected] no matching phrases
2015-02-14 19:52:41,832 eSEAT0 INFO no command found
2015-02-14 19:52:41,832 eSEAT0 INFO got input from speechin
2015-02-14 19:52:41,832 eSEAT0 INFO looking up...speechin: ondata
2015-02-14 19:52:41,833 eSEAT0 INFO no command found
2015-02-14 19:52:43,315 eSEAT0 INFO got input <?xml version="1.0" encoding="utf-8"?><listenText><data likelihood="-3188.023438" rank="1" score="0.833" text="いれいさー つ"><word score="1.000" text="いれいさー"/><word score="0.666" text="つ"/></data><data likelihood="-3192.908447" rank="2" score="0.6625" text="いれいさー た"><word score="1.000" text="いれいさー"/><word score="0.325" text="た"/></data><data likelihood="-3234.402832" rank="3" score="0.5025" text="いれいさー おはよう"><word score="1.000" text="いれいさー"/><word score="0.005" text="おはよう"/></data><data likelihood="-3237.619629" rank="4" score="0.501" text="いれいさー さようなら"><word score="1.000" text="いれいさー"/><word score="0.002" text="さようなら"/></data><data likelihood="-3248.461182" rank="5" score="0.5005" text="いれいさー もどるよ"><word score="1.000" text="いれいさー"/><word score="0.001" text="もどるよ"/></data></listenText> (speechin)
2015-02-14 19:52:43,317 eSEAT0 INFO #1: いれいさー つ (0.833000)
2015-02-14 19:52:43,317 eSEAT0 INFO looking up...speechin: いれいさー つ
2015-02-14 19:52:43,317 eSEAT0 INFO [rejected] no matching phrases
2015-02-14 19:52:43,318 eSEAT0 INFO #2: いれいさー た (0.662500)
2015-02-14 19:52:43,318 eSEAT0 INFO [rejected] score under limit
2015-02-14 19:52:43,318 eSEAT0 INFO #3: いれいさー おはよう (0.502500)
2015-02-14 19:52:43,318 eSEAT0 INFO [rejected] score under limit
2015-02-14 19:52:43,319 eSEAT0 INFO #4: いれいさー さようなら (0.501000)
2015-02-14 19:52:43,319 eSEAT0 INFO [rejected] score under limit
2015-02-14 19:52:43,319 eSEAT0 INFO #5: いれいさー もどるよ (0.500500)
2015-02-14 19:52:43,320 eSEAT0 INFO [rejected] score under limit
2015-02-14 19:52:43,320 eSEAT0 INFO no command found
2015-02-14 19:52:43,320 eSEAT0 INFO got input from speechin
2015-02-14 19:52:43,320 eSEAT0 INFO looking up...speechin: ondata
2015-02-14 19:52:43,320 eSEAT0 INFO no command found
2015-02-14 19:52:44,485 eSEAT0 INFO got input <?xml version="1.0" encoding="utf-8"?><listenText><data likelihood="-1952.991089" rank="1" score="0.8785" text="いれいさー つ"><word score="1.000" text="いれいさー"/><word score="0.757" text="つ"/></data><data likelihood="-1959.737671" rank="2" score="0.618" text="いれいさー た"><word score="1.000" text="いれいさー"/><word score="0.236" text="た"/></data><data likelihood="-1996.655640" rank="3" score="0.5015" text="いれいさー いまなんじ"><word score="1.000" text="いれいさー"/><word score="0.003" text="いまなんじ"/></data><data likelihood="-2008.014282" rank="4" score="0.5005" text="いれいさー おはよう"><word score="1.000" text="いれいさー"/><word score="0.001" text="おはよう"/></data><data likelihood="-2011.710693" rank="5" score="0.5005" text="いれいさー もどるよ"><word score="1.000" text="いれいさー"/><word score="0.001" text="もどるよ"/></data></listenText> (speechin)
2015-02-14 19:52:44,486 eSEAT0 INFO #1: いれいさー つ (0.878500)
2015-02-14 19:52:44,487 eSEAT0 INFO looking up...speechin: いれいさー つ
2015-02-14 19:52:44,487 eSEAT0 INFO [rejected] no matching phrases
2015-02-14 19:52:44,487 eSEAT0 INFO #2: いれいさー た (0.618000)
2015-02-14 19:52:44,487 eSEAT0 INFO [rejected] score under limit
2015-02-14 19:52:44,487 eSEAT0 INFO #3: いれいさー いまなんじ (0.501500)
2015-02-14 19:52:44,487 eSEAT0 INFO [rejected] score under limit
2015-02-14 19:52:44,488 eSEAT0 INFO #4: いれいさー おはよう (0.500500)
2015-02-14 19:52:44,488 eSEAT0 INFO [rejected] score under limit
2015-02-14 19:52:44,488 eSEAT0 INFO #5: いれいさー もどるよ (0.500500)
2015-02-14 19:52:44,488 eSEAT0 INFO [rejected] score under limit
2015-02-14 19:52:44,488 eSEAT0 INFO no command found
2015-02-14 19:52:44,488 eSEAT0 INFO got input from speechin
2015-02-14 19:52:44,489 eSEAT0 INFO looking up...speechin: ondata
2015-02-14 19:52:44,489 eSEAT0 INFO no command found
2015-02-14 19:52:45,930 eSEAT0 INFO got input <?xml version="1.0" encoding="utf-8"?><listenText><data likelihood="-2296.772949" rank="1" score="0.8425" text="いれいさー た"><word score="1.000" text="いれいさー"/><word score="0.685" text="た"/></data><data likelihood="-2305.469971" rank="2" score="0.654" text="いれいさー つ"><word score="1.000" text="いれいさー"/><word score="0.308" text="つ"/></data><data likelihood="-2346.427246" rank="3" score="0.5015" text="いれいさー おはよう"><word score="1.000" text="いれいさー"/><word score="0.003" text="おはよう"/></data><data likelihood="-2351.593994" rank="4" score="0.5005" text="いれいさー さようなら"><word score="1.000" text="いれいさー"/><word score="0.001" text="さようなら"/></data></listenText> (speechin)
2015-02-14 19:52:45,931 eSEAT0 INFO #1: いれいさー た (0.842500)
2015-02-14 19:52:45,931 eSEAT0 INFO looking up...speechin: いれいさー た
2015-02-14 19:52:45,932 eSEAT0 INFO [rejected] no matching phrases
2015-02-14 19:52:45,932 eSEAT0 INFO #2: いれいさー つ (0.654000)
2015-02-14 19:52:45,932 eSEAT0 INFO [rejected] score under limit
2015-02-14 19:52:45,932 eSEAT0 INFO #3: いれいさー おはよう (0.501500)
2015-02-14 19:52:45,932 eSEAT0 INFO [rejected] score under limit
2015-02-14 19:52:45,933 eSEAT0 INFO #4: いれいさー さようなら (0.500500)
2015-02-14 19:52:45,933 eSEAT0 INFO [rejected] score under limit
2015-02-14 19:52:45,933 eSEAT0 INFO no command found
2015-02-14 19:52:45,933 eSEAT0 INFO got input from speechin
2015-02-14 19:52:45,933 eSEAT0 INFO looking up...speechin: ondata
2015-02-14 19:52:45,933 eSEAT0 INFO no command found
2015-02-14 19:52:46,290 eSEAT0 INFO got input <?xml version="1.0" encoding="utf-8"?><listenText><data likelihood="-1683.518921" rank="1" score="0.826" text="いれいさー た"><word score="1.000" text="いれいさー"/><word score="0.652" text="た"/></data><data likelihood="-1688.910034" rank="2" score="0.6645" text="いれいさー つ"><word score="1.000" text="いれいさー"/><word score="0.329" text="つ"/></data><data likelihood="-1717.255981" rank="3" score="0.507" text="いれいさー おはよう"><word score="1.000" text="いれいさー"/><word score="0.014" text="おはよう"/></data></listenText> (speechin)
2015-02-14 19:52:46,291 eSEAT0 INFO #1: いれいさー た (0.826000)
2015-02-14 19:52:46,291 eSEAT0 INFO looking up...speechin: いれいさー た
2015-02-14 19:52:46,291 eSEAT0 INFO [rejected] no matching phrases
2015-02-14 19:52:46,292 eSEAT0 INFO #2: いれいさー つ (0.664500)
2015-02-14 19:52:46,292 eSEAT0 INFO [rejected] score under limit
2015-02-14 19:52:46,292 eSEAT0 INFO #3: いれいさー おはよう (0.507000)
2015-02-14 19:52:46,292 eSEAT0 INFO [rejected] score under limit
2015-02-14 19:52:46,292 eSEAT0 INFO no command found
2015-02-14 19:52:46,292 eSEAT0 INFO got input from speechin
2015-02-14 19:52:46,292 eSEAT0 INFO looking up...speechin: ondata
2015-02-14 19:52:46,292 eSEAT0 INFO no command found
2015-02-14 19:52:49,905 eSEAT0 INFO got input <?xml version="1.0" encoding="utf-8"?><listenText><data likelihood="-6510.044434" rank="1" score="0.7545" text="いれいさー た"><word score="1.000" text="いれいさー"/><word score="0.509" text="た"/></data><data likelihood="-6511.487793" rank="2" score="0.728" text="いれいさー つ"><word score="1.000" text="いれいさー"/><word score="0.456" text="つ"/></data><data likelihood="-6542.926270" rank="3" score="0.506" text="いれいさー さようなら"><word score="1.000" text="いれいさー"/><word score="0.012" text="さようなら"/></data><data likelihood="-6548.849609" rank="4" score="0.503" text="いれいさー いまなんじ"><word score="1.000" text="いれいさー"/><word score="0.006" text="いまなんじ"/></data><data likelihood="-6554.085938" rank="5" score="0.5035" text="いれいさー おはよう"><word score="1.000" text="いれいさー"/><word score="0.007" text="おはよう"/></data></listenText> (speechin)
2015-02-14 19:52:49,906 eSEAT0 INFO #1: いれいさー た (0.754500)
2015-02-14 19:52:49,907 eSEAT0 INFO looking up...speechin: いれいさー た
2015-02-14 19:52:49,907 eSEAT0 INFO [rejected] no matching phrases
2015-02-14 19:52:49,907 eSEAT0 INFO #2: いれいさー つ (0.728000)
2015-02-14 19:52:49,907 eSEAT0 INFO looking up...speechin: いれいさー つ
2015-02-14 19:52:49,907 eSEAT0 INFO [rejected] no matching phrases
2015-02-14 19:52:49,907 eSEAT0 INFO #3: いれいさー さようなら (0.506000)
2015-02-14 19:52:49,909 eSEAT0 INFO [rejected] score under limit
2015-02-14 19:52:49,909 eSEAT0 INFO #4: いれいさー いまなんじ (0.503000)
2015-02-14 19:52:49,909 eSEAT0 INFO [rejected] score under limit
2015-02-14 19:52:49,909 eSEAT0 INFO #5: いれいさー おはよう (0.503500)
2015-02-14 19:52:49,909 eSEAT0 INFO [rejected] score under limit
2015-02-14 19:52:49,909 eSEAT0 INFO no command found
2015-02-14 19:52:49,910 eSEAT0 INFO got input from speechin
2015-02-14 19:52:49,910 eSEAT0 INFO looking up...speechin: ondata
2015-02-14 19:52:49,910 eSEAT0 INFO no command found
2015-02-14 19:52:50,350 eSEAT0 INFO got input <?xml version="1.0" encoding="utf-8"?><listenText><data likelihood="-1747.876831" rank="1" score="0.8655" text="いれいさー た"><word score="1.000" text="いれいさー"/><word score="0.731" text="た"/></data><data likelihood="-1756.696899" rank="2" score="0.6325" text="いれいさー つ"><word score="1.000" text="いれいさー"/><word score="0.265" text="つ"/></data><data likelihood="-1799.653076" rank="3" score="0.501" text="いれいさー さようなら"><word score="1.000" text="いれいさー"/><word score="0.002" text="さようなら"/></data></listenText> (speechin)
2015-02-14 19:52:50,353 eSEAT0 INFO #1: いれいさー た (0.865500)
2015-02-14 19:52:50,353 eSEAT0 INFO looking up...speechin: いれいさー た
2015-02-14 19:52:50,353 eSEAT0 INFO [rejected] no matching phrases
2015-02-14 19:52:50,353 eSEAT0 INFO #2: いれいさー つ (0.632500)
2015-02-14 19:52:50,354 eSEAT0 INFO [rejected] score under limit
2015-02-14 19:52:50,354 eSEAT0 INFO #3: いれいさー さようなら (0.501000)
2015-02-14 19:52:50,354 eSEAT0 INFO [rejected] score under limit
2015-02-14 19:52:50,354 eSEAT0 INFO no command found
2015-02-14 19:52:50,354 eSEAT0 INFO got input from speechin
2015-02-14 19:52:50,354 eSEAT0 INFO looking up...speechin: ondata
2015-02-14 19:52:50,354 eSEAT0 INFO no command found
2015-02-14 19:54:33,229 ec_worker WARNING ExecutionContext is already stopped.
2015-02-14 19:54:33,230 ec_base ERROR Invoking on_shutdown() for each RTC failed.
