2015-02-13 20:45:36,526 manager INFO 1.1.0
2015-02-13 20:45:36,526 manager INFO Copyright (C) 2003-2010
2015-02-13 20:45:36,526 manager INFO   Noriaki Ando
2015-02-13 20:45:36,526 manager INFO   Intelligent Systems Research Institute, AIST
2015-02-13 20:45:36,526 manager INFO Manager starting.
2015-02-13 20:45:36,527 manager INFO Starting local logging.
2015-02-13 20:45:36,531 manager.namingmanager INFO NameServer connection succeeded: corba/localhost
2015-02-13 20:45:36,536 ManagerServant INFO Master manager not found
2015-02-13 20:45:36,537 manager WARNING Traceback (most recent call last):
  File "/usr/lib/python2.7/dist-packages/OpenRTM_aist/Manager.py", line 1900, in initManagerServant
    reffile = file(self._config.getProperty("manager.refstring_path"),'w')
IOError: [Errno 13] Permission denied: '/var/log/rtcmanager.ref'

2015-02-13 20:45:36,537 LocalServiceAdmin INFO All the local services are enabled.
2015-02-13 20:45:36,544 ec_base INFO setRate(1000000.000000) done
2015-02-13 20:45:36,545 ec_base INFO setRate(1000.000000) done
2015-02-13 20:45:36,545 rtobject INFO 1 execution context was created.
2015-02-13 20:45:36,545 eSEAT0 INFO eSEAT (Extended Simple Event Action Transfer) version 0.2
2015-02-13 20:45:36,545 eSEAT0 INFO Copyright (C) 2009-2014 Yosuke Matsusaka and Isao Hara
2015-02-13 20:45:36,546 rtobject INFO Initial active configuration set is default.
2015-02-13 20:45:36,547 eSEAT0 INFO Start loadSEATML:a.seatml
2015-02-13 20:45:36,547 eSEAT0 INFO load script file: a.seatml
2015-02-13 20:45:36,547 eSEAT0 INFO create adaptor: rtcin: speechin
2015-02-13 20:45:36,547 eSEAT0 INFO create inport: speechin
2015-02-13 20:45:36,549 eSEAT0 INFO create adaptor: rtcout: speechout
2015-02-13 20:45:36,549 eSEAT0 INFO create outport: speechout
2015-02-13 20:45:36,551 eSEAT0 INFO register key=OPEN:speechin:こんにちは
2015-02-13 20:45:36,551 eSEAT0 INFO register key=OPEN:speechin:さようなら
2015-02-13 20:45:36,551 eSEAT0 INFO current state OPEN
2015-02-13 20:45:36,551 eSEAT0 INFO loaded successfully
2015-02-13 20:46:11,051 SdoServiceAdmin WARNING No available SDO service in the factory: 
2015-02-13 20:46:11,051 SdoServiceAdmin ERROR type  already exists.
2015-02-13 20:46:11,052 SdoServiceAdmin WARNING No available SDO service in the factory: IDL:OpenRTM/ComponentObserver:1.0
2015-02-13 20:46:11,052 SdoServiceAdmin ERROR type de3ec40d-7d65-4543-ac04-86ba20a98df8 already exists.
2015-02-13 20:46:18,777 ec_worker ERROR State of the RTC is not ACTIVE_STATE.
2015-02-13 20:46:18,779 ec_worker WARNING ExecutionContext is already stopped.
2015-02-13 20:46:18,779 ec_base ERROR Invoking on_shutdown() for each RTC failed.
