2015-02-13 20:41:02,956 manager INFO 1.1.0
2015-02-13 20:41:02,956 manager INFO Copyright (C) 2003-2010
2015-02-13 20:41:02,956 manager INFO   Noriaki Ando
2015-02-13 20:41:02,957 manager INFO   Intelligent Systems Research Institute, AIST
2015-02-13 20:41:02,957 manager INFO Manager starting.
2015-02-13 20:41:02,957 manager INFO Starting local logging.
2015-02-13 20:41:02,959 manager.namingmanager INFO NameServer connection succeeded: corba/localhost
2015-02-13 20:41:02,970 ManagerServant INFO Master manager not found
2015-02-13 20:41:02,972 manager WARNING Traceback (most recent call last):
  File "/usr/lib/python2.7/dist-packages/OpenRTM_aist/Manager.py", line 1900, in initManagerServant
    reffile = file(self._config.getProperty("manager.refstring_path"),'w')
IOError: [Errno 13] Permission denied: '/var/log/rtcmanager.ref'

2015-02-13 20:41:02,972 LocalServiceAdmin INFO All the local services are enabled.
2015-02-13 20:41:03,006 ec_base INFO setRate(1000000.000000) done
2015-02-13 20:41:03,008 ec_base INFO setRate(1000.000000) done
2015-02-13 20:41:03,009 rtobject INFO 1 execution context was created.
2015-02-13 20:41:03,009 eSEAT0 INFO eSEAT (Extended Simple Event Action Transfer) version 0.2
2015-02-13 20:41:03,009 eSEAT0 INFO Copyright (C) 2009-2014 Yosuke Matsusaka and Isao Hara
2015-02-13 20:41:03,011 rtobject INFO Initial active configuration set is default.
2015-02-13 20:41:03,017 eSEAT0 INFO Start loadSEATML:seatml
2015-02-13 20:41:03,018 eSEAT0 INFO load script file: seatml
2015-02-13 20:41:03,018 eSEAT0 ERROR unable to open file seatml: Error reading file 'seatml': failed to load external entity "seatml"
2015-02-13 20:41:03,018 eSEAT0 ERROR ===> SEATML Parser error
2015-02-13 20:41:03,018 ec_worker ERROR State of the RTC is not ACTIVE_STATE.
2015-02-13 20:41:03,019 ec_worker WARNING ExecutionContext is already stopped.
2015-02-13 20:41:03,019 ec_base ERROR Invoking on_shutdown() for each RTC failed.
