2015-02-14 09:07:56,260 manager INFO 1.1.0
2015-02-14 09:07:56,260 manager INFO Copyright (C) 2003-2010
2015-02-14 09:07:56,260 manager INFO   Noriaki Ando
2015-02-14 09:07:56,260 manager INFO   Intelligent Systems Research Institute, AIST
2015-02-14 09:07:56,260 manager INFO Manager starting.
2015-02-14 09:07:56,260 manager INFO Starting local logging.
2015-02-14 09:07:56,262 manager.namingmanager INFO NameServer connection succeeded: corba/localhost
2015-02-14 09:07:56,265 ManagerServant INFO Master manager not found
2015-02-14 09:07:56,265 manager WARNING Traceback (most recent call last):
  File "/usr/lib/python2.7/dist-packages/OpenRTM_aist/Manager.py", line 1900, in initManagerServant
    reffile = file(self._config.getProperty("manager.refstring_path"),'w')
IOError: [Errno 13] Permission denied: '/var/log/rtcmanager.ref'

2015-02-14 09:07:56,266 LocalServiceAdmin INFO All the local services are enabled.
2015-02-14 09:07:56,270 ec_base INFO setRate(1000000.000000) done
2015-02-14 09:07:56,270 ec_base INFO setRate(1000.000000) done
2015-02-14 09:07:56,271 rtobject INFO 1 execution context was created.
2015-02-14 09:07:56,271 eSEAT0 INFO eSEAT (Extended Simple Event Action Transfer) version 0.2
2015-02-14 09:07:56,271 eSEAT0 INFO Copyright (C) 2009-2014 Yosuke Matsusaka and Isao Hara
2015-02-14 09:07:56,271 rtobject INFO Initial active configuration set is default.
2015-02-14 09:07:56,272 eSEAT0 INFO Start loadSEATML:a.seatml
2015-02-14 09:07:56,272 eSEAT0 INFO load script file: a.seatml
2015-02-14 09:07:56,272 eSEAT0 INFO create adaptor: rtcin: speechin
2015-02-14 09:07:56,272 eSEAT0 INFO create inport: speechin
2015-02-14 09:07:56,273 eSEAT0 INFO create adaptor: rtcout: speechout
2015-02-14 09:07:56,273 eSEAT0 INFO create outport: speechout
2015-02-14 09:07:56,274 eSEAT0 INFO register key=OPEN:speechin:こんにちは
2015-02-14 09:07:56,274 eSEAT0 INFO register key=OPEN:speechin:さようなら
2015-02-14 09:07:56,274 eSEAT0 INFO register key=OPEN:speechin:つ
2015-02-14 09:07:56,274 eSEAT0 INFO register key=OPEN:speechin:た
2015-02-14 09:07:56,274 eSEAT0 INFO current state OPEN
2015-02-14 09:07:56,274 eSEAT0 INFO loaded successfully
2015-02-14 09:08:01,404 SdoServiceAdmin WARNING No available SDO service in the factory: 
2015-02-14 09:08:01,404 SdoServiceAdmin ERROR type  already exists.
2015-02-14 09:08:01,424 SdoServiceAdmin WARNING No available SDO service in the factory: IDL:OpenRTM/ComponentObserver:1.0
2015-02-14 09:08:01,424 SdoServiceAdmin ERROR type c2fdf17f-e95b-4fc5-b92a-9cc6b512cc93 already exists.
2015-02-14 09:08:07,340 ec_worker WARNING ExecutionContext is already stopped.
2015-02-14 09:08:07,340 ec_base ERROR Invoking on_shutdown() for each RTC failed.
