2015-02-14 09:07:14,643 manager INFO 1.1.0
2015-02-14 09:07:14,643 manager INFO Copyright (C) 2003-2010
2015-02-14 09:07:14,643 manager INFO   Noriaki Ando
2015-02-14 09:07:14,643 manager INFO   Intelligent Systems Research Institute, AIST
2015-02-14 09:07:14,643 manager INFO Manager starting.
2015-02-14 09:07:14,643 manager INFO Starting local logging.
2015-02-14 09:07:14,646 manager.namingmanager INFO NameServer connection succeeded: corba/localhost
2015-02-14 09:07:14,649 ManagerServant INFO Master manager not found
2015-02-14 09:07:14,649 manager WARNING Traceback (most recent call last):
  File "/usr/lib/python2.7/dist-packages/OpenRTM_aist/Manager.py", line 1900, in initManagerServant
    reffile = file(self._config.getProperty("manager.refstring_path"),'w')
IOError: [Errno 13] Permission denied: '/var/log/rtcmanager.ref'

2015-02-14 09:07:14,649 LocalServiceAdmin INFO All the local services are enabled.
2015-02-14 09:07:14,654 ec_base INFO setRate(1000000.000000) done
2015-02-14 09:07:14,654 ec_base INFO setRate(1000.000000) done
2015-02-14 09:07:14,654 rtobject INFO 1 execution context was created.
2015-02-14 09:07:14,654 eSEAT0 INFO eSEAT (Extended Simple Event Action Transfer) version 0.2
2015-02-14 09:07:14,654 eSEAT0 INFO Copyright (C) 2009-2014 Yosuke Matsusaka and Isao Hara
2015-02-14 09:07:14,654 rtobject INFO Initial active configuration set is default.
2015-02-14 09:07:14,655 eSEAT0 INFO Start loadSEATML:a.seatml
2015-02-14 09:07:14,655 eSEAT0 INFO load script file: a.seatml
2015-02-14 09:07:14,656 eSEAT0 ERROR invalid xml syntax: StartTag: invalid element name, line 19, column 8
2015-02-14 09:07:14,656 eSEAT0 ERROR ===> SEATML Parser error
2015-02-14 09:07:14,657 ec_worker ERROR State of the RTC is not ACTIVE_STATE.
2015-02-14 09:07:14,658 ec_worker WARNING ExecutionContext is already stopped.
2015-02-14 09:07:14,659 ec_base ERROR Invoking on_shutdown() for each RTC failed.
